#
# There is insufficient memory for the Java Runtime Environment to continue.
# Native memory allocation (mmap) failed to map 71303168 bytes for G1 virtual space
# Possible reasons:
#   The system is out of physical RAM or swap space
#   The process is running with CompressedOops enabled, and the Java Heap may be blocking the growth of the native heap
# Possible solutions:
#   Reduce memory load on the system
#   Increase physical memory or swap space
#   Check if swap backing store is full
#   Decrease Java heap size (-Xmx/-Xms)
#   Decrease number of Java threads
#   Decrease Java thread stack sizes (-Xss)
#   Set larger code cache with -XX:ReservedCodeCacheSize=
#   JVM is running with Unscaled Compressed Oops mode in which the Java heap is
#     placed in the first 4GB address space. The Java Heap base address is the
#     maximum limit for the native heap growth. Please use -XX:HeapBaseMinAddress
#     to set the Java Heap base and to place the Java Heap above 4GB virtual address.
# This output file may be truncated or incomplete.
#
#  Out of Memory Error (os_windows.cpp:3769), pid=12976, tid=23828
#
# JRE version: OpenJDK Runtime Environment (17.0.6) (build 17.0.6+0-b2043.56-10027231)
# Java VM: OpenJDK 64-Bit Server VM (17.0.6+0-b2043.56-10027231, mixed mode, tiered, compressed oops, compressed class ptrs, g1 gc, windows-amd64)
# No core dump will be written. Minidumps are not enabled by default on client versions of Windows
#

---------------  S U M M A R Y ------------

Command Line: --add-opens=java.base/java.util=ALL-UNNAMED --add-opens=java.base/java.lang=ALL-UNNAMED --add-opens=java.base/java.lang.invoke=ALL-UNNAMED --add-opens=java.prefs/java.util.prefs=ALL-UNNAMED --add-opens=java.base/java.nio.charset=ALL-UNNAMED --add-opens=java.base/java.net=ALL-UNNAMED --add-opens=java.base/java.util.concurrent.atomic=ALL-UNNAMED -Xmx2048m -Dfile.encoding=UTF-8 -Duser.country=US -Duser.language=en -Duser.variant org.gradle.launcher.daemon.bootstrap.GradleDaemon 8.0

Host: AMD Ryzen 3 5300U with Radeon Graphics         , 8 cores, 7G,  Windows 11 , 64 bit Build 22621 (10.0.22621.3672)
Time: Tue Jun 25 14:21:46 2024 W. Central Africa Standard Time elapsed time: 39.212489 seconds (0d 0h 0m 39s)

---------------  T H R E A D  ---------------

Current thread (0x0000011db8f87570):  VMThread "VM Thread" [stack: 0x000000150d000000,0x000000150d100000] [id=23828]

Stack: [0x000000150d000000,0x000000150d100000]
Native frames: (J=compiled Java code, j=interpreted, Vv=VM code, C=native code)
V  [jvm.dll+0x683c9a]
V  [jvm.dll+0x8427a4]
V  [jvm.dll+0x843f9e]
V  [jvm.dll+0x844603]
V  [jvm.dll+0x249b75]
V  [jvm.dll+0x680b69]
V  [jvm.dll+0x67505a]
V  [jvm.dll+0x309acb]
V  [jvm.dll+0x310f86]
V  [jvm.dll+0x3608ee]
V  [jvm.dll+0x360b1f]
V  [jvm.dll+0x2dfbf8]
V  [jvm.dll+0x2ddec4]
V  [jvm.dll+0x2dd4cc]
V  [jvm.dll+0x321f3b]
V  [jvm.dll+0x848ccb]
V  [jvm.dll+0x849a04]
V  [jvm.dll+0x849f1d]
V  [jvm.dll+0x84a2f4]
V  [jvm.dll+0x84a3c0]
V  [jvm.dll+0x7f274a]
V  [jvm.dll+0x682ad5]
C  [ucrtbase.dll+0x29333]
C  [KERNEL32.DLL+0x1257d]
C  [ntdll.dll+0x5af28]

VM_Operation (0x000000150e8f6b70): G1CollectForAllocation, mode: safepoint, requested by thread 0x0000011dbabea490


---------------  P R O C E S S  ---------------

Threads class SMR info:
_java_thread_list=0x0000011dc1cadab0, length=130, elements={
0x0000011d9f11e930, 0x0000011db8f9b720, 0x0000011db8f9cd30, 0x0000011db8fb3a30,
0x0000011db8fb45e0, 0x0000011db8fb5930, 0x0000011db8fb8a90, 0x0000011db9830a40,
0x0000011db9834710, 0x0000011db98378b0, 0x0000011db99a5fe0, 0x0000011db99a84c0,
0x0000011dbc0a4b60, 0x0000011dbb45e030, 0x0000011dbc446720, 0x0000011dbb121510,
0x0000011dbabea490, 0x0000011dbc0e7050, 0x0000011dbc0eaa10, 0x0000011dbc0e8390,
0x0000011dbc0e9ba0, 0x0000011dbc0ea070, 0x0000011dbc0e7ec0, 0x0000011dbdd88ef0,
0x0000011dbdd8dbf0, 0x0000011dbdd8b0a0, 0x0000011dbdd8e590, 0x0000011dbdd88550,
0x0000011dbdd89890, 0x0000011dbdd89d60, 0x0000011dc07fae30, 0x0000011dc07fb7d0,
0x0000011dc07fd4b0, 0x0000011dc07fcb10, 0x0000011dbc165f10, 0x0000011dbc162550,
0x0000011dbc162a20, 0x0000011dbc162080, 0x0000011dbc164700, 0x0000011dbc165a40,
0x0000011dbc1650a0, 0x0000011dbc1668b0, 0x0000011dbc162ef0, 0x0000011dbc1616e0,
0x0000011dbc1633c0, 0x0000011dbc163890, 0x0000011dbc164230, 0x0000011dbc164bd0,
0x0000011dbc165570, 0x0000011dbc161210, 0x0000011dbc1663e0, 0x0000011dbc15f530,
0x0000011dbc161bb0, 0x0000011dbc160870, 0x0000011dbc160d40, 0x0000011dbc15fa00,
0x0000011dbc1603a0, 0x0000011dbc15fed0, 0x0000011dc07fb300, 0x0000011dc07fc170,
0x0000011dc07fcfe0, 0x0000011dc07fd980, 0x0000011dc0801ce0, 0x0000011dc07fde50,
0x0000011dc0800e70, 0x0000011dc0801340, 0x0000011dc07fe320, 0x0000011dc07fe7f0,
0x0000011dc0802680, 0x0000011dc07fbca0, 0x0000011dc07fc640, 0x0000011dc07fecc0,
0x0000011dc0801810, 0x0000011dc07ff660, 0x0000011dc07ffb30, 0x0000011dc08004d0,
0x0000011dc08021b0, 0x0000011dbdd88a20, 0x0000011dbdd893c0, 0x0000011dbdd8e0c0,
0x0000011dbdd8b570, 0x0000011dbdd87210, 0x0000011dbdd8c3e0, 0x0000011dbdd8a700,
0x0000011dbdd8abd0, 0x0000011dbdd8ba40, 0x0000011dbdd8cd80, 0x0000011dbdd8d250,
0x0000011dbdd8d720, 0x0000011dbdd8ea60, 0x0000011dbdd88080, 0x0000011dbc0e8860,
0x0000011dbc0e9200, 0x0000011dbc0e8d30, 0x0000011dbc0e7520, 0x0000011dbc0e96d0,
0x0000011dbc0ea540, 0x0000011dbc0e79f0, 0x0000011dbe526e30, 0x0000011dbe520920,
0x0000011dbe522130, 0x0000011dbe5212c0, 0x0000011dbe521790, 0x0000011dbe5277d0,
0x0000011dbe525fc0, 0x0000011dbe520450, 0x0000011dbe520df0, 0x0000011dbe51ff80,
0x0000011dbe523940, 0x0000011dbe522fa0, 0x0000011dbe522600, 0x0000011dbe526490,
0x0000011dbe522ad0, 0x0000011dbe523e10, 0x0000011dbe521c60, 0x0000011dbe5247b0,
0x0000011dbe5242e0, 0x0000011dbe524c80, 0x0000011dbe525150, 0x0000011dbe523470,
0x0000011dbe525620, 0x0000011dbe525af0, 0x0000011dbe526960, 0x0000011dbe527300,
0x0000011dc0058f40, 0x0000011dc0055f20, 0x0000011dc0056d90, 0x0000011dc00533d0,
0x0000011dc00585a0, 0x0000011dc0053d70
}

Java Threads: ( => current thread )
  0x0000011d9f11e930 JavaThread "main" [_thread_blocked, id=10012, stack(0x000000150ca00000,0x000000150cb00000)]
  0x0000011db8f9b720 JavaThread "Reference Handler" daemon [_thread_blocked, id=24928, stack(0x000000150d100000,0x000000150d200000)]
  0x0000011db8f9cd30 JavaThread "Finalizer" daemon [_thread_blocked, id=18300, stack(0x000000150d200000,0x000000150d300000)]
  0x0000011db8fb3a30 JavaThread "Signal Dispatcher" daemon [_thread_blocked, id=12372, stack(0x000000150d300000,0x000000150d400000)]
  0x0000011db8fb45e0 JavaThread "Attach Listener" daemon [_thread_blocked, id=23584, stack(0x000000150d400000,0x000000150d500000)]
  0x0000011db8fb5930 JavaThread "Service Thread" daemon [_thread_blocked, id=23576, stack(0x000000150d500000,0x000000150d600000)]
  0x0000011db8fb8a90 JavaThread "Monitor Deflation Thread" daemon [_thread_blocked, id=17848, stack(0x000000150d600000,0x000000150d700000)]
  0x0000011db9830a40 JavaThread "C2 CompilerThread0" daemon [_thread_blocked, id=24020, stack(0x000000150d700000,0x000000150d800000)]
  0x0000011db9834710 JavaThread "C1 CompilerThread0" daemon [_thread_blocked, id=23876, stack(0x000000150d800000,0x000000150d900000)]
  0x0000011db98378b0 JavaThread "Sweeper thread" daemon [_thread_blocked, id=24052, stack(0x000000150d900000,0x000000150da00000)]
  0x0000011db99a5fe0 JavaThread "Common-Cleaner" daemon [_thread_blocked, id=17392, stack(0x000000150da00000,0x000000150db00000)]
  0x0000011db99a84c0 JavaThread "Notification Thread" daemon [_thread_blocked, id=19288, stack(0x000000150db00000,0x000000150dc00000)]
  0x0000011dbc0a4b60 JavaThread "Daemon health stats" [_thread_blocked, id=10708, stack(0x000000150e200000,0x000000150e300000)]
  0x0000011dbb45e030 JavaThread "Incoming local TCP Connector on port 49158" [_thread_in_native, id=24056, stack(0x000000150e100000,0x000000150e200000)]
  0x0000011dbc446720 JavaThread "Daemon periodic checks" [_thread_blocked, id=24852, stack(0x000000150e300000,0x000000150e400000)]
  0x0000011dbb121510 JavaThread "Daemon" [_thread_blocked, id=11220, stack(0x000000150e500000,0x000000150e600000)]
  0x0000011dbabea490 JavaThread "Daemon worker" [_thread_blocked, id=19820, stack(0x000000150e800000,0x000000150e900000)]
  0x0000011dbc0e7050 JavaThread "Cache worker for journal cache (C:\Users\23480\.gradle\caches\journal-1)" [_thread_blocked, id=24468, stack(0x000000150ef00000,0x000000150f000000)]
  0x0000011dbc0eaa10 JavaThread "File lock request listener" [_thread_in_native, id=24476, stack(0x000000150f000000,0x000000150f100000)]
  0x0000011dbc0e8390 JavaThread "Cache worker for file hash cache (C:\Users\23480\.gradle\caches\8.0\fileHashes)" [_thread_blocked, id=24480, stack(0x000000150f100000,0x000000150f200000)]
  0x0000011dbc0e9ba0 JavaThread "File watcher server" daemon [_thread_in_native, id=24356, stack(0x000000150f200000,0x000000150f300000)]
  0x0000011dbc0ea070 JavaThread "File watcher consumer" daemon [_thread_blocked, id=9200, stack(0x000000150f300000,0x000000150f400000)]
  0x0000011dbc0e7ec0 JavaThread "Cache worker for file content cache (C:\Users\23480\.gradle\caches\8.0\fileContent)" [_thread_blocked, id=24364, stack(0x000000150f600000,0x000000150f700000)]
  0x0000011dbdd88ef0 JavaThread "Cache worker for execution history cache (C:\Users\23480\.gradle\caches\8.0\executionHistory)" [_thread_blocked, id=24552, stack(0x000000150f900000,0x000000150fa00000)]
  0x0000011dbdd8dbf0 JavaThread "jar transforms" [_thread_blocked, id=15460, stack(0x000000150fa00000,0x000000150fb00000)]
  0x0000011dbdd8b0a0 JavaThread "jar transforms Thread 2" [_thread_blocked, id=14108, stack(0x000000150fb00000,0x000000150fc00000)]
  0x0000011dbdd8e590 JavaThread "Cache worker for kotlin-dsl (C:\Users\23480\.gradle\caches\8.0\kotlin-dsl)" [_thread_blocked, id=19268, stack(0x000000150fd00000,0x000000150fe00000)]
  0x0000011dbdd88550 JavaThread "jar transforms Thread 3" [_thread_blocked, id=23916, stack(0x000000150fe00000,0x000000150ff00000)]
  0x0000011dbdd89890 JavaThread "jar transforms Thread 4" [_thread_blocked, id=11936, stack(0x000000150ff00000,0x0000001510000000)]
  0x0000011dbdd89d60 JavaThread "jar transforms Thread 5" [_thread_blocked, id=25452, stack(0x0000001510200000,0x0000001510300000)]
  0x0000011dc07fae30 JavaThread "jar transforms Thread 6" [_thread_blocked, id=24216, stack(0x0000001515300000,0x0000001515400000)]
  0x0000011dc07fb7d0 JavaThread "jar transforms Thread 7" [_thread_blocked, id=23936, stack(0x0000001515400000,0x0000001515500000)]
  0x0000011dc07fd4b0 JavaThread "jar transforms Thread 8" [_thread_blocked, id=23760, stack(0x0000001515500000,0x0000001515600000)]
  0x0000011dc07fcb10 JavaThread "Memory manager" [_thread_blocked, id=25664, stack(0x0000001515900000,0x0000001515a00000)]
  0x0000011dbc165f10 JavaThread "pool-3-thread-1" [_thread_blocked, id=25820, stack(0x0000001515c00000,0x0000001515d00000)]
  0x0000011dbc162550 JavaThread "included builds" [_thread_blocked, id=25828, stack(0x0000001515e00000,0x0000001515f00000)]
  0x0000011dbc162a20 JavaThread "Handler for socket connection from /127.0.0.1:49158 to /127.0.0.1:49201" [_thread_in_native, id=26060, stack(0x000000150e900000,0x000000150ea00000)]
  0x0000011dbc162080 JavaThread "Cancel handler" [_thread_blocked, id=26068, stack(0x000000150ea00000,0x000000150eb00000)]
  0x0000011dbc164700 JavaThread "Asynchronous log dispatcher for DefaultDaemonConnection: socket connection from /127.0.0.1:49158 to /127.0.0.1:49201" [_thread_blocked, id=26080, stack(0x000000150eb00000,0x000000150ec00000)]
  0x0000011dbc165a40 JavaThread "Stdin handler" [_thread_blocked, id=26084, stack(0x000000150f400000,0x000000150f500000)]
  0x0000011dbc1650a0 JavaThread "Daemon client event forwarder" [_thread_blocked, id=26088, stack(0x000000150f500000,0x000000150f600000)]
  0x0000011dbc1668b0 JavaThread "Cache worker for checksums cache (C:\Users\23480\Documents\androidproject\DailyQuotes\.gradle\8.0\checksums)" [_thread_blocked, id=26092, stack(0x000000150f700000,0x000000150f800000)]
  0x0000011dbc162ef0 JavaThread "Cache worker for cache directory md-rule (C:\Users\23480\.gradle\caches\8.0\md-rule)" [_thread_blocked, id=26096, stack(0x000000150f800000,0x000000150f900000)]
  0x0000011dbc1616e0 JavaThread "Cache worker for file hash cache (C:\Users\23480\Documents\androidproject\DailyQuotes\.gradle\8.0\fileHashes)" [_thread_blocked, id=26100, stack(0x000000150fc00000,0x000000150fd00000)]
  0x0000011dbc1633c0 JavaThread "Cache worker for cache directory md-supplier (C:\Users\23480\.gradle\caches\8.0\md-supplier)" [_thread_blocked, id=26104, stack(0x0000001510000000,0x0000001510100000)]
  0x0000011dbc163890 JavaThread "Cache worker for dependencies-accessors (C:\Users\23480\Documents\androidproject\DailyQuotes\.gradle\8.0\dependencies-accessors)" [_thread_blocked, id=26108, stack(0x0000001510100000,0x0000001510200000)]
  0x0000011dbc164230 JavaThread "Cache worker for Build Output Cleanup Cache (C:\Users\23480\Documents\androidproject\DailyQuotes\.gradle\buildOutputCleanup)" [_thread_blocked, id=26112, stack(0x0000001510300000,0x0000001510400000)]
  0x0000011dbc164bd0 JavaThread "Unconstrained build operations" [_thread_blocked, id=26116, stack(0x0000001510400000,0x0000001510500000)]
  0x0000011dbc165570 JavaThread "Unconstrained build operations Thread 2" [_thread_blocked, id=26120, stack(0x0000001510500000,0x0000001510600000)]
  0x0000011dbc161210 JavaThread "Unconstrained build operations Thread 3" [_thread_blocked, id=26124, stack(0x0000001510600000,0x0000001510700000)]
  0x0000011dbc1663e0 JavaThread "Unconstrained build operations Thread 4" [_thread_blocked, id=26128, stack(0x0000001510700000,0x0000001510800000)]
  0x0000011dbc15f530 JavaThread "Unconstrained build operations Thread 5" [_thread_blocked, id=26132, stack(0x0000001510800000,0x0000001510900000)]
  0x0000011dbc161bb0 JavaThread "Unconstrained build operations Thread 6" [_thread_blocked, id=26136, stack(0x0000001510900000,0x0000001510a00000)]
  0x0000011dbc160870 JavaThread "Unconstrained build operations Thread 7" [_thread_blocked, id=26140, stack(0x0000001510a00000,0x0000001510b00000)]
  0x0000011dbc160d40 JavaThread "Unconstrained build operations Thread 8" [_thread_blocked, id=26144, stack(0x0000001510b00000,0x0000001510c00000)]
  0x0000011dbc15fa00 JavaThread "Unconstrained build operations Thread 9" [_thread_blocked, id=26148, stack(0x0000001510c00000,0x0000001510d00000)]
  0x0000011dbc1603a0 JavaThread "Unconstrained build operations Thread 10" [_thread_blocked, id=26152, stack(0x0000001510d00000,0x0000001510e00000)]
  0x0000011dbc15fed0 JavaThread "Unconstrained build operations Thread 11" [_thread_blocked, id=26156, stack(0x0000001510e00000,0x0000001510f00000)]
  0x0000011dc07fb300 JavaThread "Unconstrained build operations Thread 12" [_thread_blocked, id=26160, stack(0x0000001510f00000,0x0000001511000000)]
  0x0000011dc07fc170 JavaThread "Unconstrained build operations Thread 13" [_thread_blocked, id=26164, stack(0x0000001511000000,0x0000001511100000)]
  0x0000011dc07fcfe0 JavaThread "Unconstrained build operations Thread 14" [_thread_blocked, id=26168, stack(0x0000001511100000,0x0000001511200000)]
  0x0000011dc07fd980 JavaThread "Unconstrained build operations Thread 15" [_thread_blocked, id=26172, stack(0x0000001511200000,0x0000001511300000)]
  0x0000011dc0801ce0 JavaThread "Unconstrained build operations Thread 16" [_thread_blocked, id=26176, stack(0x0000001511300000,0x0000001511400000)]
  0x0000011dc07fde50 JavaThread "Unconstrained build operations Thread 17" [_thread_blocked, id=26180, stack(0x0000001511400000,0x0000001511500000)]
  0x0000011dc0800e70 JavaThread "Unconstrained build operations Thread 18" [_thread_blocked, id=26184, stack(0x0000001511500000,0x0000001511600000)]
  0x0000011dc0801340 JavaThread "Unconstrained build operations Thread 19" [_thread_blocked, id=26188, stack(0x0000001511600000,0x0000001511700000)]
  0x0000011dc07fe320 JavaThread "Unconstrained build operations Thread 20" [_thread_blocked, id=26192, stack(0x0000001511700000,0x0000001511800000)]
  0x0000011dc07fe7f0 JavaThread "Unconstrained build operations Thread 21" [_thread_blocked, id=26196, stack(0x0000001511800000,0x0000001511900000)]
  0x0000011dc0802680 JavaThread "Unconstrained build operations Thread 22" [_thread_blocked, id=26200, stack(0x0000001511900000,0x0000001511a00000)]
  0x0000011dc07fbca0 JavaThread "Unconstrained build operations Thread 23" [_thread_blocked, id=26204, stack(0x0000001511a00000,0x0000001511b00000)]
  0x0000011dc07fc640 JavaThread "Unconstrained build operations Thread 24" [_thread_blocked, id=26208, stack(0x0000001511b00000,0x0000001511c00000)]
  0x0000011dc07fecc0 JavaThread "Unconstrained build operations Thread 25" [_thread_blocked, id=26212, stack(0x0000001511c00000,0x0000001511d00000)]
  0x0000011dc0801810 JavaThread "Unconstrained build operations Thread 26" [_thread_blocked, id=26216, stack(0x0000001511d00000,0x0000001511e00000)]
  0x0000011dc07ff660 JavaThread "Unconstrained build operations Thread 27" [_thread_blocked, id=26220, stack(0x0000001511e00000,0x0000001511f00000)]
  0x0000011dc07ffb30 JavaThread "Unconstrained build operations Thread 28" [_thread_blocked, id=26224, stack(0x0000001511f00000,0x0000001512000000)]
  0x0000011dc08004d0 JavaThread "Unconstrained build operations Thread 29" [_thread_blocked, id=26228, stack(0x0000001512000000,0x0000001512100000)]
  0x0000011dc08021b0 JavaThread "Unconstrained build operations Thread 30" [_thread_blocked, id=26232, stack(0x0000001512100000,0x0000001512200000)]
  0x0000011dbdd88a20 JavaThread "Unconstrained build operations Thread 31" [_thread_blocked, id=26236, stack(0x0000001512200000,0x0000001512300000)]
  0x0000011dbdd893c0 JavaThread "Unconstrained build operations Thread 32" [_thread_blocked, id=26240, stack(0x0000001512300000,0x0000001512400000)]
  0x0000011dbdd8e0c0 JavaThread "Unconstrained build operations Thread 33" [_thread_blocked, id=26244, stack(0x0000001512400000,0x0000001512500000)]
  0x0000011dbdd8b570 JavaThread "Unconstrained build operations Thread 34" [_thread_blocked, id=26248, stack(0x0000001512500000,0x0000001512600000)]
  0x0000011dbdd87210 JavaThread "Unconstrained build operations Thread 35" [_thread_blocked, id=26252, stack(0x0000001512600000,0x0000001512700000)]
  0x0000011dbdd8c3e0 JavaThread "Unconstrained build operations Thread 36" [_thread_blocked, id=26256, stack(0x0000001512700000,0x0000001512800000)]
  0x0000011dbdd8a700 JavaThread "Unconstrained build operations Thread 37" [_thread_blocked, id=26260, stack(0x0000001512800000,0x0000001512900000)]
  0x0000011dbdd8abd0 JavaThread "Unconstrained build operations Thread 38" [_thread_blocked, id=26264, stack(0x0000001512900000,0x0000001512a00000)]
  0x0000011dbdd8ba40 JavaThread "Unconstrained build operations Thread 39" [_thread_blocked, id=26268, stack(0x0000001512a00000,0x0000001512b00000)]
  0x0000011dbdd8cd80 JavaThread "Unconstrained build operations Thread 40" [_thread_blocked, id=26272, stack(0x0000001512b00000,0x0000001512c00000)]
  0x0000011dbdd8d250 JavaThread "Unconstrained build operations Thread 41" [_thread_blocked, id=26276, stack(0x0000001512c00000,0x0000001512d00000)]
  0x0000011dbdd8d720 JavaThread "Unconstrained build operations Thread 42" [_thread_blocked, id=26280, stack(0x0000001512d00000,0x0000001512e00000)]
  0x0000011dbdd8ea60 JavaThread "Unconstrained build operations Thread 43" [_thread_blocked, id=26284, stack(0x0000001512e00000,0x0000001512f00000)]
  0x0000011dbdd88080 JavaThread "Unconstrained build operations Thread 44" [_thread_blocked, id=26288, stack(0x0000001512f00000,0x0000001513000000)]
  0x0000011dbc0e8860 JavaThread "Unconstrained build operations Thread 45" [_thread_blocked, id=26296, stack(0x0000001513000000,0x0000001513100000)]
  0x0000011dbc0e9200 JavaThread "Unconstrained build operations Thread 46" [_thread_blocked, id=26300, stack(0x0000001513100000,0x0000001513200000)]
  0x0000011dbc0e8d30 JavaThread "Unconstrained build operations Thread 47" [_thread_blocked, id=26304, stack(0x0000001513200000,0x0000001513300000)]
  0x0000011dbc0e7520 JavaThread "Unconstrained build operations Thread 48" [_thread_blocked, id=26308, stack(0x0000001513300000,0x0000001513400000)]
  0x0000011dbc0e96d0 JavaThread "Unconstrained build operations Thread 49" [_thread_blocked, id=26312, stack(0x0000001513400000,0x0000001513500000)]
  0x0000011dbc0ea540 JavaThread "Unconstrained build operations Thread 50" [_thread_blocked, id=26316, stack(0x0000001513500000,0x0000001513600000)]
  0x0000011dbc0e79f0 JavaThread "Unconstrained build operations Thread 51" [_thread_blocked, id=26320, stack(0x0000001513600000,0x0000001513700000)]
  0x0000011dbe526e30 JavaThread "Unconstrained build operations Thread 52" [_thread_blocked, id=26324, stack(0x0000001513700000,0x0000001513800000)]
  0x0000011dbe520920 JavaThread "Unconstrained build operations Thread 53" [_thread_blocked, id=26328, stack(0x0000001513800000,0x0000001513900000)]
  0x0000011dbe522130 JavaThread "Unconstrained build operations Thread 54" [_thread_blocked, id=26332, stack(0x0000001513900000,0x0000001513a00000)]
  0x0000011dbe5212c0 JavaThread "Unconstrained build operations Thread 55" [_thread_blocked, id=26336, stack(0x0000001513a00000,0x0000001513b00000)]
  0x0000011dbe521790 JavaThread "Unconstrained build operations Thread 56" [_thread_blocked, id=26340, stack(0x0000001513b00000,0x0000001513c00000)]
  0x0000011dbe5277d0 JavaThread "Unconstrained build operations Thread 57" [_thread_blocked, id=26344, stack(0x0000001513c00000,0x0000001513d00000)]
  0x0000011dbe525fc0 JavaThread "Unconstrained build operations Thread 58" [_thread_blocked, id=26348, stack(0x0000001513d00000,0x0000001513e00000)]
  0x0000011dbe520450 JavaThread "Unconstrained build operations Thread 59" [_thread_blocked, id=26352, stack(0x0000001513e00000,0x0000001513f00000)]
  0x0000011dbe520df0 JavaThread "Unconstrained build operations Thread 60" [_thread_blocked, id=26356, stack(0x0000001513f00000,0x0000001514000000)]
  0x0000011dbe51ff80 JavaThread "Unconstrained build operations Thread 61" [_thread_blocked, id=26360, stack(0x0000001514000000,0x0000001514100000)]
  0x0000011dbe523940 JavaThread "Unconstrained build operations Thread 62" [_thread_blocked, id=26364, stack(0x0000001514100000,0x0000001514200000)]
  0x0000011dbe522fa0 JavaThread "Unconstrained build operations Thread 63" [_thread_blocked, id=26368, stack(0x0000001514200000,0x0000001514300000)]
  0x0000011dbe522600 JavaThread "Unconstrained build operations Thread 64" [_thread_blocked, id=26372, stack(0x0000001514300000,0x0000001514400000)]
  0x0000011dbe526490 JavaThread "Unconstrained build operations Thread 65" [_thread_blocked, id=26376, stack(0x0000001514400000,0x0000001514500000)]
  0x0000011dbe522ad0 JavaThread "Unconstrained build operations Thread 66" [_thread_blocked, id=26380, stack(0x0000001514500000,0x0000001514600000)]
  0x0000011dbe523e10 JavaThread "Unconstrained build operations Thread 67" [_thread_blocked, id=26384, stack(0x0000001514600000,0x0000001514700000)]
  0x0000011dbe521c60 JavaThread "Unconstrained build operations Thread 68" [_thread_blocked, id=26388, stack(0x0000001514700000,0x0000001514800000)]
  0x0000011dbe5247b0 JavaThread "Unconstrained build operations Thread 69" [_thread_blocked, id=26392, stack(0x0000001514800000,0x0000001514900000)]
  0x0000011dbe5242e0 JavaThread "Unconstrained build operations Thread 70" [_thread_blocked, id=26396, stack(0x0000001514900000,0x0000001514a00000)]
  0x0000011dbe524c80 JavaThread "Unconstrained build operations Thread 71" [_thread_blocked, id=26400, stack(0x0000001514a00000,0x0000001514b00000)]
  0x0000011dbe525150 JavaThread "Unconstrained build operations Thread 72" [_thread_blocked, id=26404, stack(0x0000001514b00000,0x0000001514c00000)]
  0x0000011dbe523470 JavaThread "Unconstrained build operations Thread 73" [_thread_blocked, id=26408, stack(0x0000001514c00000,0x0000001514d00000)]
  0x0000011dbe525620 JavaThread "Unconstrained build operations Thread 74" [_thread_blocked, id=26412, stack(0x0000001514d00000,0x0000001514e00000)]
  0x0000011dbe525af0 JavaThread "Unconstrained build operations Thread 75" [_thread_blocked, id=26416, stack(0x0000001514e00000,0x0000001514f00000)]
  0x0000011dbe526960 JavaThread "Unconstrained build operations Thread 76" [_thread_blocked, id=26420, stack(0x0000001514f00000,0x0000001515000000)]
  0x0000011dbe527300 JavaThread "Unconstrained build operations Thread 77" [_thread_blocked, id=26424, stack(0x0000001515000000,0x0000001515100000)]
  0x0000011dc0058f40 JavaThread "Unconstrained build operations Thread 78" [_thread_blocked, id=26428, stack(0x0000001515100000,0x0000001515200000)]
  0x0000011dc0055f20 JavaThread "Unconstrained build operations Thread 79" [_thread_blocked, id=26432, stack(0x0000001515200000,0x0000001515300000)]
  0x0000011dc0056d90 JavaThread "Unconstrained build operations Thread 80" [_thread_blocked, id=26436, stack(0x0000001515800000,0x0000001515900000)]
  0x0000011dc00533d0 JavaThread "build event listener" [_thread_blocked, id=26448, stack(0x0000001515a00000,0x0000001515b00000)]
  0x0000011dc00585a0 JavaThread "build event listener" [_thread_blocked, id=26452, stack(0x0000001515b00000,0x0000001515c00000)]
  0x0000011dc0053d70 JavaThread "build event listener" [_thread_blocked, id=26456, stack(0x0000001515d00000,0x0000001515e00000)]

Other Threads:
=>0x0000011db8f87570 VMThread "VM Thread" [stack: 0x000000150d000000,0x000000150d100000] [id=23828]
  0x0000011db8fbed00 WatcherThread [stack: 0x000000150dc00000,0x000000150dd00000] [id=25336]
  0x0000011d9f1794a0 GCTaskThread "GC Thread#0" [stack: 0x000000150cb00000,0x000000150cc00000] [id=15076]
  0x0000011dba316860 GCTaskThread "GC Thread#1" [stack: 0x000000150de00000,0x000000150df00000] [id=3064]
  0x0000011db9db80b0 GCTaskThread "GC Thread#2" [stack: 0x000000150df00000,0x000000150e000000] [id=15048]
  0x0000011dba4892b0 GCTaskThread "GC Thread#3" [stack: 0x000000150e000000,0x000000150e100000] [id=19652]
  0x0000011dba9f4a50 GCTaskThread "GC Thread#4" [stack: 0x000000150dd00000,0x000000150de00000] [id=25400]
  0x0000011dbc5a7620 GCTaskThread "GC Thread#5" [stack: 0x000000150e400000,0x000000150e500000] [id=2484]
  0x0000011db9dd4ce0 GCTaskThread "GC Thread#6" [stack: 0x000000150ec00000,0x000000150ed00000] [id=21900]
  0x0000011dbc220600 GCTaskThread "GC Thread#7" [stack: 0x000000150ed00000,0x000000150ee00000] [id=24744]
  0x0000011d9f18a3e0 ConcurrentGCThread "G1 Main Marker" [stack: 0x000000150cc00000,0x000000150cd00000] [id=24612]
  0x0000011d9f18adf0 ConcurrentGCThread "G1 Conc#0" [stack: 0x000000150cd00000,0x000000150ce00000] [id=25416]
  0x0000011dbc2210c0 ConcurrentGCThread "G1 Conc#1" [stack: 0x000000150ee00000,0x000000150ef00000] [id=15656]
  0x0000011d9f1dd6f0 ConcurrentGCThread "G1 Refine#0" [stack: 0x000000150ce00000,0x000000150cf00000] [id=11604]
  0x0000011dbc8cfec0 ConcurrentGCThread "G1 Refine#1" [stack: 0x0000001515600000,0x0000001515700000] [id=24132]
  0x0000011dbc8d0480 ConcurrentGCThread "G1 Refine#2" [stack: 0x0000001515700000,0x0000001515800000] [id=25604]
  0x0000011d9f1de110 ConcurrentGCThread "G1 Service" [stack: 0x000000150cf00000,0x000000150d000000] [id=24664]

Threads with active compile tasks:
C2 CompilerThread0    39286 10918       4       java.lang.ThreadLocal$ThreadLocalMap::remove (68 bytes)

VM state: at safepoint (normal execution)

VM Mutex/Monitor currently owned by a thread:  ([mutex/lock_event])
[0x0000011d9f11af10] Threads_lock - owner thread: 0x0000011db8f87570
[0x0000011d9f1199b0] Heap_lock - owner thread: 0x0000011dbabea490

Heap address: 0x0000000080000000, size: 2048 MB, Compressed Oops mode: 32-bit

CDS archive(s) not mapped
Compressed class space mapped at: 0x0000000100000000-0x0000000140000000, reserved size: 1073741824
Narrow klass base: 0x0000000000000000, Narrow klass shift: 3, Narrow klass range: 0x140000000

GC Precious Log:
 CPUs: 8 total, 8 available
 Memory: 7502M
 Large Page Support: Disabled
 NUMA Support: Disabled
 Compressed Oops: Enabled (32-bit)
 Heap Region Size: 1M
 Heap Min Capacity: 8M
 Heap Initial Capacity: 118M
 Heap Max Capacity: 2G
 Pre-touch: Disabled
 Parallel Workers: 8
 Concurrent Workers: 2
 Concurrent Refinement Workers: 8
 Periodic GC: Disabled

Heap:
 garbage-first heap   total 136192K, used 91473K [0x0000000080000000, 0x0000000100000000)
  region size 1024K, 2 young (2048K), 2 survivors (2048K)
 Metaspace       used 101817K, committed 102464K, reserved 1138688K
  class space    used 13580K, committed 13888K, reserved 1048576K

Heap Regions: E=young(eden), S=young(survivor), O=old, HS=humongous(starts), HC=humongous(continues), CS=collection set, F=free, OA=open archive, CA=closed archive, TAMS=top-at-mark-start (previous, next)
|   0|0x0000000080000000, 0x0000000080100000, 0x0000000080100000|100%|HS|  |TAMS 0x0000000080100000, 0x0000000080000000| Complete 
|   1|0x0000000080100000, 0x0000000080200000, 0x0000000080200000|100%|HC|  |TAMS 0x0000000080200000, 0x0000000080100000| Complete 
|   2|0x0000000080200000, 0x0000000080300000, 0x0000000080300000|100%|HC|  |TAMS 0x0000000080300000, 0x0000000080200000| Complete 
|   3|0x0000000080300000, 0x0000000080400000, 0x0000000080400000|100%|HC|  |TAMS 0x0000000080400000, 0x0000000080300000| Complete 
|   4|0x0000000080400000, 0x0000000080500000, 0x0000000080500000|100%| O|  |TAMS 0x0000000080500000, 0x0000000080400000| Untracked 
|   5|0x0000000080500000, 0x0000000080600000, 0x0000000080600000|100%| O|  |TAMS 0x0000000080600000, 0x0000000080500000| Untracked 
|   6|0x0000000080600000, 0x0000000080700000, 0x0000000080700000|100%| O|  |TAMS 0x0000000080700000, 0x0000000080600000| Untracked 
|   7|0x0000000080700000, 0x0000000080800000, 0x0000000080800000|100%| O|  |TAMS 0x0000000080800000, 0x0000000080700000| Untracked 
|   8|0x0000000080800000, 0x0000000080900000, 0x0000000080900000|100%| O|  |TAMS 0x0000000080900000, 0x0000000080800000| Untracked 
|   9|0x0000000080900000, 0x0000000080a00000, 0x0000000080a00000|100%| O|  |TAMS 0x0000000080a00000, 0x0000000080900000| Untracked 
|  10|0x0000000080a00000, 0x0000000080b00000, 0x0000000080b00000|100%| O|  |TAMS 0x0000000080b00000, 0x0000000080a00000| Untracked 
|  11|0x0000000080b00000, 0x0000000080c00000, 0x0000000080c00000|100%| O|  |TAMS 0x0000000080c00000, 0x0000000080b00000| Untracked 
|  12|0x0000000080c00000, 0x0000000080d00000, 0x0000000080d00000|100%| O|  |TAMS 0x0000000080d00000, 0x0000000080c00000| Untracked 
|  13|0x0000000080d00000, 0x0000000080e00000, 0x0000000080e00000|100%|HS|  |TAMS 0x0000000080e00000, 0x0000000080d00000| Complete 
|  14|0x0000000080e00000, 0x0000000080f00000, 0x0000000080f00000|100%| O|  |TAMS 0x0000000080f00000, 0x0000000080e00000| Untracked 
|  15|0x0000000080f00000, 0x0000000081000000, 0x0000000081000000|100%| O|  |TAMS 0x0000000081000000, 0x0000000080f00000| Untracked 
|  16|0x0000000081000000, 0x0000000081100000, 0x0000000081100000|100%| O|  |TAMS 0x0000000081100000, 0x0000000081000000| Untracked 
|  17|0x0000000081100000, 0x0000000081200000, 0x0000000081200000|100%| O|  |TAMS 0x0000000081200000, 0x0000000081100000| Untracked 
|  18|0x0000000081200000, 0x0000000081300000, 0x0000000081300000|100%| O|  |TAMS 0x0000000081300000, 0x0000000081200000| Untracked 
|  19|0x0000000081300000, 0x0000000081400000, 0x0000000081400000|100%| O|  |TAMS 0x0000000081400000, 0x0000000081300000| Untracked 
|  20|0x0000000081400000, 0x0000000081500000, 0x0000000081500000|100%| O|  |TAMS 0x0000000081500000, 0x0000000081400000| Untracked 
|  21|0x0000000081500000, 0x0000000081600000, 0x0000000081600000|100%| O|  |TAMS 0x0000000081600000, 0x0000000081500000| Untracked 
|  22|0x0000000081600000, 0x0000000081700000, 0x0000000081700000|100%| O|  |TAMS 0x0000000081700000, 0x0000000081600000| Untracked 
|  23|0x0000000081700000, 0x0000000081800000, 0x0000000081800000|100%| O|  |TAMS 0x0000000081800000, 0x0000000081700000| Untracked 
|  24|0x0000000081800000, 0x0000000081900000, 0x0000000081900000|100%| O|  |TAMS 0x0000000081900000, 0x0000000081800000| Untracked 
|  25|0x0000000081900000, 0x0000000081a00000, 0x0000000081a00000|100%| O|  |TAMS 0x0000000081a00000, 0x0000000081900000| Untracked 
|  26|0x0000000081a00000, 0x0000000081b00000, 0x0000000081b00000|100%| O|  |TAMS 0x0000000081b00000, 0x0000000081a00000| Untracked 
|  27|0x0000000081b00000, 0x0000000081c00000, 0x0000000081c00000|100%| O|  |TAMS 0x0000000081c00000, 0x0000000081b00000| Untracked 
|  28|0x0000000081c00000, 0x0000000081d00000, 0x0000000081d00000|100%|HS|  |TAMS 0x0000000081d00000, 0x0000000081c00000| Complete 
|  29|0x0000000081d00000, 0x0000000081e00000, 0x0000000081e00000|100%|HS|  |TAMS 0x0000000081e00000, 0x0000000081d00000| Complete 
|  30|0x0000000081e00000, 0x0000000081f00000, 0x0000000081f00000|100%| O|  |TAMS 0x0000000081f00000, 0x0000000081e00000| Untracked 
|  31|0x0000000081f00000, 0x0000000082000000, 0x0000000082000000|100%| O|  |TAMS 0x0000000082000000, 0x0000000081f00000| Untracked 
|  32|0x0000000082000000, 0x0000000082100000, 0x0000000082100000|100%|HS|  |TAMS 0x0000000082100000, 0x0000000082000000| Complete 
|  33|0x0000000082100000, 0x0000000082200000, 0x0000000082200000|100%|HC|  |TAMS 0x0000000082200000, 0x0000000082100000| Complete 
|  34|0x0000000082200000, 0x0000000082300000, 0x0000000082300000|100%|HS|  |TAMS 0x0000000082300000, 0x0000000082200000| Complete 
|  35|0x0000000082300000, 0x0000000082400000, 0x0000000082400000|100%|HC|  |TAMS 0x0000000082400000, 0x0000000082300000| Complete 
|  36|0x0000000082400000, 0x0000000082500000, 0x0000000082500000|100%|HC|  |TAMS 0x0000000082500000, 0x0000000082400000| Complete 
|  37|0x0000000082500000, 0x0000000082600000, 0x0000000082600000|100%|HC|  |TAMS 0x0000000082600000, 0x0000000082500000| Complete 
|  38|0x0000000082600000, 0x0000000082700000, 0x0000000082700000|100%| O|  |TAMS 0x0000000082700000, 0x0000000082600000| Untracked 
|  39|0x0000000082700000, 0x0000000082800000, 0x0000000082800000|100%| O|  |TAMS 0x0000000082800000, 0x0000000082700000| Untracked 
|  40|0x0000000082800000, 0x0000000082900000, 0x0000000082900000|100%| O|  |TAMS 0x0000000082900000, 0x0000000082800000| Untracked 
|  41|0x0000000082900000, 0x0000000082a00000, 0x0000000082a00000|100%| O|  |TAMS 0x0000000082900000, 0x0000000082900000| Untracked 
|  42|0x0000000082a00000, 0x0000000082b00000, 0x0000000082b00000|100%| O|  |TAMS 0x0000000082a00000, 0x0000000082a00000| Untracked 
|  43|0x0000000082b00000, 0x0000000082c00000, 0x0000000082c00000|100%| O|  |TAMS 0x0000000082c00000, 0x0000000082b00000| Untracked 
|  44|0x0000000082c00000, 0x0000000082d00000, 0x0000000082d00000|100%| O|  |TAMS 0x0000000082d00000, 0x0000000082c00000| Untracked 
|  45|0x0000000082d00000, 0x0000000082e00000, 0x0000000082e00000|100%| O|  |TAMS 0x0000000082e00000, 0x0000000082d00000| Untracked 
|  46|0x0000000082e00000, 0x0000000082f00000, 0x0000000082f00000|100%| O|  |TAMS 0x0000000082f00000, 0x0000000082e00000| Untracked 
|  47|0x0000000082f00000, 0x0000000083000000, 0x0000000083000000|100%| O|  |TAMS 0x0000000083000000, 0x0000000082f00000| Untracked 
|  48|0x0000000083000000, 0x0000000083100000, 0x0000000083100000|100%| O|  |TAMS 0x0000000083100000, 0x0000000083000000| Untracked 
|  49|0x0000000083100000, 0x0000000083200000, 0x0000000083200000|100%| O|  |TAMS 0x0000000083200000, 0x0000000083100000| Untracked 
|  50|0x0000000083200000, 0x0000000083300000, 0x0000000083300000|100%| O|  |TAMS 0x0000000083300000, 0x0000000083200000| Untracked 
|  51|0x0000000083300000, 0x0000000083400000, 0x0000000083400000|100%| O|  |TAMS 0x0000000083400000, 0x0000000083300000| Untracked 
|  52|0x0000000083400000, 0x0000000083500000, 0x0000000083500000|100%| O|  |TAMS 0x0000000083500000, 0x0000000083400000| Untracked 
|  53|0x0000000083500000, 0x0000000083600000, 0x0000000083600000|100%| O|  |TAMS 0x0000000083600000, 0x0000000083500000| Untracked 
|  54|0x0000000083600000, 0x0000000083700000, 0x0000000083700000|100%| O|  |TAMS 0x0000000083700000, 0x0000000083600000| Untracked 
|  55|0x0000000083700000, 0x0000000083800000, 0x0000000083800000|100%| O|  |TAMS 0x0000000083800000, 0x0000000083700000| Untracked 
|  56|0x0000000083800000, 0x0000000083900000, 0x0000000083900000|100%| O|  |TAMS 0x0000000083900000, 0x0000000083800000| Untracked 
|  57|0x0000000083900000, 0x0000000083a00000, 0x0000000083a00000|100%| O|  |TAMS 0x0000000083a00000, 0x0000000083900000| Untracked 
|  58|0x0000000083a00000, 0x0000000083b00000, 0x0000000083b00000|100%| O|  |TAMS 0x0000000083b00000, 0x0000000083a00000| Untracked 
|  59|0x0000000083b00000, 0x0000000083c00000, 0x0000000083c00000|100%| O|  |TAMS 0x0000000083c00000, 0x0000000083b00000| Untracked 
|  60|0x0000000083c00000, 0x0000000083d00000, 0x0000000083d00000|100%| O|  |TAMS 0x0000000083d00000, 0x0000000083c00000| Untracked 
|  61|0x0000000083d00000, 0x0000000083e00000, 0x0000000083e00000|100%| O|  |TAMS 0x0000000083e00000, 0x0000000083d00000| Untracked 
|  62|0x0000000083e00000, 0x0000000083f00000, 0x0000000083f00000|100%| O|  |TAMS 0x0000000083f00000, 0x0000000083e00000| Untracked 
|  63|0x0000000083f00000, 0x0000000084000000, 0x0000000084000000|100%| O|  |TAMS 0x0000000084000000, 0x0000000083f00000| Untracked 
|  64|0x0000000084000000, 0x0000000084100000, 0x0000000084100000|100%| O|  |TAMS 0x0000000084100000, 0x0000000084000000| Untracked 
|  65|0x0000000084100000, 0x0000000084200000, 0x0000000084200000|100%| O|  |TAMS 0x0000000084200000, 0x0000000084100000| Untracked 
|  66|0x0000000084200000, 0x0000000084300000, 0x0000000084300000|100%| O|  |TAMS 0x0000000084300000, 0x0000000084200000| Untracked 
|  67|0x0000000084300000, 0x0000000084400000, 0x0000000084400000|100%| O|  |TAMS 0x0000000084400000, 0x0000000084300000| Untracked 
|  68|0x0000000084400000, 0x0000000084500000, 0x0000000084500000|100%| O|  |TAMS 0x0000000084500000, 0x0000000084400000| Untracked 
|  69|0x0000000084500000, 0x0000000084600000, 0x0000000084600000|100%| O|  |TAMS 0x0000000084600000, 0x0000000084500000| Untracked 
|  70|0x0000000084600000, 0x0000000084700000, 0x0000000084700000|100%| O|  |TAMS 0x0000000084700000, 0x0000000084600000| Untracked 
|  71|0x0000000084700000, 0x0000000084800000, 0x0000000084800000|100%| O|  |TAMS 0x00000000847f7e00, 0x0000000084700000| Untracked 
|  72|0x0000000084800000, 0x0000000084900000, 0x0000000084900000|100%| O|  |TAMS 0x0000000084800000, 0x0000000084800000| Untracked 
|  73|0x0000000084900000, 0x0000000084a00000, 0x0000000084a00000|100%| O|  |TAMS 0x0000000084900000, 0x0000000084900000| Untracked 
|  74|0x0000000084a00000, 0x0000000084b00000, 0x0000000084b00000|100%| O|  |TAMS 0x0000000084a00000, 0x0000000084a00000| Untracked 
|  75|0x0000000084b00000, 0x0000000084c00000, 0x0000000084c00000|100%| O|  |TAMS 0x0000000084b00000, 0x0000000084b00000| Untracked 
|  76|0x0000000084c00000, 0x0000000084d00000, 0x0000000084d00000|100%| O|  |TAMS 0x0000000084c00000, 0x0000000084c00000| Untracked 
|  77|0x0000000084d00000, 0x0000000084e00000, 0x0000000084e00000|100%| O|  |TAMS 0x0000000084d00000, 0x0000000084d00000| Untracked 
|  78|0x0000000084e00000, 0x0000000084f00000, 0x0000000084f00000|100%| O|  |TAMS 0x0000000084e00000, 0x0000000084e00000| Untracked 
|  79|0x0000000084f00000, 0x0000000085000000, 0x0000000085000000|100%| O|  |TAMS 0x0000000084f00000, 0x0000000084f00000| Untracked 
|  80|0x0000000085000000, 0x0000000085100000, 0x0000000085100000|100%| O|  |TAMS 0x0000000085000000, 0x0000000085000000| Untracked 
|  81|0x0000000085100000, 0x0000000085200000, 0x0000000085200000|100%| O|  |TAMS 0x0000000085100000, 0x0000000085100000| Untracked 
|  82|0x0000000085200000, 0x0000000085300000, 0x0000000085300000|100%| O|  |TAMS 0x0000000085200000, 0x0000000085200000| Untracked 
|  83|0x0000000085300000, 0x0000000085400000, 0x0000000085400000|100%| O|  |TAMS 0x0000000085300000, 0x0000000085300000| Untracked 
|  84|0x0000000085400000, 0x0000000085500000, 0x0000000085500000|100%| O|  |TAMS 0x0000000085400000, 0x0000000085400000| Untracked 
|  85|0x0000000085500000, 0x0000000085600000, 0x0000000085600000|100%| O|  |TAMS 0x0000000085500000, 0x0000000085500000| Untracked 
|  86|0x0000000085600000, 0x0000000085700000, 0x0000000085700000|100%| O|  |TAMS 0x0000000085600000, 0x0000000085600000| Untracked 
|  87|0x0000000085700000, 0x00000000857b9000, 0x0000000085800000| 72%| O|  |TAMS 0x0000000085700000, 0x0000000085700000| Untracked 
|  88|0x0000000085800000, 0x0000000085800000, 0x0000000085900000|  0%| F|  |TAMS 0x0000000085800000, 0x0000000085800000| Untracked 
|  89|0x0000000085900000, 0x0000000085900000, 0x0000000085a00000|  0%| F|  |TAMS 0x0000000085900000, 0x0000000085900000| Untracked 
|  90|0x0000000085a00000, 0x0000000085a00000, 0x0000000085b00000|  0%| F|  |TAMS 0x0000000085a00000, 0x0000000085a00000| Untracked 
|  91|0x0000000085b00000, 0x0000000085b00000, 0x0000000085c00000|  0%| F|  |TAMS 0x0000000085b00000, 0x0000000085b00000| Untracked 
|  92|0x0000000085c00000, 0x0000000085c00000, 0x0000000085d00000|  0%| F|  |TAMS 0x0000000085c00000, 0x0000000085c00000| Untracked 
|  93|0x0000000085d00000, 0x0000000085d00000, 0x0000000085e00000|  0%| F|  |TAMS 0x0000000085d00000, 0x0000000085d00000| Untracked 
|  94|0x0000000085e00000, 0x0000000085e00000, 0x0000000085f00000|  0%| F|  |TAMS 0x0000000085e00000, 0x0000000085e00000| Untracked 
|  95|0x0000000085f00000, 0x0000000085f00000, 0x0000000086000000|  0%| F|  |TAMS 0x0000000085f00000, 0x0000000085f00000| Untracked 
|  96|0x0000000086000000, 0x0000000086000000, 0x0000000086100000|  0%| F|  |TAMS 0x0000000086000000, 0x0000000086000000| Untracked 
|  97|0x0000000086100000, 0x0000000086100000, 0x0000000086200000|  0%| F|  |TAMS 0x0000000086100000, 0x0000000086100000| Untracked 
|  98|0x0000000086200000, 0x0000000086200000, 0x0000000086300000|  0%| F|  |TAMS 0x0000000086200000, 0x0000000086200000| Untracked 
|  99|0x0000000086300000, 0x0000000086300000, 0x0000000086400000|  0%| F|  |TAMS 0x0000000086300000, 0x0000000086300000| Untracked 
| 100|0x0000000086400000, 0x0000000086400000, 0x0000000086500000|  0%| F|  |TAMS 0x0000000086400000, 0x0000000086400000| Untracked 
| 101|0x0000000086500000, 0x0000000086500000, 0x0000000086600000|  0%| F|  |TAMS 0x0000000086500000, 0x0000000086500000| Untracked 
| 102|0x0000000086600000, 0x0000000086600000, 0x0000000086700000|  0%| F|  |TAMS 0x0000000086600000, 0x0000000086600000| Untracked 
| 103|0x0000000086700000, 0x0000000086700000, 0x0000000086800000|  0%| F|  |TAMS 0x0000000086700000, 0x0000000086700000| Untracked 
| 104|0x0000000086800000, 0x0000000086800000, 0x0000000086900000|  0%| F|  |TAMS 0x0000000086800000, 0x0000000086800000| Untracked 
| 105|0x0000000086900000, 0x000000008699b550, 0x0000000086a00000| 60%| S|CS|TAMS 0x0000000086900000, 0x0000000086900000| Complete 
| 106|0x0000000086a00000, 0x0000000086a00000, 0x0000000086b00000|  0%| F|  |TAMS 0x0000000086a00000, 0x0000000086a00000| Untracked 
| 107|0x0000000086b00000, 0x0000000086b00000, 0x0000000086c00000|  0%| F|  |TAMS 0x0000000086b00000, 0x0000000086b00000| Untracked 
| 108|0x0000000086c00000, 0x0000000086c00000, 0x0000000086d00000|  0%| F|  |TAMS 0x0000000086c00000, 0x0000000086c00000| Untracked 
| 109|0x0000000086d00000, 0x0000000086e00000, 0x0000000086e00000|100%| S|CS|TAMS 0x0000000086d00000, 0x0000000086d00000| Complete 
| 110|0x0000000086e00000, 0x0000000086e00000, 0x0000000086f00000|  0%| F|  |TAMS 0x0000000086e00000, 0x0000000086e00000| Untracked 
| 111|0x0000000086f00000, 0x0000000086f00000, 0x0000000087000000|  0%| F|  |TAMS 0x0000000086f00000, 0x0000000086f00000| Untracked 
| 112|0x0000000087000000, 0x0000000087000000, 0x0000000087100000|  0%| F|  |TAMS 0x0000000087000000, 0x0000000087000000| Untracked 
| 113|0x0000000087100000, 0x0000000087100000, 0x0000000087200000|  0%| F|  |TAMS 0x0000000087100000, 0x0000000087100000| Untracked 
| 114|0x0000000087200000, 0x0000000087200000, 0x0000000087300000|  0%| F|  |TAMS 0x0000000087200000, 0x0000000087200000| Untracked 
| 115|0x0000000087300000, 0x0000000087300000, 0x0000000087400000|  0%| F|  |TAMS 0x0000000087300000, 0x0000000087300000| Untracked 
| 116|0x0000000087400000, 0x0000000087400000, 0x0000000087500000|  0%| F|  |TAMS 0x0000000087400000, 0x0000000087400000| Untracked 
| 117|0x0000000087500000, 0x0000000087500000, 0x0000000087600000|  0%| F|  |TAMS 0x0000000087500000, 0x0000000087500000| Untracked 
| 118|0x0000000087600000, 0x0000000087600000, 0x0000000087700000|  0%| F|  |TAMS 0x0000000087600000, 0x0000000087600000| Untracked 
| 119|0x0000000087700000, 0x0000000087700000, 0x0000000087800000|  0%| F|  |TAMS 0x0000000087700000, 0x0000000087700000| Untracked 
| 120|0x0000000087800000, 0x0000000087800000, 0x0000000087900000|  0%| F|  |TAMS 0x0000000087800000, 0x0000000087800000| Untracked 
| 121|0x0000000087900000, 0x0000000087900000, 0x0000000087a00000|  0%| F|  |TAMS 0x0000000087900000, 0x0000000087900000| Untracked 
| 122|0x0000000087a00000, 0x0000000087a00000, 0x0000000087b00000|  0%| F|  |TAMS 0x0000000087a00000, 0x0000000087a00000| Untracked 
| 123|0x0000000087b00000, 0x0000000087b00000, 0x0000000087c00000|  0%| F|  |TAMS 0x0000000087b00000, 0x0000000087b00000| Untracked 
| 124|0x0000000087c00000, 0x0000000087c00000, 0x0000000087d00000|  0%| F|  |TAMS 0x0000000087c00000, 0x0000000087c00000| Untracked 
| 125|0x0000000087d00000, 0x0000000087d00000, 0x0000000087e00000|  0%| F|  |TAMS 0x0000000087d00000, 0x0000000087d00000| Untracked 
| 126|0x0000000087e00000, 0x0000000087e00000, 0x0000000087f00000|  0%| F|  |TAMS 0x0000000087e00000, 0x0000000087e00000| Untracked 
| 127|0x0000000087f00000, 0x0000000087f00000, 0x0000000088000000|  0%| F|  |TAMS 0x0000000087f00000, 0x0000000087f00000| Untracked 
| 128|0x0000000088000000, 0x0000000088000000, 0x0000000088100000|  0%| F|  |TAMS 0x0000000088000000, 0x0000000088000000| Untracked 
| 129|0x0000000088100000, 0x0000000088100000, 0x0000000088200000|  0%| F|  |TAMS 0x0000000088100000, 0x0000000088100000| Untracked 
| 130|0x0000000088200000, 0x0000000088200000, 0x0000000088300000|  0%| F|  |TAMS 0x0000000088200000, 0x0000000088200000| Untracked 
| 131|0x0000000088300000, 0x0000000088300000, 0x0000000088400000|  0%| F|  |TAMS 0x0000000088300000, 0x0000000088300000| Untracked 
| 132|0x0000000088400000, 0x0000000088400000, 0x0000000088500000|  0%| F|  |TAMS 0x0000000088400000, 0x0000000088400000| Untracked 

Card table byte_map: [0x0000011db1d20000,0x0000011db2120000] _byte_map_base: 0x0000011db1920000

Marking Bits (Prev, Next): (CMBitMap*) 0x0000011d9f179af0, (CMBitMap*) 0x0000011d9f179ab0
 Prev Bits: [0x0000011db4520000, 0x0000011db6520000)
 Next Bits: [0x0000011db2520000, 0x0000011db4520000)

Polling page: 0x0000011d9d060000

Metaspace:

Usage:
  Non-class:     86.17 MB used.
      Class:     13.26 MB used.
       Both:     99.43 MB used.

Virtual space:
  Non-class space:       88.00 MB reserved,      86.50 MB ( 98%) committed,  11 nodes.
      Class space:        1.00 GB reserved,      13.56 MB (  1%) committed,  1 nodes.
             Both:        1.09 GB reserved,     100.06 MB (  9%) committed. 

Chunk freelists:
   Non-Class:  848.00 KB
       Class:  2.32 MB
        Both:  3.15 MB

MaxMetaspaceSize: unlimited
CompressedClassSpaceSize: 1.00 GB
Initial GC threshold: 21.00 MB
Current GC threshold: 142.00 MB
CDS: off
MetaspaceReclaimPolicy: balanced
 - commit_granule_bytes: 65536.
 - commit_granule_words: 8192.
 - virtual_space_node_default_size: 1048576.
 - enlarge_chunks_in_place: 1.
 - new_chunks_are_fully_committed: 0.
 - uncommit_free_chunks: 1.
 - use_allocation_guard: 0.
 - handle_deallocations: 1.


Internal statistics:

num_allocs_failed_limit: 9.
num_arena_births: 1088.
num_arena_deaths: 0.
num_vsnodes_births: 12.
num_vsnodes_deaths: 0.
num_space_committed: 1599.
num_space_uncommitted: 0.
num_chunks_returned_to_freelist: 9.
num_chunks_taken_from_freelist: 4877.
num_chunk_merges: 9.
num_chunk_splits: 3262.
num_chunks_enlarged: 2183.
num_purges: 0.
num_inconsistent_stats: 0.

CodeHeap 'non-profiled nmethods': size=120000Kb used=4722Kb max_used=5415Kb free=115277Kb
 bounds [0x0000011daa0b0000, 0x0000011daa600000, 0x0000011db15e0000]
CodeHeap 'profiled nmethods': size=120000Kb used=17643Kb max_used=19690Kb free=102357Kb
 bounds [0x0000011da25e0000, 0x0000011da3920000, 0x0000011da9b10000]
CodeHeap 'non-nmethods': size=5760Kb used=2394Kb max_used=2479Kb free=3365Kb
 bounds [0x0000011da9b10000, 0x0000011da9d90000, 0x0000011daa0b0000]
 total_blobs=10287 nmethods=9356 adapters=843
 compilation: enabled
              stopped_count=0, restarted_count=0
 full_count=0

Compilation events (20 events):
Event: 39.172 Thread 0x0000011db9834710 10939       3       com.sun.org.apache.xerces.internal.impl.XMLEntityScanner::peekChar (63 bytes)
Event: 39.173 Thread 0x0000011db9834710 nmethod 10939 0x0000011da2634a90 code [0x0000011da2634c40, 0x0000011da2634ee8]
Event: 39.180 Thread 0x0000011db9834710 10940       1       java.nio.DirectByteBuffer::base (2 bytes)
Event: 39.181 Thread 0x0000011db9834710 nmethod 10940 0x0000011daa31a990 code [0x0000011daa31ab20, 0x0000011daa31abf8]
Event: 39.186 Thread 0x0000011db9834710 10942       3       java.lang.invoke.MethodHandles::argumentsWithCombinerChecks (197 bytes)
Event: 39.188 Thread 0x0000011db9834710 nmethod 10942 0x0000011da35bc190 code [0x0000011da35bc5c0, 0x0000011da35bdf38]
Event: 39.188 Thread 0x0000011db9834710 10943       3       java.lang.invoke.StringConcatFactory::parseRecipe (198 bytes)
Event: 39.190 Thread 0x0000011db9830a40 nmethod 10937 0x0000011daa192890 code [0x0000011daa192a40, 0x0000011daa1930d8]
Event: 39.190 Thread 0x0000011db9830a40 10914       4       java.util.regex.Pattern$NotBehind::match (137 bytes)
Event: 39.191 Thread 0x0000011db9834710 nmethod 10943 0x0000011da3199290 code [0x0000011da3199700, 0x0000011da319bbb8]
Event: 39.191 Thread 0x0000011db9834710 10941       3       java.lang.invoke.MethodHandles::argumentsWithCombiner (130 bytes)
Event: 39.193 Thread 0x0000011db9834710 nmethod 10941 0x0000011da263a410 code [0x0000011da263a6c0, 0x0000011da263b538]
Event: 39.193 Thread 0x0000011db9834710 10944       3       java.lang.invoke.InvokerBytecodeGenerator::<init> (126 bytes)
Event: 39.195 Thread 0x0000011db9834710 nmethod 10944 0x0000011da2e83b10 code [0x0000011da2e83e00, 0x0000011da2e84f48]
Event: 39.195 Thread 0x0000011db9834710 10947       3       java.lang.invoke.ClassSpecializer$SpeciesData::getterFunction (78 bytes)
Event: 39.196 Thread 0x0000011db9834710 nmethod 10947 0x0000011da26e5810 code [0x0000011da26e59c0, 0x0000011da26e5ca8]
Event: 39.198 Thread 0x0000011db9834710 10948       3       java.lang.invoke.LambdaFormBuffer::clearDuplicatesAndNulls (268 bytes)
Event: 39.199 Thread 0x0000011db9834710 nmethod 10948 0x0000011da2c1ad10 code [0x0000011da2c1afa0, 0x0000011da2c1c038]
Event: 39.201 Thread 0x0000011db9830a40 nmethod 10914 0x0000011daa0fd410 code [0x0000011daa0fd5c0, 0x0000011daa0fda78]
Event: 39.201 Thread 0x0000011db9830a40 10918       4       java.lang.ThreadLocal$ThreadLocalMap::remove (68 bytes)

GC Heap History (20 events):
Event: 20.747 GC heap after
{Heap after GC invocations=22 (full 0):
 garbage-first heap   total 136192K, used 70746K [0x0000000080000000, 0x0000000100000000)
  region size 1024K, 6 young (6144K), 6 survivors (6144K)
 Metaspace       used 77542K, committed 78144K, reserved 1122304K
  class space    used 10270K, committed 10560K, reserved 1048576K
}
Event: 21.812 GC heap before
{Heap before GC invocations=23 (full 0):
 garbage-first heap   total 136192K, used 109658K [0x0000000080000000, 0x0000000100000000)
  region size 1024K, 43 young (44032K), 6 survivors (6144K)
 Metaspace       used 82120K, committed 82752K, reserved 1122304K
  class space    used 11047K, committed 11328K, reserved 1048576K
}
Event: 21.823 GC heap after
{Heap after GC invocations=24 (full 0):
 garbage-first heap   total 136192K, used 73008K [0x0000000080000000, 0x0000000100000000)
  region size 1024K, 3 young (3072K), 3 survivors (3072K)
 Metaspace       used 82120K, committed 82752K, reserved 1122304K
  class space    used 11047K, committed 11328K, reserved 1048576K
}
Event: 21.917 GC heap before
{Heap before GC invocations=24 (full 0):
 garbage-first heap   total 136192K, used 76080K [0x0000000080000000, 0x0000000100000000)
  region size 1024K, 6 young (6144K), 3 survivors (3072K)
 Metaspace       used 82473K, committed 83136K, reserved 1122304K
  class space    used 11133K, committed 11456K, reserved 1048576K
}
Event: 21.922 GC heap after
{Heap after GC invocations=25 (full 0):
 garbage-first heap   total 136192K, used 73258K [0x0000000080000000, 0x0000000100000000)
  region size 1024K, 1 young (1024K), 1 survivors (1024K)
 Metaspace       used 82473K, committed 83136K, reserved 1122304K
  class space    used 11133K, committed 11456K, reserved 1048576K
}
Event: 22.852 GC heap before
{Heap before GC invocations=25 (full 0):
 garbage-first heap   total 136192K, used 110122K [0x0000000080000000, 0x0000000100000000)
  region size 1024K, 37 young (37888K), 1 survivors (1024K)
 Metaspace       used 86293K, committed 86912K, reserved 1130496K
  class space    used 11705K, committed 12032K, reserved 1048576K
}
Event: 22.857 GC heap after
{Heap after GC invocations=26 (full 0):
 garbage-first heap   total 136192K, used 75552K [0x0000000080000000, 0x0000000100000000)
  region size 1024K, 3 young (3072K), 3 survivors (3072K)
 Metaspace       used 86293K, committed 86912K, reserved 1130496K
  class space    used 11705K, committed 12032K, reserved 1048576K
}
Event: 23.779 GC heap before
{Heap before GC invocations=27 (full 0):
 garbage-first heap   total 136192K, used 110368K [0x0000000080000000, 0x0000000100000000)
  region size 1024K, 38 young (38912K), 3 survivors (3072K)
 Metaspace       used 89148K, committed 89728K, reserved 1130496K
  class space    used 12092K, committed 12352K, reserved 1048576K
}
Event: 23.790 GC heap after
{Heap after GC invocations=28 (full 0):
 garbage-first heap   total 136192K, used 80868K [0x0000000080000000, 0x0000000100000000)
  region size 1024K, 5 young (5120K), 5 survivors (5120K)
 Metaspace       used 89148K, committed 89728K, reserved 1130496K
  class space    used 12092K, committed 12352K, reserved 1048576K
}
Event: 23.825 GC heap before
{Heap before GC invocations=28 (full 0):
 garbage-first heap   total 136192K, used 81892K [0x0000000080000000, 0x0000000100000000)
  region size 1024K, 6 young (6144K), 5 survivors (5120K)
 Metaspace       used 89344K, committed 89984K, reserved 1130496K
  class space    used 12115K, committed 12416K, reserved 1048576K
}
Event: 23.831 GC heap after
{Heap after GC invocations=29 (full 0):
 garbage-first heap   total 136192K, used 81336K [0x0000000080000000, 0x0000000100000000)
  region size 1024K, 1 young (1024K), 1 survivors (1024K)
 Metaspace       used 89344K, committed 89984K, reserved 1130496K
  class space    used 12115K, committed 12416K, reserved 1048576K
}
Event: 26.005 GC heap before
{Heap before GC invocations=29 (full 0):
 garbage-first heap   total 136192K, used 111032K [0x0000000080000000, 0x0000000100000000)
  region size 1024K, 30 young (30720K), 1 survivors (1024K)
 Metaspace       used 95216K, committed 95872K, reserved 1138688K
  class space    used 12735K, committed 13056K, reserved 1048576K
}
Event: 26.007 GC heap after
{Heap after GC invocations=30 (full 0):
 garbage-first heap   total 136192K, used 81608K [0x0000000080000000, 0x0000000100000000)
  region size 1024K, 2 young (2048K), 2 survivors (2048K)
 Metaspace       used 95216K, committed 95872K, reserved 1138688K
  class space    used 12735K, committed 13056K, reserved 1048576K
}
Event: 37.399 GC heap before
{Heap before GC invocations=30 (full 0):
 garbage-first heap   total 136192K, used 111304K [0x0000000080000000, 0x0000000100000000)
  region size 1024K, 31 young (31744K), 2 survivors (2048K)
 Metaspace       used 95866K, committed 96512K, reserved 1138688K
  class space    used 12766K, committed 13056K, reserved 1048576K
}
Event: 37.404 GC heap after
{Heap after GC invocations=31 (full 0):
 garbage-first heap   total 136192K, used 84319K [0x0000000080000000, 0x0000000100000000)
  region size 1024K, 4 young (4096K), 4 survivors (4096K)
 Metaspace       used 95866K, committed 96512K, reserved 1138688K
  class space    used 12766K, committed 13056K, reserved 1048576K
}
Event: 37.918 GC heap before
{Heap before GC invocations=31 (full 0):
 garbage-first heap   total 136192K, used 111967K [0x0000000080000000, 0x0000000100000000)
  region size 1024K, 31 young (31744K), 4 survivors (4096K)
 Metaspace       used 96229K, committed 96896K, reserved 1138688K
  class space    used 12778K, committed 13120K, reserved 1048576K
}
Event: 37.926 GC heap after
{Heap after GC invocations=32 (full 0):
 garbage-first heap   total 136192K, used 87516K [0x0000000080000000, 0x0000000100000000)
  region size 1024K, 4 young (4096K), 4 survivors (4096K)
 Metaspace       used 96229K, committed 96896K, reserved 1138688K
  class space    used 12778K, committed 13120K, reserved 1048576K
}
Event: 38.411 GC heap before
{Heap before GC invocations=32 (full 0):
 garbage-first heap   total 136192K, used 112092K [0x0000000080000000, 0x0000000100000000)
  region size 1024K, 28 young (28672K), 4 survivors (4096K)
 Metaspace       used 97878K, committed 98560K, reserved 1138688K
  class space    used 13000K, committed 13312K, reserved 1048576K
}
Event: 38.418 GC heap after
{Heap after GC invocations=33 (full 0):
 garbage-first heap   total 136192K, used 89889K [0x0000000080000000, 0x0000000100000000)
  region size 1024K, 3 young (3072K), 3 survivors (3072K)
 Metaspace       used 97878K, committed 98560K, reserved 1138688K
  class space    used 13000K, committed 13312K, reserved 1048576K
}
Event: 39.202 GC heap before
{Heap before GC invocations=33 (full 0):
 garbage-first heap   total 136192K, used 113441K [0x0000000080000000, 0x0000000100000000)
  region size 1024K, 26 young (26624K), 3 survivors (3072K)
 Metaspace       used 101817K, committed 102464K, reserved 1138688K
  class space    used 13580K, committed 13888K, reserved 1048576K
}

Dll operation events (2 events):
Event: 0.022 Loaded shared library C:\Program Files\Android\Android Studio\jbr\bin\java.dll
Event: 1.342 Loaded shared library C:\Program Files\Android\Android Studio\jbr\bin\verify.dll

Deoptimization events (20 events):
Event: 39.054 Thread 0x0000011dbabea490 Uncommon trap: trap_request=0xffffffbe fr.pc=0x0000011daa593a44 relative=0x00000000000001a4
Event: 39.054 Thread 0x0000011dbabea490 Uncommon trap: reason=profile_predicate action=maybe_recompile pc=0x0000011daa593a44 method=java.util.LinkedHashMap.keysToArray([Ljava/lang/Object;)[Ljava/lang/Object; @ 12 c2
Event: 39.054 Thread 0x0000011dbabea490 DEOPT PACKING pc=0x0000011daa593a44 sp=0x000000150e8f7d20
Event: 39.054 Thread 0x0000011dbabea490 DEOPT UNPACKING pc=0x0000011da9b669a3 sp=0x000000150e8f7cd8 mode 2
Event: 39.127 Thread 0x0000011dbabea490 Uncommon trap: trap_request=0xffffff45 fr.pc=0x0000011daa4cc8c8 relative=0x00000000000013e8
Event: 39.127 Thread 0x0000011dbabea490 Uncommon trap: reason=unstable_if action=reinterpret pc=0x0000011daa4cc8c8 method=java.util.regex.Pattern.atom()Ljava/util/regex/Pattern$Node; @ 14 c2
Event: 39.127 Thread 0x0000011dbabea490 DEOPT PACKING pc=0x0000011daa4cc8c8 sp=0x000000150e8f80c0
Event: 39.127 Thread 0x0000011dbabea490 DEOPT UNPACKING pc=0x0000011da9b669a3 sp=0x000000150e8f8088 mode 2
Event: 39.130 Thread 0x0000011dbabea490 Uncommon trap: trap_request=0xffffff45 fr.pc=0x0000011daa1bb50c relative=0x00000000000005ac
Event: 39.130 Thread 0x0000011dbabea490 Uncommon trap: reason=unstable_if action=reinterpret pc=0x0000011daa1bb50c method=java.util.regex.Matcher.find()Z @ 10 c2
Event: 39.130 Thread 0x0000011dbabea490 DEOPT PACKING pc=0x0000011daa1bb50c sp=0x000000150e8f84d0
Event: 39.130 Thread 0x0000011dbabea490 DEOPT UNPACKING pc=0x0000011da9b669a3 sp=0x000000150e8f8490 mode 2
Event: 39.140 Thread 0x0000011dbabea490 Uncommon trap: trap_request=0xffffff45 fr.pc=0x0000011daa1b4ddc relative=0x000000000000029c
Event: 39.140 Thread 0x0000011dbabea490 Uncommon trap: reason=unstable_if action=reinterpret pc=0x0000011daa1b4ddc method=java.lang.CharacterDataLatin1.digit(II)I @ 12 c2
Event: 39.140 Thread 0x0000011dbabea490 DEOPT PACKING pc=0x0000011daa1b4ddc sp=0x000000150e8f88b0
Event: 39.140 Thread 0x0000011dbabea490 DEOPT UNPACKING pc=0x0000011da9b669a3 sp=0x000000150e8f86d0 mode 2
Event: 39.170 Thread 0x0000011dbabea490 Uncommon trap: trap_request=0xffffff45 fr.pc=0x0000011daa185dc8 relative=0x00000000000000a8
Event: 39.170 Thread 0x0000011dbabea490 Uncommon trap: reason=unstable_if action=reinterpret pc=0x0000011daa185dc8 method=java.lang.CharacterDataLatin1.digit(II)I @ 12 c2
Event: 39.170 Thread 0x0000011dbabea490 DEOPT PACKING pc=0x0000011daa185dc8 sp=0x000000150e8f8770
Event: 39.170 Thread 0x0000011dbabea490 DEOPT UNPACKING pc=0x0000011da9b669a3 sp=0x000000150e8f86e8 mode 2

Classes unloaded (0 events):
No events

Classes redefined (0 events):
No events

Internal exceptions (20 events):
Event: 25.512 Thread 0x0000011dbabea490 Exception <a 'sun/nio/fs/WindowsException'{0x00000000878a9618}> (0x00000000878a9618) 
thrown [s\src\hotspot\share\prims\jni.cpp, line 517]
Event: 25.512 Thread 0x0000011dbabea490 Exception <a 'sun/nio/fs/WindowsException'{0x00000000878a9a08}> (0x00000000878a9a08) 
thrown [s\src\hotspot\share\prims\jni.cpp, line 517]
Event: 25.512 Thread 0x0000011dbabea490 Exception <a 'sun/nio/fs/WindowsException'{0x00000000878ab958}> (0x00000000878ab958) 
thrown [s\src\hotspot\share\prims\jni.cpp, line 517]
Event: 25.584 Thread 0x0000011dbc160d40 Implicit null exception at 0x0000011daa36b37e to 0x0000011daa36b540
Event: 25.585 Thread 0x0000011dbc160d40 Exception <a 'sun/nio/fs/WindowsException'{0x0000000087681710}> (0x0000000087681710) 
thrown [s\src\hotspot\share\prims\jni.cpp, line 517]
Event: 25.598 Thread 0x0000011dbabea490 Exception <a 'java/lang/NoSuchMethodError'{0x00000000876f3428}: 'java.lang.Object java.lang.invoke.DirectMethodHandle$Holder.newInvokeSpecial(java.lang.Object, java.lang.Object, java.lang.Object, java.lang.Object, int, java.lang.Object)'> (0x00000000876f3428) 
thrown [s\src\hotspot\share\interpreter\linkResolver.cpp, line 771]
Event: 25.599 Thread 0x0000011dbabea490 Exception <a 'java/lang/NoSuchMethodError'{0x00000000876f7748}: 'java.lang.Object java.lang.invoke.Invokers$Holder.linkToTargetMethod(java.lang.Object, java.lang.Object, java.lang.Object, int, java.lang.Object, java.lang.Object)'> (0x00000000876f7748) 
thrown [s\src\hotspot\share\interpreter\linkResolver.cpp, line 771]
Event: 34.924 Thread 0x0000011dbc446720 Implicit null exception at 0x0000011daa0e6572 to 0x0000011daa0e6b40
Event: 34.924 Thread 0x0000011dbc446720 Implicit null exception at 0x0000011daa515472 to 0x0000011daa515b5c
Event: 37.554 Thread 0x0000011dbabea490 Exception <a 'sun/nio/fs/WindowsException'{0x00000000879c9768}> (0x00000000879c9768) 
thrown [s\src\hotspot\share\prims\jni.cpp, line 517]
Event: 38.397 Thread 0x0000011dbabea490 Exception <a 'sun/nio/fs/WindowsException'{0x0000000086d7d170}> (0x0000000086d7d170) 
thrown [s\src\hotspot\share\prims\jni.cpp, line 517]
Event: 38.606 Thread 0x0000011dbabea490 Exception <a 'java/lang/NullPointerException'{0x0000000087d02a28}> (0x0000000087d02a28) 
thrown [s\src\hotspot\share\interpreter\linkResolver.cpp, line 1447]
Event: 38.778 Thread 0x0000011dbabea490 Implicit null exception at 0x0000011daa284210 to 0x0000011daa286254
Event: 39.153 Thread 0x0000011dbabea490 Exception <a 'sun/nio/fs/WindowsException'{0x0000000086f9ca80}> (0x0000000086f9ca80) 
thrown [s\src\hotspot\share\prims\jni.cpp, line 517]
Event: 39.153 Thread 0x0000011dbabea490 Exception <a 'sun/nio/fs/WindowsException'{0x0000000086f9e0a0}> (0x0000000086f9e0a0) 
thrown [s\src\hotspot\share\prims\jni.cpp, line 517]
Event: 39.153 Thread 0x0000011dbabea490 Exception <a 'sun/nio/fs/WindowsException'{0x0000000086f9f710}> (0x0000000086f9f710) 
thrown [s\src\hotspot\share\prims\jni.cpp, line 517]
Event: 39.153 Thread 0x0000011dbabea490 Exception <a 'sun/nio/fs/WindowsException'{0x0000000086fa0d80}> (0x0000000086fa0d80) 
thrown [s\src\hotspot\share\prims\jni.cpp, line 517]
Event: 39.194 Thread 0x0000011dbabea490 Exception <a 'java/lang/NoSuchMethodError'{0x0000000086ecb780}: 'java.lang.Object java.lang.invoke.DirectMethodHandle$Holder.invokeSpecial(java.lang.Object, java.lang.Object, long, java.lang.Object, java.lang.Object, java.lang.Object, java.lang.Object, java.lang.Object, java.lang.Object, java.lang.Object, java.lang.Object)'> (0x0000000086ecb780) 
thrown [s\src\hotspot\share\interpreter\linkResolver.cpp, line 771]
Event: 39.195 Thread 0x0000011dbabea490 Exception <a 'java/lang/NoSuchMethodError'{0x0000000086ed0830}: 'java.lang.Object java.lang.invoke.DelegatingMethodHandle$Holder.reinvoke_L(java.lang.Object, long, java.lang.Object, java.lang.Object, java.lang.Object, java.lang.Object, java.lang.Object, java.lang.Object, java.lang.Object, java.lang.Object)'> (0x0000000086ed0830) 
thrown [s\src\hotspot\share\interpreter\linkResolver.cpp, line 771]
Event: 39.199 Thread 0x0000011dbabea490 Exception <a 'java/lang/NoSuchMethodError'{0x0000000086ef3410}: 'java.lang.Object java.lang.invoke.Invokers$Holder.linkToTargetMethod(java.lang.Object, java.lang.Object, java.lang.Object, java.lang.Object, java.lang.Object, java.lang.Object, java.lang.Object, java.lang.Object, java.lang.Object)'> (0x0000000086ef3410) 
thrown [s\src\hotspot\share\interpreter\linkResolver.cpp, line 771]

VM Operations (20 events):
Event: 37.780 Executing VM operation: ICBufferFull done
Event: 37.918 Executing VM operation: G1CollectForAllocation
Event: 37.926 Executing VM operation: G1CollectForAllocation done
Event: 38.356 Executing VM operation: ICBufferFull
Event: 38.356 Executing VM operation: ICBufferFull done
Event: 38.410 Executing VM operation: G1CollectForAllocation
Event: 38.418 Executing VM operation: G1CollectForAllocation done
Event: 38.972 Executing VM operation: HandshakeAllThreads
Event: 38.973 Executing VM operation: HandshakeAllThreads done
Event: 38.998 Executing VM operation: ICBufferFull
Event: 38.999 Executing VM operation: ICBufferFull done
Event: 39.002 Executing VM operation: HandshakeAllThreads
Event: 39.002 Executing VM operation: HandshakeAllThreads done
Event: 39.032 Executing VM operation: HandshakeAllThreads
Event: 39.032 Executing VM operation: HandshakeAllThreads done
Event: 39.084 Executing VM operation: HandshakeAllThreads
Event: 39.084 Executing VM operation: HandshakeAllThreads done
Event: 39.178 Executing VM operation: HandshakeAllThreads
Event: 39.179 Executing VM operation: HandshakeAllThreads done
Event: 39.201 Executing VM operation: G1CollectForAllocation

Events (20 events):
Event: 39.127 loading class java/util/regex/Pattern$Neg
Event: 39.127 loading class java/util/regex/Pattern$Neg done
Event: 39.139 loading class javax/xml/datatype/DatatypeConfigurationException
Event: 39.139 loading class javax/xml/datatype/DatatypeConfigurationException done
Event: 39.141 loading class jdk/internal/reflect/UnsafeIntegerFieldAccessorImpl
Event: 39.141 loading class jdk/internal/reflect/UnsafeIntegerFieldAccessorImpl done
Event: 39.144 loading class com/sun/org/apache/xerces/internal/impl/io/MalformedByteSequenceException
Event: 39.144 loading class java/io/CharConversionException
Event: 39.145 loading class java/io/CharConversionException done
Event: 39.145 loading class com/sun/org/apache/xerces/internal/impl/io/MalformedByteSequenceException done
Event: 39.154 loading class java/util/EnumMap$EntrySet
Event: 39.154 loading class java/util/EnumMap$EntrySet done
Event: 39.155 loading class java/util/EnumMap$EntryIterator
Event: 39.155 loading class java/util/EnumMap$EnumMapIterator
Event: 39.155 loading class java/util/EnumMap$EnumMapIterator done
Event: 39.155 loading class java/util/EnumMap$EntryIterator done
Event: 39.155 loading class java/util/EnumMap$EntryIterator$Entry
Event: 39.155 loading class java/util/EnumMap$EntryIterator$Entry done
Event: 39.171 loading class jdk/internal/reflect/UnsafeBooleanFieldAccessorImpl
Event: 39.171 loading class jdk/internal/reflect/UnsafeBooleanFieldAccessorImpl done


Dynamic libraries:
0x00007ff607c90000 - 0x00007ff607c9a000 	C:\Program Files\Android\Android Studio\jbr\bin\java.exe
0x00007ffe780b0000 - 0x00007ffe782c7000 	C:\WINDOWS\SYSTEM32\ntdll.dll
0x00007ffe76090000 - 0x00007ffe76154000 	C:\WINDOWS\System32\KERNEL32.DLL
0x00007ffe75650000 - 0x00007ffe759fc000 	C:\WINDOWS\System32\KERNELBASE.dll
0x00007ffe753e0000 - 0x00007ffe754f1000 	C:\WINDOWS\System32\ucrtbase.dll
0x00007ffe46260000 - 0x00007ffe46277000 	C:\Program Files\Android\Android Studio\jbr\bin\jli.dll
0x00007ffe3faa0000 - 0x00007ffe3fabb000 	C:\Program Files\Android\Android Studio\jbr\bin\VCRUNTIME140.dll
0x00007ffe770a0000 - 0x00007ffe7724e000 	C:\WINDOWS\System32\USER32.dll
0x00007ffe75dc0000 - 0x00007ffe75de6000 	C:\WINDOWS\System32\win32u.dll
0x00007ffe76b50000 - 0x00007ffe76b79000 	C:\WINDOWS\System32\GDI32.dll
0x00007ffe6a5f0000 - 0x00007ffe6a883000 	C:\WINDOWS\WinSxS\amd64_microsoft.windows.common-controls_6595b64144ccf1df_6.0.22621.3672_none_2713b9d173822955\COMCTL32.dll
0x00007ffe75530000 - 0x00007ffe75649000 	C:\WINDOWS\System32\gdi32full.dll
0x00007ffe76170000 - 0x00007ffe76217000 	C:\WINDOWS\System32\msvcrt.dll
0x00007ffe75af0000 - 0x00007ffe75b8a000 	C:\WINDOWS\System32\msvcp_win.dll
0x00007ffe76050000 - 0x00007ffe76081000 	C:\WINDOWS\System32\IMM32.DLL
0x00007ffe499d0000 - 0x00007ffe499dc000 	C:\Program Files\Android\Android Studio\jbr\bin\vcruntime140_1.dll
0x00007ffe20f90000 - 0x00007ffe2101d000 	C:\Program Files\Android\Android Studio\jbr\bin\msvcp140.dll
0x00007ffe26a90000 - 0x00007ffe276fe000 	C:\Program Files\Android\Android Studio\jbr\bin\server\jvm.dll
0x00007ffe773d0000 - 0x00007ffe77482000 	C:\WINDOWS\System32\ADVAPI32.dll
0x00007ffe76b80000 - 0x00007ffe76c2a000 	C:\WINDOWS\System32\sechost.dll
0x00007ffe75500000 - 0x00007ffe75528000 	C:\WINDOWS\System32\bcrypt.dll
0x00007ffe75df0000 - 0x00007ffe75f05000 	C:\WINDOWS\System32\RPCRT4.dll
0x00007ffe588e0000 - 0x00007ffe588e9000 	C:\WINDOWS\SYSTEM32\WSOCK32.dll
0x00007ffe6b710000 - 0x00007ffe6b71a000 	C:\WINDOWS\SYSTEM32\VERSION.dll
0x00007ffe75f10000 - 0x00007ffe75f81000 	C:\WINDOWS\System32\WS2_32.dll
0x00007ffe6ffb0000 - 0x00007ffe6ffe4000 	C:\WINDOWS\SYSTEM32\WINMM.dll
0x00007ffe74410000 - 0x00007ffe74428000 	C:\WINDOWS\SYSTEM32\kernel.appcore.dll
0x00007ffe70b30000 - 0x00007ffe70b3a000 	C:\Program Files\Android\Android Studio\jbr\bin\jimage.dll
0x00007ffe6cb50000 - 0x00007ffe6cd82000 	C:\WINDOWS\SYSTEM32\DBGHELP.DLL
0x00007ffe76c30000 - 0x00007ffe76fb8000 	C:\WINDOWS\System32\combase.dll
0x00007ffe76fc0000 - 0x00007ffe77097000 	C:\WINDOWS\System32\OLEAUT32.dll
0x00007ffe67870000 - 0x00007ffe678a2000 	C:\WINDOWS\SYSTEM32\dbgcore.DLL
0x00007ffe75a70000 - 0x00007ffe75aeb000 	C:\WINDOWS\System32\bcryptPrimitives.dll
0x00007ffe5ca50000 - 0x00007ffe5ca75000 	C:\Program Files\Android\Android Studio\jbr\bin\java.dll
0x00007ffe5b530000 - 0x00007ffe5b548000 	C:\Program Files\Android\Android Studio\jbr\bin\zip.dll
0x00007ffe76240000 - 0x00007ffe76a9c000 	C:\WINDOWS\System32\SHELL32.dll
0x00007ffe73330000 - 0x00007ffe73c27000 	C:\WINDOWS\SYSTEM32\windows.storage.dll
0x00007ffe731f0000 - 0x00007ffe7332f000 	C:\WINDOWS\SYSTEM32\wintypes.dll
0x00007ffe77990000 - 0x00007ffe77a84000 	C:\WINDOWS\System32\SHCORE.dll
0x00007ffe75f90000 - 0x00007ffe75fee000 	C:\WINDOWS\System32\shlwapi.dll
0x00007ffe75310000 - 0x00007ffe75331000 	C:\WINDOWS\SYSTEM32\profapi.dll
0x00007ffe569b0000 - 0x00007ffe569c9000 	C:\Program Files\Android\Android Studio\jbr\bin\net.dll
0x00007ffe70f20000 - 0x00007ffe71056000 	C:\WINDOWS\SYSTEM32\WINHTTP.dll
0x00007ffe74880000 - 0x00007ffe748e9000 	C:\WINDOWS\system32\mswsock.dll
0x00007ffe56990000 - 0x00007ffe569a6000 	C:\Program Files\Android\Android Studio\jbr\bin\nio.dll
0x00007ffe6db20000 - 0x00007ffe6db30000 	C:\Program Files\Android\Android Studio\jbr\bin\verify.dll
0x00007ffe3a320000 - 0x00007ffe3a347000 	C:\Users\23480\.gradle\native\68d5fa5c4cc2d200863cafc0d521ce42e7d3e7ee720ec0a83991735586a16f82\windows-amd64\native-platform.dll
0x00007ffe36220000 - 0x00007ffe36364000 	C:\Users\23480\.gradle\native\e376f236ea51e6404a007f0833ffe2c6e607c4080706a723a18a27aeea778392\windows-amd64\native-platform-file-events.dll
0x00007ffe5ed00000 - 0x00007ffe5ed09000 	C:\Program Files\Android\Android Studio\jbr\bin\management.dll
0x00007ffe5eb30000 - 0x00007ffe5eb3b000 	C:\Program Files\Android\Android Studio\jbr\bin\management_ext.dll
0x00007ffe773c0000 - 0x00007ffe773c8000 	C:\WINDOWS\System32\PSAPI.DLL
0x00007ffe74ae0000 - 0x00007ffe74afb000 	C:\WINDOWS\SYSTEM32\CRYPTSP.dll
0x00007ffe74370000 - 0x00007ffe743a5000 	C:\WINDOWS\system32\rsaenh.dll
0x00007ffe74980000 - 0x00007ffe749a8000 	C:\WINDOWS\SYSTEM32\USERENV.dll
0x00007ffe74b00000 - 0x00007ffe74b0c000 	C:\WINDOWS\SYSTEM32\CRYPTBASE.dll
0x00007ffe73e90000 - 0x00007ffe73ebd000 	C:\WINDOWS\SYSTEM32\IPHLPAPI.DLL
0x00007ffe773b0000 - 0x00007ffe773b9000 	C:\WINDOWS\System32\NSI.dll
0x00007ffe71070000 - 0x00007ffe71089000 	C:\WINDOWS\SYSTEM32\dhcpcsvc6.DLL
0x00007ffe70f00000 - 0x00007ffe70f1f000 	C:\WINDOWS\SYSTEM32\dhcpcsvc.DLL
0x00007ffe73f00000 - 0x00007ffe73ff8000 	C:\WINDOWS\SYSTEM32\DNSAPI.dll
0x00007ffe533b0000 - 0x00007ffe533b8000 	C:\WINDOWS\system32\wshunix.dll

dbghelp: loaded successfully - version: 4.0.5 - missing functions: none
symbol engine: initialized successfully - sym options: 0x614 - pdb path: .;C:\Program Files\Android\Android Studio\jbr\bin;C:\WINDOWS\SYSTEM32;C:\WINDOWS\WinSxS\amd64_microsoft.windows.common-controls_6595b64144ccf1df_6.0.22621.3672_none_2713b9d173822955;C:\Program Files\Android\Android Studio\jbr\bin\server;C:\Users\23480\.gradle\native\68d5fa5c4cc2d200863cafc0d521ce42e7d3e7ee720ec0a83991735586a16f82\windows-amd64;C:\Users\23480\.gradle\native\e376f236ea51e6404a007f0833ffe2c6e607c4080706a723a18a27aeea778392\windows-amd64

VM Arguments:
jvm_args: --add-opens=java.base/java.util=ALL-UNNAMED --add-opens=java.base/java.lang=ALL-UNNAMED --add-opens=java.base/java.lang.invoke=ALL-UNNAMED --add-opens=java.prefs/java.util.prefs=ALL-UNNAMED --add-opens=java.base/java.nio.charset=ALL-UNNAMED --add-opens=java.base/java.net=ALL-UNNAMED --add-opens=java.base/java.util.concurrent.atomic=ALL-UNNAMED -Xmx2048m -Dfile.encoding=UTF-8 -Duser.country=US -Duser.language=en -Duser.variant 
java_command: org.gradle.launcher.daemon.bootstrap.GradleDaemon 8.0
java_class_path (initial): C:\Users\23480\.gradle\wrapper\dists\gradle-8.0-bin\ca5e32bp14vu59qr306oxotwh\gradle-8.0\lib\gradle-launcher-8.0.jar
Launcher Type: SUN_STANDARD

[Global flags]
     intx CICompilerCount                          = 4                                         {product} {ergonomic}
     uint ConcGCThreads                            = 2                                         {product} {ergonomic}
     uint G1ConcRefinementThreads                  = 8                                         {product} {ergonomic}
   size_t G1HeapRegionSize                         = 1048576                                   {product} {ergonomic}
    uintx GCDrainStackTargetSize                   = 64                                        {product} {ergonomic}
   size_t InitialHeapSize                          = 123731968                                 {product} {ergonomic}
   size_t MarkStackSize                            = 4194304                                   {product} {ergonomic}
   size_t MaxHeapSize                              = 2147483648                                {product} {command line}
   size_t MaxNewSize                               = 1287651328                                {product} {ergonomic}
   size_t MinHeapDeltaBytes                        = 1048576                                   {product} {ergonomic}
   size_t MinHeapSize                              = 8388608                                   {product} {ergonomic}
    uintx NonNMethodCodeHeapSize                   = 5839372                                {pd product} {ergonomic}
    uintx NonProfiledCodeHeapSize                  = 122909434                              {pd product} {ergonomic}
    uintx ProfiledCodeHeapSize                     = 122909434                              {pd product} {ergonomic}
    uintx ReservedCodeCacheSize                    = 251658240                              {pd product} {ergonomic}
     bool SegmentedCodeCache                       = true                                      {product} {ergonomic}
   size_t SoftMaxHeapSize                          = 2147483648                             {manageable} {ergonomic}
     bool UseCompressedClassPointers               = true                           {product lp64_product} {ergonomic}
     bool UseCompressedOops                        = true                           {product lp64_product} {ergonomic}
     bool UseG1GC                                  = true                                      {product} {ergonomic}
     bool UseLargePagesIndividualAllocation        = false                                  {pd product} {ergonomic}

Logging:
Log output configuration:
 #0: stdout all=warning uptime,level,tags
 #1: stderr all=off uptime,level,tags

Environment Variables:
PATH=C:\WINDOWS\system32;C:\WINDOWS;C:\WINDOWS\System32\Wbem;C:\WINDOWS\System32\WindowsPowerShell\v1.0\;C:\WINDOWS\System32\OpenSSH\;C:\Program Files\nodejs\;C:\Program Files\Git\cmd;C:\Program Files\HP\HP One Agent;C:\Users\23480\AppData\Local\Programs\Python\Python311\Scripts\;C:\Users\23480\AppData\Local\Programs\Python\Python311\;C:\Users\23480\AppData\Local\Microsoft\WindowsApps;C:\Users\23480\AppData\Local\atom\bin;C:\Users\23480\AppData\Local\Programs\Microsoft VS Code\bin;C:\Users\23480\AppData\Local\Microsoft\WindowsApps;;C:\Program Files\JetBrains\IntelliJ IDEA Community Edition 2023.2.1\bin;;C:\Users\23480\AppData\Roaming\npm
USERNAME=23480
OS=Windows_NT
PROCESSOR_IDENTIFIER=AMD64 Family 23 Model 104 Stepping 1, AuthenticAMD
TMP=C:\Users\23480\AppData\Local\Temp
TEMP=C:\Users\23480\AppData\Local\Temp


JNI global refs:
JNI global refs: 25, weak refs: 0

JNI global refs memory usage: 843, weak refs: 841


---------------  S Y S T E M  ---------------

OS:
 Windows 11 , 64 bit Build 22621 (10.0.22621.3672)
OS uptime: 4 days 0:42 hours

CPU: total 8 (initial active 8) (8 cores per cpu, 2 threads per core) family 23 model 104 stepping 1 microcode 0x0, cx8, cmov, fxsr, ht, mmx, 3dnowpref, sse, sse2, sse3, ssse3, sse4a, sse4.1, sse4.2, popcnt, lzcnt, tsc, tscinvbit, avx, avx2, aes, clmul, bmi1, bmi2, adx, sha, fma, vzeroupper, clflush, clflushopt

Memory: 4k page, system-wide physical 7502M (324M free)
TotalPageFile size 11571M (AvailPageFile size 42M)
current process WorkingSet (physical memory assigned to process): 396M, peak: 400M
current process commit charge ("private bytes"): 430M, peak: 498M

vm_info: OpenJDK 64-Bit Server VM (17.0.6+0-b2043.56-10027231) for windows-amd64 JRE (17.0.6+0-b2043.56-10027231), built on Apr 28 2023 00:43:19 by "androidbuild" with MS VC++ 16.10 / 16.11 (VS2019)

END.
