#
# There is insufficient memory for the Java Runtime Environment to continue.
# Native memory allocation (mmap) failed to map 299892736 bytes for G1 virtual space
# Possible reasons:
#   The system is out of physical RAM or swap space
#   The process is running with CompressedOops enabled, and the Java Heap may be blocking the growth of the native heap
# Possible solutions:
#   Reduce memory load on the system
#   Increase physical memory or swap space
#   Check if swap backing store is full
#   Decrease Java heap size (-Xmx/-Xms)
#   Decrease number of Java threads
#   Decrease Java thread stack sizes (-Xss)
#   Set larger code cache with -XX:ReservedCodeCacheSize=
#   JVM is running with Unscaled Compressed Oops mode in which the Java heap is
#     placed in the first 4GB address space. The Java Heap base address is the
#     maximum limit for the native heap growth. Please use -XX:HeapBaseMinAddress
#     to set the Java Heap base and to place the Java Heap above 4GB virtual address.
# This output file may be truncated or incomplete.
#
#  Out of Memory Error (os_windows.cpp:3769), pid=17780, tid=12440
#
# JRE version: OpenJDK Runtime Environment (17.0.6) (build 17.0.6+0-b2043.56-10027231)
# Java VM: OpenJDK 64-Bit Server VM (17.0.6+0-b2043.56-10027231, mixed mode, tiered, compressed oops, compressed class ptrs, g1 gc, windows-amd64)
# No core dump will be written. Minidumps are not enabled by default on client versions of Windows
#

---------------  S U M M A R Y ------------

Command Line: --add-opens=java.base/java.util=ALL-UNNAMED --add-opens=java.base/java.lang=ALL-UNNAMED --add-opens=java.base/java.lang.invoke=ALL-UNNAMED --add-opens=java.prefs/java.util.prefs=ALL-UNNAMED --add-opens=java.base/java.nio.charset=ALL-UNNAMED --add-opens=java.base/java.net=ALL-UNNAMED --add-opens=java.base/java.util.concurrent.atomic=ALL-UNNAMED -Xmx2048m -Dfile.encoding=UTF-8 -Duser.country=US -Duser.language=en -Duser.variant org.gradle.launcher.daemon.bootstrap.GradleDaemon 8.0

Host: AMD Ryzen 3 5300U with Radeon Graphics         , 8 cores, 7G,  Windows 11 , 64 bit Build 22621 (10.0.22621.3527)
Time: Tue May 28 12:39:45 2024 W. Central Africa Standard Time elapsed time: 35.807763 seconds (0d 0h 0m 35s)

---------------  T H R E A D  ---------------

Current thread (0x000001d2131da570):  VMThread "VM Thread" [stack: 0x0000003742600000,0x0000003742700000] [id=12440]

Stack: [0x0000003742600000,0x0000003742700000]
Native frames: (J=compiled Java code, j=interpreted, Vv=VM code, C=native code)
V  [jvm.dll+0x683c9a]
V  [jvm.dll+0x8427a4]
V  [jvm.dll+0x843f9e]
V  [jvm.dll+0x844603]
V  [jvm.dll+0x249b75]
V  [jvm.dll+0x680b69]
V  [jvm.dll+0x67505a]
V  [jvm.dll+0x309acb]
V  [jvm.dll+0x310f86]
V  [jvm.dll+0x3608ee]
V  [jvm.dll+0x360b1f]
V  [jvm.dll+0x2dfbf8]
V  [jvm.dll+0x2ddec4]
V  [jvm.dll+0x2dd4cc]
V  [jvm.dll+0x321f3b]
V  [jvm.dll+0x848ccb]
V  [jvm.dll+0x849a04]
V  [jvm.dll+0x849f1d]
V  [jvm.dll+0x84a2f4]
V  [jvm.dll+0x84a3c0]
V  [jvm.dll+0x7f274a]
V  [jvm.dll+0x682ad5]
C  [ucrtbase.dll+0x29333]
C  [KERNEL32.DLL+0x1257d]
C  [ntdll.dll+0x5aa48]

VM_Operation (0x00000037447fdd30): G1CollectForAllocation, mode: safepoint, requested by thread 0x000001d215402c30


---------------  P R O C E S S  ---------------

Threads class SMR info:
_java_thread_list=0x000001d21669acb0, length=139, elements={
0x000001d2791ed3a0, 0x000001d213c13260, 0x000001d213c14870, 0x000001d2131f1410,
0x000001d213c34020, 0x000001d213c34bd0, 0x000001d213c385d0, 0x000001d213c3f330,
0x000001d213c40480, 0x000001d213c4bd00, 0x000001d213db6410, 0x000001d213db68e0,
0x000001d2152e2c00, 0x000001d21492e490, 0x000001d215333910, 0x000001d2160e1440,
0x000001d216098970, 0x000001d215401dc0, 0x000001d215403f70, 0x000001d215402c30,
0x000001d2154018f0, 0x000001d2154035d0, 0x000001d21825ca00, 0x000001d21825f080,
0x000001d2182603c0, 0x000001d21825f550, 0x000001d2182638b0, 0x000001d218262570,
0x000001d21825c530, 0x000001d21825d870, 0x000001d216a98de0, 0x000001d216a99c50,
0x000001d216a9b460, 0x000001d21561c410, 0x000001d21561f900, 0x000001d21561a260,
0x000001d216a98440, 0x000001d216a99780, 0x000001d216a9a120, 0x000001d216a992b0,
0x000001d216a9a5f0, 0x000001d216a975d0, 0x000001d216a9aac0, 0x000001d216a97f70,
0x000001d216a95420, 0x000001d216a97aa0, 0x000001d216a98910, 0x000001d216a95dc0,
0x000001d216a9af90, 0x000001d216a9b930, 0x000001d216a9be00, 0x000001d216a945b0,
0x000001d216a94a80, 0x000001d216a94f50, 0x000001d216a96290, 0x000001d216a96760,
0x000001d216a97100, 0x000001d215618f20, 0x000001d2156193f0, 0x000001d21561a730,
0x000001d21561b5a0, 0x000001d21561ef60, 0x000001d21561f430, 0x000001d21561e5c0,
0x000001d21561ea90, 0x000001d21561d280, 0x000001d2156198c0, 0x000001d215619d90,
0x000001d21561e0f0, 0x000001d21561ac00, 0x000001d21561d750, 0x000001d21561c8e0,
0x000001d21561cdb0, 0x000001d215618580, 0x000001d21561b0d0, 0x000001d21825e210,
0x000001d218260890, 0x000001d21825ced0, 0x000001d21825ebb0, 0x000001d21825fa20,
0x000001d21825fef0, 0x000001d218260d60, 0x000001d218261230, 0x000001d218262a40,
0x000001d21825d3a0, 0x000001d215400f50, 0x000001d215403aa0, 0x000001d2154005b0,
0x000001d215402290, 0x000001d215402760, 0x000001d215403100, 0x000001d216ac0f70,
0x000001d216ac52d0, 0x000001d216ac1440, 0x000001d216ac6610, 0x000001d216ac0aa0,
0x000001d216ac7950, 0x000001d216ac05d0, 0x000001d216ac2780, 0x000001d216ac22b0,
0x000001d216ac1910, 0x000001d216ac2c50, 0x000001d216ac4460, 0x000001d216ac4e00,
0x000001d216ac57a0, 0x000001d216ac6ae0, 0x000001d216ac5c70, 0x000001d216ac1de0,
0x000001d216ac0100, 0x000001d216ac6140, 0x000001d216ac3120, 0x000001d216ac35f0,
0x000001d216ac3ac0, 0x000001d216ac6fb0, 0x000001d216ac3f90, 0x000001d216ac7480,
0x000001d216ac4930, 0x000001d21cc003c0, 0x000001d21cc00d60, 0x000001d21cc01230,
0x000001d21cc02570, 0x000001d21cc02a40, 0x000001d21cbfca00, 0x000001d21cc038b0,
0x000001d21cbfced0, 0x000001d21cbfd3a0, 0x000001d21cbffef0, 0x000001d21cc01700,
0x000001d21cbfe210, 0x000001d21cbff080, 0x000001d21cbfc530, 0x000001d21cbfebb0,
0x000001d21cbfd870, 0x000001d21cbfe6e0, 0x000001d21cc01bd0, 0x000001d21cc02f10,
0x000001d21cbff550, 0x000001d21cc020a0, 0x000001d21cc033e0
}

Java Threads: ( => current thread )
  0x000001d2791ed3a0 JavaThread "main" [_thread_blocked, id=15324, stack(0x0000003742000000,0x0000003742100000)]
  0x000001d213c13260 JavaThread "Reference Handler" daemon [_thread_blocked, id=4168, stack(0x0000003742700000,0x0000003742800000)]
  0x000001d213c14870 JavaThread "Finalizer" daemon [_thread_blocked, id=13004, stack(0x0000003742800000,0x0000003742900000)]
  0x000001d2131f1410 JavaThread "Signal Dispatcher" daemon [_thread_blocked, id=19188, stack(0x0000003742900000,0x0000003742a00000)]
  0x000001d213c34020 JavaThread "Attach Listener" daemon [_thread_blocked, id=22156, stack(0x0000003742a00000,0x0000003742b00000)]
  0x000001d213c34bd0 JavaThread "Service Thread" daemon [_thread_blocked, id=15164, stack(0x0000003742b00000,0x0000003742c00000)]
  0x000001d213c385d0 JavaThread "Monitor Deflation Thread" daemon [_thread_blocked, id=14728, stack(0x0000003742c00000,0x0000003742d00000)]
  0x000001d213c3f330 JavaThread "C2 CompilerThread0" daemon [_thread_blocked, id=14480, stack(0x0000003742d00000,0x0000003742e00000)]
  0x000001d213c40480 JavaThread "C1 CompilerThread0" daemon [_thread_blocked, id=16072, stack(0x0000003742e00000,0x0000003742f00000)]
  0x000001d213c4bd00 JavaThread "Sweeper thread" daemon [_thread_blocked, id=1960, stack(0x0000003742f00000,0x0000003743000000)]
  0x000001d213db6410 JavaThread "Common-Cleaner" daemon [_thread_blocked, id=11880, stack(0x0000003743000000,0x0000003743100000)]
  0x000001d213db68e0 JavaThread "Notification Thread" daemon [_thread_blocked, id=1360, stack(0x0000003743100000,0x0000003743200000)]
  0x000001d2152e2c00 JavaThread "Daemon health stats" [_thread_blocked, id=14316, stack(0x0000003743700000,0x0000003743800000)]
  0x000001d21492e490 JavaThread "Incoming local TCP Connector on port 52717" [_thread_in_native, id=20036, stack(0x0000003743800000,0x0000003743900000)]
  0x000001d215333910 JavaThread "Daemon periodic checks" [_thread_blocked, id=16308, stack(0x0000003743900000,0x0000003743a00000)]
  0x000001d2160e1440 JavaThread "Daemon" [_thread_blocked, id=5320, stack(0x0000003743a00000,0x0000003743b00000)]
  0x000001d216098970 JavaThread "Daemon worker" [_thread_blocked, id=20636, stack(0x0000003743d00000,0x0000003743e00000)]
  0x000001d215401dc0 JavaThread "Cache worker for journal cache (C:\Users\23480\.gradle\caches\journal-1)" [_thread_blocked, id=20956, stack(0x0000003744500000,0x0000003744600000)]
  0x000001d215403f70 JavaThread "File lock request listener" [_thread_in_native, id=6828, stack(0x0000003744600000,0x0000003744700000)]
  0x000001d215402c30 JavaThread "Cache worker for file hash cache (C:\Users\23480\.gradle\caches\8.0\fileHashes)" [_thread_blocked, id=15980, stack(0x0000003744700000,0x0000003744800000)]
  0x000001d2154018f0 JavaThread "File watcher server" daemon [_thread_blocked, id=14116, stack(0x0000003744800000,0x0000003744900000)]
  0x000001d2154035d0 JavaThread "File watcher consumer" daemon [_thread_blocked, id=5052, stack(0x0000003744900000,0x0000003744a00000)]
  0x000001d21825ca00 JavaThread "Cache worker for file content cache (C:\Users\23480\.gradle\caches\8.0\fileContent)" [_thread_blocked, id=18528, stack(0x0000003744c00000,0x0000003744d00000)]
  0x000001d21825f080 JavaThread "Cache worker for execution history cache (C:\Users\23480\.gradle\caches\8.0\executionHistory)" [_thread_blocked, id=18460, stack(0x0000003744f00000,0x0000003745000000)]
  0x000001d2182603c0 JavaThread "jar transforms" [_thread_blocked, id=18860, stack(0x0000003745000000,0x0000003745100000)]
  0x000001d21825f550 JavaThread "jar transforms Thread 2" [_thread_blocked, id=1060, stack(0x0000003745100000,0x0000003745200000)]
  0x000001d2182638b0 JavaThread "Cache worker for kotlin-dsl (C:\Users\23480\.gradle\caches\8.0\kotlin-dsl)" [_thread_blocked, id=19204, stack(0x0000003745300000,0x0000003745400000)]
  0x000001d218262570 JavaThread "jar transforms Thread 3" [_thread_blocked, id=12744, stack(0x0000003745400000,0x0000003745500000)]
  0x000001d21825c530 JavaThread "jar transforms Thread 4" [_thread_blocked, id=19068, stack(0x0000003745500000,0x0000003745600000)]
  0x000001d21825d870 JavaThread "jar transforms Thread 5" [_thread_blocked, id=21096, stack(0x0000003745800000,0x0000003745900000)]
  0x000001d216a98de0 JavaThread "jar transforms Thread 6" [_thread_blocked, id=23476, stack(0x000000374aa00000,0x000000374ab00000)]
  0x000001d216a99c50 JavaThread "jar transforms Thread 7" [_thread_blocked, id=2908, stack(0x000000374ab00000,0x000000374ac00000)]
  0x000001d216a9b460 JavaThread "jar transforms Thread 8" [_thread_blocked, id=4280, stack(0x000000374ac00000,0x000000374ad00000)]
  0x000001d21561c410 JavaThread "Memory manager" [_thread_blocked, id=12316, stack(0x000000374ae00000,0x000000374af00000)]
  0x000001d21561f900 JavaThread "pool-3-thread-1" [_thread_blocked, id=8108, stack(0x000000374af00000,0x000000374b000000)]
  0x000001d21561a260 JavaThread "included builds" [_thread_blocked, id=21872, stack(0x000000374b100000,0x000000374b200000)]
  0x000001d216a98440 JavaThread "Handler for socket connection from /127.0.0.1:52717 to /127.0.0.1:52851" [_thread_in_native, id=12028, stack(0x0000003743b00000,0x0000003743c00000)]
  0x000001d216a99780 JavaThread "Cancel handler" [_thread_blocked, id=17728, stack(0x0000003743c00000,0x0000003743d00000)]
  0x000001d216a9a120 JavaThread "Asynchronous log dispatcher for DefaultDaemonConnection: socket connection from /127.0.0.1:52717 to /127.0.0.1:52851" [_thread_blocked, id=10612, stack(0x0000003743e00000,0x0000003743f00000)]
  0x000001d216a992b0 JavaThread "Stdin handler" [_thread_blocked, id=14628, stack(0x0000003743f00000,0x0000003744000000)]
  0x000001d216a9a5f0 JavaThread "Daemon client event forwarder" [_thread_blocked, id=6656, stack(0x0000003744000000,0x0000003744100000)]
  0x000001d216a975d0 JavaThread "Cache worker for checksums cache (C:\Users\23480\Documents\androidproject\DailyQuotes\.gradle\8.0\checksums)" [_thread_blocked, id=21860, stack(0x0000003744a00000,0x0000003744b00000)]
  0x000001d216a9aac0 JavaThread "Cache worker for cache directory md-rule (C:\Users\23480\.gradle\caches\8.0\md-rule)" [_thread_blocked, id=10148, stack(0x0000003744b00000,0x0000003744c00000)]
  0x000001d216a97f70 JavaThread "Cache worker for file hash cache (C:\Users\23480\Documents\androidproject\DailyQuotes\.gradle\8.0\fileHashes)" [_thread_blocked, id=21196, stack(0x0000003744d00000,0x0000003744e00000)]
  0x000001d216a95420 JavaThread "Cache worker for cache directory md-supplier (C:\Users\23480\.gradle\caches\8.0\md-supplier)" [_thread_blocked, id=3916, stack(0x0000003744e00000,0x0000003744f00000)]
  0x000001d216a97aa0 JavaThread "Cache worker for dependencies-accessors (C:\Users\23480\Documents\androidproject\DailyQuotes\.gradle\8.0\dependencies-accessors)" [_thread_blocked, id=22900, stack(0x0000003745600000,0x0000003745700000)]
  0x000001d216a98910 JavaThread "Cache worker for Build Output Cleanup Cache (C:\Users\23480\Documents\androidproject\DailyQuotes\.gradle\buildOutputCleanup)" [_thread_blocked, id=23460, stack(0x0000003745700000,0x0000003745800000)]
  0x000001d216a95dc0 JavaThread "Unconstrained build operations" [_thread_blocked, id=20508, stack(0x0000003745a00000,0x0000003745b00000)]
  0x000001d216a9af90 JavaThread "Unconstrained build operations Thread 2" [_thread_blocked, id=16040, stack(0x0000003745b00000,0x0000003745c00000)]
  0x000001d216a9b930 JavaThread "Unconstrained build operations Thread 3" [_thread_blocked, id=10940, stack(0x0000003745c00000,0x0000003745d00000)]
  0x000001d216a9be00 JavaThread "Unconstrained build operations Thread 4" [_thread_blocked, id=11060, stack(0x0000003745d00000,0x0000003745e00000)]
  0x000001d216a945b0 JavaThread "Unconstrained build operations Thread 5" [_thread_blocked, id=12708, stack(0x0000003745e00000,0x0000003745f00000)]
  0x000001d216a94a80 JavaThread "Unconstrained build operations Thread 6" [_thread_blocked, id=10108, stack(0x0000003745f00000,0x0000003746000000)]
  0x000001d216a94f50 JavaThread "Unconstrained build operations Thread 7" [_thread_blocked, id=20996, stack(0x0000003746000000,0x0000003746100000)]
  0x000001d216a96290 JavaThread "Unconstrained build operations Thread 8" [_thread_blocked, id=6520, stack(0x0000003746100000,0x0000003746200000)]
  0x000001d216a96760 JavaThread "Unconstrained build operations Thread 9" [_thread_blocked, id=22560, stack(0x0000003746200000,0x0000003746300000)]
  0x000001d216a97100 JavaThread "Unconstrained build operations Thread 10" [_thread_blocked, id=8080, stack(0x0000003746300000,0x0000003746400000)]
  0x000001d215618f20 JavaThread "Unconstrained build operations Thread 11" [_thread_blocked, id=4956, stack(0x0000003746400000,0x0000003746500000)]
  0x000001d2156193f0 JavaThread "Unconstrained build operations Thread 12" [_thread_blocked, id=21072, stack(0x0000003746500000,0x0000003746600000)]
  0x000001d21561a730 JavaThread "Unconstrained build operations Thread 13" [_thread_blocked, id=9008, stack(0x0000003746600000,0x0000003746700000)]
  0x000001d21561b5a0 JavaThread "Unconstrained build operations Thread 14" [_thread_blocked, id=15008, stack(0x0000003746700000,0x0000003746800000)]
  0x000001d21561ef60 JavaThread "Unconstrained build operations Thread 15" [_thread_blocked, id=10260, stack(0x0000003746800000,0x0000003746900000)]
  0x000001d21561f430 JavaThread "Unconstrained build operations Thread 16" [_thread_blocked, id=1776, stack(0x0000003746900000,0x0000003746a00000)]
  0x000001d21561e5c0 JavaThread "Unconstrained build operations Thread 17" [_thread_blocked, id=18596, stack(0x0000003746a00000,0x0000003746b00000)]
  0x000001d21561ea90 JavaThread "Unconstrained build operations Thread 18" [_thread_blocked, id=12244, stack(0x0000003746b00000,0x0000003746c00000)]
  0x000001d21561d280 JavaThread "Unconstrained build operations Thread 19" [_thread_blocked, id=3480, stack(0x0000003746c00000,0x0000003746d00000)]
  0x000001d2156198c0 JavaThread "Unconstrained build operations Thread 20" [_thread_blocked, id=14932, stack(0x0000003746d00000,0x0000003746e00000)]
  0x000001d215619d90 JavaThread "Unconstrained build operations Thread 21" [_thread_blocked, id=17792, stack(0x0000003746e00000,0x0000003746f00000)]
  0x000001d21561e0f0 JavaThread "Unconstrained build operations Thread 22" [_thread_blocked, id=17668, stack(0x0000003746f00000,0x0000003747000000)]
  0x000001d21561ac00 JavaThread "Unconstrained build operations Thread 23" [_thread_blocked, id=23316, stack(0x0000003747000000,0x0000003747100000)]
  0x000001d21561d750 JavaThread "Unconstrained build operations Thread 24" [_thread_blocked, id=3240, stack(0x0000003747100000,0x0000003747200000)]
  0x000001d21561c8e0 JavaThread "Unconstrained build operations Thread 25" [_thread_blocked, id=16580, stack(0x0000003747200000,0x0000003747300000)]
  0x000001d21561cdb0 JavaThread "Unconstrained build operations Thread 26" [_thread_blocked, id=15528, stack(0x0000003747300000,0x0000003747400000)]
  0x000001d215618580 JavaThread "Unconstrained build operations Thread 27" [_thread_blocked, id=15308, stack(0x0000003747400000,0x0000003747500000)]
  0x000001d21561b0d0 JavaThread "Unconstrained build operations Thread 28" [_thread_blocked, id=19744, stack(0x0000003747500000,0x0000003747600000)]
  0x000001d21825e210 JavaThread "Unconstrained build operations Thread 29" [_thread_blocked, id=23152, stack(0x0000003747600000,0x0000003747700000)]
  0x000001d218260890 JavaThread "Unconstrained build operations Thread 30" [_thread_blocked, id=11924, stack(0x0000003747700000,0x0000003747800000)]
  0x000001d21825ced0 JavaThread "Unconstrained build operations Thread 31" [_thread_blocked, id=20916, stack(0x0000003747800000,0x0000003747900000)]
  0x000001d21825ebb0 JavaThread "Unconstrained build operations Thread 32" [_thread_blocked, id=2608, stack(0x0000003747900000,0x0000003747a00000)]
  0x000001d21825fa20 JavaThread "Unconstrained build operations Thread 33" [_thread_blocked, id=23512, stack(0x0000003747a00000,0x0000003747b00000)]
  0x000001d21825fef0 JavaThread "Unconstrained build operations Thread 34" [_thread_blocked, id=10252, stack(0x0000003747b00000,0x0000003747c00000)]
  0x000001d218260d60 JavaThread "Unconstrained build operations Thread 35" [_thread_blocked, id=19892, stack(0x0000003747c00000,0x0000003747d00000)]
  0x000001d218261230 JavaThread "Unconstrained build operations Thread 36" [_thread_blocked, id=4964, stack(0x0000003747d00000,0x0000003747e00000)]
  0x000001d218262a40 JavaThread "Unconstrained build operations Thread 37" [_thread_blocked, id=22368, stack(0x0000003747e00000,0x0000003747f00000)]
  0x000001d21825d3a0 JavaThread "Unconstrained build operations Thread 38" [_thread_blocked, id=22484, stack(0x0000003747f00000,0x0000003748000000)]
  0x000001d215400f50 JavaThread "Unconstrained build operations Thread 39" [_thread_blocked, id=10424, stack(0x0000003748000000,0x0000003748100000)]
  0x000001d215403aa0 JavaThread "Unconstrained build operations Thread 40" [_thread_blocked, id=15084, stack(0x0000003748100000,0x0000003748200000)]
  0x000001d2154005b0 JavaThread "Unconstrained build operations Thread 41" [_thread_blocked, id=16872, stack(0x0000003748200000,0x0000003748300000)]
  0x000001d215402290 JavaThread "Unconstrained build operations Thread 42" [_thread_blocked, id=18536, stack(0x0000003748300000,0x0000003748400000)]
  0x000001d215402760 JavaThread "Unconstrained build operations Thread 43" [_thread_blocked, id=14860, stack(0x0000003748400000,0x0000003748500000)]
  0x000001d215403100 JavaThread "Unconstrained build operations Thread 44" [_thread_blocked, id=17600, stack(0x0000003748500000,0x0000003748600000)]
  0x000001d216ac0f70 JavaThread "Unconstrained build operations Thread 45" [_thread_blocked, id=7924, stack(0x0000003748600000,0x0000003748700000)]
  0x000001d216ac52d0 JavaThread "Unconstrained build operations Thread 46" [_thread_blocked, id=12668, stack(0x0000003748700000,0x0000003748800000)]
  0x000001d216ac1440 JavaThread "Unconstrained build operations Thread 47" [_thread_blocked, id=6876, stack(0x0000003748800000,0x0000003748900000)]
  0x000001d216ac6610 JavaThread "Unconstrained build operations Thread 48" [_thread_blocked, id=6136, stack(0x0000003748900000,0x0000003748a00000)]
  0x000001d216ac0aa0 JavaThread "Unconstrained build operations Thread 49" [_thread_blocked, id=8584, stack(0x0000003748a00000,0x0000003748b00000)]
  0x000001d216ac7950 JavaThread "Unconstrained build operations Thread 50" [_thread_blocked, id=11252, stack(0x0000003748b00000,0x0000003748c00000)]
  0x000001d216ac05d0 JavaThread "Unconstrained build operations Thread 51" [_thread_blocked, id=15880, stack(0x0000003748c00000,0x0000003748d00000)]
  0x000001d216ac2780 JavaThread "Unconstrained build operations Thread 52" [_thread_blocked, id=15404, stack(0x0000003748d00000,0x0000003748e00000)]
  0x000001d216ac22b0 JavaThread "Unconstrained build operations Thread 53" [_thread_blocked, id=10984, stack(0x0000003748e00000,0x0000003748f00000)]
  0x000001d216ac1910 JavaThread "Unconstrained build operations Thread 54" [_thread_blocked, id=19300, stack(0x0000003748f00000,0x0000003749000000)]
  0x000001d216ac2c50 JavaThread "Unconstrained build operations Thread 55" [_thread_blocked, id=2460, stack(0x0000003749000000,0x0000003749100000)]
  0x000001d216ac4460 JavaThread "Unconstrained build operations Thread 56" [_thread_blocked, id=18892, stack(0x0000003749100000,0x0000003749200000)]
  0x000001d216ac4e00 JavaThread "Unconstrained build operations Thread 57" [_thread_blocked, id=16068, stack(0x0000003749200000,0x0000003749300000)]
  0x000001d216ac57a0 JavaThread "Unconstrained build operations Thread 58" [_thread_blocked, id=12436, stack(0x0000003749300000,0x0000003749400000)]
  0x000001d216ac6ae0 JavaThread "Unconstrained build operations Thread 59" [_thread_blocked, id=21444, stack(0x0000003749400000,0x0000003749500000)]
  0x000001d216ac5c70 JavaThread "Unconstrained build operations Thread 60" [_thread_blocked, id=7768, stack(0x0000003749500000,0x0000003749600000)]
  0x000001d216ac1de0 JavaThread "Unconstrained build operations Thread 61" [_thread_blocked, id=4632, stack(0x0000003749600000,0x0000003749700000)]
  0x000001d216ac0100 JavaThread "Unconstrained build operations Thread 62" [_thread_blocked, id=15384, stack(0x0000003749700000,0x0000003749800000)]
  0x000001d216ac6140 JavaThread "Unconstrained build operations Thread 63" [_thread_blocked, id=20880, stack(0x0000003749800000,0x0000003749900000)]
  0x000001d216ac3120 JavaThread "Unconstrained build operations Thread 64" [_thread_blocked, id=15780, stack(0x0000003749900000,0x0000003749a00000)]
  0x000001d216ac35f0 JavaThread "Unconstrained build operations Thread 65" [_thread_blocked, id=12856, stack(0x0000003749a00000,0x0000003749b00000)]
  0x000001d216ac3ac0 JavaThread "Unconstrained build operations Thread 66" [_thread_blocked, id=11500, stack(0x0000003749b00000,0x0000003749c00000)]
  0x000001d216ac6fb0 JavaThread "Unconstrained build operations Thread 67" [_thread_blocked, id=6580, stack(0x0000003749c00000,0x0000003749d00000)]
  0x000001d216ac3f90 JavaThread "Unconstrained build operations Thread 68" [_thread_blocked, id=21772, stack(0x0000003749d00000,0x0000003749e00000)]
  0x000001d216ac7480 JavaThread "Unconstrained build operations Thread 69" [_thread_blocked, id=12704, stack(0x0000003749e00000,0x0000003749f00000)]
  0x000001d216ac4930 JavaThread "Unconstrained build operations Thread 70" [_thread_blocked, id=19152, stack(0x0000003749f00000,0x000000374a000000)]
  0x000001d21cc003c0 JavaThread "Unconstrained build operations Thread 71" [_thread_blocked, id=5928, stack(0x000000374a000000,0x000000374a100000)]
  0x000001d21cc00d60 JavaThread "Unconstrained build operations Thread 72" [_thread_blocked, id=21312, stack(0x000000374a100000,0x000000374a200000)]
  0x000001d21cc01230 JavaThread "Unconstrained build operations Thread 73" [_thread_blocked, id=13296, stack(0x000000374a200000,0x000000374a300000)]
  0x000001d21cc02570 JavaThread "Unconstrained build operations Thread 74" [_thread_blocked, id=22680, stack(0x000000374a300000,0x000000374a400000)]
  0x000001d21cc02a40 JavaThread "Unconstrained build operations Thread 75" [_thread_blocked, id=10832, stack(0x000000374a400000,0x000000374a500000)]
  0x000001d21cbfca00 JavaThread "Unconstrained build operations Thread 76" [_thread_blocked, id=22284, stack(0x000000374a500000,0x000000374a600000)]
  0x000001d21cc038b0 JavaThread "Unconstrained build operations Thread 77" [_thread_blocked, id=712, stack(0x000000374a600000,0x000000374a700000)]
  0x000001d21cbfced0 JavaThread "Unconstrained build operations Thread 78" [_thread_blocked, id=18764, stack(0x000000374a700000,0x000000374a800000)]
  0x000001d21cbfd3a0 JavaThread "Unconstrained build operations Thread 79" [_thread_blocked, id=22812, stack(0x000000374a800000,0x000000374a900000)]
  0x000001d21cbffef0 JavaThread "Unconstrained build operations Thread 80" [_thread_blocked, id=8492, stack(0x000000374a900000,0x000000374aa00000)]
  0x000001d21cc01700 JavaThread "build event listener" [_thread_blocked, id=2936, stack(0x000000374ad00000,0x000000374ae00000)]
  0x000001d21cbfe210 JavaThread "pool-6-thread-1" [_thread_blocked, id=21476, stack(0x000000374b300000,0x000000374b400000)]
  0x000001d21cbff080 JavaThread "build event listener" [_thread_blocked, id=1204, stack(0x000000374b400000,0x000000374b500000)]
  0x000001d21cbfc530 JavaThread "included builds" [_thread_blocked, id=14600, stack(0x000000374b500000,0x000000374b600000)]
  0x000001d21cbfebb0 JavaThread "Execution worker" [_thread_blocked, id=14836, stack(0x000000374b600000,0x000000374b700000)]
  0x000001d21cbfd870 JavaThread "Execution worker Thread 2" [_thread_blocked, id=12184, stack(0x000000374b700000,0x000000374b800000)]
  0x000001d21cbfe6e0 JavaThread "Execution worker Thread 3" [_thread_blocked, id=8736, stack(0x000000374b800000,0x000000374b900000)]
  0x000001d21cc01bd0 JavaThread "Execution worker Thread 4" [_thread_blocked, id=13364, stack(0x000000374b900000,0x000000374ba00000)]
  0x000001d21cc02f10 JavaThread "Execution worker Thread 5" [_thread_blocked, id=6824, stack(0x000000374ba00000,0x000000374bb00000)]
  0x000001d21cbff550 JavaThread "Execution worker Thread 6" [_thread_blocked, id=20764, stack(0x000000374bb00000,0x000000374bc00000)]
  0x000001d21cc020a0 JavaThread "Execution worker Thread 7" [_thread_blocked, id=6900, stack(0x000000374bc00000,0x000000374bd00000)]
  0x000001d21cc033e0 JavaThread "Cache worker for execution history cache (C:\Users\23480\Documents\androidproject\DailyQuotes\.gradle\8.0\executionHistory)" [_thread_blocked, id=2556, stack(0x000000374bd00000,0x000000374be00000)]

Other Threads:
=>0x000001d2131da570 VMThread "VM Thread" [stack: 0x0000003742600000,0x0000003742700000] [id=12440]
  0x000001d213db6db0 WatcherThread [stack: 0x0000003743200000,0x0000003743300000] [id=6064]
  0x000001d279248530 GCTaskThread "GC Thread#0" [stack: 0x0000003742100000,0x0000003742200000] [id=17508]
  0x000001d2148276b0 GCTaskThread "GC Thread#1" [stack: 0x0000003743300000,0x0000003743400000] [id=18812]
  0x000001d2141fa090 GCTaskThread "GC Thread#2" [stack: 0x0000003743400000,0x0000003743500000] [id=18540]
  0x000001d214038820 GCTaskThread "GC Thread#3" [stack: 0x0000003743500000,0x0000003743600000] [id=21328]
  0x000001d214a8b870 GCTaskThread "GC Thread#4" [stack: 0x0000003743600000,0x0000003743700000] [id=22104]
  0x000001d2152e2190 GCTaskThread "GC Thread#5" [stack: 0x0000003744100000,0x0000003744200000] [id=9592]
  0x000001d2160e1d20 GCTaskThread "GC Thread#6" [stack: 0x0000003744200000,0x0000003744300000] [id=15928]
  0x000001d21608c220 GCTaskThread "GC Thread#7" [stack: 0x0000003744300000,0x0000003744400000] [id=18820]
  0x000001d279259470 ConcurrentGCThread "G1 Main Marker" [stack: 0x0000003742200000,0x0000003742300000] [id=17860]
  0x000001d279259e80 ConcurrentGCThread "G1 Conc#0" [stack: 0x0000003742300000,0x0000003742400000] [id=1780]
  0x000001d216202d50 ConcurrentGCThread "G1 Conc#1" [stack: 0x0000003744400000,0x0000003744500000] [id=5656]
  0x000001d2130224b0 ConcurrentGCThread "G1 Refine#0" [stack: 0x0000003742400000,0x0000003742500000] [id=13124]
  0x000001d2165e8c60 ConcurrentGCThread "G1 Refine#1" [stack: 0x0000003745200000,0x0000003745300000] [id=22372]
  0x000001d2792aca00 ConcurrentGCThread "G1 Service" [stack: 0x0000003742500000,0x0000003742600000] [id=18448]

Threads with active compile tasks:
C2 CompilerThread0    35864 11290       4       java.lang.Class::getMethodsRecursive (99 bytes)
C1 CompilerThread0    35864 12075 %     3       org.gradle.internal.file.FileHierarchySet$Node::isChildOfOrThis @ 52 (110 bytes)

VM state: at safepoint (normal execution)

VM Mutex/Monitor currently owned by a thread:  ([mutex/lock_event])
[0x000001d2791e70b0] Threads_lock - owner thread: 0x000001d2131da570
[0x000001d2791e7770] Heap_lock - owner thread: 0x000001d215402c30

Heap address: 0x0000000080000000, size: 2048 MB, Compressed Oops mode: 32-bit

CDS archive(s) not mapped
Compressed class space mapped at: 0x0000000100000000-0x0000000140000000, reserved size: 1073741824
Narrow klass base: 0x0000000000000000, Narrow klass shift: 3, Narrow klass range: 0x140000000

GC Precious Log:
 CPUs: 8 total, 8 available
 Memory: 7502M
 Large Page Support: Disabled
 NUMA Support: Disabled
 Compressed Oops: Enabled (32-bit)
 Heap Region Size: 1M
 Heap Min Capacity: 8M
 Heap Initial Capacity: 118M
 Heap Max Capacity: 2G
 Pre-touch: Disabled
 Parallel Workers: 8
 Concurrent Workers: 2
 Concurrent Refinement Workers: 8
 Periodic GC: Disabled

Heap:
 garbage-first heap   total 236544K, used 108954K [0x0000000080000000, 0x0000000100000000)
  region size 1024K, 2 young (2048K), 2 survivors (2048K)
 Metaspace       used 110299K, committed 111104K, reserved 1146880K
  class space    used 14681K, committed 15040K, reserved 1048576K

Heap Regions: E=young(eden), S=young(survivor), O=old, HS=humongous(starts), HC=humongous(continues), CS=collection set, F=free, OA=open archive, CA=closed archive, TAMS=top-at-mark-start (previous, next)
|   0|0x0000000080000000, 0x0000000080100000, 0x0000000080100000|100%|HS|  |TAMS 0x0000000080100000, 0x0000000080000000| Complete 
|   1|0x0000000080100000, 0x0000000080200000, 0x0000000080200000|100%|HC|  |TAMS 0x0000000080200000, 0x0000000080100000| Complete 
|   2|0x0000000080200000, 0x0000000080300000, 0x0000000080300000|100%|HC|  |TAMS 0x0000000080300000, 0x0000000080200000| Complete 
|   3|0x0000000080300000, 0x0000000080400000, 0x0000000080400000|100%|HC|  |TAMS 0x0000000080400000, 0x0000000080300000| Complete 
|   4|0x0000000080400000, 0x0000000080500000, 0x0000000080500000|100%| O|  |TAMS 0x0000000080500000, 0x0000000080400000| Untracked 
|   5|0x0000000080500000, 0x0000000080600000, 0x0000000080600000|100%| O|  |TAMS 0x0000000080600000, 0x0000000080500000| Untracked 
|   6|0x0000000080600000, 0x0000000080700000, 0x0000000080700000|100%| O|  |TAMS 0x0000000080700000, 0x0000000080600000| Untracked 
|   7|0x0000000080700000, 0x0000000080800000, 0x0000000080800000|100%| O|  |TAMS 0x0000000080800000, 0x0000000080700000| Untracked 
|   8|0x0000000080800000, 0x0000000080900000, 0x0000000080900000|100%| O|  |TAMS 0x0000000080900000, 0x0000000080800000| Untracked 
|   9|0x0000000080900000, 0x0000000080a00000, 0x0000000080a00000|100%| O|  |TAMS 0x0000000080a00000, 0x0000000080900000| Untracked 
|  10|0x0000000080a00000, 0x0000000080b00000, 0x0000000080b00000|100%| O|  |TAMS 0x0000000080b00000, 0x0000000080a00000| Untracked 
|  11|0x0000000080b00000, 0x0000000080c00000, 0x0000000080c00000|100%| O|  |TAMS 0x0000000080c00000, 0x0000000080b00000| Untracked 
|  12|0x0000000080c00000, 0x0000000080d00000, 0x0000000080d00000|100%| O|  |TAMS 0x0000000080d00000, 0x0000000080c00000| Untracked 
|  13|0x0000000080d00000, 0x0000000080e00000, 0x0000000080e00000|100%| O|  |TAMS 0x0000000080e00000, 0x0000000080d00000| Untracked 
|  14|0x0000000080e00000, 0x0000000080f00000, 0x0000000080f00000|100%| O|  |TAMS 0x0000000080f00000, 0x0000000080e00000| Untracked 
|  15|0x0000000080f00000, 0x0000000081000000, 0x0000000081000000|100%| O|  |TAMS 0x0000000081000000, 0x0000000080f00000| Untracked 
|  16|0x0000000081000000, 0x0000000081100000, 0x0000000081100000|100%| O|  |TAMS 0x0000000081100000, 0x0000000081000000| Untracked 
|  17|0x0000000081100000, 0x0000000081200000, 0x0000000081200000|100%| O|  |TAMS 0x0000000081200000, 0x0000000081100000| Untracked 
|  18|0x0000000081200000, 0x0000000081300000, 0x0000000081300000|100%| O|  |TAMS 0x0000000081300000, 0x0000000081200000| Untracked 
|  19|0x0000000081300000, 0x0000000081400000, 0x0000000081400000|100%| O|  |TAMS 0x0000000081400000, 0x0000000081300000| Untracked 
|  20|0x0000000081400000, 0x0000000081500000, 0x0000000081500000|100%| O|  |TAMS 0x0000000081500000, 0x0000000081400000| Untracked 
|  21|0x0000000081500000, 0x0000000081600000, 0x0000000081600000|100%| O|  |TAMS 0x0000000081600000, 0x0000000081500000| Untracked 
|  22|0x0000000081600000, 0x0000000081700000, 0x0000000081700000|100%| O|  |TAMS 0x0000000081700000, 0x0000000081600000| Untracked 
|  23|0x0000000081700000, 0x0000000081800000, 0x0000000081800000|100%| O|  |TAMS 0x0000000081800000, 0x0000000081700000| Untracked 
|  24|0x0000000081800000, 0x0000000081900000, 0x0000000081900000|100%| O|  |TAMS 0x0000000081900000, 0x0000000081800000| Untracked 
|  25|0x0000000081900000, 0x0000000081a00000, 0x0000000081a00000|100%| O|  |TAMS 0x0000000081a00000, 0x0000000081900000| Untracked 
|  26|0x0000000081a00000, 0x0000000081b00000, 0x0000000081b00000|100%| O|  |TAMS 0x0000000081b00000, 0x0000000081a00000| Untracked 
|  27|0x0000000081b00000, 0x0000000081c00000, 0x0000000081c00000|100%| O|  |TAMS 0x0000000081c00000, 0x0000000081b00000| Untracked 
|  28|0x0000000081c00000, 0x0000000081d00000, 0x0000000081d00000|100%| O|  |TAMS 0x0000000081d00000, 0x0000000081c00000| Untracked 
|  29|0x0000000081d00000, 0x0000000081e00000, 0x0000000081e00000|100%| O|  |TAMS 0x0000000081e00000, 0x0000000081d00000| Untracked 
|  30|0x0000000081e00000, 0x0000000081f00000, 0x0000000081f00000|100%| O|  |TAMS 0x0000000081f00000, 0x0000000081e00000| Untracked 
|  31|0x0000000081f00000, 0x0000000082000000, 0x0000000082000000|100%| O|  |TAMS 0x0000000082000000, 0x0000000081f00000| Untracked 
|  32|0x0000000082000000, 0x0000000082100000, 0x0000000082100000|100%| O|  |TAMS 0x0000000082100000, 0x0000000082000000| Untracked 
|  33|0x0000000082100000, 0x0000000082200000, 0x0000000082200000|100%| O|  |TAMS 0x0000000082200000, 0x0000000082100000| Untracked 
|  34|0x0000000082200000, 0x0000000082300000, 0x0000000082300000|100%| O|  |TAMS 0x0000000082300000, 0x0000000082200000| Untracked 
|  35|0x0000000082300000, 0x0000000082400000, 0x0000000082400000|100%| O|  |TAMS 0x0000000082400000, 0x0000000082300000| Untracked 
|  36|0x0000000082400000, 0x0000000082400000, 0x0000000082500000|  0%| F|  |TAMS 0x0000000082400000, 0x0000000082400000| Untracked 
|  37|0x0000000082500000, 0x0000000082600000, 0x0000000082600000|100%| O|  |TAMS 0x0000000082600000, 0x0000000082500000| Untracked 
|  38|0x0000000082600000, 0x0000000082700000, 0x0000000082700000|100%| O|  |TAMS 0x0000000082700000, 0x0000000082600000| Untracked 
|  39|0x0000000082700000, 0x0000000082800000, 0x0000000082800000|100%|HS|  |TAMS 0x0000000082800000, 0x0000000082700000| Complete 
|  40|0x0000000082800000, 0x0000000082900000, 0x0000000082900000|100%|HS|  |TAMS 0x0000000082900000, 0x0000000082800000| Complete 
|  41|0x0000000082900000, 0x0000000082a00000, 0x0000000082a00000|100%|HS|  |TAMS 0x0000000082a00000, 0x0000000082900000| Complete 
|  42|0x0000000082a00000, 0x0000000082b00000, 0x0000000082b00000|100%|HC|  |TAMS 0x0000000082b00000, 0x0000000082a00000| Complete 
|  43|0x0000000082b00000, 0x0000000082c00000, 0x0000000082c00000|100%|HS|  |TAMS 0x0000000082c00000, 0x0000000082b00000| Complete 
|  44|0x0000000082c00000, 0x0000000082d00000, 0x0000000082d00000|100%|HS|  |TAMS 0x0000000082d00000, 0x0000000082c00000| Complete 
|  45|0x0000000082d00000, 0x0000000082e00000, 0x0000000082e00000|100%|HC|  |TAMS 0x0000000082e00000, 0x0000000082d00000| Complete 
|  46|0x0000000082e00000, 0x0000000082f00000, 0x0000000082f00000|100%|HC|  |TAMS 0x0000000082f00000, 0x0000000082e00000| Complete 
|  47|0x0000000082f00000, 0x0000000083000000, 0x0000000083000000|100%|HC|  |TAMS 0x0000000083000000, 0x0000000082f00000| Complete 
|  48|0x0000000083000000, 0x0000000083100000, 0x0000000083100000|100%| O|  |TAMS 0x0000000083100000, 0x0000000083000000| Untracked 
|  49|0x0000000083100000, 0x0000000083200000, 0x0000000083200000|100%| O|  |TAMS 0x0000000083200000, 0x0000000083100000| Untracked 
|  50|0x0000000083200000, 0x0000000083300000, 0x0000000083300000|100%| O|  |TAMS 0x0000000083300000, 0x0000000083200000| Untracked 
|  51|0x0000000083300000, 0x0000000083400000, 0x0000000083400000|100%| O|  |TAMS 0x0000000083400000, 0x0000000083300000| Untracked 
|  52|0x0000000083400000, 0x0000000083500000, 0x0000000083500000|100%| O|  |TAMS 0x0000000083500000, 0x0000000083400000| Untracked 
|  53|0x0000000083500000, 0x0000000083600000, 0x0000000083600000|100%| O|  |TAMS 0x0000000083600000, 0x0000000083500000| Untracked 
|  54|0x0000000083600000, 0x0000000083700000, 0x0000000083700000|100%| O|  |TAMS 0x0000000083700000, 0x0000000083600000| Untracked 
|  55|0x0000000083700000, 0x0000000083800000, 0x0000000083800000|100%| O|  |TAMS 0x0000000083800000, 0x0000000083700000| Untracked 
|  56|0x0000000083800000, 0x0000000083900000, 0x0000000083900000|100%| O|  |TAMS 0x0000000083800000, 0x0000000083800000| Untracked 
|  57|0x0000000083900000, 0x0000000083a00000, 0x0000000083a00000|100%| O|  |TAMS 0x0000000083a00000, 0x0000000083900000| Untracked 
|  58|0x0000000083a00000, 0x0000000083b00000, 0x0000000083b00000|100%| O|  |TAMS 0x0000000083b00000, 0x0000000083a00000| Untracked 
|  59|0x0000000083b00000, 0x0000000083c00000, 0x0000000083c00000|100%| O|  |TAMS 0x0000000083c00000, 0x0000000083b00000| Untracked 
|  60|0x0000000083c00000, 0x0000000083d00000, 0x0000000083d00000|100%| O|  |TAMS 0x0000000083d00000, 0x0000000083c00000| Untracked 
|  61|0x0000000083d00000, 0x0000000083e00000, 0x0000000083e00000|100%| O|  |TAMS 0x0000000083e00000, 0x0000000083d00000| Untracked 
|  62|0x0000000083e00000, 0x0000000083f00000, 0x0000000083f00000|100%| O|  |TAMS 0x0000000083f00000, 0x0000000083e00000| Untracked 
|  63|0x0000000083f00000, 0x0000000084000000, 0x0000000084000000|100%| O|  |TAMS 0x0000000084000000, 0x0000000083f00000| Untracked 
|  64|0x0000000084000000, 0x0000000084100000, 0x0000000084100000|100%| O|  |TAMS 0x0000000084100000, 0x0000000084000000| Untracked 
|  65|0x0000000084100000, 0x0000000084200000, 0x0000000084200000|100%| O|  |TAMS 0x0000000084200000, 0x0000000084100000| Untracked 
|  66|0x0000000084200000, 0x0000000084300000, 0x0000000084300000|100%| O|  |TAMS 0x0000000084300000, 0x0000000084200000| Untracked 
|  67|0x0000000084300000, 0x0000000084400000, 0x0000000084400000|100%| O|  |TAMS 0x0000000084400000, 0x0000000084300000| Untracked 
|  68|0x0000000084400000, 0x0000000084500000, 0x0000000084500000|100%| O|  |TAMS 0x0000000084500000, 0x0000000084400000| Untracked 
|  69|0x0000000084500000, 0x0000000084600000, 0x0000000084600000|100%| O|  |TAMS 0x0000000084500000, 0x0000000084500000| Untracked 
|  70|0x0000000084600000, 0x0000000084700000, 0x0000000084700000|100%| O|  |TAMS 0x0000000084700000, 0x0000000084600000| Untracked 
|  71|0x0000000084700000, 0x0000000084800000, 0x0000000084800000|100%| O|  |TAMS 0x0000000084800000, 0x0000000084700000| Untracked 
|  72|0x0000000084800000, 0x0000000084900000, 0x0000000084900000|100%| O|  |TAMS 0x0000000084900000, 0x0000000084800000| Untracked 
|  73|0x0000000084900000, 0x0000000084a00000, 0x0000000084a00000|100%| O|  |TAMS 0x0000000084a00000, 0x0000000084900000| Untracked 
|  74|0x0000000084a00000, 0x0000000084b00000, 0x0000000084b00000|100%| O|  |TAMS 0x0000000084b00000, 0x0000000084a00000| Untracked 
|  75|0x0000000084b00000, 0x0000000084c00000, 0x0000000084c00000|100%| O|  |TAMS 0x0000000084c00000, 0x0000000084b00000| Untracked 
|  76|0x0000000084c00000, 0x0000000084c00000, 0x0000000084d00000|  0%| F|  |TAMS 0x0000000084c00000, 0x0000000084c00000| Untracked 
|  77|0x0000000084d00000, 0x0000000084d00000, 0x0000000084e00000|  0%| F|  |TAMS 0x0000000084d00000, 0x0000000084d00000| Untracked 
|  78|0x0000000084e00000, 0x0000000084f00000, 0x0000000084f00000|100%| O|  |TAMS 0x0000000084f00000, 0x0000000084e00000| Untracked 
|  79|0x0000000084f00000, 0x0000000085000000, 0x0000000085000000|100%| O|  |TAMS 0x0000000085000000, 0x0000000084f00000| Untracked 
|  80|0x0000000085000000, 0x0000000085100000, 0x0000000085100000|100%| O|  |TAMS 0x0000000085100000, 0x0000000085000000| Untracked 
|  81|0x0000000085100000, 0x0000000085200000, 0x0000000085200000|100%| O|  |TAMS 0x0000000085200000, 0x0000000085100000| Untracked 
|  82|0x0000000085200000, 0x0000000085300000, 0x0000000085300000|100%| O|  |TAMS 0x0000000085300000, 0x0000000085200000| Untracked 
|  83|0x0000000085300000, 0x0000000085400000, 0x0000000085400000|100%| O|  |TAMS 0x000000008535c800, 0x0000000085300000| Untracked 
|  84|0x0000000085400000, 0x0000000085500000, 0x0000000085500000|100%| O|  |TAMS 0x0000000085400000, 0x0000000085400000| Untracked 
|  85|0x0000000085500000, 0x0000000085600000, 0x0000000085600000|100%| O|  |TAMS 0x0000000085500000, 0x0000000085500000| Untracked 
|  86|0x0000000085600000, 0x0000000085700000, 0x0000000085700000|100%| O|  |TAMS 0x0000000085600000, 0x0000000085600000| Untracked 
|  87|0x0000000085700000, 0x0000000085800000, 0x0000000085800000|100%| O|  |TAMS 0x0000000085700000, 0x0000000085700000| Untracked 
|  88|0x0000000085800000, 0x0000000085900000, 0x0000000085900000|100%| O|  |TAMS 0x0000000085800000, 0x0000000085800000| Untracked 
|  89|0x0000000085900000, 0x0000000085a00000, 0x0000000085a00000|100%| O|  |TAMS 0x0000000085900000, 0x0000000085900000| Untracked 
|  90|0x0000000085a00000, 0x0000000085b00000, 0x0000000085b00000|100%| O|  |TAMS 0x0000000085a00000, 0x0000000085a00000| Untracked 
|  91|0x0000000085b00000, 0x0000000085c00000, 0x0000000085c00000|100%| O|  |TAMS 0x0000000085b00000, 0x0000000085b00000| Untracked 
|  92|0x0000000085c00000, 0x0000000085d00000, 0x0000000085d00000|100%| O|  |TAMS 0x0000000085c00000, 0x0000000085c00000| Untracked 
|  93|0x0000000085d00000, 0x0000000085e00000, 0x0000000085e00000|100%| O|  |TAMS 0x0000000085d00000, 0x0000000085d00000| Untracked 
|  94|0x0000000085e00000, 0x0000000085f00000, 0x0000000085f00000|100%| O|  |TAMS 0x0000000085e00000, 0x0000000085e00000| Untracked 
|  95|0x0000000085f00000, 0x0000000086000000, 0x0000000086000000|100%| O|  |TAMS 0x0000000085f00000, 0x0000000085f00000| Untracked 
|  96|0x0000000086000000, 0x0000000086100000, 0x0000000086100000|100%| O|  |TAMS 0x0000000086000000, 0x0000000086000000| Untracked 
|  97|0x0000000086100000, 0x0000000086200000, 0x0000000086200000|100%| O|  |TAMS 0x0000000086100000, 0x0000000086100000| Untracked 
|  98|0x0000000086200000, 0x0000000086300000, 0x0000000086300000|100%| O|  |TAMS 0x0000000086200000, 0x0000000086200000| Untracked 
|  99|0x0000000086300000, 0x0000000086400000, 0x0000000086400000|100%| O|  |TAMS 0x0000000086300000, 0x0000000086300000| Untracked 
| 100|0x0000000086400000, 0x0000000086500000, 0x0000000086500000|100%| O|  |TAMS 0x0000000086400000, 0x0000000086400000| Untracked 
| 101|0x0000000086500000, 0x0000000086600000, 0x0000000086600000|100%| O|  |TAMS 0x0000000086500000, 0x0000000086500000| Untracked 
| 102|0x0000000086600000, 0x0000000086700000, 0x0000000086700000|100%| O|  |TAMS 0x0000000086600000, 0x0000000086600000| Untracked 
| 103|0x0000000086700000, 0x0000000086800000, 0x0000000086800000|100%| O|  |TAMS 0x0000000086700000, 0x0000000086700000| Untracked 
| 104|0x0000000086800000, 0x0000000086900000, 0x0000000086900000|100%| O|  |TAMS 0x0000000086800000, 0x0000000086800000| Untracked 
| 105|0x0000000086900000, 0x0000000086a00000, 0x0000000086a00000|100%| O|  |TAMS 0x0000000086900000, 0x0000000086900000| Untracked 
| 106|0x0000000086a00000, 0x0000000086a66a00, 0x0000000086b00000| 40%| O|  |TAMS 0x0000000086a00000, 0x0000000086a00000| Untracked 
| 107|0x0000000086b00000, 0x0000000086b00000, 0x0000000086c00000|  0%| F|  |TAMS 0x0000000086b00000, 0x0000000086b00000| Untracked 
| 108|0x0000000086c00000, 0x0000000086c00000, 0x0000000086d00000|  0%| F|  |TAMS 0x0000000086c00000, 0x0000000086c00000| Untracked 
| 109|0x0000000086d00000, 0x0000000086d00000, 0x0000000086e00000|  0%| F|  |TAMS 0x0000000086d00000, 0x0000000086d00000| Untracked 
| 110|0x0000000086e00000, 0x0000000086e00000, 0x0000000086f00000|  0%| F|  |TAMS 0x0000000086e00000, 0x0000000086e00000| Untracked 
| 111|0x0000000086f00000, 0x0000000086f00000, 0x0000000087000000|  0%| F|  |TAMS 0x0000000086f00000, 0x0000000086f00000| Untracked 
| 112|0x0000000087000000, 0x0000000087000000, 0x0000000087100000|  0%| F|  |TAMS 0x0000000087000000, 0x0000000087000000| Untracked 
| 113|0x0000000087100000, 0x0000000087100000, 0x0000000087200000|  0%| F|  |TAMS 0x0000000087100000, 0x0000000087100000| Untracked 
| 114|0x0000000087200000, 0x0000000087200000, 0x0000000087300000|  0%| F|  |TAMS 0x0000000087200000, 0x0000000087200000| Untracked 
| 115|0x0000000087300000, 0x0000000087300000, 0x0000000087400000|  0%| F|  |TAMS 0x0000000087300000, 0x0000000087300000| Untracked 
| 116|0x0000000087400000, 0x0000000087400000, 0x0000000087500000|  0%| F|  |TAMS 0x0000000087400000, 0x0000000087400000| Untracked 
| 117|0x0000000087500000, 0x0000000087500000, 0x0000000087600000|  0%| F|  |TAMS 0x0000000087500000, 0x0000000087500000| Untracked 
| 118|0x0000000087600000, 0x0000000087600000, 0x0000000087700000|  0%| F|  |TAMS 0x0000000087600000, 0x0000000087600000| Untracked 
| 119|0x0000000087700000, 0x0000000087700000, 0x0000000087800000|  0%| F|  |TAMS 0x0000000087700000, 0x0000000087700000| Untracked 
| 120|0x0000000087800000, 0x0000000087800000, 0x0000000087900000|  0%| F|  |TAMS 0x0000000087800000, 0x0000000087800000| Untracked 
| 121|0x0000000087900000, 0x0000000087900000, 0x0000000087a00000|  0%| F|  |TAMS 0x0000000087900000, 0x0000000087900000| Untracked 
| 122|0x0000000087a00000, 0x0000000087a00000, 0x0000000087b00000|  0%| F|  |TAMS 0x0000000087a00000, 0x0000000087a00000| Untracked 
| 123|0x0000000087b00000, 0x0000000087b00000, 0x0000000087c00000|  0%| F|  |TAMS 0x0000000087b00000, 0x0000000087b00000| Untracked 
| 124|0x0000000087c00000, 0x0000000087c00000, 0x0000000087d00000|  0%| F|  |TAMS 0x0000000087c00000, 0x0000000087c00000| Untracked 
| 125|0x0000000087d00000, 0x0000000087d00000, 0x0000000087e00000|  0%| F|  |TAMS 0x0000000087d00000, 0x0000000087d00000| Untracked 
| 126|0x0000000087e00000, 0x0000000087e00000, 0x0000000087f00000|  0%| F|  |TAMS 0x0000000087e00000, 0x0000000087e00000| Untracked 
| 127|0x0000000087f00000, 0x0000000087f00000, 0x0000000088000000|  0%| F|  |TAMS 0x0000000087f00000, 0x0000000087f00000| Untracked 
| 128|0x0000000088000000, 0x0000000088000000, 0x0000000088100000|  0%| F|  |TAMS 0x0000000088000000, 0x0000000088000000| Untracked 
| 129|0x0000000088100000, 0x0000000088100000, 0x0000000088200000|  0%| F|  |TAMS 0x0000000088100000, 0x0000000088100000| Untracked 
| 130|0x0000000088200000, 0x0000000088200000, 0x0000000088300000|  0%| F|  |TAMS 0x0000000088200000, 0x0000000088200000| Untracked 
| 131|0x0000000088300000, 0x0000000088300000, 0x0000000088400000|  0%| F|  |TAMS 0x0000000088300000, 0x0000000088300000| Untracked 
| 132|0x0000000088400000, 0x0000000088400000, 0x0000000088500000|  0%| F|  |TAMS 0x0000000088400000, 0x0000000088400000| Untracked 
| 133|0x0000000088500000, 0x0000000088500000, 0x0000000088600000|  0%| F|  |TAMS 0x0000000088500000, 0x0000000088500000| Untracked 
| 134|0x0000000088600000, 0x0000000088600000, 0x0000000088700000|  0%| F|  |TAMS 0x0000000088600000, 0x0000000088600000| Untracked 
| 135|0x0000000088700000, 0x0000000088700000, 0x0000000088800000|  0%| F|  |TAMS 0x0000000088700000, 0x0000000088700000| Untracked 
| 136|0x0000000088800000, 0x0000000088800000, 0x0000000088900000|  0%| F|  |TAMS 0x0000000088800000, 0x0000000088800000| Untracked 
| 137|0x0000000088900000, 0x0000000088900000, 0x0000000088a00000|  0%| F|  |TAMS 0x0000000088900000, 0x0000000088900000| Untracked 
| 138|0x0000000088a00000, 0x0000000088a00000, 0x0000000088b00000|  0%| F|  |TAMS 0x0000000088a00000, 0x0000000088a00000| Untracked 
| 139|0x0000000088b00000, 0x0000000088b00000, 0x0000000088c00000|  0%| F|  |TAMS 0x0000000088b00000, 0x0000000088b00000| Untracked 
| 140|0x0000000088c00000, 0x0000000088c00000, 0x0000000088d00000|  0%| F|  |TAMS 0x0000000088c00000, 0x0000000088c00000| Untracked 
| 141|0x0000000088d00000, 0x0000000088d00000, 0x0000000088e00000|  0%| F|  |TAMS 0x0000000088d00000, 0x0000000088d00000| Untracked 
| 142|0x0000000088e00000, 0x0000000088e00000, 0x0000000088f00000|  0%| F|  |TAMS 0x0000000088e00000, 0x0000000088e00000| Untracked 
| 143|0x0000000088f00000, 0x0000000088f00000, 0x0000000089000000|  0%| F|  |TAMS 0x0000000088f00000, 0x0000000088f00000| Untracked 
| 144|0x0000000089000000, 0x0000000089000000, 0x0000000089100000|  0%| F|  |TAMS 0x0000000089000000, 0x0000000089000000| Untracked 
| 145|0x0000000089100000, 0x0000000089100000, 0x0000000089200000|  0%| F|  |TAMS 0x0000000089100000, 0x0000000089100000| Untracked 
| 146|0x0000000089200000, 0x0000000089200000, 0x0000000089300000|  0%| F|  |TAMS 0x0000000089200000, 0x0000000089200000| Untracked 
| 147|0x0000000089300000, 0x0000000089300000, 0x0000000089400000|  0%| F|  |TAMS 0x0000000089300000, 0x0000000089300000| Untracked 
| 148|0x0000000089400000, 0x0000000089400000, 0x0000000089500000|  0%| F|  |TAMS 0x0000000089400000, 0x0000000089400000| Untracked 
| 149|0x0000000089500000, 0x0000000089500000, 0x0000000089600000|  0%| F|  |TAMS 0x0000000089500000, 0x0000000089500000| Untracked 
| 150|0x0000000089600000, 0x0000000089600000, 0x0000000089700000|  0%| F|  |TAMS 0x0000000089600000, 0x0000000089600000| Untracked 
| 151|0x0000000089700000, 0x0000000089700000, 0x0000000089800000|  0%| F|  |TAMS 0x0000000089700000, 0x0000000089700000| Untracked 
| 152|0x0000000089800000, 0x0000000089800000, 0x0000000089900000|  0%| F|  |TAMS 0x0000000089800000, 0x0000000089800000| Untracked 
| 153|0x0000000089900000, 0x0000000089900000, 0x0000000089a00000|  0%| F|  |TAMS 0x0000000089900000, 0x0000000089900000| Untracked 
| 154|0x0000000089a00000, 0x0000000089a00000, 0x0000000089b00000|  0%| F|  |TAMS 0x0000000089a00000, 0x0000000089a00000| Untracked 
| 155|0x0000000089b00000, 0x0000000089b00000, 0x0000000089c00000|  0%| F|  |TAMS 0x0000000089b00000, 0x0000000089b00000| Untracked 
| 156|0x0000000089c00000, 0x0000000089c00000, 0x0000000089d00000|  0%| F|  |TAMS 0x0000000089c00000, 0x0000000089c00000| Untracked 
| 157|0x0000000089d00000, 0x0000000089d00000, 0x0000000089e00000|  0%| F|  |TAMS 0x0000000089d00000, 0x0000000089d00000| Untracked 
| 158|0x0000000089e00000, 0x0000000089e00000, 0x0000000089f00000|  0%| F|  |TAMS 0x0000000089e00000, 0x0000000089e00000| Untracked 
| 159|0x0000000089f00000, 0x0000000089f00000, 0x000000008a000000|  0%| F|  |TAMS 0x0000000089f00000, 0x0000000089f00000| Untracked 
| 160|0x000000008a000000, 0x000000008a000000, 0x000000008a100000|  0%| F|  |TAMS 0x000000008a000000, 0x000000008a000000| Untracked 
| 161|0x000000008a100000, 0x000000008a100000, 0x000000008a200000|  0%| F|  |TAMS 0x000000008a100000, 0x000000008a100000| Untracked 
| 162|0x000000008a200000, 0x000000008a200000, 0x000000008a300000|  0%| F|  |TAMS 0x000000008a200000, 0x000000008a200000| Untracked 
| 163|0x000000008a300000, 0x000000008a300000, 0x000000008a400000|  0%| F|  |TAMS 0x000000008a300000, 0x000000008a300000| Untracked 
| 164|0x000000008a400000, 0x000000008a400000, 0x000000008a500000|  0%| F|  |TAMS 0x000000008a400000, 0x000000008a400000| Untracked 
| 165|0x000000008a500000, 0x000000008a500000, 0x000000008a600000|  0%| F|  |TAMS 0x000000008a500000, 0x000000008a500000| Untracked 
| 166|0x000000008a600000, 0x000000008a600000, 0x000000008a700000|  0%| F|  |TAMS 0x000000008a600000, 0x000000008a600000| Untracked 
| 167|0x000000008a700000, 0x000000008a700000, 0x000000008a800000|  0%| F|  |TAMS 0x000000008a700000, 0x000000008a700000| Untracked 
| 168|0x000000008a800000, 0x000000008a800000, 0x000000008a900000|  0%| F|  |TAMS 0x000000008a800000, 0x000000008a800000| Untracked 
| 169|0x000000008a900000, 0x000000008a900000, 0x000000008aa00000|  0%| F|  |TAMS 0x000000008a900000, 0x000000008a900000| Untracked 
| 170|0x000000008aa00000, 0x000000008aa00000, 0x000000008ab00000|  0%| F|  |TAMS 0x000000008aa00000, 0x000000008aa00000| Untracked 
| 171|0x000000008ab00000, 0x000000008ab00000, 0x000000008ac00000|  0%| F|  |TAMS 0x000000008ab00000, 0x000000008ab00000| Untracked 
| 172|0x000000008ac00000, 0x000000008ac00000, 0x000000008ad00000|  0%| F|  |TAMS 0x000000008ac00000, 0x000000008ac00000| Untracked 
| 173|0x000000008ad00000, 0x000000008ad00000, 0x000000008ae00000|  0%| F|  |TAMS 0x000000008ad00000, 0x000000008ad00000| Untracked 
| 174|0x000000008ae00000, 0x000000008ae00000, 0x000000008af00000|  0%| F|  |TAMS 0x000000008ae00000, 0x000000008ae00000| Untracked 
| 175|0x000000008af00000, 0x000000008af00000, 0x000000008b000000|  0%| F|  |TAMS 0x000000008af00000, 0x000000008af00000| Untracked 
| 176|0x000000008b000000, 0x000000008b000000, 0x000000008b100000|  0%| F|  |TAMS 0x000000008b000000, 0x000000008b000000| Untracked 
| 177|0x000000008b100000, 0x000000008b100000, 0x000000008b200000|  0%| F|  |TAMS 0x000000008b100000, 0x000000008b100000| Untracked 
| 178|0x000000008b200000, 0x000000008b200000, 0x000000008b300000|  0%| F|  |TAMS 0x000000008b200000, 0x000000008b200000| Untracked 
| 179|0x000000008b300000, 0x000000008b300000, 0x000000008b400000|  0%| F|  |TAMS 0x000000008b300000, 0x000000008b300000| Untracked 
| 180|0x000000008b400000, 0x000000008b400000, 0x000000008b500000|  0%| F|  |TAMS 0x000000008b400000, 0x000000008b400000| Untracked 
| 181|0x000000008b500000, 0x000000008b500000, 0x000000008b600000|  0%| F|  |TAMS 0x000000008b500000, 0x000000008b500000| Untracked 
| 182|0x000000008b600000, 0x000000008b600000, 0x000000008b700000|  0%| F|  |TAMS 0x000000008b600000, 0x000000008b600000| Untracked 
| 183|0x000000008b700000, 0x000000008b700000, 0x000000008b800000|  0%| F|  |TAMS 0x000000008b700000, 0x000000008b700000| Untracked 
| 184|0x000000008b800000, 0x000000008b800000, 0x000000008b900000|  0%| F|  |TAMS 0x000000008b800000, 0x000000008b800000| Untracked 
| 185|0x000000008b900000, 0x000000008b900000, 0x000000008ba00000|  0%| F|  |TAMS 0x000000008b900000, 0x000000008b900000| Untracked 
| 186|0x000000008ba00000, 0x000000008ba00000, 0x000000008bb00000|  0%| F|  |TAMS 0x000000008ba00000, 0x000000008ba00000| Untracked 
| 187|0x000000008bb00000, 0x000000008bb00000, 0x000000008bc00000|  0%| F|  |TAMS 0x000000008bb00000, 0x000000008bb00000| Untracked 
| 188|0x000000008bc00000, 0x000000008bc00000, 0x000000008bd00000|  0%| F|  |TAMS 0x000000008bc00000, 0x000000008bc00000| Untracked 
| 189|0x000000008bd00000, 0x000000008bd00000, 0x000000008be00000|  0%| F|  |TAMS 0x000000008bd00000, 0x000000008bd00000| Untracked 
| 190|0x000000008be00000, 0x000000008be00000, 0x000000008bf00000|  0%| F|  |TAMS 0x000000008be00000, 0x000000008be00000| Untracked 
| 191|0x000000008bf00000, 0x000000008bf00000, 0x000000008c000000|  0%| F|  |TAMS 0x000000008bf00000, 0x000000008bf00000| Untracked 
| 192|0x000000008c000000, 0x000000008c000000, 0x000000008c100000|  0%| F|  |TAMS 0x000000008c000000, 0x000000008c000000| Untracked 
| 193|0x000000008c100000, 0x000000008c100000, 0x000000008c200000|  0%| F|  |TAMS 0x000000008c100000, 0x000000008c100000| Untracked 
| 194|0x000000008c200000, 0x000000008c200000, 0x000000008c300000|  0%| F|  |TAMS 0x000000008c200000, 0x000000008c200000| Untracked 
| 195|0x000000008c300000, 0x000000008c300000, 0x000000008c400000|  0%| F|  |TAMS 0x000000008c300000, 0x000000008c300000| Untracked 
| 196|0x000000008c400000, 0x000000008c400000, 0x000000008c500000|  0%| F|  |TAMS 0x000000008c400000, 0x000000008c400000| Untracked 
| 197|0x000000008c500000, 0x000000008c500000, 0x000000008c600000|  0%| F|  |TAMS 0x000000008c500000, 0x000000008c500000| Untracked 
| 198|0x000000008c600000, 0x000000008c600000, 0x000000008c700000|  0%| F|  |TAMS 0x000000008c600000, 0x000000008c600000| Untracked 
| 199|0x000000008c700000, 0x000000008c700000, 0x000000008c800000|  0%| F|  |TAMS 0x000000008c700000, 0x000000008c700000| Untracked 
| 200|0x000000008c800000, 0x000000008c800000, 0x000000008c900000|  0%| F|  |TAMS 0x000000008c800000, 0x000000008c800000| Untracked 
| 201|0x000000008c900000, 0x000000008c900000, 0x000000008ca00000|  0%| F|  |TAMS 0x000000008c900000, 0x000000008c900000| Untracked 
| 202|0x000000008ca00000, 0x000000008ca00000, 0x000000008cb00000|  0%| F|  |TAMS 0x000000008ca00000, 0x000000008ca00000| Untracked 
| 203|0x000000008cb00000, 0x000000008cb00000, 0x000000008cc00000|  0%| F|  |TAMS 0x000000008cb00000, 0x000000008cb00000| Untracked 
| 204|0x000000008cc00000, 0x000000008cc00000, 0x000000008cd00000|  0%| F|  |TAMS 0x000000008cc00000, 0x000000008cc00000| Untracked 
| 205|0x000000008cd00000, 0x000000008cd00000, 0x000000008ce00000|  0%| F|  |TAMS 0x000000008cd00000, 0x000000008cd00000| Untracked 
| 206|0x000000008ce00000, 0x000000008ce00000, 0x000000008cf00000|  0%| F|  |TAMS 0x000000008ce00000, 0x000000008ce00000| Untracked 
| 207|0x000000008cf00000, 0x000000008cf00000, 0x000000008d000000|  0%| F|  |TAMS 0x000000008cf00000, 0x000000008cf00000| Untracked 
| 208|0x000000008d000000, 0x000000008d000000, 0x000000008d100000|  0%| F|  |TAMS 0x000000008d000000, 0x000000008d000000| Untracked 
| 209|0x000000008d100000, 0x000000008d100000, 0x000000008d200000|  0%| F|  |TAMS 0x000000008d100000, 0x000000008d100000| Untracked 
| 210|0x000000008d200000, 0x000000008d200000, 0x000000008d300000|  0%| F|  |TAMS 0x000000008d200000, 0x000000008d200000| Untracked 
| 211|0x000000008d300000, 0x000000008d300000, 0x000000008d400000|  0%| F|  |TAMS 0x000000008d300000, 0x000000008d300000| Untracked 
| 212|0x000000008d400000, 0x000000008d400000, 0x000000008d500000|  0%| F|  |TAMS 0x000000008d400000, 0x000000008d400000| Untracked 
| 213|0x000000008d500000, 0x000000008d500000, 0x000000008d600000|  0%| F|  |TAMS 0x000000008d500000, 0x000000008d500000| Untracked 
| 214|0x000000008d600000, 0x000000008d600000, 0x000000008d700000|  0%| F|  |TAMS 0x000000008d600000, 0x000000008d600000| Untracked 
| 215|0x000000008d700000, 0x000000008d700000, 0x000000008d800000|  0%| F|  |TAMS 0x000000008d700000, 0x000000008d700000| Untracked 
| 216|0x000000008d800000, 0x000000008d800000, 0x000000008d900000|  0%| F|  |TAMS 0x000000008d800000, 0x000000008d800000| Untracked 
| 217|0x000000008d900000, 0x000000008d900000, 0x000000008da00000|  0%| F|  |TAMS 0x000000008d900000, 0x000000008d900000| Untracked 
| 218|0x000000008da00000, 0x000000008da00000, 0x000000008db00000|  0%| F|  |TAMS 0x000000008da00000, 0x000000008da00000| Untracked 
| 219|0x000000008db00000, 0x000000008db00000, 0x000000008dc00000|  0%| F|  |TAMS 0x000000008db00000, 0x000000008db00000| Untracked 
| 220|0x000000008dc00000, 0x000000008dc00000, 0x000000008dd00000|  0%| F|  |TAMS 0x000000008dc00000, 0x000000008dc00000| Untracked 
| 221|0x000000008dd00000, 0x000000008dd00000, 0x000000008de00000|  0%| F|  |TAMS 0x000000008dd00000, 0x000000008dd00000| Untracked 
| 222|0x000000008de00000, 0x000000008de00000, 0x000000008df00000|  0%| F|  |TAMS 0x000000008de00000, 0x000000008de00000| Untracked 
| 223|0x000000008df00000, 0x000000008df00000, 0x000000008e000000|  0%| F|  |TAMS 0x000000008df00000, 0x000000008df00000| Untracked 
| 224|0x000000008e000000, 0x000000008e000000, 0x000000008e100000|  0%| F|  |TAMS 0x000000008e000000, 0x000000008e000000| Untracked 
| 225|0x000000008e100000, 0x000000008e100000, 0x000000008e200000|  0%| F|  |TAMS 0x000000008e100000, 0x000000008e100000| Untracked 
| 226|0x000000008e200000, 0x000000008e200000, 0x000000008e300000|  0%| F|  |TAMS 0x000000008e200000, 0x000000008e200000| Untracked 
| 227|0x000000008e300000, 0x000000008e400000, 0x000000008e400000|100%| S|CS|TAMS 0x000000008e300000, 0x000000008e300000| Complete 
| 228|0x000000008e400000, 0x000000008e500000, 0x000000008e500000|100%| S|CS|TAMS 0x000000008e400000, 0x000000008e400000| Complete 
| 229|0x000000008e500000, 0x000000008e500000, 0x000000008e600000|  0%| F|  |TAMS 0x000000008e500000, 0x000000008e500000| Untracked 
|2047|0x00000000fff00000, 0x0000000100000000, 0x0000000100000000|100%| O|  |TAMS 0x0000000100000000, 0x00000000fff00000| Untracked 

Card table byte_map: [0x000001d27cde0000,0x000001d27d1e0000] _byte_map_base: 0x000001d27c9e0000

Marking Bits (Prev, Next): (CMBitMap*) 0x000001d279248b40, (CMBitMap*) 0x000001d279248b80
 Prev Bits: [0x000001d27d5e0000, 0x000001d27f5e0000)
 Next Bits: [0x000001d20f000000, 0x000001d211000000)

Polling page: 0x000001d2789b0000

Metaspace:

Usage:
  Non-class:     93.38 MB used.
      Class:     14.34 MB used.
       Both:    107.71 MB used.

Virtual space:
  Non-class space:       96.00 MB reserved,      93.81 MB ( 98%) committed,  12 nodes.
      Class space:        1.00 GB reserved,      14.69 MB (  1%) committed,  1 nodes.
             Both:        1.09 GB reserved,     108.50 MB ( 10%) committed. 

Chunk freelists:
   Non-Class:  2.17 MB
       Class:  1.19 MB
        Both:  3.36 MB

MaxMetaspaceSize: unlimited
CompressedClassSpaceSize: 1.00 GB
Initial GC threshold: 21.00 MB
Current GC threshold: 178.12 MB
CDS: off
MetaspaceReclaimPolicy: balanced
 - commit_granule_bytes: 65536.
 - commit_granule_words: 8192.
 - virtual_space_node_default_size: 1048576.
 - enlarge_chunks_in_place: 1.
 - new_chunks_are_fully_committed: 0.
 - uncommit_free_chunks: 1.
 - use_allocation_guard: 0.
 - handle_deallocations: 1.


Internal statistics:

num_allocs_failed_limit: 6.
num_arena_births: 1134.
num_arena_deaths: 0.
num_vsnodes_births: 13.
num_vsnodes_deaths: 0.
num_space_committed: 1734.
num_space_uncommitted: 0.
num_chunks_returned_to_freelist: 6.
num_chunks_taken_from_freelist: 5156.
num_chunk_merges: 6.
num_chunk_splits: 3417.
num_chunks_enlarged: 2298.
num_purges: 0.
num_inconsistent_stats: 0.

CodeHeap 'non-profiled nmethods': size=120000Kb used=4474Kb max_used=4474Kb free=115525Kb
 bounds [0x000001d207ad0000, 0x000001d207f30000, 0x000001d20f000000]
CodeHeap 'profiled nmethods': size=120000Kb used=19689Kb max_used=19689Kb free=100310Kb
 bounds [0x000001d200000000, 0x000001d201340000, 0x000001d207530000]
CodeHeap 'non-nmethods': size=5760Kb used=2432Kb max_used=2479Kb free=3328Kb
 bounds [0x000001d207530000, 0x000001d2077a0000, 0x000001d207ad0000]
 total_blobs=11862 nmethods=10889 adapters=885
 compilation: enabled
              stopped_count=0, restarted_count=0
 full_count=0

Compilation events (20 events):
Event: 35.746 Thread 0x000001d213c40480 nmethod 12064 0x000001d201337510 code [0x000001d2013376e0, 0x000001d2013378f8]
Event: 35.746 Thread 0x000001d213c40480 12066       2       java.nio.file.FileTreeWalker$Event::<init> (9 bytes)
Event: 35.747 Thread 0x000001d213c40480 nmethod 12066 0x000001d201337b10 code [0x000001d201337ca0, 0x000001d201337ef8]
Event: 35.747 Thread 0x000001d213c40480 12065       2       sun.nio.fs.WindowsNativeDispatcher$FirstFile::<init> (5 bytes)
Event: 35.747 Thread 0x000001d213c40480 nmethod 12065 0x000001d201337f90 code [0x000001d201338120, 0x000001d201338218]
Event: 35.748 Thread 0x000001d213c40480 12067       2       com.google.common.collect.ImmutableSortedMap$1EntrySet::iterator (5 bytes)
Event: 35.749 Thread 0x000001d213c40480 nmethod 12067 0x000001d201338290 code [0x000001d201338440, 0x000001d201338688]
Event: 35.749 Thread 0x000001d213c40480 12069       2       com.google.common.cache.LocalCache$2::iterator (7 bytes)
Event: 35.749 Thread 0x000001d213c40480 nmethod 12069 0x000001d201338790 code [0x000001d201338940, 0x000001d201338a88]
Event: 35.749 Thread 0x000001d213c40480 12068       2       org.gradle.internal.execution.steps.IdentityContext::<init> (22 bytes)
Event: 35.750 Thread 0x000001d213c40480 nmethod 12068 0x000001d201338b90 code [0x000001d201338d40, 0x000001d201339158]
Event: 35.750 Thread 0x000001d213c40480 12070       2       com.google.common.cache.LocalCache$AccessQueue::remove (44 bytes)
Event: 35.751 Thread 0x000001d213c40480 nmethod 12070 0x000001d201339310 code [0x000001d201339500, 0x000001d201339798]
Event: 35.751 Thread 0x000001d213c40480 12071       2       org.gradle.internal.execution.steps.ExecutionRequestContext::<init> (20 bytes)
Event: 35.751 Thread 0x000001d213c40480 nmethod 12071 0x000001d201339910 code [0x000001d201339ac0, 0x000001d201339db8]
Event: 35.762 Thread 0x000001d213c40480 12072       2       com.google.common.collect.ImmutableMultimap::entryIterator (9 bytes)
Event: 35.782 Thread 0x000001d213c40480 nmethod 12072 0x000001d201339f10 code [0x000001d20133a0a0, 0x000001d20133a228]
Event: 35.783 Thread 0x000001d213c40480 12073       2       org.gradle.internal.Try$Success::map (14 bytes)
Event: 35.784 Thread 0x000001d213c40480 nmethod 12073 0x000001d20133a310 code [0x000001d20133a4c0, 0x000001d20133a6a8]
Event: 35.788 Thread 0x000001d213c40480 12075 %     3       org.gradle.internal.file.FileHierarchySet$Node::isChildOfOrThis @ 52 (110 bytes)

GC Heap History (20 events):
Event: 19.883 GC heap after
{Heap after GC invocations=33 (full 0):
 garbage-first heap   total 130048K, used 72423K [0x0000000080000000, 0x0000000100000000)
  region size 1024K, 5 young (5120K), 5 survivors (5120K)
 Metaspace       used 82143K, committed 82688K, reserved 1122304K
  class space    used 10822K, committed 11072K, reserved 1048576K
}
Event: 19.894 GC heap before
{Heap before GC invocations=33 (full 0):
 garbage-first heap   total 130048K, used 73447K [0x0000000080000000, 0x0000000100000000)
  region size 1024K, 6 young (6144K), 5 survivors (5120K)
 Metaspace       used 82143K, committed 82688K, reserved 1122304K
  class space    used 10822K, committed 11072K, reserved 1048576K
}
Event: 19.900 GC heap after
{Heap after GC invocations=34 (full 0):
 garbage-first heap   total 236544K, used 72527K [0x0000000080000000, 0x0000000100000000)
  region size 1024K, 1 young (1024K), 1 survivors (1024K)
 Metaspace       used 82143K, committed 82688K, reserved 1122304K
  class space    used 10822K, committed 11072K, reserved 1048576K
}
Event: 20.585 GC heap before
{Heap before GC invocations=34 (full 0):
 garbage-first heap   total 236544K, used 104271K [0x0000000080000000, 0x0000000100000000)
  region size 1024K, 33 young (33792K), 1 survivors (1024K)
 Metaspace       used 84589K, committed 85120K, reserved 1130496K
  class space    used 11157K, committed 11392K, reserved 1048576K
}
Event: 20.591 GC heap after
{Heap after GC invocations=35 (full 0):
 garbage-first heap   total 236544K, used 74983K [0x0000000080000000, 0x0000000100000000)
  region size 1024K, 4 young (4096K), 4 survivors (4096K)
 Metaspace       used 84589K, committed 85120K, reserved 1130496K
  class space    used 11157K, committed 11392K, reserved 1048576K
}
Event: 23.023 GC heap before
{Heap before GC invocations=36 (full 0):
 garbage-first heap   total 236544K, used 173287K [0x0000000080000000, 0x0000000100000000)
  region size 1024K, 99 young (101376K), 4 survivors (4096K)
 Metaspace       used 94393K, committed 94976K, reserved 1138688K
  class space    used 12697K, committed 12992K, reserved 1048576K
}
Event: 23.039 GC heap after
{Heap after GC invocations=37 (full 0):
 garbage-first heap   total 236544K, used 83985K [0x0000000080000000, 0x0000000100000000)
  region size 1024K, 13 young (13312K), 13 survivors (13312K)
 Metaspace       used 94393K, committed 94976K, reserved 1138688K
  class space    used 12697K, committed 12992K, reserved 1048576K
}
Event: 23.076 GC heap before
{Heap before GC invocations=37 (full 0):
 garbage-first heap   total 236544K, used 85009K [0x0000000080000000, 0x0000000100000000)
  region size 1024K, 14 young (14336K), 13 survivors (13312K)
 Metaspace       used 94595K, committed 95168K, reserved 1138688K
  class space    used 12720K, committed 12992K, reserved 1048576K
}
Event: 23.088 GC heap after
{Heap after GC invocations=38 (full 0):
 garbage-first heap   total 236544K, used 83702K [0x0000000080000000, 0x0000000100000000)
  region size 1024K, 2 young (2048K), 2 survivors (2048K)
 Metaspace       used 94595K, committed 95168K, reserved 1138688K
  class space    used 12720K, committed 12992K, reserved 1048576K
}
Event: 23.108 GC heap before
{Heap before GC invocations=38 (full 0):
 garbage-first heap   total 236544K, used 83702K [0x0000000080000000, 0x0000000100000000)
  region size 1024K, 4 young (4096K), 2 survivors (2048K)
 Metaspace       used 94727K, committed 95424K, reserved 1138688K
  class space    used 12737K, committed 13056K, reserved 1048576K
}
Event: 23.111 GC heap after
{Heap after GC invocations=39 (full 0):
 garbage-first heap   total 236544K, used 83375K [0x0000000080000000, 0x0000000100000000)
  region size 1024K, 1 young (1024K), 1 survivors (1024K)
 Metaspace       used 94727K, committed 95424K, reserved 1138688K
  class space    used 12737K, committed 13056K, reserved 1048576K
}
Event: 32.161 GC heap before
{Heap before GC invocations=40 (full 0):
 garbage-first heap   total 236544K, used 184751K [0x0000000080000000, 0x0000000100000000)
  region size 1024K, 100 young (102400K), 1 survivors (1024K)
 Metaspace       used 101162K, committed 101824K, reserved 1138688K
  class space    used 13377K, committed 13696K, reserved 1048576K
}
Event: 32.167 GC heap after
{Heap after GC invocations=41 (full 0):
 garbage-first heap   total 236544K, used 86120K [0x0000000080000000, 0x0000000100000000)
  region size 1024K, 4 young (4096K), 4 survivors (4096K)
 Metaspace       used 101162K, committed 101824K, reserved 1138688K
  class space    used 13377K, committed 13696K, reserved 1048576K
}
Event: 32.274 GC heap before
{Heap before GC invocations=41 (full 0):
 garbage-first heap   total 236544K, used 92264K [0x0000000080000000, 0x0000000100000000)
  region size 1024K, 11 young (11264K), 4 survivors (4096K)
 Metaspace       used 101271K, committed 101952K, reserved 1138688K
  class space    used 13383K, committed 13760K, reserved 1048576K
}
Event: 32.279 GC heap after
{Heap after GC invocations=42 (full 0):
 garbage-first heap   total 236544K, used 85498K [0x0000000080000000, 0x0000000100000000)
  region size 1024K, 2 young (2048K), 2 survivors (2048K)
 Metaspace       used 101271K, committed 101952K, reserved 1138688K
  class space    used 13383K, committed 13760K, reserved 1048576K
}
Event: 34.507 GC heap before
{Heap before GC invocations=42 (full 0):
 garbage-first heap   total 236544K, used 187898K [0x0000000080000000, 0x0000000100000000)
  region size 1024K, 102 young (104448K), 2 survivors (2048K)
 Metaspace       used 108686K, committed 109440K, reserved 1146880K
  class space    used 14407K, committed 14784K, reserved 1048576K
}
Event: 34.522 GC heap after
{Heap after GC invocations=43 (full 0):
 garbage-first heap   total 236544K, used 95634K [0x0000000080000000, 0x0000000100000000)
  region size 1024K, 12 young (12288K), 12 survivors (12288K)
 Metaspace       used 108686K, committed 109440K, reserved 1146880K
  class space    used 14407K, committed 14784K, reserved 1048576K
}
Event: 35.762 GC heap before
{Heap before GC invocations=44 (full 0):
 garbage-first heap   total 236544K, used 188818K [0x0000000080000000, 0x0000000100000000)
  region size 1024K, 103 young (105472K), 12 survivors (12288K)
 Metaspace       used 110298K, committed 111104K, reserved 1146880K
  class space    used 14681K, committed 15040K, reserved 1048576K
}
Event: 35.782 GC heap after
{Heap after GC invocations=45 (full 0):
 garbage-first heap   total 236544K, used 108609K [0x0000000080000000, 0x0000000100000000)
  region size 1024K, 13 young (13312K), 13 survivors (13312K)
 Metaspace       used 110298K, committed 111104K, reserved 1146880K
  class space    used 14681K, committed 15040K, reserved 1048576K
}
Event: 35.789 GC heap before
{Heap before GC invocations=45 (full 0):
 garbage-first heap   total 236544K, used 109633K [0x0000000080000000, 0x0000000100000000)
  region size 1024K, 14 young (14336K), 13 survivors (13312K)
 Metaspace       used 110299K, committed 111104K, reserved 1146880K
  class space    used 14681K, committed 15040K, reserved 1048576K
}

Dll operation events (2 events):
Event: 0.031 Loaded shared library C:\Program Files\Android\Android Studio\jbr\bin\java.dll
Event: 1.090 Loaded shared library C:\Program Files\Android\Android Studio\jbr\bin\verify.dll

Deoptimization events (20 events):
Event: 35.106 Thread 0x000001d21cbfebb0 DEOPT PACKING pc=0x000001d207d71378 sp=0x000000374b6fabc0
Event: 35.106 Thread 0x000001d21cbfebb0 DEOPT UNPACKING pc=0x000001d2075869a3 sp=0x000000374b6fab58 mode 2
Event: 35.109 Thread 0x000001d21cbfebb0 Uncommon trap: trap_request=0xffffff45 fr.pc=0x000001d207b1e8cc relative=0x000000000000028c
Event: 35.109 Thread 0x000001d21cbfebb0 Uncommon trap: reason=unstable_if action=reinterpret pc=0x000001d207b1e8cc method=org.gradle.internal.file.FileHierarchySet$Node.isChildOfOrThis(Ljava/lang/String;I)Z @ 89 c2
Event: 35.109 Thread 0x000001d21cbfebb0 DEOPT PACKING pc=0x000001d207b1e8cc sp=0x000000374b6fabf0
Event: 35.110 Thread 0x000001d21cbfebb0 DEOPT UNPACKING pc=0x000001d2075869a3 sp=0x000000374b6fab78 mode 2
Event: 35.177 Thread 0x000001d21cbfebb0 DEOPT PACKING pc=0x000001d2008742d1 sp=0x000000374b6fa3e0
Event: 35.177 Thread 0x000001d21cbfebb0 DEOPT UNPACKING pc=0x000001d207587143 sp=0x000000374b6f98d8 mode 0
Event: 35.455 Thread 0x000001d21cbfebb0 Uncommon trap: trap_request=0xffffff45 fr.pc=0x000001d207e7a9f8 relative=0x0000000000000238
Event: 35.455 Thread 0x000001d21cbfebb0 Uncommon trap: reason=unstable_if action=reinterpret pc=0x000001d207e7a9f8 method=com.esotericsoftware.kryo.io.Input.require(I)I @ 65 c2
Event: 35.455 Thread 0x000001d21cbfebb0 DEOPT PACKING pc=0x000001d207e7a9f8 sp=0x000000374b6fb360
Event: 35.455 Thread 0x000001d21cbfebb0 DEOPT UNPACKING pc=0x000001d2075869a3 sp=0x000000374b6fb320 mode 2
Event: 35.483 Thread 0x000001d21cbfebb0 DEOPT PACKING pc=0x000001d2012d3f63 sp=0x000000374b6fac20
Event: 35.483 Thread 0x000001d21cbfebb0 DEOPT UNPACKING pc=0x000001d207587143 sp=0x000000374b6fa0b0 mode 0
Event: 35.506 Thread 0x000001d21cbfebb0 DEOPT PACKING pc=0x000001d20129e8f6 sp=0x000000374b6fb850
Event: 35.506 Thread 0x000001d21cbfebb0 DEOPT UNPACKING pc=0x000001d207587143 sp=0x000000374b6facf8 mode 0
Event: 35.730 Thread 0x000001d216a9af90 Uncommon trap: trap_request=0xffffff45 fr.pc=0x000001d207cb2dac relative=0x00000000000003ec
Event: 35.730 Thread 0x000001d216a9af90 Uncommon trap: reason=unstable_if action=reinterpret pc=0x000001d207cb2dac method=java.util.concurrent.ConcurrentHashMap.addCount(JI)V @ 97 c2
Event: 35.730 Thread 0x000001d216a9af90 DEOPT PACKING pc=0x000001d207cb2dac sp=0x0000003745bfc860
Event: 35.730 Thread 0x000001d216a9af90 DEOPT UNPACKING pc=0x000001d2075869a3 sp=0x0000003745bfc718 mode 2

Classes unloaded (0 events):
No events

Classes redefined (0 events):
No events

Internal exceptions (20 events):
Event: 34.948 Thread 0x000001d216098970 Exception <a 'java/lang/ClassNotFoundException'{0x000000008bed40f8}: com/android/build/gradle/internal/tasks/ListingFileRedirectTaskBeanInfo> (0x000000008bed40f8) 
thrown [s\src\hotspot\share\classfile\systemDictionary.cpp, line 256]
Event: 34.948 Thread 0x000001d216098970 Exception <a 'java/lang/ClassNotFoundException'{0x000000008bee06b0}: com/android/build/gradle/internal/tasks/ListingFileRedirectTaskCustomizer> (0x000000008bee06b0) 
thrown [s\src\hotspot\share\classfile\systemDictionary.cpp, line 256]
Event: 34.950 Thread 0x000001d216098970 Exception <a 'java/lang/ClassNotFoundException'{0x000000008befdca0}: com/android/build/gradle/internal/tasks/ListingFileRedirectTask_DecoratedCustomizer> (0x000000008befdca0) 
thrown [s\src\hotspot\share\classfile\systemDictionary.cpp, line 256]
Event: 34.953 Thread 0x000001d216098970 Implicit null exception at 0x000001d207eb3893 to 0x000001d207eb3e88
Event: 34.974 Thread 0x000001d216098970 Exception <a 'sun/nio/fs/WindowsException'{0x000000008bdd85f8}> (0x000000008bdd85f8) 
thrown [s\src\hotspot\share\prims\jni.cpp, line 517]
Event: 35.072 Thread 0x000001d21cbfebb0 Exception <a 'sun/nio/fs/WindowsException'{0x000000008b920430}> (0x000000008b920430) 
thrown [s\src\hotspot\share\prims\jni.cpp, line 517]
Event: 35.072 Thread 0x000001d21cbfebb0 Exception <a 'sun/nio/fs/WindowsException'{0x000000008b9212f0}> (0x000000008b9212f0) 
thrown [s\src\hotspot\share\prims\jni.cpp, line 517]
Event: 35.072 Thread 0x000001d21cbfebb0 Exception <a 'sun/nio/fs/WindowsException'{0x000000008b921360}> (0x000000008b921360) 
thrown [s\src\hotspot\share\prims\jni.cpp, line 517]
Event: 35.073 Thread 0x000001d21cbfebb0 Exception <a 'sun/nio/fs/WindowsException'{0x000000008b921740}> (0x000000008b921740) 
thrown [s\src\hotspot\share\prims\jni.cpp, line 517]
Event: 35.147 Thread 0x000001d21cbfebb0 Exception <a 'sun/nio/fs/WindowsException'{0x000000008b7020d8}> (0x000000008b7020d8) 
thrown [s\src\hotspot\share\prims\jni.cpp, line 517]
Event: 35.158 Thread 0x000001d216a9a5f0 Exception <a 'java/lang/NoSuchMethodError'{0x000000008b78cee8}: static Lorg/gradle/internal/build/event/types/DefaultTaskSkippedResult;.<clinit>()V> (0x000000008b78cee8) 
thrown [s\src\hotspot\share\prims\jni.cpp, line 1108]
Event: 35.594 Thread 0x000001d21cbfebb0 Exception <a 'java/lang/NoSuchMethodError'{0x000000008a7b7d78}: 'void java.lang.invoke.DirectMethodHandle$Holder.invokeStatic(java.lang.Object, java.lang.Object, java.lang.Object, java.lang.Object, int, java.lang.Object, java.lang.Object)'> (0x000000008a7b7d78) 
thrown [s\src\hotspot\share\interpreter\linkResolver.cpp, line 771]
Event: 35.635 Thread 0x000001d216ac3f90 Exception <a 'java/lang/NoSuchMethodError'{0x000000008a5baf70}: 'java.lang.Object java.lang.invoke.DirectMethodHandle$Holder.invokeSpecialIFC(java.lang.Object, java.lang.Object, java.lang.Object)'> (0x000000008a5baf70) 
thrown [s\src\hotspot\share\interpreter\linkResolver.cpp, line 771]
Event: 35.635 Thread 0x000001d21cc038b0 Exception <a 'java/lang/NoSuchMethodError'{0x000000008a5f7050}: 'java.lang.Object java.lang.invoke.DirectMethodHandle$Holder.invokeSpecialIFC(java.lang.Object, java.lang.Object, java.lang.Object)'> (0x000000008a5f7050) 
thrown [s\src\hotspot\share\interpreter\linkResolver.cpp, line 771]
Event: 35.635 Thread 0x000001d216ac2c50 Exception <a 'java/lang/NoSuchMethodError'{0x000000008a51f0a8}: 'java.lang.Object java.lang.invoke.DirectMethodHandle$Holder.invokeSpecialIFC(java.lang.Object, java.lang.Object, java.lang.Object)'> (0x000000008a51f0a8) 
thrown [s\src\hotspot\share\interpreter\linkResolver.cpp, line 771]
Event: 35.635 Thread 0x000001d21cc01230 Exception <a 'java/lang/NoSuchMethodError'{0x000000008a6eb7b8}: 'java.lang.Object java.lang.invoke.DirectMethodHandle$Holder.invokeSpecialIFC(java.lang.Object, java.lang.Object, java.lang.Object)'> (0x000000008a6eb7b8) 
thrown [s\src\hotspot\share\interpreter\linkResolver.cpp, line 771]
Event: 35.635 Thread 0x000001d21cc02a40 Exception <a 'java/lang/NoSuchMethodError'{0x000000008a55d7b0}: 'java.lang.Object java.lang.invoke.DirectMethodHandle$Holder.invokeSpecialIFC(java.lang.Object, java.lang.Object, java.lang.Object)'> (0x000000008a55d7b0) 
thrown [s\src\hotspot\share\interpreter\linkResolver.cpp, line 771]
Event: 35.635 Thread 0x000001d21cc02570 Exception <a 'java/lang/NoSuchMethodError'{0x000000008a6bd578}: 'java.lang.Object java.lang.invoke.DirectMethodHandle$Holder.invokeSpecialIFC(java.lang.Object, java.lang.Object, java.lang.Object)'> (0x000000008a6bd578) 
thrown [s\src\hotspot\share\interpreter\linkResolver.cpp, line 771]
Event: 35.635 Thread 0x000001d216ac35f0 Exception <a 'java/lang/NoSuchMethodError'{0x0000000089819d98}: 'java.lang.Object java.lang.invoke.DirectMethodHandle$Holder.invokeSpecialIFC(java.lang.Object, java.lang.Object, java.lang.Object)'> (0x0000000089819d98) 
thrown [s\src\hotspot\share\interpreter\linkResolver.cpp, line 771]
Event: 35.635 Thread 0x000001d21cbfebb0 Exception <a 'java/lang/NoSuchMethodError'{0x000000008984d078}: 'java.lang.Object java.lang.invoke.DirectMethodHandle$Holder.invokeSpecialIFC(java.lang.Object, java.lang.Object, java.lang.Object)'> (0x000000008984d078) 
thrown [s\src\hotspot\share\interpreter\linkResolver.cpp, line 771]

VM Operations (20 events):
Event: 33.958 Executing VM operation: Cleanup done
Event: 34.507 Executing VM operation: G1CollectForAllocation
Event: 34.522 Executing VM operation: G1CollectForAllocation done
Event: 34.628 Executing VM operation: G1Concurrent
Event: 34.634 Executing VM operation: G1Concurrent done
Event: 34.679 Executing VM operation: G1Concurrent
Event: 34.680 Executing VM operation: G1Concurrent done
Event: 35.037 Executing VM operation: HandshakeAllThreads
Event: 35.037 Executing VM operation: HandshakeAllThreads done
Event: 35.129 Executing VM operation: HandshakeAllThreads
Event: 35.129 Executing VM operation: HandshakeAllThreads done
Event: 35.298 Executing VM operation: ICBufferFull
Event: 35.298 Executing VM operation: ICBufferFull done
Event: 35.523 Executing VM operation: HandshakeAllThreads
Event: 35.524 Executing VM operation: HandshakeAllThreads done
Event: 35.647 Executing VM operation: ICBufferFull
Event: 35.647 Executing VM operation: ICBufferFull done
Event: 35.762 Executing VM operation: G1CollectForAllocation
Event: 35.782 Executing VM operation: G1CollectForAllocation done
Event: 35.789 Executing VM operation: G1CollectForAllocation

Events (20 events):
Event: 33.683 loading class java/util/EnumMap$EnumMapIterator
Event: 33.684 loading class java/util/EnumMap$EnumMapIterator done
Event: 33.684 loading class java/util/EnumMap$EntryIterator done
Event: 33.684 loading class java/util/EnumMap$EntryIterator$Entry
Event: 33.684 loading class java/util/EnumMap$EntryIterator$Entry done
Event: 33.705 loading class jdk/internal/reflect/UnsafeBooleanFieldAccessorImpl
Event: 33.705 loading class jdk/internal/reflect/UnsafeBooleanFieldAccessorImpl done
Event: 34.858 loading class java/io/FilterReader
Event: 34.858 loading class java/io/FilterReader done
Event: 34.977 Thread 0x000001d21cbfe210 Thread added: 0x000001d21cbfe210
Event: 34.977 Thread 0x000001d21cbff080 Thread added: 0x000001d21cbff080
Event: 34.995 Thread 0x000001d21cbfc530 Thread added: 0x000001d21cbfc530
Event: 34.996 Thread 0x000001d21cbfebb0 Thread added: 0x000001d21cbfebb0
Event: 34.996 Thread 0x000001d21cbfd870 Thread added: 0x000001d21cbfd870
Event: 34.996 Thread 0x000001d21cbfe6e0 Thread added: 0x000001d21cbfe6e0
Event: 34.997 Thread 0x000001d21cc01bd0 Thread added: 0x000001d21cc01bd0
Event: 34.997 Thread 0x000001d21cc02f10 Thread added: 0x000001d21cc02f10
Event: 34.997 Thread 0x000001d21cbff550 Thread added: 0x000001d21cbff550
Event: 34.998 Thread 0x000001d21cc020a0 Thread added: 0x000001d21cc020a0
Event: 35.001 Thread 0x000001d21cc033e0 Thread added: 0x000001d21cc033e0


Dynamic libraries:
0x00007ff7e5d20000 - 0x00007ff7e5d2a000 	C:\Program Files\Android\Android Studio\jbr\bin\java.exe
0x00007ffa633b0000 - 0x00007ffa635c7000 	C:\WINDOWS\SYSTEM32\ntdll.dll
0x00007ffa62950000 - 0x00007ffa62a14000 	C:\WINDOWS\System32\KERNEL32.DLL
0x00007ffa60730000 - 0x00007ffa60ad7000 	C:\WINDOWS\System32\KERNELBASE.dll
0x00007ffa60eb0000 - 0x00007ffa60fc1000 	C:\WINDOWS\System32\ucrtbase.dll
0x00007ffa4e1a0000 - 0x00007ffa4e1bb000 	C:\Program Files\Android\Android Studio\jbr\bin\VCRUNTIME140.dll
0x00007ffa46150000 - 0x00007ffa46167000 	C:\Program Files\Android\Android Studio\jbr\bin\jli.dll
0x00007ffa62e40000 - 0x00007ffa62fee000 	C:\WINDOWS\System32\USER32.dll
0x00007ffa60700000 - 0x00007ffa60726000 	C:\WINDOWS\System32\win32u.dll
0x00007ffa63070000 - 0x00007ffa63099000 	C:\WINDOWS\System32\GDI32.dll
0x00007ffa60ae0000 - 0x00007ffa60bf9000 	C:\WINDOWS\System32\gdi32full.dll
0x00007ffa61040000 - 0x00007ffa610da000 	C:\WINDOWS\System32\msvcp_win.dll
0x00007ffa56aa0000 - 0x00007ffa56d33000 	C:\WINDOWS\WinSxS\amd64_microsoft.windows.common-controls_6595b64144ccf1df_6.0.22621.3527_none_270e469b73872a76\COMCTL32.dll
0x00007ffa62ae0000 - 0x00007ffa62b87000 	C:\WINDOWS\System32\msvcrt.dll
0x00007ffa621a0000 - 0x00007ffa621d1000 	C:\WINDOWS\System32\IMM32.DLL
0x00007ffa54e20000 - 0x00007ffa54e2c000 	C:\Program Files\Android\Android Studio\jbr\bin\vcruntime140_1.dll
0x00007ffa2afa0000 - 0x00007ffa2b02d000 	C:\Program Files\Android\Android Studio\jbr\bin\msvcp140.dll
0x00007ff9eeaa0000 - 0x00007ff9ef70e000 	C:\Program Files\Android\Android Studio\jbr\bin\server\jvm.dll
0x00007ffa62a20000 - 0x00007ffa62ad2000 	C:\WINDOWS\System32\ADVAPI32.dll
0x00007ffa620f0000 - 0x00007ffa62198000 	C:\WINDOWS\System32\sechost.dll
0x00007ffa606d0000 - 0x00007ffa606f8000 	C:\WINDOWS\System32\bcrypt.dll
0x00007ffa61ec0000 - 0x00007ffa61fd5000 	C:\WINDOWS\System32\RPCRT4.dll
0x00007ffa45990000 - 0x00007ffa45999000 	C:\WINDOWS\SYSTEM32\WSOCK32.dll
0x00007ffa62ff0000 - 0x00007ffa63061000 	C:\WINDOWS\System32\WS2_32.dll
0x00007ffa586a0000 - 0x00007ffa586aa000 	C:\WINDOWS\SYSTEM32\VERSION.dll
0x00007ffa59e40000 - 0x00007ffa59e74000 	C:\WINDOWS\SYSTEM32\WINMM.dll
0x00007ffa5f6f0000 - 0x00007ffa5f708000 	C:\WINDOWS\SYSTEM32\kernel.appcore.dll
0x00007ffa5b9a0000 - 0x00007ffa5b9aa000 	C:\Program Files\Android\Android Studio\jbr\bin\jimage.dll
0x00007ffa57220000 - 0x00007ffa57452000 	C:\WINDOWS\SYSTEM32\DBGHELP.DLL
0x00007ffa621e0000 - 0x00007ffa62568000 	C:\WINDOWS\System32\combase.dll
0x00007ffa62570000 - 0x00007ffa62647000 	C:\WINDOWS\System32\OLEAUT32.dll
0x00007ffa564e0000 - 0x00007ffa56512000 	C:\WINDOWS\SYSTEM32\dbgcore.DLL
0x00007ffa60cc0000 - 0x00007ffa60d39000 	C:\WINDOWS\System32\bcryptPrimitives.dll
0x00007ffa5aba0000 - 0x00007ffa5abc5000 	C:\Program Files\Android\Android Studio\jbr\bin\java.dll
0x00007ffa48a80000 - 0x00007ffa48a98000 	C:\Program Files\Android\Android Studio\jbr\bin\zip.dll
0x00007ffa611e0000 - 0x00007ffa61a3c000 	C:\WINDOWS\System32\SHELL32.dll
0x00007ffa5e610000 - 0x00007ffa5ef06000 	C:\WINDOWS\SYSTEM32\windows.storage.dll
0x00007ffa5e4d0000 - 0x00007ffa5e60e000 	C:\WINDOWS\SYSTEM32\wintypes.dll
0x00007ffa630b0000 - 0x00007ffa631a5000 	C:\WINDOWS\System32\SHCORE.dll
0x00007ffa628e0000 - 0x00007ffa6293e000 	C:\WINDOWS\System32\shlwapi.dll
0x00007ffa60600000 - 0x00007ffa60621000 	C:\WINDOWS\SYSTEM32\profapi.dll
0x00007ffa48950000 - 0x00007ffa48969000 	C:\Program Files\Android\Android Studio\jbr\bin\net.dll
0x00007ffa5a9b0000 - 0x00007ffa5aae6000 	C:\WINDOWS\SYSTEM32\WINHTTP.dll
0x00007ffa5fbd0000 - 0x00007ffa5fc39000 	C:\WINDOWS\system32\mswsock.dll
0x00007ffa466f0000 - 0x00007ffa46706000 	C:\Program Files\Android\Android Studio\jbr\bin\nio.dll
0x00007ffa5ac70000 - 0x00007ffa5ac80000 	C:\Program Files\Android\Android Studio\jbr\bin\verify.dll
0x00007ffa48aa0000 - 0x00007ffa48ac7000 	C:\Users\23480\.gradle\native\68d5fa5c4cc2d200863cafc0d521ce42e7d3e7ee720ec0a83991735586a16f82\windows-amd64\native-platform.dll
0x00007ffa123e0000 - 0x00007ffa12524000 	C:\Users\23480\.gradle\native\e376f236ea51e6404a007f0833ffe2c6e607c4080706a723a18a27aeea778392\windows-amd64\native-platform-file-events.dll
0x00007ffa59ff0000 - 0x00007ffa59ff9000 	C:\Program Files\Android\Android Studio\jbr\bin\management.dll
0x00007ffa59fc0000 - 0x00007ffa59fcb000 	C:\Program Files\Android\Android Studio\jbr\bin\management_ext.dll
0x00007ffa61150000 - 0x00007ffa61158000 	C:\WINDOWS\System32\PSAPI.DLL
0x00007ffa5fe30000 - 0x00007ffa5fe4b000 	C:\WINDOWS\SYSTEM32\CRYPTSP.dll
0x00007ffa5f650000 - 0x00007ffa5f685000 	C:\WINDOWS\system32\rsaenh.dll
0x00007ffa5fcd0000 - 0x00007ffa5fcf8000 	C:\WINDOWS\SYSTEM32\USERENV.dll
0x00007ffa5fea0000 - 0x00007ffa5feac000 	C:\WINDOWS\SYSTEM32\CRYPTBASE.dll
0x00007ffa5f170000 - 0x00007ffa5f19d000 	C:\WINDOWS\SYSTEM32\IPHLPAPI.DLL
0x00007ffa62940000 - 0x00007ffa62949000 	C:\WINDOWS\System32\NSI.dll
0x00007ffa5ac20000 - 0x00007ffa5ac39000 	C:\WINDOWS\SYSTEM32\dhcpcsvc6.DLL
0x00007ffa5a450000 - 0x00007ffa5a46f000 	C:\WINDOWS\SYSTEM32\dhcpcsvc.DLL
0x00007ffa5f1a0000 - 0x00007ffa5f298000 	C:\WINDOWS\SYSTEM32\DNSAPI.dll
0x00007ffa59f20000 - 0x00007ffa59f28000 	C:\WINDOWS\system32\wshunix.dll
0x000000006a600000 - 0x000000006a626000 	C:\Program Files\Bonjour\mdnsNSP.dll
0x00007ffa56e80000 - 0x00007ffa56e8a000 	C:\Windows\System32\rasadhlp.dll
0x00007ffa58730000 - 0x00007ffa587b3000 	C:\WINDOWS\System32\fwpuclnt.dll
0x00007ffa4cfd0000 - 0x00007ffa4cfe7000 	C:\WINDOWS\system32\napinsp.dll
0x00007ffa4c920000 - 0x00007ffa4c93b000 	C:\WINDOWS\system32\pnrpnsp.dll
0x00007ffa46920000 - 0x00007ffa46931000 	C:\WINDOWS\System32\winrnr.dll
0x00007ffa32a00000 - 0x00007ffa32a15000 	C:\WINDOWS\system32\wshbth.dll
0x00007ffa329d0000 - 0x00007ffa329f7000 	C:\WINDOWS\system32\nlansp_c.dll

dbghelp: loaded successfully - version: 4.0.5 - missing functions: none
symbol engine: initialized successfully - sym options: 0x614 - pdb path: .;C:\Program Files\Android\Android Studio\jbr\bin;C:\WINDOWS\SYSTEM32;C:\WINDOWS\WinSxS\amd64_microsoft.windows.common-controls_6595b64144ccf1df_6.0.22621.3527_none_270e469b73872a76;C:\Program Files\Android\Android Studio\jbr\bin\server;C:\Users\23480\.gradle\native\68d5fa5c4cc2d200863cafc0d521ce42e7d3e7ee720ec0a83991735586a16f82\windows-amd64;C:\Users\23480\.gradle\native\e376f236ea51e6404a007f0833ffe2c6e607c4080706a723a18a27aeea778392\windows-amd64;C:\Program Files\Bonjour

VM Arguments:
jvm_args: --add-opens=java.base/java.util=ALL-UNNAMED --add-opens=java.base/java.lang=ALL-UNNAMED --add-opens=java.base/java.lang.invoke=ALL-UNNAMED --add-opens=java.prefs/java.util.prefs=ALL-UNNAMED --add-opens=java.base/java.nio.charset=ALL-UNNAMED --add-opens=java.base/java.net=ALL-UNNAMED --add-opens=java.base/java.util.concurrent.atomic=ALL-UNNAMED -Xmx2048m -Dfile.encoding=UTF-8 -Duser.country=US -Duser.language=en -Duser.variant 
java_command: org.gradle.launcher.daemon.bootstrap.GradleDaemon 8.0
java_class_path (initial): C:\Users\23480\.gradle\wrapper\dists\gradle-8.0-bin\ca5e32bp14vu59qr306oxotwh\gradle-8.0\lib\gradle-launcher-8.0.jar
Launcher Type: SUN_STANDARD

[Global flags]
     intx CICompilerCount                          = 4                                         {product} {ergonomic}
     uint ConcGCThreads                            = 2                                         {product} {ergonomic}
     uint G1ConcRefinementThreads                  = 8                                         {product} {ergonomic}
   size_t G1HeapRegionSize                         = 1048576                                   {product} {ergonomic}
    uintx GCDrainStackTargetSize                   = 64                                        {product} {ergonomic}
   size_t InitialHeapSize                          = 123731968                                 {product} {ergonomic}
   size_t MarkStackSize                            = 4194304                                   {product} {ergonomic}
   size_t MaxHeapSize                              = 2147483648                                {product} {command line}
   size_t MaxNewSize                               = 1287651328                                {product} {ergonomic}
   size_t MinHeapDeltaBytes                        = 1048576                                   {product} {ergonomic}
   size_t MinHeapSize                              = 8388608                                   {product} {ergonomic}
    uintx NonNMethodCodeHeapSize                   = 5839372                                {pd product} {ergonomic}
    uintx NonProfiledCodeHeapSize                  = 122909434                              {pd product} {ergonomic}
    uintx ProfiledCodeHeapSize                     = 122909434                              {pd product} {ergonomic}
    uintx ReservedCodeCacheSize                    = 251658240                              {pd product} {ergonomic}
     bool SegmentedCodeCache                       = true                                      {product} {ergonomic}
   size_t SoftMaxHeapSize                          = 2147483648                             {manageable} {ergonomic}
     bool UseCompressedClassPointers               = true                           {product lp64_product} {ergonomic}
     bool UseCompressedOops                        = true                           {product lp64_product} {ergonomic}
     bool UseG1GC                                  = true                                      {product} {ergonomic}
     bool UseLargePagesIndividualAllocation        = false                                  {pd product} {ergonomic}

Logging:
Log output configuration:
 #0: stdout all=warning uptime,level,tags
 #1: stderr all=off uptime,level,tags

Environment Variables:
PATH=C:\WINDOWS\system32;C:\WINDOWS;C:\WINDOWS\System32\Wbem;C:\WINDOWS\System32\WindowsPowerShell\v1.0\;C:\WINDOWS\System32\OpenSSH\;C:\Program Files\nodejs\;C:\Program Files\Git\cmd;C:\Program Files\HP\HP One Agent;C:\Users\23480\AppData\Local\Programs\Python\Python311\Scripts\;C:\Users\23480\AppData\Local\Programs\Python\Python311\;C:\Users\23480\AppData\Local\Microsoft\WindowsApps;C:\Users\23480\AppData\Local\atom\bin;C:\Users\23480\AppData\Local\Programs\Microsoft VS Code\bin;C:\Users\23480\AppData\Local\Microsoft\WindowsApps;;C:\Program Files\JetBrains\IntelliJ IDEA Community Edition 2023.2.1\bin;;C:\Users\23480\AppData\Roaming\npm
USERNAME=23480
OS=Windows_NT
PROCESSOR_IDENTIFIER=AMD64 Family 23 Model 104 Stepping 1, AuthenticAMD
TMP=C:\Users\23480\AppData\Local\Temp
TEMP=C:\Users\23480\AppData\Local\Temp


JNI global refs:
JNI global refs: 27, weak refs: 20

JNI global refs memory usage: 843, weak refs: 841


---------------  S Y S T E M  ---------------

OS:
 Windows 11 , 64 bit Build 22621 (10.0.22621.3527)
OS uptime: 1 days 1:45 hours

CPU: total 8 (initial active 8) (8 cores per cpu, 2 threads per core) family 23 model 104 stepping 1 microcode 0x0, cx8, cmov, fxsr, ht, mmx, 3dnowpref, sse, sse2, sse3, ssse3, sse4a, sse4.1, sse4.2, popcnt, lzcnt, tsc, tscinvbit, avx, avx2, aes, clmul, bmi1, bmi2, adx, sha, fma, vzeroupper, clflush, clflushopt

Memory: 4k page, system-wide physical 7502M (324M free)
TotalPageFile size 11571M (AvailPageFile size 123M)
current process WorkingSet (physical memory assigned to process): 466M, peak: 492M
current process commit charge ("private bytes"): 527M, peak: 812M

vm_info: OpenJDK 64-Bit Server VM (17.0.6+0-b2043.56-10027231) for windows-amd64 JRE (17.0.6+0-b2043.56-10027231), built on Apr 28 2023 00:43:19 by "androidbuild" with MS VC++ 16.10 / 16.11 (VS2019)

END.
