#
# There is insufficient memory for the Java Runtime Environment to continue.
# Native memory allocation (mmap) failed to map 34603008 bytes for G1 virtual space
# Possible reasons:
#   The system is out of physical RAM or swap space
#   The process is running with CompressedOops enabled, and the Java Heap may be blocking the growth of the native heap
# Possible solutions:
#   Reduce memory load on the system
#   Increase physical memory or swap space
#   Check if swap backing store is full
#   Decrease Java heap size (-Xmx/-Xms)
#   Decrease number of Java threads
#   Decrease Java thread stack sizes (-Xss)
#   Set larger code cache with -XX:ReservedCodeCacheSize=
#   JVM is running with Unscaled Compressed Oops mode in which the Java heap is
#     placed in the first 4GB address space. The Java Heap base address is the
#     maximum limit for the native heap growth. Please use -XX:HeapBaseMinAddress
#     to set the Java Heap base and to place the Java Heap above 4GB virtual address.
# This output file may be truncated or incomplete.
#
#  Out of Memory Error (os_windows.cpp:3769), pid=15904, tid=14024
#
# JRE version: OpenJDK Runtime Environment (17.0.6) (build 17.0.6+0-b2043.56-10027231)
# Java VM: OpenJDK 64-Bit Server VM (17.0.6+0-b2043.56-10027231, mixed mode, tiered, compressed oops, compressed class ptrs, g1 gc, windows-amd64)
# No core dump will be written. Minidumps are not enabled by default on client versions of Windows
#

---------------  S U M M A R Y ------------

Command Line: org.jetbrains.kotlin.cli.jvm.K2JVMCompiler @C:\Users\23480\Documents\androidproject\DailyQuotes\app\build\20240513_10349899572650770845.compiler.options

Host: AMD Ryzen 3 5300U with Radeon Graphics         , 8 cores, 7G,  Windows 11 , 64 bit Build 22621 (10.0.22621.3374)
Time: Mon May 13 12:45:27 2024 W. Central Africa Standard Time elapsed time: 5.992879 seconds (0d 0h 0m 5s)

---------------  T H R E A D  ---------------

Current thread (0x00000175fe240c60):  VMThread "VM Thread" [stack: 0x0000007162c00000,0x0000007162d00000] [id=14024]

Stack: [0x0000007162c00000,0x0000007162d00000]
Native frames: (J=compiled Java code, j=interpreted, Vv=VM code, C=native code)
V  [jvm.dll+0x683c9a]
V  [jvm.dll+0x8427a4]
V  [jvm.dll+0x843f9e]
V  [jvm.dll+0x844603]
V  [jvm.dll+0x249b75]
V  [jvm.dll+0x680b69]
V  [jvm.dll+0x67505a]
V  [jvm.dll+0x309acb]
V  [jvm.dll+0x310f86]
V  [jvm.dll+0x3608ee]
V  [jvm.dll+0x360b1f]
V  [jvm.dll+0x2dfbf8]
V  [jvm.dll+0x2ddec4]
V  [jvm.dll+0x2dd4cc]
V  [jvm.dll+0x321f3b]
V  [jvm.dll+0x848ccb]
V  [jvm.dll+0x849a04]
V  [jvm.dll+0x849f1d]
V  [jvm.dll+0x84a2f4]
V  [jvm.dll+0x84a3c0]
V  [jvm.dll+0x7f274a]
V  [jvm.dll+0x682ad5]
C  [ucrtbase.dll+0x29333]
C  [KERNEL32.DLL+0x1257d]
C  [ntdll.dll+0x5aa48]

VM_Operation (0x00000071626fcda0): G1CollectForAllocation, mode: safepoint, requested by thread 0x00000175f3a41c90


---------------  P R O C E S S  ---------------

Threads class SMR info:
_java_thread_list=0x000001758f99a150, length=14, elements={
0x00000175f3a41c90, 0x00000175fe267660, 0x00000175fec02450, 0x00000175fec2aa10,
0x00000175fec2d3d0, 0x00000175fec2dd80, 0x00000175fec2e730, 0x00000175fec44010,
0x00000175fec4c920, 0x00000175fec50630, 0x00000175feda54a0, 0x00000175fedbc5c0,
0x00000175ff430360, 0x00000175ff741f50
}

Java Threads: ( => current thread )
  0x00000175f3a41c90 JavaThread "main" [_thread_blocked, id=16744, stack(0x0000007162600000,0x0000007162700000)]
  0x00000175fe267660 JavaThread "Reference Handler" daemon [_thread_blocked, id=8180, stack(0x0000007162d00000,0x0000007162e00000)]
  0x00000175fec02450 JavaThread "Finalizer" daemon [_thread_blocked, id=7884, stack(0x0000007162e00000,0x0000007162f00000)]
  0x00000175fec2aa10 JavaThread "Signal Dispatcher" daemon [_thread_blocked, id=13556, stack(0x0000007162f00000,0x0000007163000000)]
  0x00000175fec2d3d0 JavaThread "Attach Listener" daemon [_thread_blocked, id=12872, stack(0x0000007163000000,0x0000007163100000)]
  0x00000175fec2dd80 JavaThread "Service Thread" daemon [_thread_blocked, id=10532, stack(0x0000007163100000,0x0000007163200000)]
  0x00000175fec2e730 JavaThread "Monitor Deflation Thread" daemon [_thread_blocked, id=20060, stack(0x0000007163200000,0x0000007163300000)]
  0x00000175fec44010 JavaThread "C2 CompilerThread0" daemon [_thread_blocked, id=1556, stack(0x0000007163300000,0x0000007163400000)]
  0x00000175fec4c920 JavaThread "C1 CompilerThread0" daemon [_thread_blocked, id=12572, stack(0x0000007163400000,0x0000007163500000)]
  0x00000175fec50630 JavaThread "Sweeper thread" daemon [_thread_blocked, id=10900, stack(0x0000007163500000,0x0000007163600000)]
  0x00000175feda54a0 JavaThread "Notification Thread" daemon [_thread_blocked, id=20432, stack(0x0000007163600000,0x0000007163700000)]
  0x00000175fedbc5c0 JavaThread "Common-Cleaner" daemon [_thread_blocked, id=9544, stack(0x0000007163800000,0x0000007163900000)]
  0x00000175ff430360 JavaThread "C2 CompilerThread1" daemon [_thread_blocked, id=10792, stack(0x0000007164100000,0x0000007164200000)]
  0x00000175ff741f50 JavaThread "C2 CompilerThread2" daemon [_thread_in_native, id=10432, stack(0x0000007164200000,0x0000007164300000)]

Other Threads:
=>0x00000175fe240c60 VMThread "VM Thread" [stack: 0x0000007162c00000,0x0000007162d00000] [id=14024]
  0x00000175f3aba6d0 WatcherThread [stack: 0x0000007163700000,0x0000007163800000] [id=17484]
  0x00000175f3a99920 GCTaskThread "GC Thread#0" [stack: 0x0000007162700000,0x0000007162800000] [id=7292]
  0x00000175ff2be680 GCTaskThread "GC Thread#1" [stack: 0x0000007163900000,0x0000007163a00000] [id=3600]
  0x00000175ff397420 GCTaskThread "GC Thread#2" [stack: 0x0000007163a00000,0x0000007163b00000] [id=17944]
  0x00000175ff3976d0 GCTaskThread "GC Thread#3" [stack: 0x0000007163b00000,0x0000007163c00000] [id=2396]
  0x00000175ff39b990 GCTaskThread "GC Thread#4" [stack: 0x0000007163c00000,0x0000007163d00000] [id=20400]
  0x000001758f8cc820 GCTaskThread "GC Thread#5" [stack: 0x0000007163d00000,0x0000007163e00000] [id=20036]
  0x000001758f8ccad0 GCTaskThread "GC Thread#6" [stack: 0x0000007163e00000,0x0000007163f00000] [id=15344]
  0x00000175ff7a3380 GCTaskThread "GC Thread#7" [stack: 0x0000007163f00000,0x0000007164000000] [id=9144]
  0x00000175f3aa92e0 ConcurrentGCThread "G1 Main Marker" [stack: 0x0000007162800000,0x0000007162900000] [id=19180]
  0x00000175f3aaa490 ConcurrentGCThread "G1 Conc#0" [stack: 0x0000007162900000,0x0000007162a00000] [id=10576]
  0x00000175ff7a3b90 ConcurrentGCThread "G1 Conc#1" [stack: 0x0000007164000000,0x0000007164100000] [id=20324]
  0x00000175fe0930d0 ConcurrentGCThread "G1 Refine#0" [stack: 0x0000007162a00000,0x0000007162b00000] [id=6368]
  0x00000175fe093a00 ConcurrentGCThread "G1 Service" [stack: 0x0000007162b00000,0x0000007162c00000] [id=11844]

Threads with active compile tasks:
C2 CompilerThread2     6026 2978       4       jdk.internal.org.objectweb.asm.Frame::execute (2305 bytes)

VM state: at safepoint (normal execution)

VM Mutex/Monitor currently owned by a thread:  ([mutex/lock_event])
[0x00000175f3a3dac0] Threads_lock - owner thread: 0x00000175fe240c60
[0x00000175f3a3e0f0] Heap_lock - owner thread: 0x00000175f3a41c90

Heap address: 0x000000008ac00000, size: 1876 MB, Compressed Oops mode: 32-bit

CDS archive(s) not mapped
Compressed class space mapped at: 0x0000000100000000-0x0000000140000000, reserved size: 1073741824
Narrow klass base: 0x0000000000000000, Narrow klass shift: 3, Narrow klass range: 0x140000000

GC Precious Log:
 CPUs: 8 total, 8 available
 Memory: 7502M
 Large Page Support: Disabled
 NUMA Support: Disabled
 Compressed Oops: Enabled (32-bit)
 Heap Region Size: 1M
 Heap Min Capacity: 8M
 Heap Initial Capacity: 118M
 Heap Max Capacity: 1876M
 Pre-touch: Disabled
 Parallel Workers: 8
 Concurrent Workers: 2
 Concurrent Refinement Workers: 8
 Periodic GC: Disabled

Heap:
 garbage-first heap   total 57344K, used 28139K [0x000000008ac00000, 0x0000000100000000)
  region size 1024K, 2 young (2048K), 2 survivors (2048K)
 Metaspace       used 41424K, committed 41664K, reserved 1089536K
  class space    used 5160K, committed 5248K, reserved 1048576K

Heap Regions: E=young(eden), S=young(survivor), O=old, HS=humongous(starts), HC=humongous(continues), CS=collection set, F=free, OA=open archive, CA=closed archive, TAMS=top-at-mark-start (previous, next)
|   0|0x000000008ac00000, 0x000000008ad00000, 0x000000008ad00000|100%|HS|  |TAMS 0x000000008ad00000, 0x000000008ac00000| Complete 
|   1|0x000000008ad00000, 0x000000008ae00000, 0x000000008ae00000|100%|HC|  |TAMS 0x000000008ae00000, 0x000000008ad00000| Complete 
|   2|0x000000008ae00000, 0x000000008af00000, 0x000000008af00000|100%|HC|  |TAMS 0x000000008af00000, 0x000000008ae00000| Complete 
|   3|0x000000008af00000, 0x000000008b000000, 0x000000008b000000|100%|HC|  |TAMS 0x000000008b000000, 0x000000008af00000| Complete 
|   4|0x000000008b000000, 0x000000008b100000, 0x000000008b100000|100%| O|  |TAMS 0x000000008b100000, 0x000000008b000000| Untracked 
|   5|0x000000008b100000, 0x000000008b200000, 0x000000008b200000|100%| O|  |TAMS 0x000000008b200000, 0x000000008b100000| Untracked 
|   6|0x000000008b200000, 0x000000008b300000, 0x000000008b300000|100%| O|  |TAMS 0x000000008b200000, 0x000000008b200000| Untracked 
|   7|0x000000008b300000, 0x000000008b400000, 0x000000008b400000|100%|HS|  |TAMS 0x000000008b400000, 0x000000008b300000| Complete 
|   8|0x000000008b400000, 0x000000008b500000, 0x000000008b500000|100%|HC|  |TAMS 0x000000008b500000, 0x000000008b400000| Complete 
|   9|0x000000008b500000, 0x000000008b600000, 0x000000008b600000|100%|HC|  |TAMS 0x000000008b600000, 0x000000008b500000| Complete 
|  10|0x000000008b600000, 0x000000008b700000, 0x000000008b700000|100%|HC|  |TAMS 0x000000008b700000, 0x000000008b600000| Complete 
|  11|0x000000008b700000, 0x000000008b800000, 0x000000008b800000|100%| O|  |TAMS 0x000000008b800000, 0x000000008b700000| Untracked 
|  12|0x000000008b800000, 0x000000008b900000, 0x000000008b900000|100%| O|  |TAMS 0x000000008b800000, 0x000000008b800000| Untracked 
|  13|0x000000008b900000, 0x000000008ba00000, 0x000000008ba00000|100%| O|  |TAMS 0x000000008b900000, 0x000000008b900000| Untracked 
|  14|0x000000008ba00000, 0x000000008bb00000, 0x000000008bb00000|100%| O|  |TAMS 0x000000008ba00000, 0x000000008ba00000| Untracked 
|  15|0x000000008bb00000, 0x000000008bb82a00, 0x000000008bc00000| 51%| O|  |TAMS 0x000000008bb00000, 0x000000008bb00000| Untracked 
|  16|0x000000008bc00000, 0x000000008bd00000, 0x000000008bd00000|100%| O|  |TAMS 0x000000008bc00000, 0x000000008bc00000| Untracked 
|  17|0x000000008bd00000, 0x000000008be00000, 0x000000008be00000|100%| O|  |TAMS 0x000000008be00000, 0x000000008bd00000| Untracked 
|  18|0x000000008be00000, 0x000000008bf00000, 0x000000008bf00000|100%| O|  |TAMS 0x000000008be00000, 0x000000008be00000| Untracked 
|  19|0x000000008bf00000, 0x000000008bf00000, 0x000000008c000000|  0%| F|  |TAMS 0x000000008bf00000, 0x000000008bf00000| Untracked 
|  20|0x000000008c000000, 0x000000008c100000, 0x000000008c100000|100%| O|  |TAMS 0x000000008c080000, 0x000000008c000000| Untracked 
|  21|0x000000008c100000, 0x000000008c200000, 0x000000008c200000|100%| O|  |TAMS 0x000000008c100000, 0x000000008c100000| Untracked 
|  22|0x000000008c200000, 0x000000008c300000, 0x000000008c300000|100%| O|  |TAMS 0x000000008c200000, 0x000000008c200000| Untracked 
|  23|0x000000008c300000, 0x000000008c300000, 0x000000008c400000|  0%| F|  |TAMS 0x000000008c300000, 0x000000008c300000| Untracked 
|  24|0x000000008c400000, 0x000000008c400000, 0x000000008c500000|  0%| F|  |TAMS 0x000000008c400000, 0x000000008c400000| Untracked 
|  25|0x000000008c500000, 0x000000008c500000, 0x000000008c600000|  0%| F|  |TAMS 0x000000008c500000, 0x000000008c500000| Untracked 
|  26|0x000000008c600000, 0x000000008c600000, 0x000000008c700000|  0%| F|  |TAMS 0x000000008c600000, 0x000000008c600000| Untracked 
|  27|0x000000008c700000, 0x000000008c700000, 0x000000008c800000|  0%| F|  |TAMS 0x000000008c700000, 0x000000008c700000| Untracked 
|  28|0x000000008c800000, 0x000000008c800000, 0x000000008c900000|  0%| F|  |TAMS 0x000000008c800000, 0x000000008c800000| Untracked 
|  29|0x000000008c900000, 0x000000008c900000, 0x000000008ca00000|  0%| F|  |TAMS 0x000000008c900000, 0x000000008c900000| Untracked 
|  30|0x000000008ca00000, 0x000000008ca00000, 0x000000008cb00000|  0%| F|  |TAMS 0x000000008ca00000, 0x000000008ca00000| Untracked 
|  31|0x000000008cb00000, 0x000000008cb00000, 0x000000008cc00000|  0%| F|  |TAMS 0x000000008cb00000, 0x000000008cb00000| Untracked 
|  32|0x000000008cc00000, 0x000000008ccf8278, 0x000000008cd00000| 96%| S|CS|TAMS 0x000000008cc00000, 0x000000008cc00000| Complete 
|  33|0x000000008cd00000, 0x000000008ce00000, 0x000000008ce00000|100%| S|CS|TAMS 0x000000008cd00000, 0x000000008cd00000| Complete 
|  34|0x000000008ce00000, 0x000000008ce00000, 0x000000008cf00000|  0%| F|  |TAMS 0x000000008ce00000, 0x000000008ce00000| Untracked 
|  35|0x000000008cf00000, 0x000000008cf00000, 0x000000008d000000|  0%| F|  |TAMS 0x000000008cf00000, 0x000000008cf00000| Untracked 
|  36|0x000000008d000000, 0x000000008d000000, 0x000000008d100000|  0%| F|  |TAMS 0x000000008d000000, 0x000000008d000000| Untracked 
|  37|0x000000008d100000, 0x000000008d100000, 0x000000008d200000|  0%| F|  |TAMS 0x000000008d100000, 0x000000008d100000| Untracked 
|  38|0x000000008d200000, 0x000000008d200000, 0x000000008d300000|  0%| F|  |TAMS 0x000000008d200000, 0x000000008d200000| Untracked 
|  39|0x000000008d300000, 0x000000008d300000, 0x000000008d400000|  0%| F|  |TAMS 0x000000008d300000, 0x000000008d300000| Untracked 
|  40|0x000000008d400000, 0x000000008d400000, 0x000000008d500000|  0%| F|  |TAMS 0x000000008d400000, 0x000000008d400000| Untracked 
|  41|0x000000008d500000, 0x000000008d500000, 0x000000008d600000|  0%| F|  |TAMS 0x000000008d500000, 0x000000008d500000| Untracked 
|  42|0x000000008d600000, 0x000000008d600000, 0x000000008d700000|  0%| F|  |TAMS 0x000000008d600000, 0x000000008d600000| Untracked 
|  43|0x000000008d700000, 0x000000008d700000, 0x000000008d800000|  0%| F|  |TAMS 0x000000008d700000, 0x000000008d700000| Untracked 
|  44|0x000000008d800000, 0x000000008d800000, 0x000000008d900000|  0%| F|  |TAMS 0x000000008d800000, 0x000000008d800000| Untracked 
|  45|0x000000008d900000, 0x000000008d900000, 0x000000008da00000|  0%| F|  |TAMS 0x000000008d900000, 0x000000008d900000| Untracked 
|  46|0x000000008da00000, 0x000000008da00000, 0x000000008db00000|  0%| F|  |TAMS 0x000000008da00000, 0x000000008da00000| Untracked 
|  80|0x000000008fc00000, 0x000000008fc00000, 0x000000008fd00000|  0%| F|  |TAMS 0x000000008fc00000, 0x000000008fc00000| Untracked 
|  81|0x000000008fd00000, 0x000000008fd00000, 0x000000008fe00000|  0%| F|  |TAMS 0x000000008fd00000, 0x000000008fd00000| Untracked 
|  82|0x000000008fe00000, 0x000000008fe00000, 0x000000008ff00000|  0%| F|  |TAMS 0x000000008fe00000, 0x000000008fe00000| Untracked 
|  83|0x000000008ff00000, 0x000000008ff00000, 0x0000000090000000|  0%| F|  |TAMS 0x000000008ff00000, 0x000000008ff00000| Untracked 
| 117|0x0000000092100000, 0x0000000092100000, 0x0000000092200000|  0%| F|  |TAMS 0x0000000092100000, 0x0000000092100000| Untracked 
|1872|0x00000000ffc00000, 0x00000000ffd00000, 0x00000000ffd00000|100%| O|  |TAMS 0x00000000ffd00000, 0x00000000ffc00000| Untracked 
|1873|0x00000000ffd00000, 0x00000000ffe00000, 0x00000000ffe00000|100%| O|  |TAMS 0x00000000ffe00000, 0x00000000ffd00000| Untracked 
|1874|0x00000000ffe00000, 0x00000000fff00000, 0x00000000fff00000|100%| O|  |TAMS 0x00000000fff00000, 0x00000000ffe00000| Untracked 
|1875|0x00000000fff00000, 0x0000000100000000, 0x0000000100000000|100%| O|  |TAMS 0x0000000100000000, 0x00000000fff00000| Untracked 

Card table byte_map: [0x00000175f75f0000,0x00000175f79a0000] _byte_map_base: 0x00000175f719a000

Marking Bits (Prev, Next): (CMBitMap*) 0x00000175f3a99f30, (CMBitMap*) 0x00000175f3a99f70
 Prev Bits: [0x00000175f7d50000, 0x00000175f9aa0000)
 Next Bits: [0x00000175f9aa0000, 0x00000175fb7f0000)

Polling page: 0x00000175f3200000

Metaspace:

Usage:
  Non-class:     35.41 MB used.
      Class:      5.04 MB used.
       Both:     40.45 MB used.

Virtual space:
  Non-class space:       40.00 MB reserved,      35.56 MB ( 89%) committed,  5 nodes.
      Class space:        1.00 GB reserved,       5.12 MB ( <1%) committed,  1 nodes.
             Both:        1.04 GB reserved,      40.69 MB (  4%) committed. 

Chunk freelists:
   Non-Class:  352.00 KB
       Class:  2.69 MB
        Both:  3.03 MB

MaxMetaspaceSize: unlimited
CompressedClassSpaceSize: 1.00 GB
Initial GC threshold: 21.00 MB
Current GC threshold: 49.81 MB
CDS: off
MetaspaceReclaimPolicy: balanced
 - commit_granule_bytes: 65536.
 - commit_granule_words: 8192.
 - virtual_space_node_default_size: 1048576.
 - enlarge_chunks_in_place: 1.
 - new_chunks_are_fully_committed: 0.
 - uncommit_free_chunks: 1.
 - use_allocation_guard: 0.
 - handle_deallocations: 1.


Internal statistics:

num_allocs_failed_limit: 3.
num_arena_births: 194.
num_arena_deaths: 0.
num_vsnodes_births: 6.
num_vsnodes_deaths: 0.
num_space_committed: 651.
num_space_uncommitted: 0.
num_chunks_returned_to_freelist: 3.
num_chunks_taken_from_freelist: 1289.
num_chunk_merges: 3.
num_chunk_splits: 1038.
num_chunks_enlarged: 912.
num_purges: 0.
num_inconsistent_stats: 0.

CodeHeap 'non-profiled nmethods': size=120000Kb used=1335Kb max_used=1335Kb free=118664Kb
 bounds [0x0000017587ad0000, 0x0000017587d40000, 0x000001758f000000]
CodeHeap 'profiled nmethods': size=120000Kb used=5824Kb max_used=5824Kb free=114175Kb
 bounds [0x0000017580000000, 0x00000175805c0000, 0x0000017587530000]
CodeHeap 'non-nmethods': size=5760Kb used=1261Kb max_used=1312Kb free=4498Kb
 bounds [0x0000017587530000, 0x00000175877a0000, 0x0000017587ad0000]
 total_blobs=3621 nmethods=3047 adapters=486
 compilation: enabled
              stopped_count=0, restarted_count=0
 full_count=0

Compilation events (20 events):
Event: 5.931 Thread 0x00000175fec4c920 3042       3       jdk.proxy2.$Proxy1::<init> (6 bytes)
Event: 5.931 Thread 0x00000175fec4c920 nmethod 3042 0x00000175805aa610 code [0x00000175805aa7e0, 0x00000175805aab68]
Event: 5.931 Thread 0x00000175fec4c920 3043       3       sun.reflect.generics.parser.SignatureParser::parseTypeSignature (130 bytes)
Event: 5.932 Thread 0x00000175fec4c920 nmethod 3043 0x00000175805aad10 code [0x00000175805aaee0, 0x00000175805ab388]
Event: 5.932 Thread 0x00000175fec4c920 3044       3       kotlin.collections.CollectionsKt___CollectionsKt::single (76 bytes)
Event: 5.932 Thread 0x00000175ff430360 nmethod 3040 0x0000017587c1b990 code [0x0000017587c1bb00, 0x0000017587c1bd78]
Event: 5.932 Thread 0x00000175fec4c920 nmethod 3044 0x00000175805ab490 code [0x00000175805ab740, 0x00000175805ac468]
Event: 5.932 Thread 0x00000175fec4c920 3045       3       kotlin.collections.EmptyList::iterator (7 bytes)
Event: 5.933 Thread 0x00000175fec4c920 nmethod 3045 0x00000175805ac810 code [0x00000175805ac9a0, 0x00000175805acab8]
Event: 5.937 Thread 0x00000175fec4c920 3046       3       sun.reflect.annotation.AnnotationParser::parseSig (62 bytes)
Event: 5.938 Thread 0x00000175fec4c920 nmethod 3046 0x00000175805acb90 code [0x00000175805ace60, 0x00000175805adf98]
Event: 5.938 Thread 0x00000175fec4c920 3047       3       org.jetbrains.kotlin.container.CacheKt::getInfo (14 bytes)
Event: 5.939 Thread 0x00000175fec4c920 nmethod 3047 0x00000175805ae510 code [0x00000175805ae720, 0x00000175805aecc8]
Event: 5.939 Thread 0x00000175fec4c920 3048       3       org.jetbrains.kotlin.container.ClassTraversalCache::getClassInfo (43 bytes)
Event: 5.939 Thread 0x00000175fec4c920 nmethod 3048 0x00000175805aef10 code [0x00000175805af160, 0x00000175805afa68]
Event: 5.940 Thread 0x00000175fec44010 nmethod 3031 0x0000017587c1be90 code [0x0000017587c1c0c0, 0x0000017587c1d100]
Event: 5.956 Thread 0x00000175fec4c920 3049       1       java.lang.reflect.Constructor::getSignature (5 bytes)
Event: 5.956 Thread 0x00000175fec4c920 nmethod 3049 0x0000017587c1dc90 code [0x0000017587c1de20, 0x0000017587c1def8]
Event: 5.961 Thread 0x00000175fec4c920 3050       3       java.util.HashSet::toArray (18 bytes)
Event: 5.962 Thread 0x00000175fec4c920 nmethod 3050 0x00000175805afd90 code [0x00000175805aff40, 0x00000175805b0248]

GC Heap History (19 events):
Event: 1.702 GC heap before
{Heap before GC invocations=0 (full 0):
 garbage-first heap   total 120832K, used 27648K [0x000000008ac00000, 0x0000000100000000)
  region size 1024K, 23 young (23552K), 0 survivors (0K)
 Metaspace       used 13313K, committed 13440K, reserved 1064960K
  class space    used 1280K, committed 1344K, reserved 1048576K
}
Event: 1.710 GC heap after
{Heap after GC invocations=1 (full 0):
 garbage-first heap   total 120832K, used 6912K [0x000000008ac00000, 0x0000000100000000)
  region size 1024K, 3 young (3072K), 3 survivors (3072K)
 Metaspace       used 13313K, committed 13440K, reserved 1064960K
  class space    used 1280K, committed 1344K, reserved 1048576K
}
Event: 2.813 GC heap before
{Heap before GC invocations=1 (full 0):
 garbage-first heap   total 120832K, used 37632K [0x000000008ac00000, 0x0000000100000000)
  region size 1024K, 34 young (34816K), 3 survivors (3072K)
 Metaspace       used 21372K, committed 21504K, reserved 1073152K
  class space    used 2378K, committed 2432K, reserved 1048576K
}
Event: 2.829 GC heap after
{Heap after GC invocations=2 (full 0):
 garbage-first heap   total 120832K, used 10447K [0x000000008ac00000, 0x0000000100000000)
  region size 1024K, 4 young (4096K), 4 survivors (4096K)
 Metaspace       used 21372K, committed 21504K, reserved 1073152K
  class space    used 2378K, committed 2432K, reserved 1048576K
}
Event: 3.488 GC heap before
{Heap before GC invocations=3 (full 0):
 garbage-first heap   total 40960K, used 32975K [0x000000008ac00000, 0x0000000100000000)
  region size 1024K, 23 young (23552K), 4 survivors (4096K)
 Metaspace       used 26733K, committed 27008K, reserved 1073152K
  class space    used 2975K, committed 3072K, reserved 1048576K
}
Event: 3.512 GC heap after
{Heap after GC invocations=4 (full 0):
 garbage-first heap   total 45056K, used 20816K [0x000000008ac00000, 0x0000000100000000)
  region size 1024K, 3 young (3072K), 3 survivors (3072K)
 Metaspace       used 26733K, committed 27008K, reserved 1073152K
  class space    used 2975K, committed 3072K, reserved 1048576K
}
Event: 3.638 GC heap before
{Heap before GC invocations=4 (full 0):
 garbage-first heap   total 45056K, used 20816K [0x000000008ac00000, 0x0000000100000000)
  region size 1024K, 4 young (4096K), 3 survivors (3072K)
 Metaspace       used 27588K, committed 27776K, reserved 1081344K
  class space    used 3072K, committed 3136K, reserved 1048576K
}
Event: 3.646 GC heap after
{Heap after GC invocations=5 (full 0):
 garbage-first heap   total 45056K, used 21607K [0x000000008ac00000, 0x0000000100000000)
  region size 1024K, 1 young (1024K), 1 survivors (1024K)
 Metaspace       used 27588K, committed 27776K, reserved 1081344K
  class space    used 3072K, committed 3136K, reserved 1048576K
}
Event: 3.933 GC heap before
{Heap before GC invocations=5 (full 0):
 garbage-first heap   total 45056K, used 29799K [0x000000008ac00000, 0x0000000100000000)
  region size 1024K, 10 young (10240K), 1 survivors (1024K)
 Metaspace       used 30237K, committed 30528K, reserved 1081344K
  class space    used 3436K, committed 3584K, reserved 1048576K
}
Event: 3.938 GC heap after
{Heap after GC invocations=6 (full 0):
 garbage-first heap   total 45056K, used 21632K [0x000000008ac00000, 0x0000000100000000)
  region size 1024K, 1 young (1024K), 1 survivors (1024K)
 Metaspace       used 30237K, committed 30528K, reserved 1081344K
  class space    used 3436K, committed 3584K, reserved 1048576K
}
Event: 4.559 GC heap before
{Heap before GC invocations=7 (full 0):
 garbage-first heap   total 45056K, used 31872K [0x000000008ac00000, 0x0000000100000000)
  region size 1024K, 11 young (11264K), 1 survivors (1024K)
 Metaspace       used 32643K, committed 32960K, reserved 1081344K
  class space    used 4005K, committed 4160K, reserved 1048576K
}
Event: 4.566 GC heap after
{Heap after GC invocations=8 (full 0):
 garbage-first heap   total 57344K, used 23431K [0x000000008ac00000, 0x0000000100000000)
  region size 1024K, 2 young (2048K), 2 survivors (2048K)
 Metaspace       used 32643K, committed 32960K, reserved 1081344K
  class space    used 4005K, committed 4160K, reserved 1048576K
}
Event: 4.595 GC heap before
{Heap before GC invocations=8 (full 0):
 garbage-first heap   total 57344K, used 26503K [0x000000008ac00000, 0x0000000100000000)
  region size 1024K, 3 young (3072K), 2 survivors (2048K)
 Metaspace       used 32644K, committed 32960K, reserved 1081344K
  class space    used 4005K, committed 4160K, reserved 1048576K
}
Event: 4.602 GC heap after
{Heap after GC invocations=9 (full 0):
 garbage-first heap   total 57344K, used 23432K [0x000000008ac00000, 0x0000000100000000)
  region size 1024K, 1 young (1024K), 1 survivors (1024K)
 Metaspace       used 32644K, committed 32960K, reserved 1081344K
  class space    used 4005K, committed 4160K, reserved 1048576K
}
Event: 5.047 GC heap before
{Heap before GC invocations=9 (full 0):
 garbage-first heap   total 57344K, used 41864K [0x000000008ac00000, 0x0000000100000000)
  region size 1024K, 19 young (19456K), 1 survivors (1024K)
 Metaspace       used 34367K, committed 34560K, reserved 1081344K
  class space    used 4385K, committed 4480K, reserved 1048576K
}
Event: 5.057 GC heap after
{Heap after GC invocations=10 (full 0):
 garbage-first heap   total 57344K, used 26191K [0x000000008ac00000, 0x0000000100000000)
  region size 1024K, 3 young (3072K), 3 survivors (3072K)
 Metaspace       used 34367K, committed 34560K, reserved 1081344K
  class space    used 4385K, committed 4480K, reserved 1048576K
}
Event: 5.589 GC heap before
{Heap before GC invocations=10 (full 0):
 garbage-first heap   total 57344K, used 41551K [0x000000008ac00000, 0x0000000100000000)
  region size 1024K, 19 young (19456K), 3 survivors (3072K)
 Metaspace       used 38086K, committed 38400K, reserved 1089536K
  class space    used 4801K, committed 4928K, reserved 1048576K
}
Event: 5.598 GC heap after
{Heap after GC invocations=11 (full 0):
 garbage-first heap   total 57344K, used 25956K [0x000000008ac00000, 0x0000000100000000)
  region size 1024K, 2 young (2048K), 2 survivors (2048K)
 Metaspace       used 38086K, committed 38400K, reserved 1089536K
  class space    used 4801K, committed 4928K, reserved 1048576K
}
Event: 5.981 GC heap before
{Heap before GC invocations=11 (full 0):
 garbage-first heap   total 57344K, used 41316K [0x000000008ac00000, 0x0000000100000000)
  region size 1024K, 18 young (18432K), 2 survivors (2048K)
 Metaspace       used 41424K, committed 41664K, reserved 1089536K
  class space    used 5160K, committed 5248K, reserved 1048576K
}

Dll operation events (2 events):
Event: 0.025 Loaded shared library C:\Program Files\Android\Android Studio\jbr\bin\java.dll
Event: 2.458 Loaded shared library C:\Program Files\Android\Android Studio\jbr\bin\verify.dll

Deoptimization events (20 events):
Event: 5.693 Thread 0x00000175f3a41c90 Uncommon trap: trap_request=0xffffffc6 fr.pc=0x0000017587b2fffc relative=0x0000000000000a5c
Event: 5.693 Thread 0x00000175f3a41c90 Uncommon trap: reason=bimorphic_or_optimized_type_check action=maybe_recompile pc=0x0000017587b2fffc method=java.util.HashMap.putVal(ILjava/lang/Object;Ljava/lang/Object;ZZ)Ljava/lang/Object; @ 91 c2
Event: 5.693 Thread 0x00000175f3a41c90 DEOPT PACKING pc=0x0000017587b2fffc sp=0x00000071626fab80
Event: 5.693 Thread 0x00000175f3a41c90 DEOPT UNPACKING pc=0x00000175875869a3 sp=0x00000071626fab10 mode 2
Event: 5.693 Thread 0x00000175f3a41c90 Uncommon trap: trap_request=0xffffffc6 fr.pc=0x0000017587b2fffc relative=0x0000000000000a5c
Event: 5.693 Thread 0x00000175f3a41c90 Uncommon trap: reason=bimorphic_or_optimized_type_check action=maybe_recompile pc=0x0000017587b2fffc method=java.util.HashMap.putVal(ILjava/lang/Object;Ljava/lang/Object;ZZ)Ljava/lang/Object; @ 91 c2
Event: 5.693 Thread 0x00000175f3a41c90 DEOPT PACKING pc=0x0000017587b2fffc sp=0x00000071626fab80
Event: 5.693 Thread 0x00000175f3a41c90 DEOPT UNPACKING pc=0x00000175875869a3 sp=0x00000071626fab10 mode 2
Event: 5.693 Thread 0x00000175f3a41c90 Uncommon trap: trap_request=0xffffffc6 fr.pc=0x0000017587b2fffc relative=0x0000000000000a5c
Event: 5.693 Thread 0x00000175f3a41c90 Uncommon trap: reason=bimorphic_or_optimized_type_check action=maybe_recompile pc=0x0000017587b2fffc method=java.util.HashMap.putVal(ILjava/lang/Object;Ljava/lang/Object;ZZ)Ljava/lang/Object; @ 91 c2
Event: 5.693 Thread 0x00000175f3a41c90 DEOPT PACKING pc=0x0000017587b2fffc sp=0x00000071626fab80
Event: 5.693 Thread 0x00000175f3a41c90 DEOPT UNPACKING pc=0x00000175875869a3 sp=0x00000071626fab10 mode 2
Event: 5.747 Thread 0x00000175f3a41c90 Uncommon trap: trap_request=0xffffff45 fr.pc=0x0000017587bbed84 relative=0x00000000000000e4
Event: 5.747 Thread 0x00000175f3a41c90 Uncommon trap: reason=unstable_if action=reinterpret pc=0x0000017587bbed84 method=org.jetbrains.kotlin.com.intellij.util.SmartList.get(I)Ljava/lang/Object; @ 13 c2
Event: 5.747 Thread 0x00000175f3a41c90 DEOPT PACKING pc=0x0000017587bbed84 sp=0x00000071626fc1a0
Event: 5.747 Thread 0x00000175f3a41c90 DEOPT UNPACKING pc=0x00000175875869a3 sp=0x00000071626fc140 mode 2
Event: 5.932 Thread 0x00000175f3a41c90 Uncommon trap: trap_request=0xffffff45 fr.pc=0x0000017587c05d44 relative=0x0000000000000184
Event: 5.932 Thread 0x00000175f3a41c90 Uncommon trap: reason=unstable_if action=reinterpret pc=0x0000017587c05d44 method=org.jetbrains.kotlin.com.intellij.util.SmartList.get(I)Ljava/lang/Object; @ 13 c2
Event: 5.932 Thread 0x00000175f3a41c90 DEOPT PACKING pc=0x0000017587c05d44 sp=0x00000071626fdb90
Event: 5.932 Thread 0x00000175f3a41c90 DEOPT UNPACKING pc=0x00000175875869a3 sp=0x00000071626fdab0 mode 2

Classes unloaded (0 events):
No events

Classes redefined (0 events):
No events

Internal exceptions (20 events):
Event: 2.307 Thread 0x00000175f3a41c90 Exception <a 'java/lang/NoSuchMethodError'{0x00000000910b68a8}: 'long java.lang.invoke.Invokers$Holder.invoke_MT(java.lang.Object, java.lang.Object, java.lang.Object, java.lang.Object)'> (0x00000000910b68a8) 
thrown [s\src\hotspot\share\interpreter\linkResolver.cpp, line 771]
Event: 2.309 Thread 0x00000175f3a41c90 Exception <a 'java/lang/NoSuchMethodError'{0x00000000910c20c8}: 'int java.lang.invoke.DirectMethodHandle$Holder.invokeSpecial(java.lang.Object, java.lang.Object, java.lang.Object)'> (0x00000000910c20c8) 
thrown [s\src\hotspot\share\interpreter\linkResolver.cpp, line 771]
Event: 2.310 Thread 0x00000175f3a41c90 Exception <a 'java/lang/NoSuchMethodError'{0x00000000910c60f8}: 'int java.lang.invoke.DirectMethodHandle$Holder.invokeSpecial(java.lang.Object, java.lang.Object, java.lang.Object, java.lang.Object)'> (0x00000000910c60f8) 
thrown [s\src\hotspot\share\interpreter\linkResolver.cpp, line 771]
Event: 2.311 Thread 0x00000175f3a41c90 Exception <a 'java/lang/NoSuchMethodError'{0x00000000910c9760}: 'int java.lang.invoke.Invokers$Holder.invoke_MT(java.lang.Object, java.lang.Object, java.lang.Object, java.lang.Object)'> (0x00000000910c9760) 
thrown [s\src\hotspot\share\interpreter\linkResolver.cpp, line 771]
Event: 2.315 Thread 0x00000175f3a41c90 Exception <a 'java/lang/NoSuchMethodError'{0x00000000910d9380}: 'int java.lang.invoke.DelegatingMethodHandle$Holder.reinvoke_L(java.lang.Object, java.lang.Object, java.lang.Object, long, int)'> (0x00000000910d9380) 
thrown [s\src\hotspot\share\interpreter\linkResolver.cpp, line 771]
Event: 2.466 Thread 0x00000175f3a41c90 Exception <a 'java/lang/NoSuchMethodError'{0x0000000090c43b88}: 'java.lang.Object java.lang.invoke.DirectMethodHandle$Holder.invokeStaticInit(java.lang.Object)'> (0x0000000090c43b88) 
thrown [s\src\hotspot\share\interpreter\linkResolver.cpp, line 771]
Event: 2.887 Thread 0x00000175f3a41c90 Exception <a 'java/lang/NoSuchMethodError'{0x000000008cd1d368}: 'java.lang.Object java.lang.invoke.DirectMethodHandle$Holder.invokeStaticInit(java.lang.Object, int)'> (0x000000008cd1d368) 
thrown [s\src\hotspot\share\interpreter\linkResolver.cpp, line 771]
Event: 2.901 Thread 0x00000175f3a41c90 Exception <a 'java/lang/NoSuchMethodError'{0x000000008cd9cc78}: 'void java.lang.invoke.DirectMethodHandle$Holder.invokeStatic(java.lang.Object, java.lang.Object)'> (0x000000008cd9cc78) 
thrown [s\src\hotspot\share\interpreter\linkResolver.cpp, line 771]
Event: 2.938 Thread 0x00000175f3a41c90 Exception <a 'java/lang/NoSuchMethodError'{0x000000008ccc3430}: 'long java.lang.invoke.DirectMethodHandle$Holder.invokeStatic(java.lang.Object)'> (0x000000008ccc3430) 
thrown [s\src\hotspot\share\interpreter\linkResolver.cpp, line 771]
Event: 2.939 Thread 0x00000175f3a41c90 Exception <a 'java/lang/NoSuchMethodError'{0x000000008ccc6b88}: 'long java.lang.invoke.DirectMethodHandle$Holder.invokeStaticInit(java.lang.Object)'> (0x000000008ccc6b88) 
thrown [s\src\hotspot\share\interpreter\linkResolver.cpp, line 771]
Event: 3.027 Thread 0x00000175f3a41c90 Exception <a 'java/lang/NoSuchMethodError'{0x000000008c83e830}: 'int java.lang.invoke.DirectMethodHandle$Holder.invokeStaticInit(java.lang.Object, java.lang.Object, java.lang.Object)'> (0x000000008c83e830) 
thrown [s\src\hotspot\share\interpreter\linkResolver.cpp, line 771]
Event: 3.034 Thread 0x00000175f3a41c90 Exception <a 'java/lang/NoSuchMethodError'{0x000000008c865ed8}: 'int java.lang.invoke.DirectMethodHandle$Holder.invokeStaticInit(java.lang.Object, java.lang.Object)'> (0x000000008c865ed8) 
thrown [s\src\hotspot\share\interpreter\linkResolver.cpp, line 771]
Event: 3.066 Thread 0x00000175f3a41c90 Exception <a 'java/lang/NoSuchMethodError'{0x000000008c740838}: 'void java.lang.invoke.DirectMethodHandle$Holder.invokeSpecial(java.lang.Object, java.lang.Object, java.lang.Object)'> (0x000000008c740838) 
thrown [s\src\hotspot\share\interpreter\linkResolver.cpp, line 771]
Event: 3.634 Thread 0x00000175f3a41c90 Exception <a 'java/lang/NoSuchMethodError'{0x00000000921e09d0}: 'void java.lang.invoke.DirectMethodHandle$Holder.invokeStatic(java.lang.Object, java.lang.Object, java.lang.Object, java.lang.Object)'> (0x00000000921e09d0) 
thrown [s\src\hotspot\share\interpreter\linkResolver.cpp, line 771]
Event: 3.759 Thread 0x00000175f3a41c90 Exception <a 'java/lang/NoSuchMethodError'{0x000000008fc95368}: 'void java.lang.invoke.DirectMethodHandle$Holder.invokeStaticInit(java.lang.Object, java.lang.Object)'> (0x000000008fc95368) 
thrown [s\src\hotspot\share\interpreter\linkResolver.cpp, line 771]
Event: 3.887 Thread 0x00000175f3a41c90 Exception <a 'java/lang/NoSuchMethodError'{0x000000008cbeac08}: 'void java.lang.invoke.DirectMethodHandle$Holder.invokeVirtual(java.lang.Object, java.lang.Object)'> (0x000000008cbeac08) 
thrown [s\src\hotspot\share\interpreter\linkResolver.cpp, line 771]
Event: 3.899 Thread 0x00000175f3a41c90 Exception <a 'java/lang/NoSuchMethodError'{0x000000008ca351b8}: 'int java.lang.invoke.DirectMethodHandle$Holder.invokeVirtual(java.lang.Object, java.lang.Object)'> (0x000000008ca351b8) 
thrown [s\src\hotspot\share\interpreter\linkResolver.cpp, line 771]
Event: 3.930 Thread 0x00000175f3a41c90 Exception <a 'java/lang/NoSuchMethodError'{0x000000008cae7cd0}: 'java.lang.Object java.lang.invoke.Invokers$Holder.invokeExact_MT(java.lang.Object, java.lang.Object, java.lang.Object, java.lang.Object, java.lang.Object, java.lang.Object)'> (0x000000008cae7cd0) 
thrown [s\src\hotspot\share\interpreter\linkResolver.cpp, line 771]
Event: 4.134 Thread 0x00000175f3a41c90 Exception <a 'java/lang/NoSuchMethodError'{0x000000008fda7658}: 'java.lang.Object java.lang.invoke.Invokers$Holder.invoke_MT(java.lang.Object, java.lang.Object, java.lang.Object)'> (0x000000008fda7658) 
thrown [s\src\hotspot\share\interpreter\linkResolver.cpp, line 771]
Event: 5.507 Thread 0x00000175f3a41c90 Exception <a 'java/lang/NoSuchMethodError'{0x000000008d110148}: 'java.lang.Object java.lang.invoke.DirectMethodHandle$Holder.invokeVirtual(java.lang.Object, java.lang.Object, java.lang.Object)'> (0x000000008d110148) 
thrown [s\src\hotspot\share\interpreter\linkResolver.cpp, line 771]

VM Operations (20 events):
Event: 3.646 Executing VM operation: G1CollectForAllocation done
Event: 3.699 Executing VM operation: HandshakeAllThreads
Event: 3.699 Executing VM operation: HandshakeAllThreads done
Event: 3.933 Executing VM operation: G1CollectForAllocation
Event: 3.938 Executing VM operation: G1CollectForAllocation done
Event: 3.955 Executing VM operation: G1Concurrent
Event: 3.958 Executing VM operation: G1Concurrent done
Event: 3.964 Executing VM operation: G1Concurrent
Event: 3.965 Executing VM operation: G1Concurrent done
Event: 4.558 Executing VM operation: G1CollectForAllocation
Event: 4.566 Executing VM operation: G1CollectForAllocation done
Event: 4.595 Executing VM operation: G1CollectForAllocation
Event: 4.602 Executing VM operation: G1CollectForAllocation done
Event: 4.665 Executing VM operation: HandshakeAllThreads
Event: 4.665 Executing VM operation: HandshakeAllThreads done
Event: 5.046 Executing VM operation: G1CollectForAllocation
Event: 5.057 Executing VM operation: G1CollectForAllocation done
Event: 5.589 Executing VM operation: G1CollectForAllocation
Event: 5.598 Executing VM operation: G1CollectForAllocation done
Event: 5.980 Executing VM operation: G1CollectForAllocation

Events (20 events):
Event: 5.809 loading class sun/reflect/generics/scope/ConstructorScope
Event: 5.809 loading class sun/reflect/generics/scope/ConstructorScope done
Event: 5.809 loading class sun/reflect/generics/repository/ConstructorRepository
Event: 5.809 loading class sun/reflect/generics/repository/ConstructorRepository done
Event: 5.809 loading class sun/reflect/generics/tree/BottomSignature
Event: 5.809 loading class sun/reflect/generics/tree/BottomSignature done
Event: 5.809 loading class sun/reflect/generics/tree/Wildcard
Event: 5.809 loading class sun/reflect/generics/tree/Wildcard done
Event: 5.809 loading class sun/reflect/generics/tree/VoidDescriptor
Event: 5.809 loading class sun/reflect/generics/tree/VoidDescriptor done
Event: 5.809 loading class sun/reflect/generics/tree/MethodTypeSignature
Event: 5.810 loading class sun/reflect/generics/tree/MethodTypeSignature done
Event: 5.810 loading class sun/reflect/generics/reflectiveObjects/WildcardTypeImpl
Event: 5.810 loading class java/lang/reflect/WildcardType
Event: 5.810 loading class java/lang/reflect/WildcardType done
Event: 5.810 loading class sun/reflect/generics/reflectiveObjects/WildcardTypeImpl done
Event: 5.810 loading class java/util/function/IntFunction
Event: 5.810 loading class java/util/function/IntFunction done
Event: 5.918 loading class java/lang/TypeNotPresentException
Event: 5.919 loading class java/lang/TypeNotPresentException done


Dynamic libraries:
0x00007ff60d0b0000 - 0x00007ff60d0ba000 	C:\Program Files\Android\Android Studio\jbr\bin\java.exe
0x00007ffc1d590000 - 0x00007ffc1d7a6000 	C:\WINDOWS\SYSTEM32\ntdll.dll
0x00007ffc1c590000 - 0x00007ffc1c654000 	C:\WINDOWS\System32\KERNEL32.DLL
0x00007ffc1a8b0000 - 0x00007ffc1ac57000 	C:\WINDOWS\System32\KERNELBASE.dll
0x00007ffc1b000000 - 0x00007ffc1b111000 	C:\WINDOWS\System32\ucrtbase.dll
0x00007ffc0eac0000 - 0x00007ffc0ead7000 	C:\Program Files\Android\Android Studio\jbr\bin\jli.dll
0x00007ffc0c6e0000 - 0x00007ffc0c6fb000 	C:\Program Files\Android\Android Studio\jbr\bin\VCRUNTIME140.dll
0x00007ffc1b810000 - 0x00007ffc1b9be000 	C:\WINDOWS\System32\USER32.dll
0x00007ffc1af60000 - 0x00007ffc1af86000 	C:\WINDOWS\System32\win32u.dll
0x00007ffc1d520000 - 0x00007ffc1d549000 	C:\WINDOWS\System32\GDI32.dll
0x00007ffc0f6d0000 - 0x00007ffc0f963000 	C:\WINDOWS\WinSxS\amd64_microsoft.windows.common-controls_6595b64144ccf1df_6.0.22621.3235_none_270f74e173860f98\COMCTL32.dll
0x00007ffc1ace0000 - 0x00007ffc1adf9000 	C:\WINDOWS\System32\gdi32full.dll
0x00007ffc1aec0000 - 0x00007ffc1af5a000 	C:\WINDOWS\System32\msvcp_win.dll
0x00007ffc1c7e0000 - 0x00007ffc1c887000 	C:\WINDOWS\System32\msvcrt.dll
0x00007ffc1c550000 - 0x00007ffc1c581000 	C:\WINDOWS\System32\IMM32.DLL
0x00007ffc15090000 - 0x00007ffc1509c000 	C:\Program Files\Android\Android Studio\jbr\bin\vcruntime140_1.dll
0x00007ffbe02a0000 - 0x00007ffbe032d000 	C:\Program Files\Android\Android Studio\jbr\bin\msvcp140.dll
0x00007ffbe08b0000 - 0x00007ffbe151e000 	C:\Program Files\Android\Android Studio\jbr\bin\server\jvm.dll
0x00007ffc1b9c0000 - 0x00007ffc1ba72000 	C:\WINDOWS\System32\ADVAPI32.dll
0x00007ffc1c8a0000 - 0x00007ffc1c948000 	C:\WINDOWS\System32\sechost.dll
0x00007ffc1b120000 - 0x00007ffc1b148000 	C:\WINDOWS\System32\bcrypt.dll
0x00007ffc1c660000 - 0x00007ffc1c775000 	C:\WINDOWS\System32\RPCRT4.dll
0x00007ffbff4a0000 - 0x00007ffbff4a9000 	C:\WINDOWS\SYSTEM32\WSOCK32.dll
0x00007ffc10c60000 - 0x00007ffc10c6a000 	C:\WINDOWS\SYSTEM32\VERSION.dll
0x00007ffc11e80000 - 0x00007ffc11eb4000 	C:\WINDOWS\SYSTEM32\WINMM.dll
0x00007ffc1b2c0000 - 0x00007ffc1b331000 	C:\WINDOWS\System32\WS2_32.dll
0x00007ffc198f0000 - 0x00007ffc19908000 	C:\WINDOWS\SYSTEM32\kernel.appcore.dll
0x00007ffc15ee0000 - 0x00007ffc15eea000 	C:\Program Files\Android\Android Studio\jbr\bin\jimage.dll
0x00007ffc17e30000 - 0x00007ffc18063000 	C:\WINDOWS\SYSTEM32\DBGHELP.DLL
0x00007ffc1c000000 - 0x00007ffc1c388000 	C:\WINDOWS\System32\combase.dll
0x00007ffc1b5e0000 - 0x00007ffc1b6b7000 	C:\WINDOWS\System32\OLEAUT32.dll
0x00007ffc0f4f0000 - 0x00007ffc0f522000 	C:\WINDOWS\SYSTEM32\dbgcore.DLL
0x00007ffc1ac60000 - 0x00007ffc1acd9000 	C:\WINDOWS\System32\bcryptPrimitives.dll
0x00007ffc15df0000 - 0x00007ffc15e15000 	C:\Program Files\Android\Android Studio\jbr\bin\java.dll
0x00007ffc15b40000 - 0x00007ffc15b58000 	C:\Program Files\Android\Android Studio\jbr\bin\zip.dll
0x00007ffc1c950000 - 0x00007ffc1d1ac000 	C:\WINDOWS\System32\SHELL32.dll
0x00007ffc18810000 - 0x00007ffc19109000 	C:\WINDOWS\SYSTEM32\windows.storage.dll
0x00007ffc186d0000 - 0x00007ffc1880e000 	C:\WINDOWS\SYSTEM32\wintypes.dll
0x00007ffc1ba80000 - 0x00007ffc1bb73000 	C:\WINDOWS\System32\SHCORE.dll
0x00007ffc1b580000 - 0x00007ffc1b5de000 	C:\WINDOWS\System32\shlwapi.dll
0x00007ffc1a7e0000 - 0x00007ffc1a801000 	C:\WINDOWS\SYSTEM32\profapi.dll
0x00007ffc13570000 - 0x00007ffc13589000 	C:\Program Files\Android\Android Studio\jbr\bin\net.dll
0x00007ffc140a0000 - 0x00007ffc141d6000 	C:\WINDOWS\SYSTEM32\WINHTTP.dll
0x00007ffc19d60000 - 0x00007ffc19dc9000 	C:\WINDOWS\system32\mswsock.dll
0x00007ffc0fbf0000 - 0x00007ffc0fc06000 	C:\Program Files\Android\Android Studio\jbr\bin\nio.dll
0x00007ffc15ea0000 - 0x00007ffc15eb0000 	C:\Program Files\Android\Android Studio\jbr\bin\verify.dll

dbghelp: loaded successfully - version: 4.0.5 - missing functions: none
symbol engine: initialized successfully - sym options: 0x614 - pdb path: .;C:\Program Files\Android\Android Studio\jbr\bin;C:\WINDOWS\SYSTEM32;C:\WINDOWS\WinSxS\amd64_microsoft.windows.common-controls_6595b64144ccf1df_6.0.22621.3235_none_270f74e173860f98;C:\Program Files\Android\Android Studio\jbr\bin\server

VM Arguments:
java_command: org.jetbrains.kotlin.cli.jvm.K2JVMCompiler @C:\Users\23480\Documents\androidproject\DailyQuotes\app\build\20240513_10349899572650770845.compiler.options
java_class_path (initial): C:\Users\23480\.gradle\caches\modules-2\files-2.1\org.jetbrains.kotlin\kotlin-compiler-embeddable\1.8.0\eb9118d4bcceaa2a94b2ae2a33a4ddba7c9a947f\kotlin-compiler-embeddable-1.8.0.jar;C:\Users\23480\.gradle\caches\modules-2\files-2.1\org.jetbrains.kotlin\kotlin-stdlib\1.8.0\1796921c7a3e2e2665a83e6c8d33399336cd39bc\kotlin-stdlib-1.8.0.jar;C:\Users\23480\.gradle\caches\modules-2\files-2.1\org.jetbrains.kotlin\kotlin-script-runtime\1.8.0\b2f7e760d283cb339974851c222a4c1d48f2d3d\kotlin-script-runtime-1.8.0.jar;C:\Users\23480\.gradle\caches\modules-2\files-2.1\org.jetbrains.kotlin\kotlin-reflect\1.6.10\1cbe9c92c12a94eea200d23c2bbaedaf3daf5132\kotlin-reflect-1.6.10.jar;C:\Users\23480\.gradle\caches\modules-2\files-2.1\org.jetbrains.kotlin\kotlin-daemon-embeddable\1.8.0\d255216c551685dc3a7e852b53617f5f01aaaa5c\kotlin-daemon-embeddable-1.8.0.jar;C:\Users\23480\.gradle\caches\modules-2\files-2.1\org.jetbrains.intellij.deps\trove4j\1.0.20200330\3afb14d5f9ceb459d724e907a21145e8ff394f02\trove4j-1.0.20200330.jar;C:\Users\23480\.gradle\caches\modules-2\files-2.1\net.java.dev.jna\jna\5.6.0\330f2244e9030119ab3030fc3fededc86713d9cc\jna-5.6.0.jar;C:\Users\23480\.gradle\caches\modules-2\files-2.1\org.jetbrains.kotlin\kotlin-stdlib-common\1.8.0\f7197e7cc76453ac59f8b0f8d5137cc600becd36\kotlin-stdlib-common-1.8.0.jar;C:\Users\23480\.gradle\caches\modules-2\files-2.1\org.jetbrains\annotations\13.0\919f0dfe192fb4e063e7dacadee7f8bb9a2672a9\annotations-13.0.jar
Launcher Type: SUN_STANDARD

[Global flags]
     intx CICompilerCount                          = 4                                         {product} {ergonomic}
     uint ConcGCThreads                            = 2                                         {product} {ergonomic}
     uint G1ConcRefinementThreads                  = 8                                         {product} {ergonomic}
   size_t G1HeapRegionSize                         = 1048576                                   {product} {ergonomic}
    uintx GCDrainStackTargetSize                   = 64                                        {product} {ergonomic}
   size_t InitialHeapSize                          = 123731968                                 {product} {ergonomic}
   size_t MarkStackSize                            = 4194304                                   {product} {ergonomic}
   size_t MaxHeapSize                              = 1967128576                                {product} {ergonomic}
   size_t MaxNewSize                               = 1179648000                                {product} {ergonomic}
   size_t MinHeapDeltaBytes                        = 1048576                                   {product} {ergonomic}
   size_t MinHeapSize                              = 8388608                                   {product} {ergonomic}
    uintx NonNMethodCodeHeapSize                   = 5839372                                {pd product} {ergonomic}
    uintx NonProfiledCodeHeapSize                  = 122909434                              {pd product} {ergonomic}
    uintx ProfiledCodeHeapSize                     = 122909434                              {pd product} {ergonomic}
    uintx ReservedCodeCacheSize                    = 251658240                              {pd product} {ergonomic}
     bool SegmentedCodeCache                       = true                                      {product} {ergonomic}
   size_t SoftMaxHeapSize                          = 1967128576                             {manageable} {ergonomic}
     bool UseCompressedClassPointers               = true                           {product lp64_product} {ergonomic}
     bool UseCompressedOops                        = true                           {product lp64_product} {ergonomic}
     bool UseG1GC                                  = true                                      {product} {ergonomic}
     bool UseLargePagesIndividualAllocation        = false                                  {pd product} {ergonomic}

Logging:
Log output configuration:
 #0: stdout all=warning uptime,level,tags
 #1: stderr all=off uptime,level,tags

Environment Variables:
PATH=C:\WINDOWS\system32;C:\WINDOWS;C:\WINDOWS\System32\Wbem;C:\WINDOWS\System32\WindowsPowerShell\v1.0\;C:\WINDOWS\System32\OpenSSH\;C:\Program Files\nodejs\;C:\Program Files\Git\cmd;C:\Program Files\HP\HP One Agent;C:\Users\23480\AppData\Local\Programs\Python\Python311\Scripts\;C:\Users\23480\AppData\Local\Programs\Python\Python311\;C:\Users\23480\AppData\Local\Microsoft\WindowsApps;C:\Users\23480\AppData\Local\atom\bin;C:\Users\23480\AppData\Local\Programs\Microsoft VS Code\bin;C:\Users\23480\AppData\Local\Microsoft\WindowsApps;;C:\Program Files\JetBrains\IntelliJ IDEA Community Edition 2023.2.1\bin;;C:\Users\23480\AppData\Roaming\npm
USERNAME=23480
OS=Windows_NT
PROCESSOR_IDENTIFIER=AMD64 Family 23 Model 104 Stepping 1, AuthenticAMD
TMP=C:\Users\23480\AppData\Local\Temp
TEMP=C:\Users\23480\AppData\Local\Temp


JNI global refs:
JNI global refs: 8, weak refs: 0

JNI global refs memory usage: 843, weak refs: 841


---------------  S Y S T E M  ---------------

OS:
 Windows 11 , 64 bit Build 22621 (10.0.22621.3374)
OS uptime: 2 days 15:19 hours

CPU: total 8 (initial active 8) (8 cores per cpu, 2 threads per core) family 23 model 104 stepping 1 microcode 0x0, cx8, cmov, fxsr, ht, mmx, 3dnowpref, sse, sse2, sse3, ssse3, sse4a, sse4.1, sse4.2, popcnt, lzcnt, tsc, tscinvbit, avx, avx2, aes, clmul, bmi1, bmi2, adx, sha, fma, vzeroupper, clflush, clflushopt

Memory: 4k page, system-wide physical 7502M (854M free)
TotalPageFile size 11571M (AvailPageFile size 33M)
current process WorkingSet (physical memory assigned to process): 187M, peak: 188M
current process commit charge ("private bytes"): 223M, peak: 254M

vm_info: OpenJDK 64-Bit Server VM (17.0.6+0-b2043.56-10027231) for windows-amd64 JRE (17.0.6+0-b2043.56-10027231), built on Apr 28 2023 00:43:19 by "androidbuild" with MS VC++ 16.10 / 16.11 (VS2019)

END.
