#
# There is insufficient memory for the Java Runtime Environment to continue.
# Native memory allocation (mmap) failed to map 110100480 bytes for G1 virtual space
# Possible reasons:
#   The system is out of physical RAM or swap space
#   The process is running with CompressedOops enabled, and the Java Heap may be blocking the growth of the native heap
# Possible solutions:
#   Reduce memory load on the system
#   Increase physical memory or swap space
#   Check if swap backing store is full
#   Decrease Java heap size (-Xmx/-Xms)
#   Decrease number of Java threads
#   Decrease Java thread stack sizes (-Xss)
#   Set larger code cache with -XX:ReservedCodeCacheSize=
#   JVM is running with Unscaled Compressed Oops mode in which the Java heap is
#     placed in the first 4GB address space. The Java Heap base address is the
#     maximum limit for the native heap growth. Please use -XX:HeapBaseMinAddress
#     to set the Java Heap base and to place the Java Heap above 4GB virtual address.
# This output file may be truncated or incomplete.
#
#  Out of Memory Error (os_windows.cpp:3769), pid=25208, tid=25628
#
# JRE version: OpenJDK Runtime Environment (17.0.6) (build 17.0.6+0-b2043.56-10027231)
# Java VM: OpenJDK 64-Bit Server VM (17.0.6+0-b2043.56-10027231, mixed mode, tiered, compressed oops, compressed class ptrs, g1 gc, windows-amd64)
# No core dump will be written. Minidumps are not enabled by default on client versions of Windows
#

---------------  S U M M A R Y ------------

Command Line: --add-opens=java.base/java.util=ALL-UNNAMED --add-opens=java.base/java.lang=ALL-UNNAMED --add-opens=java.base/java.lang.invoke=ALL-UNNAMED --add-opens=java.prefs/java.util.prefs=ALL-UNNAMED --add-opens=java.base/java.nio.charset=ALL-UNNAMED --add-opens=java.base/java.net=ALL-UNNAMED --add-opens=java.base/java.util.concurrent.atomic=ALL-UNNAMED -Xmx2048m -Dfile.encoding=UTF-8 -Duser.country=US -Duser.language=en -Duser.variant org.gradle.launcher.daemon.bootstrap.GradleDaemon 8.0

Host: AMD Ryzen 3 5300U with Radeon Graphics         , 8 cores, 7G,  Windows 11 , 64 bit Build 22621 (10.0.22621.3672)
Time: Tue Jun 25 14:22:16 2024 W. Central Africa Standard Time elapsed time: 22.881725 seconds (0d 0h 0m 22s)

---------------  T H R E A D  ---------------

Current thread (0x000001503ceeb320):  VMThread "VM Thread" [stack: 0x000000318f900000,0x000000318fa00000] [id=25628]

Stack: [0x000000318f900000,0x000000318fa00000]
Native frames: (J=compiled Java code, j=interpreted, Vv=VM code, C=native code)
V  [jvm.dll+0x683c9a]
V  [jvm.dll+0x8427a4]
V  [jvm.dll+0x843f9e]
V  [jvm.dll+0x844603]
V  [jvm.dll+0x249b75]
V  [jvm.dll+0x680b69]
V  [jvm.dll+0x67505a]
V  [jvm.dll+0x309acb]
V  [jvm.dll+0x310f86]
V  [jvm.dll+0x3608ee]
V  [jvm.dll+0x360b1f]
V  [jvm.dll+0x2dfbf8]
V  [jvm.dll+0x2ddec4]
V  [jvm.dll+0x2dd4cc]
V  [jvm.dll+0x321f3b]
V  [jvm.dll+0x848ccb]
V  [jvm.dll+0x849a04]
V  [jvm.dll+0x849f1d]
V  [jvm.dll+0x84a2f4]
V  [jvm.dll+0x84a3c0]
V  [jvm.dll+0x7f274a]
V  [jvm.dll+0x682ad5]
C  [ucrtbase.dll+0x29333]
C  [KERNEL32.DLL+0x1257d]
C  [ntdll.dll+0x5af28]

VM_Operation (0x00000031911f5fa0): G1CollectForAllocation, mode: safepoint, requested by thread 0x0000015041209ba0


---------------  P R O C E S S  ---------------

Threads class SMR info:
_java_thread_list=0x00000150434062d0, length=129, elements={
0x000001502309e7c0, 0x000001503d813260, 0x000001503cece470, 0x000001503cf0c3a0,
0x000001503cf0d210, 0x000001503d82d400, 0x000001503d8300e0, 0x000001503d830d80,
0x000001503d83dd40, 0x000001503d83e730, 0x000001503d9afb10, 0x000001503d9b1ff0,
0x0000015040a59010, 0x000001503e774490, 0x000001503eb4a290, 0x0000015040a58560,
0x00000150405fc850, 0x00000150410bb8c0, 0x0000015041209ba0, 0x0000015040f23070,
0x0000015040e19bf0, 0x0000015040e1b8d0, 0x0000015040e1a0c0, 0x0000015040e183e0,
0x0000015040e1aa60, 0x0000015040e1a590, 0x0000015040e188b0, 0x0000015040e1af30,
0x0000015040e19250, 0x0000015040e18d80, 0x0000015040e19720, 0x0000015040e1b400,
0x0000015040e17f10, 0x0000015041516f10, 0x0000015041515230, 0x0000015041511d40,
0x0000015041514890, 0x0000015041515bd0, 0x0000015041512210, 0x00000150415160a0,
0x0000015041511870, 0x0000015041513080, 0x00000150415113a0, 0x0000015041513550,
0x00000150415173e0, 0x0000015041510060, 0x0000015041512bb0, 0x00000150415178b0,
0x0000015041513a20, 0x0000015041513ef0, 0x00000150415143c0, 0x0000015041510530,
0x0000015041510ed0, 0x000001503e9d92a0, 0x000001503e9d5410, 0x000001503e9db450,
0x000001503e9d9770, 0x000001503e9daab0, 0x000001503e9d4a70, 0x000001503e9da5e0,
0x000001503e9daf80, 0x000001503e9d5db0, 0x000001503e9d3c00, 0x000001503e9d8430,
0x000001503e9d6280, 0x000001503e9d7a90, 0x000001503e9d40d0, 0x000001503e9da110,
0x000001503e9d45a0, 0x000001503e9d8dd0, 0x000001503e9d4f40, 0x000001503e9d58e0,
0x000001503e9d6750, 0x000001503e9d7f60, 0x000001503e9d6c20, 0x000001503e9d70f0,
0x000001503e9d75c0, 0x000001503e9d9c40, 0x000001503e9d8900, 0x0000015045917f50,
0x0000015045918420, 0x00000150459188f0, 0x000001504591cc50, 0x0000015045918dc0,
0x000001504591a5d0, 0x000001504591e460, 0x000001504591dac0, 0x000001504591a100,
0x000001504591bde0, 0x000001504591aaa0, 0x000001504591e930, 0x000001504591df90,
0x0000015045919c30, 0x00000150459170e0, 0x000001504591af70, 0x00000150459175b0,
0x0000015045917a80, 0x000001504591c2b0, 0x000001504591c780, 0x000001504591d5f0,
0x000001504591b910, 0x0000015045919290, 0x0000015045919760, 0x000001504591b440,
0x000001504591d120, 0x000001503dd43cf0, 0x000001503dd3fe60, 0x000001503dd441c0,
0x000001503dd411a0, 0x000001503dd45ea0, 0x000001503dd3f990, 0x000001503dd41670,
0x000001503dd40cd0, 0x000001503dd46d10, 0x000001503dd46370, 0x000001503dd46840,
0x000001503dd471e0, 0x000001503dd43350, 0x000001503dd42e80, 0x000001503dd40330,
0x000001503dd43820, 0x000001503dd40800, 0x000001503dd44690, 0x000001503dd41b40,
0x000001503dd424e0, 0x000001503dd429b0, 0x000001503dd45030, 0x000001503dd45500,
0x000001503e776be0
}

Java Threads: ( => current thread )
  0x000001502309e7c0 JavaThread "main" [_thread_blocked, id=24084, stack(0x000000318f300000,0x000000318f400000)]
  0x000001503d813260 JavaThread "Reference Handler" daemon [_thread_blocked, id=17084, stack(0x000000318fa00000,0x000000318fb00000)]
  0x000001503cece470 JavaThread "Finalizer" daemon [_thread_blocked, id=25644, stack(0x000000318fb00000,0x000000318fc00000)]
  0x000001503cf0c3a0 JavaThread "Signal Dispatcher" daemon [_thread_blocked, id=24860, stack(0x000000318fc00000,0x000000318fd00000)]
  0x000001503cf0d210 JavaThread "Attach Listener" daemon [_thread_blocked, id=25688, stack(0x000000318fd00000,0x000000318fe00000)]
  0x000001503d82d400 JavaThread "Service Thread" daemon [_thread_blocked, id=25684, stack(0x000000318fe00000,0x000000318ff00000)]
  0x000001503d8300e0 JavaThread "Monitor Deflation Thread" daemon [_thread_blocked, id=25724, stack(0x000000318ff00000,0x0000003190000000)]
  0x000001503d830d80 JavaThread "C2 CompilerThread0" daemon [_thread_blocked, id=25728, stack(0x0000003190000000,0x0000003190100000)]
  0x000001503d83dd40 JavaThread "C1 CompilerThread0" daemon [_thread_blocked, id=25696, stack(0x0000003190100000,0x0000003190200000)]
  0x000001503d83e730 JavaThread "Sweeper thread" daemon [_thread_blocked, id=25692, stack(0x0000003190200000,0x0000003190300000)]
  0x000001503d9afb10 JavaThread "Common-Cleaner" daemon [_thread_blocked, id=12924, stack(0x0000003190300000,0x0000003190400000)]
  0x000001503d9b1ff0 JavaThread "Notification Thread" daemon [_thread_blocked, id=25744, stack(0x0000003190400000,0x0000003190500000)]
  0x0000015040a59010 JavaThread "Daemon health stats" [_thread_blocked, id=25756, stack(0x0000003190c00000,0x0000003190d00000)]
  0x000001503e774490 JavaThread "Incoming local TCP Connector on port 49209" [_thread_in_native, id=6964, stack(0x0000003190b00000,0x0000003190c00000)]
  0x000001503eb4a290 JavaThread "Daemon periodic checks" [_thread_blocked, id=24344, stack(0x0000003190d00000,0x0000003190e00000)]
  0x0000015040a58560 JavaThread "Daemon" [_thread_blocked, id=18384, stack(0x0000003190e00000,0x0000003190f00000)]
  0x00000150405fc850 JavaThread "Handler for socket connection from /127.0.0.1:49209 to /127.0.0.1:49210" [_thread_in_native, id=24320, stack(0x0000003190f00000,0x0000003191000000)]
  0x00000150410bb8c0 JavaThread "Cancel handler" [_thread_blocked, id=24308, stack(0x0000003191000000,0x0000003191100000)]
  0x0000015041209ba0 JavaThread "Daemon worker" [_thread_blocked, id=22572, stack(0x0000003191100000,0x0000003191200000)]
  0x0000015040f23070 JavaThread "Asynchronous log dispatcher for DefaultDaemonConnection: socket connection from /127.0.0.1:49209 to /127.0.0.1:49210" [_thread_blocked, id=24316, stack(0x0000003191200000,0x0000003191300000)]
  0x0000015040e19bf0 JavaThread "Stdin handler" [_thread_blocked, id=23836, stack(0x0000003191300000,0x0000003191400000)]
  0x0000015040e1b8d0 JavaThread "Daemon client event forwarder" [_thread_blocked, id=23824, stack(0x0000003191400000,0x0000003191500000)]
  0x0000015040e1a0c0 JavaThread "Cache worker for journal cache (C:\Users\23480\.gradle\caches\journal-1)" [_thread_blocked, id=8204, stack(0x0000003191900000,0x0000003191a00000)]
  0x0000015040e183e0 JavaThread "File lock request listener" [_thread_in_native, id=24840, stack(0x0000003191a00000,0x0000003191b00000)]
  0x0000015040e1aa60 JavaThread "Cache worker for file hash cache (C:\Users\23480\.gradle\caches\8.0\fileHashes)" [_thread_blocked, id=25784, stack(0x0000003191b00000,0x0000003191c00000)]
  0x0000015040e1a590 JavaThread "File watcher server" daemon [_thread_in_native, id=22044, stack(0x0000003191c00000,0x0000003191d00000)]
  0x0000015040e188b0 JavaThread "File watcher consumer" daemon [_thread_blocked, id=24312, stack(0x0000003191d00000,0x0000003191e00000)]
  0x0000015040e1af30 JavaThread "Cache worker for checksums cache (C:\Users\23480\Documents\androidproject\DailyQuotes\.gradle\8.0\checksums)" [_thread_blocked, id=24424, stack(0x0000003191e00000,0x0000003191f00000)]
  0x0000015040e19250 JavaThread "Cache worker for cache directory md-rule (C:\Users\23480\.gradle\caches\8.0\md-rule)" [_thread_blocked, id=24384, stack(0x0000003191f00000,0x0000003192000000)]
  0x0000015040e18d80 JavaThread "Cache worker for file content cache (C:\Users\23480\.gradle\caches\8.0\fileContent)" [_thread_blocked, id=24380, stack(0x0000003192000000,0x0000003192100000)]
  0x0000015040e19720 JavaThread "Cache worker for file hash cache (C:\Users\23480\Documents\androidproject\DailyQuotes\.gradle\8.0\fileHashes)" [_thread_blocked, id=25764, stack(0x0000003192100000,0x0000003192200000)]
  0x0000015040e1b400 JavaThread "Cache worker for cache directory md-supplier (C:\Users\23480\.gradle\caches\8.0\md-supplier)" [_thread_blocked, id=24404, stack(0x0000003192200000,0x0000003192300000)]
  0x0000015040e17f10 JavaThread "Cache worker for execution history cache (C:\Users\23480\.gradle\caches\8.0\executionHistory)" [_thread_blocked, id=700, stack(0x0000003192300000,0x0000003192400000)]
  0x0000015041516f10 JavaThread "jar transforms" [_thread_blocked, id=6980, stack(0x0000003192400000,0x0000003192500000)]
  0x0000015041515230 JavaThread "jar transforms Thread 2" [_thread_blocked, id=24848, stack(0x0000003192500000,0x0000003192600000)]
  0x0000015041511d40 JavaThread "Cache worker for kotlin-dsl (C:\Users\23480\.gradle\caches\8.0\kotlin-dsl)" [_thread_blocked, id=24244, stack(0x0000003192700000,0x0000003192800000)]
  0x0000015041514890 JavaThread "jar transforms Thread 3" [_thread_blocked, id=22652, stack(0x0000003192800000,0x0000003192900000)]
  0x0000015041515bd0 JavaThread "jar transforms Thread 4" [_thread_blocked, id=25800, stack(0x0000003192900000,0x0000003192a00000)]
  0x0000015041512210 JavaThread "Cache worker for dependencies-accessors (C:\Users\23480\Documents\androidproject\DailyQuotes\.gradle\8.0\dependencies-accessors)" [_thread_blocked, id=24064, stack(0x0000003192a00000,0x0000003192b00000)]
  0x00000150415160a0 JavaThread "Cache worker for Build Output Cleanup Cache (C:\Users\23480\Documents\androidproject\DailyQuotes\.gradle\buildOutputCleanup)" [_thread_blocked, id=25804, stack(0x0000003192b00000,0x0000003192c00000)]
  0x0000015041511870 JavaThread "jar transforms Thread 5" [_thread_blocked, id=6212, stack(0x0000003192c00000,0x0000003192d00000)]
  0x0000015041513080 JavaThread "Unconstrained build operations" [_thread_blocked, id=4924, stack(0x0000003192d00000,0x0000003192e00000)]
  0x00000150415113a0 JavaThread "Unconstrained build operations Thread 2" [_thread_blocked, id=16028, stack(0x0000003192e00000,0x0000003192f00000)]
  0x0000015041513550 JavaThread "Unconstrained build operations Thread 3" [_thread_blocked, id=10788, stack(0x0000003192f00000,0x0000003193000000)]
  0x00000150415173e0 JavaThread "Unconstrained build operations Thread 4" [_thread_blocked, id=25288, stack(0x0000003193000000,0x0000003193100000)]
  0x0000015041510060 JavaThread "Unconstrained build operations Thread 5" [_thread_blocked, id=24188, stack(0x0000003193100000,0x0000003193200000)]
  0x0000015041512bb0 JavaThread "Unconstrained build operations Thread 6" [_thread_blocked, id=25636, stack(0x0000003193200000,0x0000003193300000)]
  0x00000150415178b0 JavaThread "Unconstrained build operations Thread 7" [_thread_blocked, id=4224, stack(0x0000003193300000,0x0000003193400000)]
  0x0000015041513a20 JavaThread "Unconstrained build operations Thread 8" [_thread_blocked, id=25700, stack(0x0000003193400000,0x0000003193500000)]
  0x0000015041513ef0 JavaThread "Unconstrained build operations Thread 9" [_thread_blocked, id=25704, stack(0x0000003193500000,0x0000003193600000)]
  0x00000150415143c0 JavaThread "Unconstrained build operations Thread 10" [_thread_blocked, id=25824, stack(0x0000003193600000,0x0000003193700000)]
  0x0000015041510530 JavaThread "Unconstrained build operations Thread 11" [_thread_blocked, id=24528, stack(0x0000003193700000,0x0000003193800000)]
  0x0000015041510ed0 JavaThread "Unconstrained build operations Thread 12" [_thread_blocked, id=23808, stack(0x0000003193800000,0x0000003193900000)]
  0x000001503e9d92a0 JavaThread "Unconstrained build operations Thread 13" [_thread_blocked, id=25860, stack(0x0000003193900000,0x0000003193a00000)]
  0x000001503e9d5410 JavaThread "Unconstrained build operations Thread 14" [_thread_blocked, id=24360, stack(0x0000003193a00000,0x0000003193b00000)]
  0x000001503e9db450 JavaThread "Unconstrained build operations Thread 15" [_thread_blocked, id=25840, stack(0x0000003193b00000,0x0000003193c00000)]
  0x000001503e9d9770 JavaThread "Unconstrained build operations Thread 16" [_thread_blocked, id=25852, stack(0x0000003193c00000,0x0000003193d00000)]
  0x000001503e9daab0 JavaThread "Unconstrained build operations Thread 17" [_thread_blocked, id=25836, stack(0x0000003193d00000,0x0000003193e00000)]
  0x000001503e9d4a70 JavaThread "Unconstrained build operations Thread 18" [_thread_blocked, id=25848, stack(0x0000003193e00000,0x0000003193f00000)]
  0x000001503e9da5e0 JavaThread "Unconstrained build operations Thread 19" [_thread_blocked, id=25844, stack(0x0000003193f00000,0x0000003194000000)]
  0x000001503e9daf80 JavaThread "Unconstrained build operations Thread 20" [_thread_blocked, id=25832, stack(0x0000003194000000,0x0000003194100000)]
  0x000001503e9d5db0 JavaThread "Unconstrained build operations Thread 21" [_thread_blocked, id=25856, stack(0x0000003194100000,0x0000003194200000)]
  0x000001503e9d3c00 JavaThread "Unconstrained build operations Thread 22" [_thread_blocked, id=24264, stack(0x0000003194200000,0x0000003194300000)]
  0x000001503e9d8430 JavaThread "Unconstrained build operations Thread 23" [_thread_blocked, id=10776, stack(0x0000003194300000,0x0000003194400000)]
  0x000001503e9d6280 JavaThread "Unconstrained build operations Thread 24" [_thread_blocked, id=18588, stack(0x0000003194400000,0x0000003194500000)]
  0x000001503e9d7a90 JavaThread "Unconstrained build operations Thread 25" [_thread_blocked, id=20536, stack(0x0000003194500000,0x0000003194600000)]
  0x000001503e9d40d0 JavaThread "Unconstrained build operations Thread 26" [_thread_blocked, id=25488, stack(0x0000003194600000,0x0000003194700000)]
  0x000001503e9da110 JavaThread "Unconstrained build operations Thread 27" [_thread_blocked, id=16176, stack(0x0000003194700000,0x0000003194800000)]
  0x000001503e9d45a0 JavaThread "Unconstrained build operations Thread 28" [_thread_blocked, id=24288, stack(0x0000003194800000,0x0000003194900000)]
  0x000001503e9d8dd0 JavaThread "Unconstrained build operations Thread 29" [_thread_blocked, id=24908, stack(0x0000003194900000,0x0000003194a00000)]
  0x000001503e9d4f40 JavaThread "Unconstrained build operations Thread 30" [_thread_blocked, id=5108, stack(0x0000003194a00000,0x0000003194b00000)]
  0x000001503e9d58e0 JavaThread "Unconstrained build operations Thread 31" [_thread_blocked, id=11680, stack(0x0000003194b00000,0x0000003194c00000)]
  0x000001503e9d6750 JavaThread "Unconstrained build operations Thread 32" [_thread_blocked, id=25228, stack(0x0000003194c00000,0x0000003194d00000)]
  0x000001503e9d7f60 JavaThread "Unconstrained build operations Thread 33" [_thread_blocked, id=24396, stack(0x0000003194d00000,0x0000003194e00000)]
  0x000001503e9d6c20 JavaThread "Unconstrained build operations Thread 34" [_thread_blocked, id=24836, stack(0x0000003194e00000,0x0000003194f00000)]
  0x000001503e9d70f0 JavaThread "Unconstrained build operations Thread 35" [_thread_blocked, id=24948, stack(0x0000003194f00000,0x0000003195000000)]
  0x000001503e9d75c0 JavaThread "Unconstrained build operations Thread 36" [_thread_blocked, id=23644, stack(0x0000003195000000,0x0000003195100000)]
  0x000001503e9d9c40 JavaThread "Unconstrained build operations Thread 37" [_thread_blocked, id=24812, stack(0x0000003195100000,0x0000003195200000)]
  0x000001503e9d8900 JavaThread "Unconstrained build operations Thread 38" [_thread_blocked, id=13064, stack(0x0000003195200000,0x0000003195300000)]
  0x0000015045917f50 JavaThread "Unconstrained build operations Thread 39" [_thread_blocked, id=24896, stack(0x0000003195300000,0x0000003195400000)]
  0x0000015045918420 JavaThread "Unconstrained build operations Thread 40" [_thread_blocked, id=20940, stack(0x0000003195400000,0x0000003195500000)]
  0x00000150459188f0 JavaThread "Unconstrained build operations Thread 41" [_thread_blocked, id=13648, stack(0x0000003195500000,0x0000003195600000)]
  0x000001504591cc50 JavaThread "Unconstrained build operations Thread 42" [_thread_blocked, id=24292, stack(0x0000003195600000,0x0000003195700000)]
  0x0000015045918dc0 JavaThread "Unconstrained build operations Thread 43" [_thread_blocked, id=19012, stack(0x0000003195700000,0x0000003195800000)]
  0x000001504591a5d0 JavaThread "Unconstrained build operations Thread 44" [_thread_blocked, id=20472, stack(0x0000003195800000,0x0000003195900000)]
  0x000001504591e460 JavaThread "Unconstrained build operations Thread 45" [_thread_blocked, id=25352, stack(0x0000003195900000,0x0000003195a00000)]
  0x000001504591dac0 JavaThread "Unconstrained build operations Thread 46" [_thread_blocked, id=24028, stack(0x0000003195a00000,0x0000003195b00000)]
  0x000001504591a100 JavaThread "Unconstrained build operations Thread 47" [_thread_blocked, id=24332, stack(0x0000003195b00000,0x0000003195c00000)]
  0x000001504591bde0 JavaThread "Unconstrained build operations Thread 48" [_thread_blocked, id=6852, stack(0x0000003195c00000,0x0000003195d00000)]
  0x000001504591aaa0 JavaThread "Unconstrained build operations Thread 49" [_thread_blocked, id=2644, stack(0x0000003195d00000,0x0000003195e00000)]
  0x000001504591e930 JavaThread "Unconstrained build operations Thread 50" [_thread_blocked, id=14996, stack(0x0000003195e00000,0x0000003195f00000)]
  0x000001504591df90 JavaThread "Unconstrained build operations Thread 51" [_thread_blocked, id=24000, stack(0x0000003195f00000,0x0000003196000000)]
  0x0000015045919c30 JavaThread "Unconstrained build operations Thread 52" [_thread_blocked, id=9252, stack(0x0000003196000000,0x0000003196100000)]
  0x00000150459170e0 JavaThread "Unconstrained build operations Thread 53" [_thread_blocked, id=5104, stack(0x0000003196100000,0x0000003196200000)]
  0x000001504591af70 JavaThread "Unconstrained build operations Thread 54" [_thread_blocked, id=24348, stack(0x0000003196200000,0x0000003196300000)]
  0x00000150459175b0 JavaThread "Unconstrained build operations Thread 55" [_thread_blocked, id=23636, stack(0x0000003196300000,0x0000003196400000)]
  0x0000015045917a80 JavaThread "Unconstrained build operations Thread 56" [_thread_blocked, id=5564, stack(0x0000003196400000,0x0000003196500000)]
  0x000001504591c2b0 JavaThread "Unconstrained build operations Thread 57" [_thread_blocked, id=5892, stack(0x0000003196500000,0x0000003196600000)]
  0x000001504591c780 JavaThread "Unconstrained build operations Thread 58" [_thread_blocked, id=1680, stack(0x0000003196600000,0x0000003196700000)]
  0x000001504591d5f0 JavaThread "Unconstrained build operations Thread 59" [_thread_blocked, id=25360, stack(0x0000003196700000,0x0000003196800000)]
  0x000001504591b910 JavaThread "Unconstrained build operations Thread 60" [_thread_blocked, id=13644, stack(0x0000003196800000,0x0000003196900000)]
  0x0000015045919290 JavaThread "Unconstrained build operations Thread 61" [_thread_blocked, id=24328, stack(0x0000003196900000,0x0000003196a00000)]
  0x0000015045919760 JavaThread "Unconstrained build operations Thread 62" [_thread_blocked, id=22492, stack(0x0000003196a00000,0x0000003196b00000)]
  0x000001504591b440 JavaThread "Unconstrained build operations Thread 63" [_thread_blocked, id=25200, stack(0x0000003196b00000,0x0000003196c00000)]
  0x000001504591d120 JavaThread "Unconstrained build operations Thread 64" [_thread_blocked, id=6800, stack(0x0000003196c00000,0x0000003196d00000)]
  0x000001503dd43cf0 JavaThread "Unconstrained build operations Thread 65" [_thread_blocked, id=24864, stack(0x0000003196d00000,0x0000003196e00000)]
  0x000001503dd3fe60 JavaThread "Unconstrained build operations Thread 66" [_thread_blocked, id=23796, stack(0x0000003196e00000,0x0000003196f00000)]
  0x000001503dd441c0 JavaThread "Unconstrained build operations Thread 67" [_thread_blocked, id=14720, stack(0x0000003196f00000,0x0000003197000000)]
  0x000001503dd411a0 JavaThread "Unconstrained build operations Thread 68" [_thread_blocked, id=9608, stack(0x0000003197000000,0x0000003197100000)]
  0x000001503dd45ea0 JavaThread "Unconstrained build operations Thread 69" [_thread_blocked, id=17532, stack(0x0000003197100000,0x0000003197200000)]
  0x000001503dd3f990 JavaThread "Unconstrained build operations Thread 70" [_thread_blocked, id=25224, stack(0x0000003197200000,0x0000003197300000)]
  0x000001503dd41670 JavaThread "Unconstrained build operations Thread 71" [_thread_blocked, id=3528, stack(0x0000003197300000,0x0000003197400000)]
  0x000001503dd40cd0 JavaThread "Unconstrained build operations Thread 72" [_thread_blocked, id=25272, stack(0x0000003197400000,0x0000003197500000)]
  0x000001503dd46d10 JavaThread "Unconstrained build operations Thread 73" [_thread_blocked, id=24460, stack(0x0000003197500000,0x0000003197600000)]
  0x000001503dd46370 JavaThread "Unconstrained build operations Thread 74" [_thread_blocked, id=25268, stack(0x0000003197600000,0x0000003197700000)]
  0x000001503dd46840 JavaThread "Unconstrained build operations Thread 75" [_thread_blocked, id=23700, stack(0x0000003197700000,0x0000003197800000)]
  0x000001503dd471e0 JavaThread "Unconstrained build operations Thread 76" [_thread_blocked, id=9392, stack(0x0000003197800000,0x0000003197900000)]
  0x000001503dd43350 JavaThread "Unconstrained build operations Thread 77" [_thread_blocked, id=9412, stack(0x0000003197900000,0x0000003197a00000)]
  0x000001503dd42e80 JavaThread "Unconstrained build operations Thread 78" [_thread_blocked, id=23940, stack(0x0000003197a00000,0x0000003197b00000)]
  0x000001503dd40330 JavaThread "Unconstrained build operations Thread 79" [_thread_blocked, id=16800, stack(0x0000003197b00000,0x0000003197c00000)]
  0x000001503dd43820 JavaThread "Unconstrained build operations Thread 80" [_thread_blocked, id=3404, stack(0x0000003197c00000,0x0000003197d00000)]
  0x000001503dd40800 JavaThread "jar transforms Thread 6" [_thread_blocked, id=24400, stack(0x0000003197d00000,0x0000003197e00000)]
  0x000001503dd44690 JavaThread "jar transforms Thread 7" [_thread_blocked, id=23996, stack(0x0000003197e00000,0x0000003197f00000)]
  0x000001503dd41b40 JavaThread "jar transforms Thread 8" [_thread_blocked, id=23856, stack(0x0000003197f00000,0x0000003198000000)]
  0x000001503dd424e0 JavaThread "build event listener" [_thread_blocked, id=16908, stack(0x0000003198000000,0x0000003198100000)]
  0x000001503dd429b0 JavaThread "Memory manager" [_thread_blocked, id=16412, stack(0x0000003198100000,0x0000003198200000)]
  0x000001503dd45030 JavaThread "build event listener" [_thread_blocked, id=23908, stack(0x0000003198200000,0x0000003198300000)]
  0x000001503dd45500 JavaThread "build event listener" [_thread_blocked, id=20636, stack(0x0000003198300000,0x0000003198400000)]
  0x000001503e776be0 JavaThread "C2 CompilerThread1" daemon [_thread_blocked, id=21268, stack(0x0000003191800000,0x0000003191900000)]

Other Threads:
=>0x000001503ceeb320 VMThread "VM Thread" [stack: 0x000000318f900000,0x000000318fa00000] [id=25628]
  0x000001503d9ad7e0 WatcherThread [stack: 0x0000003190500000,0x0000003190600000] [id=25740]
  0x00000150230fa270 GCTaskThread "GC Thread#0" [stack: 0x000000318f400000,0x000000318f500000] [id=2456]
  0x000001503dde6e00 GCTaskThread "GC Thread#1" [stack: 0x0000003190700000,0x0000003190800000] [id=21460]
  0x000001503e92e560 GCTaskThread "GC Thread#2" [stack: 0x0000003190800000,0x0000003190900000] [id=1980]
  0x000001503e9028d0 GCTaskThread "GC Thread#3" [stack: 0x0000003190900000,0x0000003190a00000] [id=14100]
  0x000001503ef1be20 GCTaskThread "GC Thread#4" [stack: 0x0000003190600000,0x0000003190700000] [id=25616]
  0x000001503f02c080 GCTaskThread "GC Thread#5" [stack: 0x0000003190a00000,0x0000003190b00000] [id=25640]
  0x000001504120a070 GCTaskThread "GC Thread#6" [stack: 0x0000003191500000,0x0000003191600000] [id=24484]
  0x0000015040d7b710 GCTaskThread "GC Thread#7" [stack: 0x0000003191600000,0x0000003191700000] [id=24304]
  0x000001502310b1b0 ConcurrentGCThread "G1 Main Marker" [stack: 0x000000318f500000,0x000000318f600000] [id=11400]
  0x000001502310c360 ConcurrentGCThread "G1 Conc#0" [stack: 0x000000318f600000,0x000000318f700000] [id=24624]
  0x00000150409da870 ConcurrentGCThread "G1 Conc#1" [stack: 0x0000003191700000,0x0000003191800000] [id=23844]
  0x000001502315e3d0 ConcurrentGCThread "G1 Refine#0" [stack: 0x000000318f700000,0x000000318f800000] [id=25384]
  0x00000150432330a0 ConcurrentGCThread "G1 Refine#1" [stack: 0x0000003192600000,0x0000003192700000] [id=24296]
  0x000001503cd360d0 ConcurrentGCThread "G1 Service" [stack: 0x000000318f800000,0x000000318f900000] [id=25624]

Threads with active compile tasks:
C2 CompilerThread0    22930 10065       4       groovy.lang.MetaClassImpl::addMetaMethodToIndex (65 bytes)
C2 CompilerThread1    22930 9972       4       java.lang.Class::getMethodsRecursive (99 bytes)

VM state: at safepoint (normal execution)

VM Mutex/Monitor currently owned by a thread:  ([mutex/lock_event])
[0x0000015023098d40] Threads_lock - owner thread: 0x000001503ceeb320
[0x0000015023099d90] Heap_lock - owner thread: 0x0000015041209ba0

Heap address: 0x0000000080000000, size: 2048 MB, Compressed Oops mode: 32-bit

CDS archive(s) not mapped
Compressed class space mapped at: 0x0000000100000000-0x0000000140000000, reserved size: 1073741824
Narrow klass base: 0x0000000000000000, Narrow klass shift: 3, Narrow klass range: 0x140000000

GC Precious Log:
 CPUs: 8 total, 8 available
 Memory: 7502M
 Large Page Support: Disabled
 NUMA Support: Disabled
 Compressed Oops: Enabled (32-bit)
 Heap Region Size: 1M
 Heap Min Capacity: 8M
 Heap Initial Capacity: 118M
 Heap Max Capacity: 2G
 Pre-touch: Disabled
 Parallel Workers: 8
 Concurrent Workers: 2
 Concurrent Refinement Workers: 8
 Periodic GC: Disabled

Heap:
 garbage-first heap   total 152576K, used 88936K [0x0000000080000000, 0x0000000100000000)
  region size 1024K, 1 young (1024K), 1 survivors (1024K)
 Metaspace       used 96572K, committed 97216K, reserved 1138688K
  class space    used 13162K, committed 13504K, reserved 1048576K

Heap Regions: E=young(eden), S=young(survivor), O=old, HS=humongous(starts), HC=humongous(continues), CS=collection set, F=free, OA=open archive, CA=closed archive, TAMS=top-at-mark-start (previous, next)
|   0|0x0000000080000000, 0x0000000080100000, 0x0000000080100000|100%|HS|  |TAMS 0x0000000080100000, 0x0000000080000000| Complete 
|   1|0x0000000080100000, 0x0000000080200000, 0x0000000080200000|100%|HC|  |TAMS 0x0000000080200000, 0x0000000080100000| Complete 
|   2|0x0000000080200000, 0x0000000080300000, 0x0000000080300000|100%|HC|  |TAMS 0x0000000080300000, 0x0000000080200000| Complete 
|   3|0x0000000080300000, 0x0000000080400000, 0x0000000080400000|100%|HC|  |TAMS 0x0000000080400000, 0x0000000080300000| Complete 
|   4|0x0000000080400000, 0x0000000080500000, 0x0000000080500000|100%| O|  |TAMS 0x0000000080500000, 0x0000000080400000| Untracked 
|   5|0x0000000080500000, 0x0000000080600000, 0x0000000080600000|100%| O|  |TAMS 0x0000000080600000, 0x0000000080500000| Untracked 
|   6|0x0000000080600000, 0x0000000080700000, 0x0000000080700000|100%| O|  |TAMS 0x0000000080700000, 0x0000000080600000| Untracked 
|   7|0x0000000080700000, 0x0000000080800000, 0x0000000080800000|100%| O|  |TAMS 0x0000000080800000, 0x0000000080700000| Untracked 
|   8|0x0000000080800000, 0x0000000080900000, 0x0000000080900000|100%| O|  |TAMS 0x0000000080900000, 0x0000000080800000| Untracked 
|   9|0x0000000080900000, 0x0000000080a00000, 0x0000000080a00000|100%| O|  |TAMS 0x0000000080a00000, 0x0000000080900000| Untracked 
|  10|0x0000000080a00000, 0x0000000080b00000, 0x0000000080b00000|100%| O|  |TAMS 0x0000000080b00000, 0x0000000080a00000| Untracked 
|  11|0x0000000080b00000, 0x0000000080c00000, 0x0000000080c00000|100%| O|  |TAMS 0x0000000080c00000, 0x0000000080b00000| Untracked 
|  12|0x0000000080c00000, 0x0000000080d00000, 0x0000000080d00000|100%| O|  |TAMS 0x0000000080d00000, 0x0000000080c00000| Untracked 
|  13|0x0000000080d00000, 0x0000000080e00000, 0x0000000080e00000|100%| O|  |TAMS 0x0000000080e00000, 0x0000000080d00000| Untracked 
|  14|0x0000000080e00000, 0x0000000080f00000, 0x0000000080f00000|100%| O|  |TAMS 0x0000000080f00000, 0x0000000080e00000| Untracked 
|  15|0x0000000080f00000, 0x0000000081000000, 0x0000000081000000|100%| O|  |TAMS 0x0000000081000000, 0x0000000080f00000| Untracked 
|  16|0x0000000081000000, 0x0000000081100000, 0x0000000081100000|100%| O|  |TAMS 0x0000000081100000, 0x0000000081000000| Untracked 
|  17|0x0000000081100000, 0x0000000081200000, 0x0000000081200000|100%| O|  |TAMS 0x0000000081200000, 0x0000000081100000| Untracked 
|  18|0x0000000081200000, 0x0000000081300000, 0x0000000081300000|100%| O|  |TAMS 0x0000000081300000, 0x0000000081200000| Untracked 
|  19|0x0000000081300000, 0x0000000081400000, 0x0000000081400000|100%| O|  |TAMS 0x0000000081400000, 0x0000000081300000| Untracked 
|  20|0x0000000081400000, 0x0000000081500000, 0x0000000081500000|100%| O|  |TAMS 0x0000000081500000, 0x0000000081400000| Untracked 
|  21|0x0000000081500000, 0x0000000081600000, 0x0000000081600000|100%| O|  |TAMS 0x0000000081600000, 0x0000000081500000| Untracked 
|  22|0x0000000081600000, 0x0000000081700000, 0x0000000081700000|100%|HS|  |TAMS 0x0000000081700000, 0x0000000081600000| Complete 
|  23|0x0000000081700000, 0x0000000081800000, 0x0000000081800000|100%| O|  |TAMS 0x0000000081800000, 0x0000000081700000| Untracked 
|  24|0x0000000081800000, 0x0000000081900000, 0x0000000081900000|100%| O|  |TAMS 0x0000000081900000, 0x0000000081800000| Untracked 
|  25|0x0000000081900000, 0x0000000081a00000, 0x0000000081a00000|100%| O|  |TAMS 0x0000000081a00000, 0x0000000081900000| Untracked 
|  26|0x0000000081a00000, 0x0000000081b00000, 0x0000000081b00000|100%| O|  |TAMS 0x0000000081b00000, 0x0000000081a00000| Untracked 
|  27|0x0000000081b00000, 0x0000000081c00000, 0x0000000081c00000|100%| O|  |TAMS 0x0000000081c00000, 0x0000000081b00000| Untracked 
|  28|0x0000000081c00000, 0x0000000081d00000, 0x0000000081d00000|100%| O|  |TAMS 0x0000000081d00000, 0x0000000081c00000| Untracked 
|  29|0x0000000081d00000, 0x0000000081e00000, 0x0000000081e00000|100%| O|  |TAMS 0x0000000081e00000, 0x0000000081d00000| Untracked 
|  30|0x0000000081e00000, 0x0000000081f00000, 0x0000000081f00000|100%| O|  |TAMS 0x0000000081f00000, 0x0000000081e00000| Untracked 
|  31|0x0000000081f00000, 0x0000000082000000, 0x0000000082000000|100%| O|  |TAMS 0x0000000082000000, 0x0000000081f00000| Untracked 
|  32|0x0000000082000000, 0x0000000082100000, 0x0000000082100000|100%| O|  |TAMS 0x0000000082100000, 0x0000000082000000| Untracked 
|  33|0x0000000082100000, 0x0000000082200000, 0x0000000082200000|100%| O|  |TAMS 0x0000000082200000, 0x0000000082100000| Untracked 
|  34|0x0000000082200000, 0x0000000082300000, 0x0000000082300000|100%| O|  |TAMS 0x0000000082300000, 0x0000000082200000| Untracked 
|  35|0x0000000082300000, 0x0000000082400000, 0x0000000082400000|100%| O|  |TAMS 0x0000000082400000, 0x0000000082300000| Untracked 
|  36|0x0000000082400000, 0x0000000082500000, 0x0000000082500000|100%|HS|  |TAMS 0x0000000082500000, 0x0000000082400000| Complete 
|  37|0x0000000082500000, 0x0000000082600000, 0x0000000082600000|100%|HS|  |TAMS 0x0000000082600000, 0x0000000082500000| Complete 
|  38|0x0000000082600000, 0x0000000082700000, 0x0000000082700000|100%|HC|  |TAMS 0x0000000082700000, 0x0000000082600000| Complete 
|  39|0x0000000082700000, 0x0000000082800000, 0x0000000082800000|100%| O|  |TAMS 0x0000000082700000, 0x0000000082700000| Untracked 
|  40|0x0000000082800000, 0x0000000082800000, 0x0000000082900000|  0%| F|  |TAMS 0x0000000082800000, 0x0000000082800000| Untracked 
|  41|0x0000000082900000, 0x0000000082a00000, 0x0000000082a00000|100%|HS|  |TAMS 0x0000000082a00000, 0x0000000082900000| Complete 
|  42|0x0000000082a00000, 0x0000000082b00000, 0x0000000082b00000|100%| O|  |TAMS 0x0000000082b00000, 0x0000000082a00000| Untracked 
|  43|0x0000000082b00000, 0x0000000082c00000, 0x0000000082c00000|100%| O|  |TAMS 0x0000000082c00000, 0x0000000082b00000| Untracked 
|  44|0x0000000082c00000, 0x0000000082d00000, 0x0000000082d00000|100%|HS|  |TAMS 0x0000000082d00000, 0x0000000082c00000| Complete 
|  45|0x0000000082d00000, 0x0000000082e00000, 0x0000000082e00000|100%|HC|  |TAMS 0x0000000082e00000, 0x0000000082d00000| Complete 
|  46|0x0000000082e00000, 0x0000000082f00000, 0x0000000082f00000|100%|HC|  |TAMS 0x0000000082f00000, 0x0000000082e00000| Complete 
|  47|0x0000000082f00000, 0x0000000083000000, 0x0000000083000000|100%|HC|  |TAMS 0x0000000083000000, 0x0000000082f00000| Complete 
|  48|0x0000000083000000, 0x0000000083100000, 0x0000000083100000|100%| O|  |TAMS 0x0000000083100000, 0x0000000083000000| Untracked 
|  49|0x0000000083100000, 0x0000000083200000, 0x0000000083200000|100%| O|  |TAMS 0x0000000083200000, 0x0000000083100000| Untracked 
|  50|0x0000000083200000, 0x0000000083300000, 0x0000000083300000|100%| O|  |TAMS 0x0000000083300000, 0x0000000083200000| Untracked 
|  51|0x0000000083300000, 0x0000000083400000, 0x0000000083400000|100%| O|  |TAMS 0x0000000083400000, 0x0000000083300000| Untracked 
|  52|0x0000000083400000, 0x0000000083500000, 0x0000000083500000|100%| O|  |TAMS 0x0000000083500000, 0x0000000083400000| Untracked 
|  53|0x0000000083500000, 0x0000000083600000, 0x0000000083600000|100%| O|  |TAMS 0x0000000083600000, 0x0000000083500000| Untracked 
|  54|0x0000000083600000, 0x0000000083700000, 0x0000000083700000|100%| O|  |TAMS 0x0000000083700000, 0x0000000083600000| Untracked 
|  55|0x0000000083700000, 0x0000000083800000, 0x0000000083800000|100%| O|  |TAMS 0x0000000083800000, 0x0000000083700000| Untracked 
|  56|0x0000000083800000, 0x0000000083900000, 0x0000000083900000|100%| O|  |TAMS 0x0000000083900000, 0x0000000083800000| Untracked 
|  57|0x0000000083900000, 0x0000000083a00000, 0x0000000083a00000|100%| O|  |TAMS 0x0000000083a00000, 0x0000000083900000| Untracked 
|  58|0x0000000083a00000, 0x0000000083b00000, 0x0000000083b00000|100%| O|  |TAMS 0x0000000083b00000, 0x0000000083a00000| Untracked 
|  59|0x0000000083b00000, 0x0000000083c00000, 0x0000000083c00000|100%| O|  |TAMS 0x0000000083c00000, 0x0000000083b00000| Untracked 
|  60|0x0000000083c00000, 0x0000000083d00000, 0x0000000083d00000|100%| O|  |TAMS 0x0000000083d00000, 0x0000000083c00000| Untracked 
|  61|0x0000000083d00000, 0x0000000083e00000, 0x0000000083e00000|100%| O|  |TAMS 0x0000000083e00000, 0x0000000083d00000| Untracked 
|  62|0x0000000083e00000, 0x0000000083f00000, 0x0000000083f00000|100%| O|  |TAMS 0x0000000083f00000, 0x0000000083e00000| Untracked 
|  63|0x0000000083f00000, 0x0000000084000000, 0x0000000084000000|100%| O|  |TAMS 0x0000000084000000, 0x0000000083f00000| Untracked 
|  64|0x0000000084000000, 0x0000000084100000, 0x0000000084100000|100%| O|  |TAMS 0x0000000084100000, 0x0000000084000000| Untracked 
|  65|0x0000000084100000, 0x0000000084200000, 0x0000000084200000|100%| O|  |TAMS 0x0000000084200000, 0x0000000084100000| Untracked 
|  66|0x0000000084200000, 0x0000000084300000, 0x0000000084300000|100%| O|  |TAMS 0x0000000084300000, 0x0000000084200000| Untracked 
|  67|0x0000000084300000, 0x0000000084400000, 0x0000000084400000|100%| O|  |TAMS 0x0000000084400000, 0x0000000084300000| Untracked 
|  68|0x0000000084400000, 0x0000000084500000, 0x0000000084500000|100%| O|  |TAMS 0x0000000084500000, 0x0000000084400000| Untracked 
|  69|0x0000000084500000, 0x0000000084600000, 0x0000000084600000|100%| O|  |TAMS 0x0000000084600000, 0x0000000084500000| Untracked 
|  70|0x0000000084600000, 0x0000000084700000, 0x0000000084700000|100%| O|  |TAMS 0x0000000084700000, 0x0000000084600000| Untracked 
|  71|0x0000000084700000, 0x0000000084800000, 0x0000000084800000|100%| O|  |TAMS 0x0000000084800000, 0x0000000084700000| Untracked 
|  72|0x0000000084800000, 0x0000000084900000, 0x0000000084900000|100%| O|  |TAMS 0x0000000084900000, 0x0000000084800000| Untracked 
|  73|0x0000000084900000, 0x0000000084a00000, 0x0000000084a00000|100%| O|  |TAMS 0x0000000084a00000, 0x0000000084900000| Untracked 
|  74|0x0000000084a00000, 0x0000000084b00000, 0x0000000084b00000|100%| O|  |TAMS 0x0000000084b00000, 0x0000000084a00000| Untracked 
|  75|0x0000000084b00000, 0x0000000084c00000, 0x0000000084c00000|100%| O|  |TAMS 0x0000000084c00000, 0x0000000084b00000| Untracked 
|  76|0x0000000084c00000, 0x0000000084d00000, 0x0000000084d00000|100%| O|  |TAMS 0x0000000084d00000, 0x0000000084c00000| Untracked 
|  77|0x0000000084d00000, 0x0000000084e00000, 0x0000000084e00000|100%| O|  |TAMS 0x0000000084e00000, 0x0000000084d00000| Untracked 
|  78|0x0000000084e00000, 0x0000000084f00000, 0x0000000084f00000|100%| O|  |TAMS 0x0000000084e41c00, 0x0000000084e00000| Untracked 
|  79|0x0000000084f00000, 0x0000000085000000, 0x0000000085000000|100%| O|  |TAMS 0x0000000084f00000, 0x0000000084f00000| Untracked 
|  80|0x0000000085000000, 0x0000000085100000, 0x0000000085100000|100%| O|  |TAMS 0x0000000085000000, 0x0000000085000000| Untracked 
|  81|0x0000000085100000, 0x0000000085200000, 0x0000000085200000|100%| O|  |TAMS 0x0000000085100000, 0x0000000085100000| Untracked 
|  82|0x0000000085200000, 0x0000000085300000, 0x0000000085300000|100%| O|  |TAMS 0x0000000085200000, 0x0000000085200000| Untracked 
|  83|0x0000000085300000, 0x0000000085400000, 0x0000000085400000|100%| O|  |TAMS 0x0000000085300000, 0x0000000085300000| Untracked 
|  84|0x0000000085400000, 0x0000000085500000, 0x0000000085500000|100%| O|  |TAMS 0x0000000085400000, 0x0000000085400000| Untracked 
|  85|0x0000000085500000, 0x0000000085600000, 0x0000000085600000|100%| O|  |TAMS 0x0000000085500000, 0x0000000085500000| Untracked 
|  86|0x0000000085600000, 0x0000000085700000, 0x0000000085700000|100%| O|  |TAMS 0x0000000085600000, 0x0000000085600000| Untracked 
|  87|0x0000000085700000, 0x0000000085700000, 0x0000000085800000|  0%| F|  |TAMS 0x0000000085700000, 0x0000000085700000| Untracked 
|  88|0x0000000085800000, 0x0000000085800000, 0x0000000085900000|  0%| F|  |TAMS 0x0000000085800000, 0x0000000085800000| Untracked 
|  89|0x0000000085900000, 0x0000000085900000, 0x0000000085a00000|  0%| F|  |TAMS 0x0000000085900000, 0x0000000085900000| Untracked 
|  90|0x0000000085a00000, 0x0000000085a00000, 0x0000000085b00000|  0%| F|  |TAMS 0x0000000085a00000, 0x0000000085a00000| Untracked 
|  91|0x0000000085b00000, 0x0000000085b00000, 0x0000000085c00000|  0%| F|  |TAMS 0x0000000085b00000, 0x0000000085b00000| Untracked 
|  92|0x0000000085c00000, 0x0000000085c00000, 0x0000000085d00000|  0%| F|  |TAMS 0x0000000085c00000, 0x0000000085c00000| Untracked 
|  93|0x0000000085d00000, 0x0000000085d00000, 0x0000000085e00000|  0%| F|  |TAMS 0x0000000085d00000, 0x0000000085d00000| Untracked 
|  94|0x0000000085e00000, 0x0000000085e00000, 0x0000000085f00000|  0%| F|  |TAMS 0x0000000085e00000, 0x0000000085e00000| Untracked 
|  95|0x0000000085f00000, 0x0000000085f00000, 0x0000000086000000|  0%| F|  |TAMS 0x0000000085f00000, 0x0000000085f00000| Untracked 
|  96|0x0000000086000000, 0x0000000086000000, 0x0000000086100000|  0%| F|  |TAMS 0x0000000086000000, 0x0000000086000000| Untracked 
|  97|0x0000000086100000, 0x0000000086100000, 0x0000000086200000|  0%| F|  |TAMS 0x0000000086100000, 0x0000000086100000| Untracked 
|  98|0x0000000086200000, 0x0000000086200000, 0x0000000086300000|  0%| F|  |TAMS 0x0000000086200000, 0x0000000086200000| Untracked 
|  99|0x0000000086300000, 0x0000000086300000, 0x0000000086400000|  0%| F|  |TAMS 0x0000000086300000, 0x0000000086300000| Untracked 
| 100|0x0000000086400000, 0x0000000086400000, 0x0000000086500000|  0%| F|  |TAMS 0x0000000086400000, 0x0000000086400000| Untracked 
| 101|0x0000000086500000, 0x0000000086500000, 0x0000000086600000|  0%| F|  |TAMS 0x0000000086500000, 0x0000000086500000| Untracked 
| 102|0x0000000086600000, 0x0000000086600000, 0x0000000086700000|  0%| F|  |TAMS 0x0000000086600000, 0x0000000086600000| Untracked 
| 103|0x0000000086700000, 0x0000000086700000, 0x0000000086800000|  0%| F|  |TAMS 0x0000000086700000, 0x0000000086700000| Untracked 
| 104|0x0000000086800000, 0x0000000086800000, 0x0000000086900000|  0%| F|  |TAMS 0x0000000086800000, 0x0000000086800000| Untracked 
| 105|0x0000000086900000, 0x0000000086900000, 0x0000000086a00000|  0%| F|  |TAMS 0x0000000086900000, 0x0000000086900000| Untracked 
| 106|0x0000000086a00000, 0x0000000086a00000, 0x0000000086b00000|  0%| F|  |TAMS 0x0000000086a00000, 0x0000000086a00000| Untracked 
| 107|0x0000000086b00000, 0x0000000086b00000, 0x0000000086c00000|  0%| F|  |TAMS 0x0000000086b00000, 0x0000000086b00000| Untracked 
| 108|0x0000000086c00000, 0x0000000086c00000, 0x0000000086d00000|  0%| F|  |TAMS 0x0000000086c00000, 0x0000000086c00000| Untracked 
| 109|0x0000000086d00000, 0x0000000086d00000, 0x0000000086e00000|  0%| F|  |TAMS 0x0000000086d00000, 0x0000000086d00000| Untracked 
| 110|0x0000000086e00000, 0x0000000086e00000, 0x0000000086f00000|  0%| F|  |TAMS 0x0000000086e00000, 0x0000000086e00000| Untracked 
| 111|0x0000000086f00000, 0x0000000086f00000, 0x0000000087000000|  0%| F|  |TAMS 0x0000000086f00000, 0x0000000086f00000| Untracked 
| 112|0x0000000087000000, 0x0000000087000000, 0x0000000087100000|  0%| F|  |TAMS 0x0000000087000000, 0x0000000087000000| Untracked 
| 113|0x0000000087100000, 0x0000000087100000, 0x0000000087200000|  0%| F|  |TAMS 0x0000000087100000, 0x0000000087100000| Untracked 
| 114|0x0000000087200000, 0x0000000087200000, 0x0000000087300000|  0%| F|  |TAMS 0x0000000087200000, 0x0000000087200000| Untracked 
| 115|0x0000000087300000, 0x0000000087300000, 0x0000000087400000|  0%| F|  |TAMS 0x0000000087300000, 0x0000000087300000| Untracked 
| 116|0x0000000087400000, 0x0000000087400000, 0x0000000087500000|  0%| F|  |TAMS 0x0000000087400000, 0x0000000087400000| Untracked 
| 117|0x0000000087500000, 0x0000000087500000, 0x0000000087600000|  0%| F|  |TAMS 0x0000000087500000, 0x0000000087500000| Untracked 
| 118|0x0000000087600000, 0x0000000087600000, 0x0000000087700000|  0%| F|  |TAMS 0x0000000087600000, 0x0000000087600000| Untracked 
| 119|0x0000000087700000, 0x0000000087700000, 0x0000000087800000|  0%| F|  |TAMS 0x0000000087700000, 0x0000000087700000| Untracked 
| 120|0x0000000087800000, 0x0000000087800000, 0x0000000087900000|  0%| F|  |TAMS 0x0000000087800000, 0x0000000087800000| Untracked 
| 121|0x0000000087900000, 0x0000000087900000, 0x0000000087a00000|  0%| F|  |TAMS 0x0000000087900000, 0x0000000087900000| Untracked 
| 122|0x0000000087a00000, 0x0000000087a00000, 0x0000000087b00000|  0%| F|  |TAMS 0x0000000087a00000, 0x0000000087a00000| Untracked 
| 123|0x0000000087b00000, 0x0000000087b00000, 0x0000000087c00000|  0%| F|  |TAMS 0x0000000087b00000, 0x0000000087b00000| Untracked 
| 124|0x0000000087c00000, 0x0000000087c00000, 0x0000000087d00000|  0%| F|  |TAMS 0x0000000087c00000, 0x0000000087c00000| Untracked 
| 125|0x0000000087d00000, 0x0000000087d00000, 0x0000000087e00000|  0%| F|  |TAMS 0x0000000087d00000, 0x0000000087d00000| Untracked 
| 126|0x0000000087e00000, 0x0000000087e00000, 0x0000000087f00000|  0%| F|  |TAMS 0x0000000087e00000, 0x0000000087e00000| Untracked 
| 127|0x0000000087f00000, 0x0000000087f00000, 0x0000000088000000|  0%| F|  |TAMS 0x0000000087f00000, 0x0000000087f00000| Untracked 
| 128|0x0000000088000000, 0x0000000088000000, 0x0000000088100000|  0%| F|  |TAMS 0x0000000088000000, 0x0000000088000000| Untracked 
| 129|0x0000000088100000, 0x0000000088100000, 0x0000000088200000|  0%| F|  |TAMS 0x0000000088100000, 0x0000000088100000| Untracked 
| 130|0x0000000088200000, 0x0000000088200000, 0x0000000088300000|  0%| F|  |TAMS 0x0000000088200000, 0x0000000088200000| Untracked 
| 131|0x0000000088300000, 0x0000000088300000, 0x0000000088400000|  0%| F|  |TAMS 0x0000000088300000, 0x0000000088300000| Untracked 
| 132|0x0000000088400000, 0x0000000088400000, 0x0000000088500000|  0%| F|  |TAMS 0x0000000088400000, 0x0000000088400000| Untracked 
| 133|0x0000000088500000, 0x0000000088500000, 0x0000000088600000|  0%| F|  |TAMS 0x0000000088500000, 0x0000000088500000| Untracked 
| 134|0x0000000088600000, 0x0000000088600000, 0x0000000088700000|  0%| F|  |TAMS 0x0000000088600000, 0x0000000088600000| Untracked 
| 135|0x0000000088700000, 0x0000000088700000, 0x0000000088800000|  0%| F|  |TAMS 0x0000000088700000, 0x0000000088700000| Untracked 
| 136|0x0000000088800000, 0x0000000088800000, 0x0000000088900000|  0%| F|  |TAMS 0x0000000088800000, 0x0000000088800000| Untracked 
| 137|0x0000000088900000, 0x0000000088900000, 0x0000000088a00000|  0%| F|  |TAMS 0x0000000088900000, 0x0000000088900000| Untracked 
| 138|0x0000000088a00000, 0x0000000088a00000, 0x0000000088b00000|  0%| F|  |TAMS 0x0000000088a00000, 0x0000000088a00000| Untracked 
| 139|0x0000000088b00000, 0x0000000088b00000, 0x0000000088c00000|  0%| F|  |TAMS 0x0000000088b00000, 0x0000000088b00000| Untracked 
| 140|0x0000000088c00000, 0x0000000088c00000, 0x0000000088d00000|  0%| F|  |TAMS 0x0000000088c00000, 0x0000000088c00000| Untracked 
| 141|0x0000000088d00000, 0x0000000088d00000, 0x0000000088e00000|  0%| F|  |TAMS 0x0000000088d00000, 0x0000000088d00000| Untracked 
| 142|0x0000000088e00000, 0x0000000088e00000, 0x0000000088f00000|  0%| F|  |TAMS 0x0000000088e00000, 0x0000000088e00000| Untracked 
| 143|0x0000000088f00000, 0x0000000088f00000, 0x0000000089000000|  0%| F|  |TAMS 0x0000000088f00000, 0x0000000088f00000| Untracked 
| 144|0x0000000089000000, 0x0000000089000000, 0x0000000089100000|  0%| F|  |TAMS 0x0000000089000000, 0x0000000089000000| Untracked 
| 145|0x0000000089100000, 0x0000000089100000, 0x0000000089200000|  0%| F|  |TAMS 0x0000000089100000, 0x0000000089100000| Untracked 
| 146|0x0000000089200000, 0x0000000089200000, 0x0000000089300000|  0%| F|  |TAMS 0x0000000089200000, 0x0000000089200000| Untracked 
| 147|0x0000000089300000, 0x00000000893da0a0, 0x0000000089400000| 85%| S|CS|TAMS 0x0000000089300000, 0x0000000089300000| Complete 
| 148|0x0000000089400000, 0x0000000089400000, 0x0000000089500000|  0%| F|  |TAMS 0x0000000089400000, 0x0000000089400000| Untracked 

Card table byte_map: [0x0000015035c90000,0x0000015036090000] _byte_map_base: 0x0000015035890000

Marking Bits (Prev, Next): (CMBitMap*) 0x00000150230fa8c0, (CMBitMap*) 0x00000150230fa880
 Prev Bits: [0x0000015038490000, 0x000001503a490000)
 Next Bits: [0x0000015036490000, 0x0000015038490000)

Polling page: 0x0000015021030000

Metaspace:

Usage:
  Non-class:     81.46 MB used.
      Class:     12.85 MB used.
       Both:     94.31 MB used.

Virtual space:
  Non-class space:       88.00 MB reserved,      81.75 MB ( 93%) committed,  11 nodes.
      Class space:        1.00 GB reserved,      13.19 MB (  1%) committed,  1 nodes.
             Both:        1.09 GB reserved,      94.94 MB (  9%) committed. 

Chunk freelists:
   Non-Class:  2.25 MB
       Class:  2.73 MB
        Both:  4.98 MB

MaxMetaspaceSize: unlimited
CompressedClassSpaceSize: 1.00 GB
Initial GC threshold: 21.00 MB
Current GC threshold: 158.12 MB
CDS: off
MetaspaceReclaimPolicy: balanced
 - commit_granule_bytes: 65536.
 - commit_granule_words: 8192.
 - virtual_space_node_default_size: 1048576.
 - enlarge_chunks_in_place: 1.
 - new_chunks_are_fully_committed: 0.
 - uncommit_free_chunks: 1.
 - use_allocation_guard: 0.
 - handle_deallocations: 1.


Internal statistics:

num_allocs_failed_limit: 6.
num_arena_births: 972.
num_arena_deaths: 0.
num_vsnodes_births: 12.
num_vsnodes_deaths: 0.
num_space_committed: 1519.
num_space_uncommitted: 0.
num_chunks_returned_to_freelist: 6.
num_chunks_taken_from_freelist: 4504.
num_chunk_merges: 3.
num_chunk_splits: 3009.
num_chunks_enlarged: 2048.
num_purges: 0.
num_inconsistent_stats: 0.

CodeHeap 'non-profiled nmethods': size=120000Kb used=5336Kb max_used=5336Kb free=114663Kb
 bounds [0x000001502e030000, 0x000001502e570000, 0x0000015035560000]
CodeHeap 'profiled nmethods': size=120000Kb used=18261Kb max_used=18261Kb free=101738Kb
 bounds [0x0000015026560000, 0x0000015027740000, 0x000001502da90000]
CodeHeap 'non-nmethods': size=5760Kb used=2391Kb max_used=2458Kb free=3369Kb
 bounds [0x000001502da90000, 0x000001502dd00000, 0x000001502e030000]
 total_blobs=10089 nmethods=9162 adapters=839
 compilation: enabled
              stopped_count=0, restarted_count=0
 full_count=0

Compilation events (20 events):
Event: 22.834 Thread 0x000001503d83dd40 10071       2       com.sun.beans.introspect.EventSetInfo::get (373 bytes)
Event: 22.837 Thread 0x000001503d83dd40 nmethod 10071 0x000001502772ea10 code [0x000001502772ee00, 0x000001502772ffa8]
Event: 22.837 Thread 0x000001503d83dd40 10072       2       com.sun.beans.introspect.MethodInfo::isThrow (42 bytes)
Event: 22.837 Thread 0x000001503d83dd40 nmethod 10072 0x0000015027730a90 code [0x0000015027730c40, 0x0000015027730e68]
Event: 22.838 Thread 0x000001503d83dd40 10073       1       java.lang.reflect.AccessibleObject::isAccessible (5 bytes)
Event: 22.839 Thread 0x000001503d830d80 nmethod 10038 0x000001502e564690 code [0x000001502e564820, 0x000001502e564d98]
Event: 22.839 Thread 0x000001503d83dd40 nmethod 10073 0x000001502e565010 code [0x000001502e5651a0, 0x000001502e565278]
Event: 22.839 Thread 0x000001503d830d80 9979       4       java.beans.MethodRef::get (91 bytes)
Event: 22.841 Thread 0x000001503d830d80 nmethod 9979 0x000001502e565310 code [0x000001502e5654a0, 0x000001502e5655f8]
Event: 22.841 Thread 0x000001503d830d80 9968       4       groovy.lang.MetaMethod::isPrivate (15 bytes)
Event: 22.842 Thread 0x000001503d830d80 nmethod 9968 0x000001502e565710 code [0x000001502e565880, 0x000001502e565918]
Event: 22.842 Thread 0x000001503d830d80 10006       4       java.beans.FeatureDescriptor::getClass0 (22 bytes)
Event: 22.844 Thread 0x000001503d830d80 nmethod 10006 0x000001502e565a10 code [0x000001502e565ba0, 0x000001502e565cb8]
Event: 22.844 Thread 0x000001503d830d80 9981       4       org.codehaus.groovy.reflection.CachedMethod::isStatic (8 bytes)
Event: 22.845 Thread 0x000001503d830d80 nmethod 9981 0x000001502e565d90 code [0x000001502e565f00, 0x000001502e565f98]
Event: 22.845 Thread 0x000001503d830d80 10065       4       groovy.lang.MetaClassImpl::addMetaMethodToIndex (65 bytes)
Event: 22.860 Thread 0x000001503d83dd40 10074 %     3       groovy.lang.MetaClassImpl::applyStrayPropertyMethods @ 57 (288 bytes)
Event: 22.866 Thread 0x000001503d83dd40 nmethod 10074% 0x0000015027731010 code [0x00000150277314c0, 0x0000015027733fe8]
Event: 22.866 Thread 0x000001503d83dd40 10075       3       org.codehaus.groovy.reflection.stdclasses.CachedSAMClass::isAssignableFrom (30 bytes)
Event: 22.867 Thread 0x000001503d83dd40 nmethod 10075 0x0000015027734f90 code [0x0000015027735160, 0x0000015027735478]

GC Heap History (20 events):
Event: 14.215 GC heap after
{Heap after GC invocations=34 (full 0):
 garbage-first heap   total 152576K, used 59264K [0x0000000080000000, 0x0000000100000000)
  region size 1024K, 3 young (3072K), 3 survivors (3072K)
 Metaspace       used 66028K, committed 66560K, reserved 1114112K
  class space    used 8729K, committed 8960K, reserved 1048576K
}
Event: 15.314 GC heap before
{Heap before GC invocations=34 (full 0):
 garbage-first heap   total 152576K, used 103296K [0x0000000080000000, 0x0000000100000000)
  region size 1024K, 46 young (47104K), 3 survivors (3072K)
 Metaspace       used 70164K, committed 70784K, reserved 1114112K
  class space    used 9272K, committed 9536K, reserved 1048576K
}
Event: 15.322 GC heap after
{Heap after GC invocations=35 (full 0):
 garbage-first heap   total 152576K, used 62613K [0x0000000080000000, 0x0000000100000000)
  region size 1024K, 6 young (6144K), 6 survivors (6144K)
 Metaspace       used 70164K, committed 70784K, reserved 1114112K
  class space    used 9272K, committed 9536K, reserved 1048576K
}
Event: 16.636 GC heap before
{Heap before GC invocations=35 (full 0):
 garbage-first heap   total 152576K, used 109717K [0x0000000080000000, 0x0000000100000000)
  region size 1024K, 52 young (53248K), 6 survivors (6144K)
 Metaspace       used 75836K, committed 76416K, reserved 1122304K
  class space    used 10067K, committed 10368K, reserved 1048576K
}
Event: 16.647 GC heap after
{Heap after GC invocations=36 (full 0):
 garbage-first heap   total 152576K, used 65868K [0x0000000080000000, 0x0000000100000000)
  region size 1024K, 7 young (7168K), 7 survivors (7168K)
 Metaspace       used 75836K, committed 76416K, reserved 1122304K
  class space    used 10067K, committed 10368K, reserved 1048576K
}
Event: 17.689 GC heap before
{Heap before GC invocations=36 (full 0):
 garbage-first heap   total 152576K, used 113996K [0x0000000080000000, 0x0000000100000000)
  region size 1024K, 54 young (55296K), 7 survivors (7168K)
 Metaspace       used 78217K, committed 78784K, reserved 1122304K
  class space    used 10351K, committed 10624K, reserved 1048576K
}
Event: 17.701 GC heap after
{Heap after GC invocations=37 (full 0):
 garbage-first heap   total 152576K, used 70311K [0x0000000080000000, 0x0000000100000000)
  region size 1024K, 7 young (7168K), 7 survivors (7168K)
 Metaspace       used 78217K, committed 78784K, reserved 1122304K
  class space    used 10351K, committed 10624K, reserved 1048576K
}
Event: 18.993 GC heap before
{Heap before GC invocations=37 (full 0):
 garbage-first heap   total 152576K, used 117415K [0x0000000080000000, 0x0000000100000000)
  region size 1024K, 53 young (54272K), 7 survivors (7168K)
 Metaspace       used 83753K, committed 84416K, reserved 1122304K
  class space    used 11325K, committed 11648K, reserved 1048576K
}
Event: 19.004 GC heap after
{Heap after GC invocations=38 (full 0):
 garbage-first heap   total 152576K, used 73565K [0x0000000080000000, 0x0000000100000000)
  region size 1024K, 3 young (3072K), 3 survivors (3072K)
 Metaspace       used 83753K, committed 84416K, reserved 1122304K
  class space    used 11325K, committed 11648K, reserved 1048576K
}
Event: 20.191 GC heap before
{Heap before GC invocations=38 (full 0):
 garbage-first heap   total 152576K, used 120669K [0x0000000080000000, 0x0000000100000000)
  region size 1024K, 49 young (50176K), 3 survivors (3072K)
 Metaspace       used 88390K, committed 89024K, reserved 1130496K
  class space    used 12022K, committed 12288K, reserved 1048576K
}
Event: 20.201 GC heap after
{Heap after GC invocations=39 (full 0):
 garbage-first heap   total 152576K, used 76726K [0x0000000080000000, 0x0000000100000000)
  region size 1024K, 7 young (7168K), 7 survivors (7168K)
 Metaspace       used 88390K, committed 89024K, reserved 1130496K
  class space    used 12022K, committed 12288K, reserved 1048576K
}
Event: 21.272 GC heap before
{Heap before GC invocations=40 (full 0):
 garbage-first heap   total 152576K, used 120758K [0x0000000080000000, 0x0000000100000000)
  region size 1024K, 50 young (51200K), 7 survivors (7168K)
 Metaspace       used 93702K, committed 94336K, reserved 1130496K
  class space    used 12793K, committed 13120K, reserved 1048576K
}
Event: 21.283 GC heap after
{Heap after GC invocations=41 (full 0):
 garbage-first heap   total 152576K, used 80163K [0x0000000080000000, 0x0000000100000000)
  region size 1024K, 7 young (7168K), 7 survivors (7168K)
 Metaspace       used 93702K, committed 94336K, reserved 1130496K
  class space    used 12793K, committed 13120K, reserved 1048576K
}
Event: 21.317 GC heap before
{Heap before GC invocations=41 (full 0):
 garbage-first heap   total 152576K, used 81187K [0x0000000080000000, 0x0000000100000000)
  region size 1024K, 8 young (8192K), 7 survivors (7168K)
 Metaspace       used 93778K, committed 94400K, reserved 1130496K
  class space    used 12803K, committed 13120K, reserved 1048576K
}
Event: 21.325 GC heap after
{Heap after GC invocations=42 (full 0):
 garbage-first heap   total 152576K, used 80135K [0x0000000080000000, 0x0000000100000000)
  region size 1024K, 1 young (1024K), 1 survivors (1024K)
 Metaspace       used 93778K, committed 94400K, reserved 1130496K
  class space    used 12803K, committed 13120K, reserved 1048576K
}
Event: 22.223 GC heap before
{Heap before GC invocations=42 (full 0):
 garbage-first heap   total 152576K, used 123143K [0x0000000080000000, 0x0000000100000000)
  region size 1024K, 43 young (44032K), 1 survivors (1024K)
 Metaspace       used 96303K, committed 96960K, reserved 1138688K
  class space    used 13136K, committed 13440K, reserved 1048576K
}
Event: 22.232 GC heap after
{Heap after GC invocations=43 (full 0):
 garbage-first heap   total 152576K, used 83485K [0x0000000080000000, 0x0000000100000000)
  region size 1024K, 5 young (5120K), 5 survivors (5120K)
 Metaspace       used 96303K, committed 96960K, reserved 1138688K
  class space    used 13136K, committed 13440K, reserved 1048576K
}
Event: 22.845 GC heap before
{Heap before GC invocations=44 (full 0):
 garbage-first heap   total 152576K, used 123421K [0x0000000080000000, 0x0000000100000000)
  region size 1024K, 44 young (45056K), 5 survivors (5120K)
 Metaspace       used 96572K, committed 97216K, reserved 1138688K
  class space    used 13162K, committed 13504K, reserved 1048576K
}
Event: 22.855 GC heap after
{Heap after GC invocations=45 (full 0):
 garbage-first heap   total 152576K, used 89164K [0x0000000080000000, 0x0000000100000000)
  region size 1024K, 6 young (6144K), 6 survivors (6144K)
 Metaspace       used 96572K, committed 97216K, reserved 1138688K
  class space    used 13162K, committed 13504K, reserved 1048576K
}
Event: 22.871 GC heap before
{Heap before GC invocations=45 (full 0):
 garbage-first heap   total 152576K, used 90188K [0x0000000080000000, 0x0000000100000000)
  region size 1024K, 7 young (7168K), 6 survivors (6144K)
 Metaspace       used 96572K, committed 97216K, reserved 1138688K
  class space    used 13162K, committed 13504K, reserved 1048576K
}

Dll operation events (2 events):
Event: 0.018 Loaded shared library C:\Program Files\Android\Android Studio\jbr\bin\java.dll
Event: 0.923 Loaded shared library C:\Program Files\Android\Android Studio\jbr\bin\verify.dll

Deoptimization events (20 events):
Event: 22.139 Thread 0x0000015041209ba0 Uncommon trap: trap_request=0xffffffc6 fr.pc=0x000001502e3cf508 relative=0x0000000000002468
Event: 22.139 Thread 0x0000015041209ba0 Uncommon trap: reason=bimorphic_or_optimized_type_check action=maybe_recompile pc=0x000001502e3cf508 method=org.codehaus.groovy.runtime.metaclass.MetaMethodIndex.isOverridden(Lgroovy/lang/MetaMethod;Lgroovy/lang/MetaMethod;)Z @ 37 c2
Event: 22.139 Thread 0x0000015041209ba0 DEOPT PACKING pc=0x000001502e3cf508 sp=0x00000031911f84a0
Event: 22.139 Thread 0x0000015041209ba0 DEOPT UNPACKING pc=0x000001502dae69a3 sp=0x00000031911f8448 mode 2
Event: 22.140 Thread 0x0000015041209ba0 Uncommon trap: trap_request=0xffffff45 fr.pc=0x000001502e3d1198 relative=0x00000000000040f8
Event: 22.140 Thread 0x0000015041209ba0 Uncommon trap: reason=unstable_if action=reinterpret pc=0x000001502e3d1198 method=org.codehaus.groovy.runtime.metaclass.MetaMethodIndex.isOverridden(Lgroovy/lang/MetaMethod;Lgroovy/lang/MetaMethod;)Z @ 33 c2
Event: 22.140 Thread 0x0000015041209ba0 DEOPT PACKING pc=0x000001502e3d1198 sp=0x00000031911f84a0
Event: 22.140 Thread 0x0000015041209ba0 DEOPT UNPACKING pc=0x000001502dae69a3 sp=0x00000031911f8448 mode 2
Event: 22.251 Thread 0x0000015041209ba0 Uncommon trap: trap_request=0xffffff45 fr.pc=0x000001502e0ad170 relative=0x00000000000011b0
Event: 22.251 Thread 0x0000015041209ba0 Uncommon trap: reason=unstable_if action=reinterpret pc=0x000001502e0ad170 method=java.lang.ClassLoader.checkCerts(Ljava/lang/String;Ljava/security/CodeSource;)V @ 30 c2
Event: 22.251 Thread 0x0000015041209ba0 DEOPT PACKING pc=0x000001502e0ad170 sp=0x00000031911f7290
Event: 22.255 Thread 0x0000015041209ba0 DEOPT UNPACKING pc=0x000001502dae69a3 sp=0x00000031911f7208 mode 2
Event: 22.255 Thread 0x0000015041209ba0 Uncommon trap: trap_request=0xffffff45 fr.pc=0x000001502e367a54 relative=0x0000000000000ad4
Event: 22.255 Thread 0x0000015041209ba0 Uncommon trap: reason=unstable_if action=reinterpret pc=0x000001502e367a54 method=java.lang.ClassLoader.loadClass(Ljava/lang/String;Z)Ljava/lang/Class; @ 29 c2
Event: 22.256 Thread 0x0000015041209ba0 DEOPT PACKING pc=0x000001502e367a54 sp=0x00000031911f3380
Event: 22.256 Thread 0x0000015041209ba0 DEOPT UNPACKING pc=0x000001502dae69a3 sp=0x00000031911f3348 mode 2
Event: 22.734 Thread 0x0000015041209ba0 Uncommon trap: trap_request=0xffffffde fr.pc=0x000001502e1a80f4 relative=0x00000000000017f4
Event: 22.734 Thread 0x0000015041209ba0 Uncommon trap: reason=class_check action=maybe_recompile pc=0x000001502e1a80f4 method=java.util.WeakHashMap.matchesKey(Ljava/util/WeakHashMap$Entry;Ljava/lang/Object;)Z @ 21 c2
Event: 22.734 Thread 0x0000015041209ba0 DEOPT PACKING pc=0x000001502e1a80f4 sp=0x00000031911f7040
Event: 22.734 Thread 0x0000015041209ba0 DEOPT UNPACKING pc=0x000001502dae69a3 sp=0x00000031911f6fc0 mode 2

Classes unloaded (0 events):
No events

Classes redefined (0 events):
No events

Internal exceptions (20 events):
Event: 22.804 Thread 0x0000015041209ba0 Exception <a 'java/lang/ClassNotFoundException'{0x00000000871e9660}: org/gradle/api/tasks/SourceTaskCustomizer> (0x00000000871e9660) 
thrown [s\src\hotspot\share\classfile\systemDictionary.cpp, line 256]
Event: 22.806 Thread 0x0000015041209ba0 Exception <a 'java/lang/ClassNotFoundException'{0x000000008701a150}: org/gradle/api/tasks/compile/AbstractCompileCustomizer> (0x000000008701a150) 
thrown [s\src\hotspot\share\classfile\systemDictionary.cpp, line 256]
Event: 22.808 Thread 0x0000015041209ba0 Exception <a 'java/lang/ClassNotFoundException'{0x000000008703efd0}: org/gradle/api/tasks/compile/JavaCompileCustomizer> (0x000000008703efd0) 
thrown [s\src\hotspot\share\classfile\systemDictionary.cpp, line 256]
Event: 22.809 Thread 0x0000015041209ba0 Exception <a 'java/lang/ClassNotFoundException'{0x0000000087064840}: org/gradle/api/tasks/compile/JavaCompile_DecoratedCustomizer> (0x0000000087064840) 
thrown [s\src\hotspot\share\classfile\systemDictionary.cpp, line 256]
Event: 22.820 Thread 0x0000015041209ba0 Exception <a 'java/lang/ClassNotFoundException'{0x0000000086f2d4d0}: com/android/build/gradle/tasks/MergeSourceSetFolders_DecoratedBeanInfo> (0x0000000086f2d4d0) 
thrown [s\src\hotspot\share\classfile\systemDictionary.cpp, line 256]
Event: 22.821 Thread 0x0000015041209ba0 Exception <a 'java/lang/ClassNotFoundException'{0x0000000086f38f58}: com/android/build/gradle/tasks/MergeSourceSetFoldersBeanInfo> (0x0000000086f38f58) 
thrown [s\src\hotspot\share\classfile\systemDictionary.cpp, line 256]
Event: 22.822 Thread 0x0000015041209ba0 Exception <a 'java/lang/ClassNotFoundException'{0x0000000086f44718}: com/android/build/gradle/tasks/MergeSourceSetFoldersCustomizer> (0x0000000086f44718) 
thrown [s\src\hotspot\share\classfile\systemDictionary.cpp, line 256]
Event: 22.824 Thread 0x0000015041209ba0 Exception <a 'java/lang/ClassNotFoundException'{0x0000000086f724e0}: com/android/build/gradle/tasks/MergeSourceSetFolders_DecoratedCustomizer> (0x0000000086f724e0) 
thrown [s\src\hotspot\share\classfile\systemDictionary.cpp, line 256]
Event: 22.832 Thread 0x0000015041209ba0 Exception <a 'java/lang/ClassNotFoundException'{0x0000000086e0b750}: com/android/build/gradle/tasks/ShaderCompile_DecoratedBeanInfo> (0x0000000086e0b750) 
thrown [s\src\hotspot\share\classfile\systemDictionary.cpp, line 256]
Event: 22.833 Thread 0x0000015041209ba0 Exception <a 'java/lang/ClassNotFoundException'{0x0000000086e170e0}: com/android/build/gradle/tasks/ShaderCompileBeanInfo> (0x0000000086e170e0) 
thrown [s\src\hotspot\share\classfile\systemDictionary.cpp, line 256]
Event: 22.834 Thread 0x0000015041209ba0 Exception <a 'java/lang/ClassNotFoundException'{0x0000000086e227a8}: com/android/build/gradle/tasks/ShaderCompileCustomizer> (0x0000000086e227a8) 
thrown [s\src\hotspot\share\classfile\systemDictionary.cpp, line 256]
Event: 22.836 Thread 0x0000015041209ba0 Exception <a 'java/lang/ClassNotFoundException'{0x0000000086e4be78}: com/android/build/gradle/tasks/ShaderCompile_DecoratedCustomizer> (0x0000000086e4be78) 
thrown [s\src\hotspot\share\classfile\systemDictionary.cpp, line 256]
Event: 22.843 Thread 0x0000015041209ba0 Exception <a 'java/lang/ClassNotFoundException'{0x0000000086ee1c48}: com/android/build/gradle/internal/tasks/CompressAssetsTask_DecoratedBeanInfo> (0x0000000086ee1c48) 
thrown [s\src\hotspot\share\classfile\systemDictionary.cpp, line 256]
Event: 22.844 Thread 0x0000015041209ba0 Exception <a 'java/lang/ClassNotFoundException'{0x0000000086eed8b8}: com/android/build/gradle/internal/tasks/CompressAssetsTaskBeanInfo> (0x0000000086eed8b8) 
thrown [s\src\hotspot\share\classfile\systemDictionary.cpp, line 256]
Event: 22.845 Thread 0x0000015041209ba0 Exception <a 'java/lang/ClassNotFoundException'{0x0000000086ef9268}: com/android/build/gradle/internal/tasks/CompressAssetsTaskCustomizer> (0x0000000086ef9268) 
thrown [s\src\hotspot\share\classfile\systemDictionary.cpp, line 256]
Event: 22.857 Thread 0x0000015041209ba0 Exception <a 'java/lang/ClassNotFoundException'{0x000000008941b4e0}: com/android/build/gradle/internal/tasks/CompressAssetsTask_DecoratedCustomizer> (0x000000008941b4e0) 
thrown [s\src\hotspot\share\classfile\systemDictionary.cpp, line 256]
Event: 22.866 Thread 0x0000015041209ba0 Exception <a 'java/lang/ClassNotFoundException'{0x00000000894af088}: com/android/build/gradle/internal/tasks/DexFileDependenciesTask_DecoratedBeanInfo> (0x00000000894af088) 
thrown [s\src\hotspot\share\classfile\systemDictionary.cpp, line 256]
Event: 22.867 Thread 0x0000015041209ba0 Exception <a 'java/lang/ClassNotFoundException'{0x00000000894bb4e0}: com/android/build/gradle/internal/tasks/DexFileDependenciesTaskBeanInfo> (0x00000000894bb4e0) 
thrown [s\src\hotspot\share\classfile\systemDictionary.cpp, line 256]
Event: 22.868 Thread 0x0000015041209ba0 Exception <a 'java/lang/ClassNotFoundException'{0x00000000894c7460}: com/android/build/gradle/internal/tasks/DexFileDependenciesTaskCustomizer> (0x00000000894c7460) 
thrown [s\src\hotspot\share\classfile\systemDictionary.cpp, line 256]
Event: 22.870 Thread 0x0000015041209ba0 Exception <a 'java/lang/ClassNotFoundException'{0x00000000894f0b38}: com/android/build/gradle/internal/tasks/DexFileDependenciesTask_DecoratedCustomizer> (0x00000000894f0b38) 
thrown [s\src\hotspot\share\classfile\systemDictionary.cpp, line 256]

VM Operations (20 events):
Event: 21.326 Executing VM operation: G1CollectForAllocation done
Event: 21.717 Executing VM operation: HandshakeAllThreads
Event: 21.717 Executing VM operation: HandshakeAllThreads done
Event: 21.723 Executing VM operation: ICBufferFull
Event: 21.724 Executing VM operation: ICBufferFull done
Event: 21.786 Executing VM operation: HandshakeAllThreads
Event: 21.786 Executing VM operation: HandshakeAllThreads done
Event: 22.044 Executing VM operation: ICBufferFull
Event: 22.045 Executing VM operation: ICBufferFull done
Event: 22.161 Executing VM operation: HandshakeAllThreads
Event: 22.161 Executing VM operation: HandshakeAllThreads done
Event: 22.223 Executing VM operation: G1CollectForAllocation
Event: 22.233 Executing VM operation: G1CollectForAllocation done
Event: 22.349 Executing VM operation: G1Concurrent
Event: 22.356 Executing VM operation: G1Concurrent done
Event: 22.404 Executing VM operation: G1Concurrent
Event: 22.404 Executing VM operation: G1Concurrent done
Event: 22.845 Executing VM operation: G1CollectForAllocation
Event: 22.855 Executing VM operation: G1CollectForAllocation done
Event: 22.871 Executing VM operation: G1CollectForAllocation

Events (20 events):
Event: 21.467 loading class java/net/InetAddress$CachedLocalHost
Event: 21.467 loading class java/net/InetAddress$CachedLocalHost done
Event: 22.149 loading class java/util/AbstractCollectionBeanInfo
Event: 22.149 loading class java/util/AbstractCollectionBeanInfo done
Event: 22.149 loading class java/util/AbstractCollectionBeanInfo
Event: 22.149 loading class java/util/AbstractCollectionBeanInfo done
Event: 22.149 loading class java/util/AbstractCollectionCustomizer
Event: 22.149 loading class java/util/AbstractCollectionCustomizer done
Event: 22.149 loading class java/util/AbstractCollectionCustomizer
Event: 22.149 loading class java/util/AbstractCollectionCustomizer done
Event: 22.150 loading class sun/reflect/generics/reflectiveObjects/GenericArrayTypeImpl
Event: 22.150 loading class sun/reflect/generics/reflectiveObjects/GenericArrayTypeImpl done
Event: 22.215 loading class java/lang/ClassBeanInfo
Event: 22.215 loading class java/lang/ClassBeanInfo done
Event: 22.215 loading class java/lang/ClassBeanInfo
Event: 22.215 loading class java/lang/ClassBeanInfo done
Event: 22.215 loading class java/lang/ClassCustomizer
Event: 22.215 loading class java/lang/ClassCustomizer done
Event: 22.216 loading class java/lang/ClassCustomizer
Event: 22.216 loading class java/lang/ClassCustomizer done


Dynamic libraries:
0x00007ff607c90000 - 0x00007ff607c9a000 	C:\Program Files\Android\Android Studio\jbr\bin\java.exe
0x00007ffe780b0000 - 0x00007ffe782c7000 	C:\WINDOWS\SYSTEM32\ntdll.dll
0x00007ffe76090000 - 0x00007ffe76154000 	C:\WINDOWS\System32\KERNEL32.DLL
0x00007ffe75650000 - 0x00007ffe759fc000 	C:\WINDOWS\System32\KERNELBASE.dll
0x00007ffe753e0000 - 0x00007ffe754f1000 	C:\WINDOWS\System32\ucrtbase.dll
0x00007ffe46260000 - 0x00007ffe46277000 	C:\Program Files\Android\Android Studio\jbr\bin\jli.dll
0x00007ffe446e0000 - 0x00007ffe446fb000 	C:\Program Files\Android\Android Studio\jbr\bin\VCRUNTIME140.dll
0x00007ffe770a0000 - 0x00007ffe7724e000 	C:\WINDOWS\System32\USER32.dll
0x00007ffe75dc0000 - 0x00007ffe75de6000 	C:\WINDOWS\System32\win32u.dll
0x00007ffe6a5f0000 - 0x00007ffe6a883000 	C:\WINDOWS\WinSxS\amd64_microsoft.windows.common-controls_6595b64144ccf1df_6.0.22621.3672_none_2713b9d173822955\COMCTL32.dll
0x00007ffe76b50000 - 0x00007ffe76b79000 	C:\WINDOWS\System32\GDI32.dll
0x00007ffe76170000 - 0x00007ffe76217000 	C:\WINDOWS\System32\msvcrt.dll
0x00007ffe75530000 - 0x00007ffe75649000 	C:\WINDOWS\System32\gdi32full.dll
0x00007ffe75af0000 - 0x00007ffe75b8a000 	C:\WINDOWS\System32\msvcp_win.dll
0x00007ffe76050000 - 0x00007ffe76081000 	C:\WINDOWS\System32\IMM32.DLL
0x00007ffe5c370000 - 0x00007ffe5c37c000 	C:\Program Files\Android\Android Studio\jbr\bin\vcruntime140_1.dll
0x00007ffe35520000 - 0x00007ffe355ad000 	C:\Program Files\Android\Android Studio\jbr\bin\msvcp140.dll
0x00007ffe26a90000 - 0x00007ffe276fe000 	C:\Program Files\Android\Android Studio\jbr\bin\server\jvm.dll
0x00007ffe773d0000 - 0x00007ffe77482000 	C:\WINDOWS\System32\ADVAPI32.dll
0x00007ffe76b80000 - 0x00007ffe76c2a000 	C:\WINDOWS\System32\sechost.dll
0x00007ffe75500000 - 0x00007ffe75528000 	C:\WINDOWS\System32\bcrypt.dll
0x00007ffe75df0000 - 0x00007ffe75f05000 	C:\WINDOWS\System32\RPCRT4.dll
0x00007ffe6ffb0000 - 0x00007ffe6ffe4000 	C:\WINDOWS\SYSTEM32\WINMM.dll
0x00007ffe588e0000 - 0x00007ffe588e9000 	C:\WINDOWS\SYSTEM32\WSOCK32.dll
0x00007ffe6b710000 - 0x00007ffe6b71a000 	C:\WINDOWS\SYSTEM32\VERSION.dll
0x00007ffe75f10000 - 0x00007ffe75f81000 	C:\WINDOWS\System32\WS2_32.dll
0x00007ffe74410000 - 0x00007ffe74428000 	C:\WINDOWS\SYSTEM32\kernel.appcore.dll
0x00007ffe70b30000 - 0x00007ffe70b3a000 	C:\Program Files\Android\Android Studio\jbr\bin\jimage.dll
0x00007ffe6cb50000 - 0x00007ffe6cd82000 	C:\WINDOWS\SYSTEM32\DBGHELP.DLL
0x00007ffe76c30000 - 0x00007ffe76fb8000 	C:\WINDOWS\System32\combase.dll
0x00007ffe76fc0000 - 0x00007ffe77097000 	C:\WINDOWS\System32\OLEAUT32.dll
0x00007ffe67870000 - 0x00007ffe678a2000 	C:\WINDOWS\SYSTEM32\dbgcore.DLL
0x00007ffe75a70000 - 0x00007ffe75aeb000 	C:\WINDOWS\System32\bcryptPrimitives.dll
0x00007ffe5ca50000 - 0x00007ffe5ca75000 	C:\Program Files\Android\Android Studio\jbr\bin\java.dll
0x00007ffe5b530000 - 0x00007ffe5b548000 	C:\Program Files\Android\Android Studio\jbr\bin\zip.dll
0x00007ffe76240000 - 0x00007ffe76a9c000 	C:\WINDOWS\System32\SHELL32.dll
0x00007ffe73330000 - 0x00007ffe73c27000 	C:\WINDOWS\SYSTEM32\windows.storage.dll
0x00007ffe731f0000 - 0x00007ffe7332f000 	C:\WINDOWS\SYSTEM32\wintypes.dll
0x00007ffe77990000 - 0x00007ffe77a84000 	C:\WINDOWS\System32\SHCORE.dll
0x00007ffe75f90000 - 0x00007ffe75fee000 	C:\WINDOWS\System32\shlwapi.dll
0x00007ffe75310000 - 0x00007ffe75331000 	C:\WINDOWS\SYSTEM32\profapi.dll
0x00007ffe569b0000 - 0x00007ffe569c9000 	C:\Program Files\Android\Android Studio\jbr\bin\net.dll
0x00007ffe70f20000 - 0x00007ffe71056000 	C:\WINDOWS\SYSTEM32\WINHTTP.dll
0x00007ffe74880000 - 0x00007ffe748e9000 	C:\WINDOWS\system32\mswsock.dll
0x00007ffe56990000 - 0x00007ffe569a6000 	C:\Program Files\Android\Android Studio\jbr\bin\nio.dll
0x00007ffe6db20000 - 0x00007ffe6db30000 	C:\Program Files\Android\Android Studio\jbr\bin\verify.dll
0x00007ffe3a320000 - 0x00007ffe3a347000 	C:\Users\23480\.gradle\native\68d5fa5c4cc2d200863cafc0d521ce42e7d3e7ee720ec0a83991735586a16f82\windows-amd64\native-platform.dll
0x00007ffe36220000 - 0x00007ffe36364000 	C:\Users\23480\.gradle\native\e376f236ea51e6404a007f0833ffe2c6e607c4080706a723a18a27aeea778392\windows-amd64\native-platform-file-events.dll
0x00007ffe5ed00000 - 0x00007ffe5ed09000 	C:\Program Files\Android\Android Studio\jbr\bin\management.dll
0x00007ffe5eb30000 - 0x00007ffe5eb3b000 	C:\Program Files\Android\Android Studio\jbr\bin\management_ext.dll
0x00007ffe773c0000 - 0x00007ffe773c8000 	C:\WINDOWS\System32\PSAPI.DLL
0x00007ffe74ae0000 - 0x00007ffe74afb000 	C:\WINDOWS\SYSTEM32\CRYPTSP.dll
0x00007ffe74370000 - 0x00007ffe743a5000 	C:\WINDOWS\system32\rsaenh.dll
0x00007ffe74980000 - 0x00007ffe749a8000 	C:\WINDOWS\SYSTEM32\USERENV.dll
0x00007ffe74b00000 - 0x00007ffe74b0c000 	C:\WINDOWS\SYSTEM32\CRYPTBASE.dll
0x00007ffe73e90000 - 0x00007ffe73ebd000 	C:\WINDOWS\SYSTEM32\IPHLPAPI.DLL
0x00007ffe773b0000 - 0x00007ffe773b9000 	C:\WINDOWS\System32\NSI.dll
0x00007ffe71070000 - 0x00007ffe71089000 	C:\WINDOWS\SYSTEM32\dhcpcsvc6.DLL
0x00007ffe70f00000 - 0x00007ffe70f1f000 	C:\WINDOWS\SYSTEM32\dhcpcsvc.DLL
0x00007ffe73f00000 - 0x00007ffe73ff8000 	C:\WINDOWS\SYSTEM32\DNSAPI.dll
0x00007ffe533b0000 - 0x00007ffe533b8000 	C:\WINDOWS\system32\wshunix.dll
0x00007ffde66b0000 - 0x00007ffde66c7000 	C:\WINDOWS\system32\napinsp.dll
0x00007ffde7af0000 - 0x00007ffde7b0b000 	C:\WINDOWS\system32\pnrpnsp.dll
0x00007ffde7b10000 - 0x00007ffde7b21000 	C:\WINDOWS\System32\winrnr.dll
0x00007ffe6d850000 - 0x00007ffe6d865000 	C:\WINDOWS\system32\wshbth.dll
0x00007ffe25640000 - 0x00007ffe25667000 	C:\WINDOWS\system32\nlansp_c.dll
0x0000000056760000 - 0x0000000056786000 	C:\Program Files\Bonjour\mdnsNSP.dll
0x00007ffe6c460000 - 0x00007ffe6c46a000 	C:\Windows\System32\rasadhlp.dll
0x00007ffe6ff20000 - 0x00007ffe6ffa3000 	C:\WINDOWS\System32\fwpuclnt.dll

dbghelp: loaded successfully - version: 4.0.5 - missing functions: none
symbol engine: initialized successfully - sym options: 0x614 - pdb path: .;C:\Program Files\Android\Android Studio\jbr\bin;C:\WINDOWS\SYSTEM32;C:\WINDOWS\WinSxS\amd64_microsoft.windows.common-controls_6595b64144ccf1df_6.0.22621.3672_none_2713b9d173822955;C:\Program Files\Android\Android Studio\jbr\bin\server;C:\Users\23480\.gradle\native\68d5fa5c4cc2d200863cafc0d521ce42e7d3e7ee720ec0a83991735586a16f82\windows-amd64;C:\Users\23480\.gradle\native\e376f236ea51e6404a007f0833ffe2c6e607c4080706a723a18a27aeea778392\windows-amd64;C:\Program Files\Bonjour

VM Arguments:
jvm_args: --add-opens=java.base/java.util=ALL-UNNAMED --add-opens=java.base/java.lang=ALL-UNNAMED --add-opens=java.base/java.lang.invoke=ALL-UNNAMED --add-opens=java.prefs/java.util.prefs=ALL-UNNAMED --add-opens=java.base/java.nio.charset=ALL-UNNAMED --add-opens=java.base/java.net=ALL-UNNAMED --add-opens=java.base/java.util.concurrent.atomic=ALL-UNNAMED -Xmx2048m -Dfile.encoding=UTF-8 -Duser.country=US -Duser.language=en -Duser.variant 
java_command: org.gradle.launcher.daemon.bootstrap.GradleDaemon 8.0
java_class_path (initial): C:\Users\23480\.gradle\wrapper\dists\gradle-8.0-bin\ca5e32bp14vu59qr306oxotwh\gradle-8.0\lib\gradle-launcher-8.0.jar
Launcher Type: SUN_STANDARD

[Global flags]
     intx CICompilerCount                          = 4                                         {product} {ergonomic}
     uint ConcGCThreads                            = 2                                         {product} {ergonomic}
     uint G1ConcRefinementThreads                  = 8                                         {product} {ergonomic}
   size_t G1HeapRegionSize                         = 1048576                                   {product} {ergonomic}
    uintx GCDrainStackTargetSize                   = 64                                        {product} {ergonomic}
   size_t InitialHeapSize                          = 123731968                                 {product} {ergonomic}
   size_t MarkStackSize                            = 4194304                                   {product} {ergonomic}
   size_t MaxHeapSize                              = 2147483648                                {product} {command line}
   size_t MaxNewSize                               = 1287651328                                {product} {ergonomic}
   size_t MinHeapDeltaBytes                        = 1048576                                   {product} {ergonomic}
   size_t MinHeapSize                              = 8388608                                   {product} {ergonomic}
    uintx NonNMethodCodeHeapSize                   = 5839372                                {pd product} {ergonomic}
    uintx NonProfiledCodeHeapSize                  = 122909434                              {pd product} {ergonomic}
    uintx ProfiledCodeHeapSize                     = 122909434                              {pd product} {ergonomic}
    uintx ReservedCodeCacheSize                    = 251658240                              {pd product} {ergonomic}
     bool SegmentedCodeCache                       = true                                      {product} {ergonomic}
   size_t SoftMaxHeapSize                          = 2147483648                             {manageable} {ergonomic}
     bool UseCompressedClassPointers               = true                           {product lp64_product} {ergonomic}
     bool UseCompressedOops                        = true                           {product lp64_product} {ergonomic}
     bool UseG1GC                                  = true                                      {product} {ergonomic}
     bool UseLargePagesIndividualAllocation        = false                                  {pd product} {ergonomic}

Logging:
Log output configuration:
 #0: stdout all=warning uptime,level,tags
 #1: stderr all=off uptime,level,tags

Environment Variables:
PATH=C:\WINDOWS\system32;C:\WINDOWS;C:\WINDOWS\System32\Wbem;C:\WINDOWS\System32\WindowsPowerShell\v1.0\;C:\WINDOWS\System32\OpenSSH\;C:\Program Files\nodejs\;C:\Program Files\Git\cmd;C:\Program Files\HP\HP One Agent;C:\Users\23480\AppData\Local\Programs\Python\Python311\Scripts\;C:\Users\23480\AppData\Local\Programs\Python\Python311\;C:\Users\23480\AppData\Local\Microsoft\WindowsApps;C:\Users\23480\AppData\Local\atom\bin;C:\Users\23480\AppData\Local\Programs\Microsoft VS Code\bin;C:\Users\23480\AppData\Local\Microsoft\WindowsApps;;C:\Program Files\JetBrains\IntelliJ IDEA Community Edition 2023.2.1\bin;;C:\Users\23480\AppData\Roaming\npm
USERNAME=23480
OS=Windows_NT
PROCESSOR_IDENTIFIER=AMD64 Family 23 Model 104 Stepping 1, AuthenticAMD
TMP=C:\Users\23480\AppData\Local\Temp
TEMP=C:\Users\23480\AppData\Local\Temp


JNI global refs:
JNI global refs: 26, weak refs: 4

JNI global refs memory usage: 843, weak refs: 841


---------------  S Y S T E M  ---------------

OS:
 Windows 11 , 64 bit Build 22621 (10.0.22621.3672)
OS uptime: 4 days 0:43 hours

CPU: total 8 (initial active 8) (8 cores per cpu, 2 threads per core) family 23 model 104 stepping 1 microcode 0x0, cx8, cmov, fxsr, ht, mmx, 3dnowpref, sse, sse2, sse3, ssse3, sse4a, sse4.1, sse4.2, popcnt, lzcnt, tsc, tscinvbit, avx, avx2, aes, clmul, bmi1, bmi2, adx, sha, fma, vzeroupper, clflush, clflushopt

Memory: 4k page, system-wide physical 7502M (347M free)
TotalPageFile size 11571M (AvailPageFile size 68M)
current process WorkingSet (physical memory assigned to process): 396M, peak: 407M
current process commit charge ("private bytes"): 430M, peak: 535M

vm_info: OpenJDK 64-Bit Server VM (17.0.6+0-b2043.56-10027231) for windows-amd64 JRE (17.0.6+0-b2043.56-10027231), built on Apr 28 2023 00:43:19 by "androidbuild" with MS VC++ 16.10 / 16.11 (VS2019)

END.
