#
# There is insufficient memory for the Java Runtime Environment to continue.
# Native memory allocation (malloc) failed to allocate 1367776 bytes for Chunk::new
# Possible reasons:
#   The system is out of physical RAM or swap space
#   The process is running with CompressedOops enabled, and the Java Heap may be blocking the growth of the native heap
# Possible solutions:
#   Reduce memory load on the system
#   Increase physical memory or swap space
#   Check if swap backing store is full
#   Decrease Java heap size (-Xmx/-Xms)
#   Decrease number of Java threads
#   Decrease Java thread stack sizes (-Xss)
#   Set larger code cache with -XX:ReservedCodeCacheSize=
#   JVM is running with Unscaled Compressed Oops mode in which the Java heap is
#     placed in the first 4GB address space. The Java Heap base address is the
#     maximum limit for the native heap growth. Please use -XX:HeapBaseMinAddress
#     to set the Java Heap base and to place the Java Heap above 4GB virtual address.
# This output file may be truncated or incomplete.
#
#  Out of Memory Error (arena.cpp:189), pid=11276, tid=5444
#
# JRE version: OpenJDK Runtime Environment (17.0.6) (build 17.0.6+0-b2043.56-10027231)
# Java VM: OpenJDK 64-Bit Server VM (17.0.6+0-b2043.56-10027231, mixed mode, tiered, compressed oops, compressed class ptrs, g1 gc, windows-amd64)
# No core dump will be written. Minidumps are not enabled by default on client versions of Windows
#

---------------  S U M M A R Y ------------

Command Line: --add-opens=java.base/java.util=ALL-UNNAMED --add-opens=java.base/java.lang=ALL-UNNAMED --add-opens=java.base/java.lang.invoke=ALL-UNNAMED --add-opens=java.prefs/java.util.prefs=ALL-UNNAMED --add-opens=java.base/java.nio.charset=ALL-UNNAMED --add-opens=java.base/java.net=ALL-UNNAMED --add-opens=java.base/java.util.concurrent.atomic=ALL-UNNAMED -Xmx2048m -Dfile.encoding=UTF-8 -Duser.country=US -Duser.language=en -Duser.variant org.gradle.launcher.daemon.bootstrap.GradleDaemon 8.0

Host: AMD Ryzen 3 5300U with Radeon Graphics         , 8 cores, 7G,  Windows 11 , 64 bit Build 22621 (10.0.22621.3672)
Time: Tue Jun 25 14:20:58 2024 W. Central Africa Standard Time elapsed time: 24.931717 seconds (0d 0h 0m 24s)

---------------  T H R E A D  ---------------

Current thread (0x0000017d2b4058c0):  JavaThread "C2 CompilerThread0" daemon [_thread_in_native, id=5444, stack(0x00000032e5400000,0x00000032e5500000)]


Current CompileTask:
C2:  24931 6613       4       org.objectweb.asm.SymbolTable::addConstantMemberReference (147 bytes)

Stack: [0x00000032e5400000,0x00000032e5500000]
Native frames: (J=compiled Java code, j=interpreted, Vv=VM code, C=native code)
V  [jvm.dll+0x683c9a]
V  [jvm.dll+0x8427a4]
V  [jvm.dll+0x843f9e]
V  [jvm.dll+0x844603]
V  [jvm.dll+0x249b75]
V  [jvm.dll+0xabcac]
V  [jvm.dll+0xac27c]
V  [jvm.dll+0x2b0eef]
V  [jvm.dll+0x58a267]
V  [jvm.dll+0x2243b2]
V  [jvm.dll+0x22478f]
V  [jvm.dll+0x21e055]
V  [jvm.dll+0x21b51b]
V  [jvm.dll+0x1a4fdd]
V  [jvm.dll+0x22b098]
V  [jvm.dll+0x229159]
V  [jvm.dll+0x7f81ec]
V  [jvm.dll+0x7f274a]
V  [jvm.dll+0x682ad5]
C  [ucrtbase.dll+0x29333]
C  [KERNEL32.DLL+0x1257d]
C  [ntdll.dll+0x5af28]


---------------  P R O C E S S  ---------------

Threads class SMR info:
_java_thread_list=0x0000017d330a7c20, length=125, elements={
0x0000017d1157d950, 0x0000017d2b3e77d0, 0x0000017d2b3e8640, 0x0000017d2b402a20,
0x0000017d2b4035d0, 0x0000017d2b404180, 0x0000017d2b404b30, 0x0000017d2b4058c0,
0x0000017d2c0243f0, 0x0000017d2b40df60, 0x0000017d2c1a69a0, 0x0000017d2c1a6e70,
0x0000017d2d797300, 0x0000017d2cf97ce0, 0x0000017d2d217a90, 0x0000017d2c4a24b0,
0x0000017d2cf95250, 0x0000017d2e42c010, 0x0000017d2e42ccf0, 0x0000017d2cf1bed0,
0x0000017d2cf1c3a0, 0x0000017d2cf1d6e0, 0x0000017d2cf1dbb0, 0x0000017d2cf1e080,
0x0000017d2cf1e550, 0x0000017d2cf1c870, 0x0000017d2cf1ea20, 0x0000017d2cf1ba00,
0x0000017d2cf1b060, 0x0000017d2cf1cd40, 0x0000017d2cf1d210, 0x0000017d2cf1b530,
0x0000017d2f2128b0, 0x0000017d2f20c870, 0x0000017d2f20e080, 0x0000017d2f20b530,
0x0000017d2f210230, 0x0000017d2f20c3a0, 0x0000017d2f20ba00, 0x0000017d2f211f10,
0x0000017d2f211570, 0x0000017d2f20cd40, 0x0000017d2f20d210, 0x0000017d2f20ea20,
0x0000017d2f211a40, 0x0000017d2f210bd0, 0x0000017d2f20b060, 0x0000017d2f20d6e0,
0x0000017d2f20fd60, 0x0000017d2f20dbb0, 0x0000017d2f20f3c0, 0x0000017d2dad2f80,
0x0000017d2dacf5c0, 0x0000017d2dad42c0, 0x0000017d2dacfa90, 0x0000017d2dad3df0,
0x0000017d2dad3450, 0x0000017d2dace280, 0x0000017d2dad3920, 0x0000017d2dad4790,
0x0000017d2dacff60, 0x0000017d2dad4c60, 0x0000017d2dacd410, 0x0000017d2dad1770,
0x0000017d2dacf0f0, 0x0000017d2dace750, 0x0000017d2dad0430, 0x0000017d2dad25e0,
0x0000017d2dacec20, 0x0000017d2dacd8e0, 0x0000017d2dacddb0, 0x0000017d2dad0900,
0x0000017d2dad0dd0, 0x0000017d2dad12a0, 0x0000017d2dad1c40, 0x0000017d2dad2110,
0x0000017d2dad2ab0, 0x0000017d2e407460, 0x0000017d2e407930, 0x0000017d2e4018f0,
0x0000017d2e405c50, 0x0000017d2e402c30, 0x0000017d2e401dc0, 0x0000017d2e4035d0,
0x0000017d2e404910, 0x0000017d2e404de0, 0x0000017d2e403aa0, 0x0000017d2e403f70,
0x0000017d2e405780, 0x0000017d2e401420, 0x0000017d2e407e00, 0x0000017d2e403100,
0x0000017d2e4065f0, 0x0000017d2e4087a0, 0x0000017d2e4082d0, 0x0000017d2e406120,
0x0000017d2e400f50, 0x0000017d2e404440, 0x0000017d2e406ac0, 0x0000017d2e4052b0,
0x0000017d2e402290, 0x0000017d2e406f90, 0x0000017d2e402760, 0x0000017d2ec4e300,
0x0000017d2ec4e7d0, 0x0000017d2ec504b0, 0x0000017d2ec551b0, 0x0000017d2ec534d0,
0x0000017d2ec4eca0, 0x0000017d2ec4f170, 0x0000017d2ec539a0, 0x0000017d2ec4de30,
0x0000017d2ec4f640, 0x0000017d2ec50980, 0x0000017d2ec53e70, 0x0000017d2ec54810,
0x0000017d2ec517f0, 0x0000017d2ec50e50, 0x0000017d2ec54340, 0x0000017d2ec54ce0,
0x0000017d2ec52660, 0x0000017d2ec55680, 0x0000017d2ec4fb10, 0x0000017d2ec4ffe0,
0x0000017d2ec51320
}

Java Threads: ( => current thread )
  0x0000017d1157d950 JavaThread "main" [_thread_blocked, id=6208, stack(0x00000032e4700000,0x00000032e4800000)]
  0x0000017d2b3e77d0 JavaThread "Reference Handler" daemon [_thread_blocked, id=16628, stack(0x00000032e4e00000,0x00000032e4f00000)]
  0x0000017d2b3e8640 JavaThread "Finalizer" daemon [_thread_blocked, id=22868, stack(0x00000032e4f00000,0x00000032e5000000)]
  0x0000017d2b402a20 JavaThread "Signal Dispatcher" daemon [_thread_blocked, id=21268, stack(0x00000032e5000000,0x00000032e5100000)]
  0x0000017d2b4035d0 JavaThread "Attach Listener" daemon [_thread_blocked, id=15124, stack(0x00000032e5100000,0x00000032e5200000)]
  0x0000017d2b404180 JavaThread "Service Thread" daemon [_thread_blocked, id=14488, stack(0x00000032e5200000,0x00000032e5300000)]
  0x0000017d2b404b30 JavaThread "Monitor Deflation Thread" daemon [_thread_blocked, id=8488, stack(0x00000032e5300000,0x00000032e5400000)]
=>0x0000017d2b4058c0 JavaThread "C2 CompilerThread0" daemon [_thread_in_native, id=5444, stack(0x00000032e5400000,0x00000032e5500000)]
  0x0000017d2c0243f0 JavaThread "C1 CompilerThread0" daemon [_thread_in_vm, id=21812, stack(0x00000032e5500000,0x00000032e5600000)]
  0x0000017d2b40df60 JavaThread "Sweeper thread" daemon [_thread_blocked, id=6980, stack(0x00000032e5600000,0x00000032e5700000)]
  0x0000017d2c1a69a0 JavaThread "Common-Cleaner" daemon [_thread_blocked, id=5900, stack(0x00000032e5700000,0x00000032e5800000)]
  0x0000017d2c1a6e70 JavaThread "Notification Thread" daemon [_thread_blocked, id=2764, stack(0x00000032e5800000,0x00000032e5900000)]
  0x0000017d2d797300 JavaThread "Daemon health stats" [_thread_blocked, id=24268, stack(0x00000032e5e00000,0x00000032e5f00000)]
  0x0000017d2cf97ce0 JavaThread "Incoming local TCP Connector on port 65412" [_thread_in_native, id=22820, stack(0x00000032e5f00000,0x00000032e6000000)]
  0x0000017d2d217a90 JavaThread "Daemon periodic checks" [_thread_blocked, id=23648, stack(0x00000032e6000000,0x00000032e6100000)]
  0x0000017d2c4a24b0 JavaThread "Daemon" [_thread_blocked, id=24172, stack(0x00000032e6100000,0x00000032e6200000)]
  0x0000017d2cf95250 JavaThread "Handler for socket connection from /127.0.0.1:65412 to /127.0.0.1:65415" [_thread_in_native, id=10284, stack(0x00000032e6200000,0x00000032e6300000)]
  0x0000017d2e42c010 JavaThread "Cancel handler" [_thread_blocked, id=24144, stack(0x00000032e6300000,0x00000032e6400000)]
  0x0000017d2e42ccf0 JavaThread "Daemon worker" [_thread_in_Java, id=24136, stack(0x00000032e6400000,0x00000032e6500000)]
  0x0000017d2cf1bed0 JavaThread "Asynchronous log dispatcher for DefaultDaemonConnection: socket connection from /127.0.0.1:65412 to /127.0.0.1:65415" [_thread_blocked, id=24108, stack(0x00000032e6500000,0x00000032e6600000)]
  0x0000017d2cf1c3a0 JavaThread "Stdin handler" [_thread_blocked, id=24104, stack(0x00000032e6600000,0x00000032e6700000)]
  0x0000017d2cf1d6e0 JavaThread "Daemon client event forwarder" [_thread_blocked, id=23560, stack(0x00000032e6700000,0x00000032e6800000)]
  0x0000017d2cf1dbb0 JavaThread "Cache worker for journal cache (C:\Users\23480\.gradle\caches\journal-1)" [_thread_blocked, id=4036, stack(0x00000032e6c00000,0x00000032e6d00000)]
  0x0000017d2cf1e080 JavaThread "File lock request listener" [_thread_in_native, id=23208, stack(0x00000032e6d00000,0x00000032e6e00000)]
  0x0000017d2cf1e550 JavaThread "Cache worker for file hash cache (C:\Users\23480\.gradle\caches\8.0\fileHashes)" [_thread_blocked, id=19352, stack(0x00000032e6e00000,0x00000032e6f00000)]
  0x0000017d2cf1c870 JavaThread "File watcher server" daemon [_thread_in_native, id=24688, stack(0x00000032e6f00000,0x00000032e7000000)]
  0x0000017d2cf1ea20 JavaThread "File watcher consumer" daemon [_thread_blocked, id=24700, stack(0x00000032e7000000,0x00000032e7100000)]
  0x0000017d2cf1ba00 JavaThread "Cache worker for checksums cache (C:\Users\23480\Documents\androidproject\DailyQuotes\.gradle\8.0\checksums)" [_thread_blocked, id=24844, stack(0x00000032e7100000,0x00000032e7200000)]
  0x0000017d2cf1b060 JavaThread "Cache worker for cache directory md-rule (C:\Users\23480\.gradle\caches\8.0\md-rule)" [_thread_blocked, id=24868, stack(0x00000032e7200000,0x00000032e7300000)]
  0x0000017d2cf1cd40 JavaThread "Cache worker for file content cache (C:\Users\23480\.gradle\caches\8.0\fileContent)" [_thread_blocked, id=24880, stack(0x00000032e7300000,0x00000032e7400000)]
  0x0000017d2cf1d210 JavaThread "Cache worker for file hash cache (C:\Users\23480\Documents\androidproject\DailyQuotes\.gradle\8.0\fileHashes)" [_thread_blocked, id=24952, stack(0x00000032e7400000,0x00000032e7500000)]
  0x0000017d2cf1b530 JavaThread "Cache worker for cache directory md-supplier (C:\Users\23480\.gradle\caches\8.0\md-supplier)" [_thread_blocked, id=24980, stack(0x00000032e7500000,0x00000032e7600000)]
  0x0000017d2f2128b0 JavaThread "Cache worker for execution history cache (C:\Users\23480\.gradle\caches\8.0\executionHistory)" [_thread_blocked, id=25156, stack(0x00000032e7600000,0x00000032e7700000)]
  0x0000017d2f20c870 JavaThread "jar transforms" [_thread_blocked, id=25232, stack(0x00000032e7700000,0x00000032e7800000)]
  0x0000017d2f20e080 JavaThread "jar transforms Thread 2" [_thread_blocked, id=25244, stack(0x00000032e7800000,0x00000032e7900000)]
  0x0000017d2f20b530 JavaThread "Cache worker for kotlin-dsl (C:\Users\23480\.gradle\caches\8.0\kotlin-dsl)" [_thread_blocked, id=25440, stack(0x00000032e7900000,0x00000032e7a00000)]
  0x0000017d2f210230 JavaThread "jar transforms Thread 3" [_thread_blocked, id=25480, stack(0x00000032e7a00000,0x00000032e7b00000)]
  0x0000017d2f20c3a0 JavaThread "jar transforms Thread 4" [_thread_blocked, id=25500, stack(0x00000032e7b00000,0x00000032e7c00000)]
  0x0000017d2f20ba00 JavaThread "Cache worker for dependencies-accessors (C:\Users\23480\Documents\androidproject\DailyQuotes\.gradle\8.0\dependencies-accessors)" [_thread_blocked, id=25512, stack(0x00000032e7c00000,0x00000032e7d00000)]
  0x0000017d2f211f10 JavaThread "Cache worker for Build Output Cleanup Cache (C:\Users\23480\Documents\androidproject\DailyQuotes\.gradle\buildOutputCleanup)" [_thread_blocked, id=25588, stack(0x00000032e7d00000,0x00000032e7e00000)]
  0x0000017d2f211570 JavaThread "jar transforms Thread 5" [_thread_blocked, id=25592, stack(0x00000032e7e00000,0x00000032e7f00000)]
  0x0000017d2f20cd40 JavaThread "Unconstrained build operations" [_thread_blocked, id=24676, stack(0x00000032e8000000,0x00000032e8100000)]
  0x0000017d2f20d210 JavaThread "Unconstrained build operations Thread 2" [_thread_blocked, id=24620, stack(0x00000032e8100000,0x00000032e8200000)]
  0x0000017d2f20ea20 JavaThread "Unconstrained build operations Thread 3" [_thread_blocked, id=24680, stack(0x00000032e8200000,0x00000032e8300000)]
  0x0000017d2f211a40 JavaThread "Unconstrained build operations Thread 4" [_thread_blocked, id=24632, stack(0x00000032e8300000,0x00000032e8400000)]
  0x0000017d2f210bd0 JavaThread "Unconstrained build operations Thread 5" [_thread_blocked, id=24684, stack(0x00000032e8400000,0x00000032e8500000)]
  0x0000017d2f20b060 JavaThread "Unconstrained build operations Thread 6" [_thread_blocked, id=24636, stack(0x00000032e8500000,0x00000032e8600000)]
  0x0000017d2f20d6e0 JavaThread "Unconstrained build operations Thread 7" [_thread_blocked, id=24784, stack(0x00000032e8600000,0x00000032e8700000)]
  0x0000017d2f20fd60 JavaThread "Unconstrained build operations Thread 8" [_thread_blocked, id=25132, stack(0x00000032e8700000,0x00000032e8800000)]
  0x0000017d2f20dbb0 JavaThread "Unconstrained build operations Thread 9" [_thread_blocked, id=25108, stack(0x00000032e8800000,0x00000032e8900000)]
  0x0000017d2f20f3c0 JavaThread "Unconstrained build operations Thread 10" [_thread_blocked, id=25092, stack(0x00000032e8900000,0x00000032e8a00000)]
  0x0000017d2dad2f80 JavaThread "Unconstrained build operations Thread 11" [_thread_blocked, id=25148, stack(0x00000032e8a00000,0x00000032e8b00000)]
  0x0000017d2dacf5c0 JavaThread "Unconstrained build operations Thread 12" [_thread_blocked, id=25152, stack(0x00000032e8b00000,0x00000032e8c00000)]
  0x0000017d2dad42c0 JavaThread "Unconstrained build operations Thread 13" [_thread_blocked, id=25160, stack(0x00000032e8c00000,0x00000032e8d00000)]
  0x0000017d2dacfa90 JavaThread "Unconstrained build operations Thread 14" [_thread_blocked, id=25164, stack(0x00000032e8d00000,0x00000032e8e00000)]
  0x0000017d2dad3df0 JavaThread "Unconstrained build operations Thread 15" [_thread_blocked, id=24652, stack(0x00000032e8e00000,0x00000032e8f00000)]
  0x0000017d2dad3450 JavaThread "Unconstrained build operations Thread 16" [_thread_blocked, id=24644, stack(0x00000032e8f00000,0x00000032e9000000)]
  0x0000017d2dace280 JavaThread "Unconstrained build operations Thread 17" [_thread_blocked, id=24628, stack(0x00000032e9000000,0x00000032e9100000)]
  0x0000017d2dad3920 JavaThread "Unconstrained build operations Thread 18" [_thread_blocked, id=16252, stack(0x00000032e9100000,0x00000032e9200000)]
  0x0000017d2dad4790 JavaThread "Unconstrained build operations Thread 19" [_thread_blocked, id=25104, stack(0x00000032e9200000,0x00000032e9300000)]
  0x0000017d2dacff60 JavaThread "Unconstrained build operations Thread 20" [_thread_blocked, id=25088, stack(0x00000032e9300000,0x00000032e9400000)]
  0x0000017d2dad4c60 JavaThread "Unconstrained build operations Thread 21" [_thread_blocked, id=25188, stack(0x00000032e9400000,0x00000032e9500000)]
  0x0000017d2dacd410 JavaThread "Unconstrained build operations Thread 22" [_thread_blocked, id=13668, stack(0x00000032e9500000,0x00000032e9600000)]
  0x0000017d2dad1770 JavaThread "Unconstrained build operations Thread 23" [_thread_blocked, id=24792, stack(0x00000032e9600000,0x00000032e9700000)]
  0x0000017d2dacf0f0 JavaThread "Unconstrained build operations Thread 24" [_thread_blocked, id=24796, stack(0x00000032e9700000,0x00000032e9800000)]
  0x0000017d2dace750 JavaThread "Unconstrained build operations Thread 25" [_thread_blocked, id=25252, stack(0x00000032e9800000,0x00000032e9900000)]
  0x0000017d2dad0430 JavaThread "Unconstrained build operations Thread 26" [_thread_blocked, id=25240, stack(0x00000032e9900000,0x00000032e9a00000)]
  0x0000017d2dad25e0 JavaThread "Unconstrained build operations Thread 27" [_thread_blocked, id=15980, stack(0x00000032e9a00000,0x00000032e9b00000)]
  0x0000017d2dacec20 JavaThread "Unconstrained build operations Thread 28" [_thread_blocked, id=24212, stack(0x00000032e9b00000,0x00000032e9c00000)]
  0x0000017d2dacd8e0 JavaThread "Unconstrained build operations Thread 29" [_thread_blocked, id=13256, stack(0x00000032e9c00000,0x00000032e9d00000)]
  0x0000017d2dacddb0 JavaThread "Unconstrained build operations Thread 30" [_thread_blocked, id=9684, stack(0x00000032e9d00000,0x00000032e9e00000)]
  0x0000017d2dad0900 JavaThread "Unconstrained build operations Thread 31" [_thread_blocked, id=16660, stack(0x00000032e9e00000,0x00000032e9f00000)]
  0x0000017d2dad0dd0 JavaThread "Unconstrained build operations Thread 32" [_thread_blocked, id=23620, stack(0x00000032e9f00000,0x00000032ea000000)]
  0x0000017d2dad12a0 JavaThread "Unconstrained build operations Thread 33" [_thread_blocked, id=23832, stack(0x00000032ea000000,0x00000032ea100000)]
  0x0000017d2dad1c40 JavaThread "Unconstrained build operations Thread 34" [_thread_blocked, id=25348, stack(0x00000032ea100000,0x00000032ea200000)]
  0x0000017d2dad2110 JavaThread "Unconstrained build operations Thread 35" [_thread_blocked, id=23688, stack(0x00000032ea200000,0x00000032ea300000)]
  0x0000017d2dad2ab0 JavaThread "Unconstrained build operations Thread 36" [_thread_blocked, id=23784, stack(0x00000032ea300000,0x00000032ea400000)]
  0x0000017d2e407460 JavaThread "Unconstrained build operations Thread 37" [_thread_blocked, id=23780, stack(0x00000032ea400000,0x00000032ea500000)]
  0x0000017d2e407930 JavaThread "Unconstrained build operations Thread 38" [_thread_blocked, id=23756, stack(0x00000032ea500000,0x00000032ea600000)]
  0x0000017d2e4018f0 JavaThread "Unconstrained build operations Thread 39" [_thread_blocked, id=16212, stack(0x00000032ea600000,0x00000032ea700000)]
  0x0000017d2e405c50 JavaThread "Unconstrained build operations Thread 40" [_thread_blocked, id=23788, stack(0x00000032ea700000,0x00000032ea800000)]
  0x0000017d2e402c30 JavaThread "Unconstrained build operations Thread 41" [_thread_blocked, id=23840, stack(0x00000032ea800000,0x00000032ea900000)]
  0x0000017d2e401dc0 JavaThread "Unconstrained build operations Thread 42" [_thread_blocked, id=24068, stack(0x00000032ea900000,0x00000032eaa00000)]
  0x0000017d2e4035d0 JavaThread "Unconstrained build operations Thread 43" [_thread_blocked, id=23792, stack(0x00000032eaa00000,0x00000032eab00000)]
  0x0000017d2e404910 JavaThread "Unconstrained build operations Thread 44" [_thread_blocked, id=15224, stack(0x00000032eab00000,0x00000032eac00000)]
  0x0000017d2e404de0 JavaThread "Unconstrained build operations Thread 45" [_thread_blocked, id=25376, stack(0x00000032eac00000,0x00000032ead00000)]
  0x0000017d2e403aa0 JavaThread "Unconstrained build operations Thread 46" [_thread_blocked, id=10804, stack(0x00000032ead00000,0x00000032eae00000)]
  0x0000017d2e403f70 JavaThread "Unconstrained build operations Thread 47" [_thread_blocked, id=15120, stack(0x00000032eae00000,0x00000032eaf00000)]
  0x0000017d2e405780 JavaThread "Unconstrained build operations Thread 48" [_thread_blocked, id=9300, stack(0x00000032eaf00000,0x00000032eb000000)]
  0x0000017d2e401420 JavaThread "Unconstrained build operations Thread 49" [_thread_blocked, id=15332, stack(0x00000032eb000000,0x00000032eb100000)]
  0x0000017d2e407e00 JavaThread "Unconstrained build operations Thread 50" [_thread_blocked, id=15184, stack(0x00000032eb100000,0x00000032eb200000)]
  0x0000017d2e403100 JavaThread "Unconstrained build operations Thread 51" [_thread_blocked, id=9232, stack(0x00000032eb200000,0x00000032eb300000)]
  0x0000017d2e4065f0 JavaThread "Unconstrained build operations Thread 52" [_thread_blocked, id=22296, stack(0x00000032eb300000,0x00000032eb400000)]
  0x0000017d2e4087a0 JavaThread "Unconstrained build operations Thread 53" [_thread_blocked, id=14044, stack(0x00000032eb400000,0x00000032eb500000)]
  0x0000017d2e4082d0 JavaThread "Unconstrained build operations Thread 54" [_thread_blocked, id=25216, stack(0x00000032eb500000,0x00000032eb600000)]
  0x0000017d2e406120 JavaThread "Unconstrained build operations Thread 55" [_thread_blocked, id=23944, stack(0x00000032eb600000,0x00000032eb700000)]
  0x0000017d2e400f50 JavaThread "Unconstrained build operations Thread 56" [_thread_blocked, id=25056, stack(0x00000032eb700000,0x00000032eb800000)]
  0x0000017d2e404440 JavaThread "Unconstrained build operations Thread 57" [_thread_blocked, id=5940, stack(0x00000032eb800000,0x00000032eb900000)]
  0x0000017d2e406ac0 JavaThread "Unconstrained build operations Thread 58" [_thread_blocked, id=1964, stack(0x00000032eb900000,0x00000032eba00000)]
  0x0000017d2e4052b0 JavaThread "Unconstrained build operations Thread 59" [_thread_blocked, id=22456, stack(0x00000032eba00000,0x00000032ebb00000)]
  0x0000017d2e402290 JavaThread "Unconstrained build operations Thread 60" [_thread_blocked, id=13592, stack(0x00000032ebb00000,0x00000032ebc00000)]
  0x0000017d2e406f90 JavaThread "Unconstrained build operations Thread 61" [_thread_blocked, id=17728, stack(0x00000032ebc00000,0x00000032ebd00000)]
  0x0000017d2e402760 JavaThread "Unconstrained build operations Thread 62" [_thread_blocked, id=23948, stack(0x00000032ebd00000,0x00000032ebe00000)]
  0x0000017d2ec4e300 JavaThread "Unconstrained build operations Thread 63" [_thread_blocked, id=23952, stack(0x00000032ebe00000,0x00000032ebf00000)]
  0x0000017d2ec4e7d0 JavaThread "Unconstrained build operations Thread 64" [_thread_blocked, id=25284, stack(0x00000032ebf00000,0x00000032ec000000)]
  0x0000017d2ec504b0 JavaThread "Unconstrained build operations Thread 65" [_thread_blocked, id=3632, stack(0x00000032ec000000,0x00000032ec100000)]
  0x0000017d2ec551b0 JavaThread "Unconstrained build operations Thread 66" [_thread_blocked, id=14652, stack(0x00000032ec100000,0x00000032ec200000)]
  0x0000017d2ec534d0 JavaThread "Unconstrained build operations Thread 67" [_thread_blocked, id=9200, stack(0x00000032ec200000,0x00000032ec300000)]
  0x0000017d2ec4eca0 JavaThread "Unconstrained build operations Thread 68" [_thread_blocked, id=11644, stack(0x00000032ec300000,0x00000032ec400000)]
  0x0000017d2ec4f170 JavaThread "Unconstrained build operations Thread 69" [_thread_blocked, id=7088, stack(0x00000032ec400000,0x00000032ec500000)]
  0x0000017d2ec539a0 JavaThread "Unconstrained build operations Thread 70" [_thread_blocked, id=25408, stack(0x00000032ec500000,0x00000032ec600000)]
  0x0000017d2ec4de30 JavaThread "Unconstrained build operations Thread 71" [_thread_blocked, id=12164, stack(0x00000032ec600000,0x00000032ec700000)]
  0x0000017d2ec4f640 JavaThread "Unconstrained build operations Thread 72" [_thread_blocked, id=22128, stack(0x00000032ec700000,0x00000032ec800000)]
  0x0000017d2ec50980 JavaThread "Unconstrained build operations Thread 73" [_thread_blocked, id=4864, stack(0x00000032ec800000,0x00000032ec900000)]
  0x0000017d2ec53e70 JavaThread "Unconstrained build operations Thread 74" [_thread_blocked, id=20656, stack(0x00000032ec900000,0x00000032eca00000)]
  0x0000017d2ec54810 JavaThread "Unconstrained build operations Thread 75" [_thread_blocked, id=18044, stack(0x00000032eca00000,0x00000032ecb00000)]
  0x0000017d2ec517f0 JavaThread "Unconstrained build operations Thread 76" [_thread_blocked, id=13852, stack(0x00000032ecb00000,0x00000032ecc00000)]
  0x0000017d2ec50e50 JavaThread "Unconstrained build operations Thread 77" [_thread_blocked, id=7596, stack(0x00000032ecc00000,0x00000032ecd00000)]
  0x0000017d2ec54340 JavaThread "Unconstrained build operations Thread 78" [_thread_blocked, id=16704, stack(0x00000032ecd00000,0x00000032ece00000)]
  0x0000017d2ec54ce0 JavaThread "Unconstrained build operations Thread 79" [_thread_blocked, id=24512, stack(0x00000032ece00000,0x00000032ecf00000)]
  0x0000017d2ec52660 JavaThread "Unconstrained build operations Thread 80" [_thread_blocked, id=25428, stack(0x00000032ecf00000,0x00000032ed000000)]
  0x0000017d2ec55680 JavaThread "jar transforms Thread 6" [_thread_blocked, id=25280, stack(0x00000032ed000000,0x00000032ed100000)]
  0x0000017d2ec4fb10 JavaThread "jar transforms Thread 7" [_thread_blocked, id=25276, stack(0x00000032ed100000,0x00000032ed200000)]
  0x0000017d2ec4ffe0 JavaThread "jar transforms Thread 8" [_thread_blocked, id=25420, stack(0x00000032ed200000,0x00000032ed300000)]
  0x0000017d2ec51320 JavaThread "build event listener" [_thread_blocked, id=7136, stack(0x00000032ed300000,0x00000032ed400000)]

Other Threads:
  0x0000017d2b3d6fc0 VMThread "VM Thread" [stack: 0x00000032e4d00000,0x00000032e4e00000] [id=5588]
  0x0000017d2c1a7340 WatcherThread [stack: 0x00000032e5900000,0x00000032e5a00000] [id=14540]
  0x0000017d115d8ae0 GCTaskThread "GC Thread#0" [stack: 0x00000032e4800000,0x00000032e4900000] [id=4348]
  0x0000017d2c4f2fd0 GCTaskThread "GC Thread#1" [stack: 0x00000032e5a00000,0x00000032e5b00000] [id=23704]
  0x0000017d2d14a0b0 GCTaskThread "GC Thread#2" [stack: 0x00000032e5b00000,0x00000032e5c00000] [id=23716]
  0x0000017d2cdb0aa0 GCTaskThread "GC Thread#3" [stack: 0x00000032e5c00000,0x00000032e5d00000] [id=23720]
  0x0000017d2d030350 GCTaskThread "GC Thread#4" [stack: 0x00000032e5d00000,0x00000032e5e00000] [id=24088]
  0x0000017d2d9a1a40 GCTaskThread "GC Thread#5" [stack: 0x00000032e6800000,0x00000032e6900000] [id=24192]
  0x0000017d2d498bf0 GCTaskThread "GC Thread#6" [stack: 0x00000032e6900000,0x00000032e6a00000] [id=23652]
  0x0000017d2ce050f0 GCTaskThread "GC Thread#7" [stack: 0x00000032e6a00000,0x00000032e6b00000] [id=23656]
  0x0000017d115e9a20 ConcurrentGCThread "G1 Main Marker" [stack: 0x00000032e4900000,0x00000032e4a00000] [id=2644]
  0x0000017d115ea430 ConcurrentGCThread "G1 Conc#0" [stack: 0x00000032e4a00000,0x00000032e4b00000] [id=16412]
  0x0000017d2daa6d20 ConcurrentGCThread "G1 Conc#1" [stack: 0x00000032e6b00000,0x00000032e6c00000] [id=15940]
  0x0000017d2b2324b0 ConcurrentGCThread "G1 Refine#0" [stack: 0x00000032e4b00000,0x00000032e4c00000] [id=21060]
  0x0000017d1163e040 ConcurrentGCThread "G1 Service" [stack: 0x00000032e4c00000,0x00000032e4d00000] [id=6404]

Threads with active compile tasks:
C2 CompilerThread0    25002 6613       4       org.objectweb.asm.SymbolTable::addConstantMemberReference (147 bytes)

VM state: not at safepoint (normal execution)

VM Mutex/Monitor currently owned by a thread: None

Heap address: 0x0000000080000000, size: 2048 MB, Compressed Oops mode: 32-bit

CDS archive(s) not mapped
Compressed class space mapped at: 0x0000000100000000-0x0000000140000000, reserved size: 1073741824
Narrow klass base: 0x0000000000000000, Narrow klass shift: 3, Narrow klass range: 0x140000000

GC Precious Log:
 CPUs: 8 total, 8 available
 Memory: 7502M
 Large Page Support: Disabled
 NUMA Support: Disabled
 Compressed Oops: Enabled (32-bit)
 Heap Region Size: 1M
 Heap Min Capacity: 8M
 Heap Initial Capacity: 118M
 Heap Max Capacity: 2G
 Pre-touch: Disabled
 Parallel Workers: 8
 Concurrent Workers: 2
 Concurrent Refinement Workers: 8
 Periodic GC: Disabled

Heap:
 garbage-first heap   total 101376K, used 68804K [0x0000000080000000, 0x0000000100000000)
  region size 1024K, 13 young (13312K), 1 survivors (1024K)
 Metaspace       used 67145K, committed 67648K, reserved 1114112K
  class space    used 8814K, committed 9024K, reserved 1048576K

Heap Regions: E=young(eden), S=young(survivor), O=old, HS=humongous(starts), HC=humongous(continues), CS=collection set, F=free, OA=open archive, CA=closed archive, TAMS=top-at-mark-start (previous, next)
|   0|0x0000000080000000, 0x0000000080100000, 0x0000000080100000|100%|HS|  |TAMS 0x0000000080100000, 0x0000000080000000| Complete 
|   1|0x0000000080100000, 0x0000000080200000, 0x0000000080200000|100%|HC|  |TAMS 0x0000000080200000, 0x0000000080100000| Complete 
|   2|0x0000000080200000, 0x0000000080300000, 0x0000000080300000|100%|HC|  |TAMS 0x0000000080300000, 0x0000000080200000| Complete 
|   3|0x0000000080300000, 0x0000000080400000, 0x0000000080400000|100%|HC|  |TAMS 0x0000000080400000, 0x0000000080300000| Complete 
|   4|0x0000000080400000, 0x0000000080500000, 0x0000000080500000|100%| O|  |TAMS 0x0000000080500000, 0x0000000080400000| Untracked 
|   5|0x0000000080500000, 0x0000000080600000, 0x0000000080600000|100%| O|  |TAMS 0x0000000080600000, 0x0000000080500000| Untracked 
|   6|0x0000000080600000, 0x0000000080700000, 0x0000000080700000|100%| O|  |TAMS 0x0000000080700000, 0x0000000080600000| Untracked 
|   7|0x0000000080700000, 0x0000000080800000, 0x0000000080800000|100%| O|  |TAMS 0x0000000080800000, 0x0000000080700000| Untracked 
|   8|0x0000000080800000, 0x0000000080900000, 0x0000000080900000|100%| O|  |TAMS 0x0000000080900000, 0x0000000080800000| Untracked 
|   9|0x0000000080900000, 0x0000000080a00000, 0x0000000080a00000|100%| O|  |TAMS 0x0000000080a00000, 0x0000000080900000| Untracked 
|  10|0x0000000080a00000, 0x0000000080ae9400, 0x0000000080b00000| 91%| O|  |TAMS 0x0000000080ae9400, 0x0000000080a00000| Untracked 
|  11|0x0000000080b00000, 0x0000000080c00000, 0x0000000080c00000|100%| O|  |TAMS 0x0000000080c00000, 0x0000000080b00000| Untracked 
|  12|0x0000000080c00000, 0x0000000080d00000, 0x0000000080d00000|100%| O|  |TAMS 0x0000000080d00000, 0x0000000080c00000| Untracked 
|  13|0x0000000080d00000, 0x0000000080e00000, 0x0000000080e00000|100%| O|  |TAMS 0x0000000080e00000, 0x0000000080d00000| Untracked 
|  14|0x0000000080e00000, 0x0000000080f00000, 0x0000000080f00000|100%| O|  |TAMS 0x0000000080f00000, 0x0000000080e00000| Untracked 
|  15|0x0000000080f00000, 0x0000000081000000, 0x0000000081000000|100%| O|  |TAMS 0x0000000081000000, 0x0000000080f00000| Untracked 
|  16|0x0000000081000000, 0x0000000081100000, 0x0000000081100000|100%| O|  |TAMS 0x0000000081100000, 0x0000000081000000| Untracked 
|  17|0x0000000081100000, 0x0000000081200000, 0x0000000081200000|100%| O|  |TAMS 0x0000000081200000, 0x0000000081100000| Untracked 
|  18|0x0000000081200000, 0x0000000081300000, 0x0000000081300000|100%| O|  |TAMS 0x0000000081300000, 0x0000000081200000| Untracked 
|  19|0x0000000081300000, 0x0000000081400000, 0x0000000081400000|100%| O|  |TAMS 0x0000000081400000, 0x0000000081300000| Untracked 
|  20|0x0000000081400000, 0x0000000081500000, 0x0000000081500000|100%| O|  |TAMS 0x0000000081500000, 0x0000000081400000| Untracked 
|  21|0x0000000081500000, 0x0000000081600000, 0x0000000081600000|100%| O|  |TAMS 0x0000000081600000, 0x0000000081500000| Untracked 
|  22|0x0000000081600000, 0x0000000081600000, 0x0000000081700000|  0%| F|  |TAMS 0x0000000081600000, 0x0000000081600000| Untracked 
|  23|0x0000000081700000, 0x0000000081800000, 0x0000000081800000|100%| O|  |TAMS 0x0000000081800000, 0x0000000081700000| Untracked 
|  24|0x0000000081800000, 0x0000000081900000, 0x0000000081900000|100%| O|  |TAMS 0x0000000081900000, 0x0000000081800000| Untracked 
|  25|0x0000000081900000, 0x0000000081a00000, 0x0000000081a00000|100%| O|  |TAMS 0x0000000081a00000, 0x0000000081900000| Untracked 
|  26|0x0000000081a00000, 0x0000000081b00000, 0x0000000081b00000|100%| O|  |TAMS 0x0000000081b00000, 0x0000000081a00000| Untracked 
|  27|0x0000000081b00000, 0x0000000081c00000, 0x0000000081c00000|100%| O|  |TAMS 0x0000000081c00000, 0x0000000081b00000| Untracked 
|  28|0x0000000081c00000, 0x0000000081d00000, 0x0000000081d00000|100%| O|  |TAMS 0x0000000081d00000, 0x0000000081c00000| Untracked 
|  29|0x0000000081d00000, 0x0000000081e00000, 0x0000000081e00000|100%| O|  |TAMS 0x0000000081e00000, 0x0000000081d00000| Untracked 
|  30|0x0000000081e00000, 0x0000000081f00000, 0x0000000081f00000|100%| O|  |TAMS 0x0000000081f00000, 0x0000000081e00000| Untracked 
|  31|0x0000000081f00000, 0x0000000081fc4e00, 0x0000000082000000| 76%| O|  |TAMS 0x0000000081f00000, 0x0000000081f00000| Untracked 
|  32|0x0000000082000000, 0x0000000082100000, 0x0000000082100000|100%| O|  |TAMS 0x0000000082100000, 0x0000000082000000| Untracked 
|  33|0x0000000082100000, 0x0000000082200000, 0x0000000082200000|100%| O|  |TAMS 0x0000000082200000, 0x0000000082100000| Untracked 
|  34|0x0000000082200000, 0x0000000082300000, 0x0000000082300000|100%| O|  |TAMS 0x0000000082300000, 0x0000000082200000| Untracked 
|  35|0x0000000082300000, 0x0000000082400000, 0x0000000082400000|100%| O|  |TAMS 0x0000000082400000, 0x0000000082300000| Untracked 
|  36|0x0000000082400000, 0x0000000082500000, 0x0000000082500000|100%| O|  |TAMS 0x0000000082500000, 0x0000000082400000| Untracked 
|  37|0x0000000082500000, 0x0000000082600000, 0x0000000082600000|100%| O|  |TAMS 0x0000000082600000, 0x0000000082500000| Untracked 
|  38|0x0000000082600000, 0x0000000082700000, 0x0000000082700000|100%| O|  |TAMS 0x0000000082700000, 0x0000000082600000| Untracked 
|  39|0x0000000082700000, 0x0000000082800000, 0x0000000082800000|100%| O|  |TAMS 0x0000000082800000, 0x0000000082700000| Untracked 
|  40|0x0000000082800000, 0x0000000082900000, 0x0000000082900000|100%|HS|  |TAMS 0x0000000082900000, 0x0000000082800000| Complete 
|  41|0x0000000082900000, 0x0000000082a00000, 0x0000000082a00000|100%|HS|  |TAMS 0x0000000082a00000, 0x0000000082900000| Complete 
|  42|0x0000000082a00000, 0x0000000082b00000, 0x0000000082b00000|100%|HS|  |TAMS 0x0000000082b00000, 0x0000000082a00000| Complete 
|  43|0x0000000082b00000, 0x0000000082c00000, 0x0000000082c00000|100%|HC|  |TAMS 0x0000000082c00000, 0x0000000082b00000| Complete 
|  44|0x0000000082c00000, 0x0000000082d00000, 0x0000000082d00000|100%|HS|  |TAMS 0x0000000082d00000, 0x0000000082c00000| Complete 
|  45|0x0000000082d00000, 0x0000000082e00000, 0x0000000082e00000|100%|HS|  |TAMS 0x0000000082e00000, 0x0000000082d00000| Complete 
|  46|0x0000000082e00000, 0x0000000082f00000, 0x0000000082f00000|100%|HC|  |TAMS 0x0000000082f00000, 0x0000000082e00000| Complete 
|  47|0x0000000082f00000, 0x0000000083000000, 0x0000000083000000|100%|HC|  |TAMS 0x0000000083000000, 0x0000000082f00000| Complete 
|  48|0x0000000083000000, 0x0000000083100000, 0x0000000083100000|100%|HC|  |TAMS 0x0000000083100000, 0x0000000083000000| Complete 
|  49|0x0000000083100000, 0x0000000083200000, 0x0000000083200000|100%| O|  |TAMS 0x0000000083200000, 0x0000000083100000| Untracked 
|  50|0x0000000083200000, 0x0000000083300000, 0x0000000083300000|100%| O|  |TAMS 0x0000000083300000, 0x0000000083200000| Untracked 
|  51|0x0000000083300000, 0x0000000083400000, 0x0000000083400000|100%| O|  |TAMS 0x0000000083400000, 0x0000000083300000| Untracked 
|  52|0x0000000083400000, 0x0000000083500000, 0x0000000083500000|100%| O|  |TAMS 0x0000000083500000, 0x0000000083400000| Untracked 
|  53|0x0000000083500000, 0x0000000083600000, 0x0000000083600000|100%| O|  |TAMS 0x0000000083600000, 0x0000000083500000| Untracked 
|  54|0x0000000083600000, 0x0000000083700000, 0x0000000083700000|100%| O|  |TAMS 0x0000000083700000, 0x0000000083600000| Untracked 
|  55|0x0000000083700000, 0x0000000083800000, 0x0000000083800000|100%| O|  |TAMS 0x0000000083800000, 0x0000000083700000| Untracked 
|  56|0x0000000083800000, 0x0000000083900000, 0x0000000083900000|100%| O|  |TAMS 0x00000000838e5800, 0x0000000083800000| Untracked 
|  57|0x0000000083900000, 0x0000000083900000, 0x0000000083a00000|  0%| F|  |TAMS 0x0000000083900000, 0x0000000083900000| Untracked 
|  58|0x0000000083a00000, 0x0000000083a00000, 0x0000000083b00000|  0%| F|  |TAMS 0x0000000083a00000, 0x0000000083a00000| Untracked 
|  59|0x0000000083b00000, 0x0000000083b00000, 0x0000000083c00000|  0%| F|  |TAMS 0x0000000083b00000, 0x0000000083b00000| Untracked 
|  60|0x0000000083c00000, 0x0000000083c00000, 0x0000000083d00000|  0%| F|  |TAMS 0x0000000083c00000, 0x0000000083c00000| Untracked 
|  61|0x0000000083d00000, 0x0000000083d00000, 0x0000000083e00000|  0%| F|  |TAMS 0x0000000083d00000, 0x0000000083d00000| Untracked 
|  62|0x0000000083e00000, 0x0000000083e00000, 0x0000000083f00000|  0%| F|  |TAMS 0x0000000083e00000, 0x0000000083e00000| Untracked 
|  63|0x0000000083f00000, 0x0000000083f00000, 0x0000000084000000|  0%| F|  |TAMS 0x0000000083f00000, 0x0000000083f00000| Untracked 
|  64|0x0000000084000000, 0x0000000084000000, 0x0000000084100000|  0%| F|  |TAMS 0x0000000084000000, 0x0000000084000000| Untracked 
|  65|0x0000000084100000, 0x0000000084100000, 0x0000000084200000|  0%| F|  |TAMS 0x0000000084100000, 0x0000000084100000| Untracked 
|  66|0x0000000084200000, 0x0000000084200000, 0x0000000084300000|  0%| F|  |TAMS 0x0000000084200000, 0x0000000084200000| Untracked 
|  67|0x0000000084300000, 0x0000000084300000, 0x0000000084400000|  0%| F|  |TAMS 0x0000000084300000, 0x0000000084300000| Untracked 
|  68|0x0000000084400000, 0x0000000084400000, 0x0000000084500000|  0%| F|  |TAMS 0x0000000084400000, 0x0000000084400000| Untracked 
|  69|0x0000000084500000, 0x0000000084500000, 0x0000000084600000|  0%| F|  |TAMS 0x0000000084500000, 0x0000000084500000| Untracked 
|  70|0x0000000084600000, 0x0000000084600000, 0x0000000084700000|  0%| F|  |TAMS 0x0000000084600000, 0x0000000084600000| Untracked 
|  71|0x0000000084700000, 0x0000000084700000, 0x0000000084800000|  0%| F|  |TAMS 0x0000000084700000, 0x0000000084700000| Untracked 
|  72|0x0000000084800000, 0x0000000084800000, 0x0000000084900000|  0%| F|  |TAMS 0x0000000084800000, 0x0000000084800000| Untracked 
|  73|0x0000000084900000, 0x0000000084900000, 0x0000000084a00000|  0%| F|  |TAMS 0x0000000084900000, 0x0000000084900000| Untracked 
|  74|0x0000000084a00000, 0x0000000084a00000, 0x0000000084b00000|  0%| F|  |TAMS 0x0000000084a00000, 0x0000000084a00000| Untracked 
|  75|0x0000000084b00000, 0x0000000084b00000, 0x0000000084c00000|  0%| F|  |TAMS 0x0000000084b00000, 0x0000000084b00000| Untracked 
|  76|0x0000000084c00000, 0x0000000084c00000, 0x0000000084d00000|  0%| F|  |TAMS 0x0000000084c00000, 0x0000000084c00000| Untracked 
|  77|0x0000000084d00000, 0x0000000084d00000, 0x0000000084e00000|  0%| F|  |TAMS 0x0000000084d00000, 0x0000000084d00000| Untracked 
|  78|0x0000000084e00000, 0x0000000084e00000, 0x0000000084f00000|  0%| F|  |TAMS 0x0000000084e00000, 0x0000000084e00000| Untracked 
|  79|0x0000000084f00000, 0x0000000084f00000, 0x0000000085000000|  0%| F|  |TAMS 0x0000000084f00000, 0x0000000084f00000| Untracked 
|  80|0x0000000085000000, 0x0000000085000000, 0x0000000085100000|  0%| F|  |TAMS 0x0000000085000000, 0x0000000085000000| Untracked 
|  81|0x0000000085100000, 0x0000000085100000, 0x0000000085200000|  0%| F|  |TAMS 0x0000000085100000, 0x0000000085100000| Untracked 
|  82|0x0000000085200000, 0x0000000085200000, 0x0000000085300000|  0%| F|  |TAMS 0x0000000085200000, 0x0000000085200000| Untracked 
|  83|0x0000000085300000, 0x0000000085300000, 0x0000000085400000|  0%| F|  |TAMS 0x0000000085300000, 0x0000000085300000| Untracked 
|  84|0x0000000085400000, 0x0000000085400000, 0x0000000085500000|  0%| F|  |TAMS 0x0000000085400000, 0x0000000085400000| Untracked 
|  85|0x0000000085500000, 0x0000000085500000, 0x0000000085600000|  0%| F|  |TAMS 0x0000000085500000, 0x0000000085500000| Untracked 
|  86|0x0000000085600000, 0x00000000856c9f30, 0x0000000085700000| 78%| E|  |TAMS 0x0000000085600000, 0x0000000085600000| Complete 
|  87|0x0000000085700000, 0x0000000085800000, 0x0000000085800000|100%| E|CS|TAMS 0x0000000085700000, 0x0000000085700000| Complete 
|  88|0x0000000085800000, 0x0000000085900000, 0x0000000085900000|100%| E|CS|TAMS 0x0000000085800000, 0x0000000085800000| Complete 
|  89|0x0000000085900000, 0x0000000085a00000, 0x0000000085a00000|100%| E|CS|TAMS 0x0000000085900000, 0x0000000085900000| Complete 
|  90|0x0000000085a00000, 0x0000000085b00000, 0x0000000085b00000|100%| E|CS|TAMS 0x0000000085a00000, 0x0000000085a00000| Complete 
|  91|0x0000000085b00000, 0x0000000085c00000, 0x0000000085c00000|100%| E|CS|TAMS 0x0000000085b00000, 0x0000000085b00000| Complete 
|  92|0x0000000085c00000, 0x0000000085d00000, 0x0000000085d00000|100%| E|CS|TAMS 0x0000000085c00000, 0x0000000085c00000| Complete 
|  93|0x0000000085d00000, 0x0000000085e00000, 0x0000000085e00000|100%| E|CS|TAMS 0x0000000085d00000, 0x0000000085d00000| Complete 
|  94|0x0000000085e00000, 0x0000000085f00000, 0x0000000085f00000|100%| E|CS|TAMS 0x0000000085e00000, 0x0000000085e00000| Complete 
|  95|0x0000000085f00000, 0x0000000085f83130, 0x0000000086000000| 51%| S|CS|TAMS 0x0000000085f00000, 0x0000000085f00000| Complete 
|  96|0x0000000086000000, 0x0000000086100000, 0x0000000086100000|100%| E|CS|TAMS 0x0000000086000000, 0x0000000086000000| Complete 
|  97|0x0000000086100000, 0x0000000086200000, 0x0000000086200000|100%| E|CS|TAMS 0x0000000086100000, 0x0000000086100000| Complete 
| 117|0x0000000087500000, 0x0000000087600000, 0x0000000087600000|100%| E|CS|TAMS 0x0000000087500000, 0x0000000087500000| Complete 

Card table byte_map: [0x0000017d24170000,0x0000017d24570000] _byte_map_base: 0x0000017d23d70000

Marking Bits (Prev, Next): (CMBitMap*) 0x0000017d115d90f0, (CMBitMap*) 0x0000017d115d9130
 Prev Bits: [0x0000017d24970000, 0x0000017d26970000)
 Next Bits: [0x0000017d26970000, 0x0000017d28970000)

Polling page: 0x0000017d10d40000

Metaspace:

Usage:
  Non-class:     56.97 MB used.
      Class:      8.61 MB used.
       Both:     65.58 MB used.

Virtual space:
  Non-class space:       64.00 MB reserved,      57.25 MB ( 89%) committed,  8 nodes.
      Class space:        1.00 GB reserved,       8.81 MB ( <1%) committed,  1 nodes.
             Both:        1.06 GB reserved,      66.06 MB (  6%) committed. 

Chunk freelists:
   Non-Class:  2.31 MB
       Class:  3.19 MB
        Both:  5.50 MB

MaxMetaspaceSize: unlimited
CompressedClassSpaceSize: 1.00 GB
Initial GC threshold: 21.00 MB
Current GC threshold: 103.69 MB
CDS: off
MetaspaceReclaimPolicy: balanced
 - commit_granule_bytes: 65536.
 - commit_granule_words: 8192.
 - virtual_space_node_default_size: 1048576.
 - enlarge_chunks_in_place: 1.
 - new_chunks_are_fully_committed: 0.
 - uncommit_free_chunks: 1.
 - use_allocation_guard: 0.
 - handle_deallocations: 1.


Internal statistics:

num_allocs_failed_limit: 6.
num_arena_births: 636.
num_arena_deaths: 0.
num_vsnodes_births: 9.
num_vsnodes_deaths: 0.
num_space_committed: 1057.
num_space_uncommitted: 0.
num_chunks_returned_to_freelist: 6.
num_chunks_taken_from_freelist: 2690.
num_chunk_merges: 6.
num_chunk_splits: 1818.
num_chunks_enlarged: 1285.
num_purges: 0.
num_inconsistent_stats: 0.

CodeHeap 'non-profiled nmethods': size=120000Kb used=2273Kb max_used=3073Kb free=117726Kb
 bounds [0x0000017d1c510000, 0x0000017d1c820000, 0x0000017d23a40000]
CodeHeap 'profiled nmethods': size=120000Kb used=11055Kb max_used=12612Kb free=108944Kb
 bounds [0x0000017d14a40000, 0x0000017d156a0000, 0x0000017d1bf70000]
CodeHeap 'non-nmethods': size=5760Kb used=2376Kb max_used=2407Kb free=3384Kb
 bounds [0x0000017d1bf70000, 0x0000017d1c1e0000, 0x0000017d1c510000]
 total_blobs=6736 nmethods=5833 adapters=815
 compilation: enabled
              stopped_count=0, restarted_count=0
 full_count=0

Compilation events (20 events):
Event: 24.882 Thread 0x0000017d2c0243f0 6694       1       org.gradle.api.internal.provider.AbstractMinimalProvider::publicType (3 bytes)
Event: 24.882 Thread 0x0000017d2c0243f0 nmethod 6694 0x0000017d1c738690 code [0x0000017d1c738820, 0x0000017d1c7388f8]
Event: 24.882 Thread 0x0000017d2c0243f0 6695       1       org.gradle.api.internal.provider.DefaultProperty::publicType (3 bytes)
Event: 24.882 Thread 0x0000017d2c0243f0 nmethod 6695 0x0000017d1c738390 code [0x0000017d1c738520, 0x0000017d1c7385f8]
Event: 24.882 Thread 0x0000017d2c0243f0 6696       1       org.gradle.api.internal.provider.sources.GradlePropertyValueSource$Parameters_Decorated::publicType (3 bytes)
Event: 24.882 Thread 0x0000017d2c0243f0 nmethod 6696 0x0000017d1c738010 code [0x0000017d1c7381a0, 0x0000017d1c738278]
Event: 24.882 Thread 0x0000017d2c0243f0 6697       1       org.gradle.api.internal.provider.DefaultValueSourceProviderFactory::access$300 (5 bytes)
Event: 24.882 Thread 0x0000017d2c0243f0 nmethod 6697 0x0000017d1c619610 code [0x0000017d1c6197a0, 0x0000017d1c619858]
Event: 24.882 Thread 0x0000017d2c0243f0 6698       3       com.google.common.collect.ImmutableMap$Builder::buildOrThrow (6 bytes)
Event: 24.883 Thread 0x0000017d2c0243f0 nmethod 6698 0x0000017d14eae890 code [0x0000017d14eaea20, 0x0000017d14eaeb68]
Event: 24.885 Thread 0x0000017d2c0243f0 6699       3       com.google.common.collect.AbstractIndexedListIterator::hasNext (17 bytes)
Event: 24.885 Thread 0x0000017d2c0243f0 nmethod 6699 0x0000017d14ecc190 code [0x0000017d14ecc320, 0x0000017d14ecc498]
Event: 24.887 Thread 0x0000017d2c0243f0 6700       3       com.google.common.collect.ImmutableMap::builder (8 bytes)
Event: 24.887 Thread 0x0000017d2c0243f0 nmethod 6700 0x0000017d15437a10 code [0x0000017d15437bc0, 0x0000017d15437f18]
Event: 24.889 Thread 0x0000017d2c0243f0 6701       3       com.google.common.reflect.TypeResolver::resolveTypes (32 bytes)
Event: 24.890 Thread 0x0000017d2c0243f0 nmethod 6701 0x0000017d152e9f10 code [0x0000017d152ea0e0, 0x0000017d152ea528]
Event: 24.890 Thread 0x0000017d2c0243f0 6702       3       com.google.common.reflect.Types$JavaVersion::usedInGenericType (48 bytes)
Event: 24.891 Thread 0x0000017d2c0243f0 nmethod 6702 0x0000017d14edef10 code [0x0000017d14edf120, 0x0000017d14edf7e8]
Event: 24.891 Thread 0x0000017d2c0243f0 6703       3       com.google.common.reflect.TypeResolver$TypeTable$1::resolveInternal (33 bytes)
Event: 24.891 Thread 0x0000017d2c0243f0 nmethod 6703 0x0000017d154d8390 code [0x0000017d154d8580, 0x0000017d154d8a18]

GC Heap History (20 events):
Event: 16.620 GC heap before
{Heap before GC invocations=14 (full 0):
 garbage-first heap   total 68608K, used 53817K [0x0000000080000000, 0x0000000100000000)
  region size 1024K, 24 young (24576K), 3 survivors (3072K)
 Metaspace       used 51276K, committed 51712K, reserved 1097728K
  class space    used 6865K, committed 7104K, reserved 1048576K
}
Event: 16.624 GC heap after
{Heap after GC invocations=15 (full 0):
 garbage-first heap   total 68608K, used 33446K [0x0000000080000000, 0x0000000100000000)
  region size 1024K, 2 young (2048K), 2 survivors (2048K)
 Metaspace       used 51276K, committed 51712K, reserved 1097728K
  class space    used 6865K, committed 7104K, reserved 1048576K
}
Event: 17.477 GC heap before
{Heap before GC invocations=15 (full 0):
 garbage-first heap   total 68608K, used 53926K [0x0000000080000000, 0x0000000100000000)
  region size 1024K, 22 young (22528K), 2 survivors (2048K)
 Metaspace       used 52872K, committed 53376K, reserved 1097728K
  class space    used 7064K, committed 7296K, reserved 1048576K
}
Event: 17.482 GC heap after
{Heap after GC invocations=16 (full 0):
 garbage-first heap   total 68608K, used 35651K [0x0000000080000000, 0x0000000100000000)
  region size 1024K, 3 young (3072K), 3 survivors (3072K)
 Metaspace       used 52872K, committed 53376K, reserved 1097728K
  class space    used 7064K, committed 7296K, reserved 1048576K
}
Event: 18.816 GC heap before
{Heap before GC invocations=17 (full 0):
 garbage-first heap   total 68608K, used 55107K [0x0000000080000000, 0x0000000100000000)
  region size 1024K, 22 young (22528K), 3 survivors (3072K)
 Metaspace       used 58802K, committed 59264K, reserved 1105920K
  class space    used 7824K, committed 8064K, reserved 1048576K
}
Event: 18.825 GC heap after
{Heap after GC invocations=18 (full 0):
 garbage-first heap   total 68608K, used 38522K [0x0000000080000000, 0x0000000100000000)
  region size 1024K, 3 young (3072K), 3 survivors (3072K)
 Metaspace       used 58802K, committed 59264K, reserved 1105920K
  class space    used 7824K, committed 8064K, reserved 1048576K
}
Event: 22.710 GC heap before
{Heap before GC invocations=18 (full 0):
 garbage-first heap   total 68608K, used 53882K [0x0000000080000000, 0x0000000100000000)
  region size 1024K, 19 young (19456K), 3 survivors (3072K)
 Metaspace       used 59975K, committed 60416K, reserved 1105920K
  class space    used 7960K, committed 8192K, reserved 1048576K
}
Event: 22.716 GC heap after
{Heap after GC invocations=19 (full 0):
 garbage-first heap   total 68608K, used 41397K [0x0000000080000000, 0x0000000100000000)
  region size 1024K, 3 young (3072K), 3 survivors (3072K)
 Metaspace       used 59975K, committed 60416K, reserved 1105920K
  class space    used 7960K, committed 8192K, reserved 1048576K
}
Event: 23.155 GC heap before
{Heap before GC invocations=20 (full 0):
 garbage-first heap   total 76800K, used 53685K [0x0000000080000000, 0x0000000100000000)
  region size 1024K, 16 young (16384K), 3 survivors (3072K)
 Metaspace       used 60308K, committed 60800K, reserved 1105920K
  class space    used 7999K, committed 8256K, reserved 1048576K
}
Event: 23.160 GC heap after
{Heap after GC invocations=21 (full 0):
 garbage-first heap   total 76800K, used 42063K [0x0000000080000000, 0x0000000100000000)
  region size 1024K, 2 young (2048K), 2 survivors (2048K)
 Metaspace       used 60308K, committed 60800K, reserved 1105920K
  class space    used 7999K, committed 8256K, reserved 1048576K
}
Event: 23.776 GC heap before
{Heap before GC invocations=22 (full 0):
 garbage-first heap   total 81920K, used 68687K [0x0000000080000000, 0x0000000100000000)
  region size 1024K, 19 young (19456K), 2 survivors (2048K)
 Metaspace       used 61586K, committed 62144K, reserved 1105920K
  class space    used 8152K, committed 8384K, reserved 1048576K
}
Event: 23.781 GC heap after
{Heap after GC invocations=23 (full 0):
 garbage-first heap   total 81920K, used 57849K [0x0000000080000000, 0x0000000100000000)
  region size 1024K, 3 young (3072K), 3 survivors (3072K)
 Metaspace       used 61586K, committed 62144K, reserved 1105920K
  class space    used 8152K, committed 8384K, reserved 1048576K
}
Event: 23.817 GC heap before
{Heap before GC invocations=23 (full 0):
 garbage-first heap   total 81920K, used 58873K [0x0000000080000000, 0x0000000100000000)
  region size 1024K, 4 young (4096K), 3 survivors (3072K)
 Metaspace       used 61689K, committed 62272K, reserved 1105920K
  class space    used 8171K, committed 8448K, reserved 1048576K
}
Event: 23.820 GC heap after
{Heap after GC invocations=24 (full 0):
 garbage-first heap   total 81920K, used 57330K [0x0000000080000000, 0x0000000100000000)
  region size 1024K, 1 young (1024K), 1 survivors (1024K)
 Metaspace       used 61689K, committed 62272K, reserved 1105920K
  class space    used 8171K, committed 8448K, reserved 1048576K
}
Event: 24.206 GC heap before
{Heap before GC invocations=24 (full 0):
 garbage-first heap   total 81920K, used 66546K [0x0000000080000000, 0x0000000100000000)
  region size 1024K, 10 young (10240K), 1 survivors (1024K)
 Metaspace       used 62930K, committed 63424K, reserved 1105920K
  class space    used 8351K, committed 8576K, reserved 1048576K
}
Event: 24.209 GC heap after
{Heap after GC invocations=25 (full 0):
 garbage-first heap   total 81920K, used 57587K [0x0000000080000000, 0x0000000100000000)
  region size 1024K, 1 young (1024K), 1 survivors (1024K)
 Metaspace       used 62930K, committed 63424K, reserved 1105920K
  class space    used 8351K, committed 8576K, reserved 1048576K
}
Event: 24.558 GC heap before
{Heap before GC invocations=26 (full 0):
 garbage-first heap   total 101376K, used 67827K [0x0000000080000000, 0x0000000100000000)
  region size 1024K, 11 young (11264K), 1 survivors (1024K)
 Metaspace       used 64496K, committed 65088K, reserved 1105920K
  class space    used 8536K, committed 8832K, reserved 1048576K
}
Event: 24.561 GC heap after
{Heap after GC invocations=27 (full 0):
 garbage-first heap   total 101376K, used 57984K [0x0000000080000000, 0x0000000100000000)
  region size 1024K, 1 young (1024K), 1 survivors (1024K)
 Metaspace       used 64496K, committed 65088K, reserved 1105920K
  class space    used 8536K, committed 8832K, reserved 1048576K
}
Event: 24.642 GC heap before
{Heap before GC invocations=27 (full 0):
 garbage-first heap   total 101376K, used 60032K [0x0000000080000000, 0x0000000100000000)
  region size 1024K, 4 young (4096K), 1 survivors (1024K)
 Metaspace       used 65041K, committed 65600K, reserved 1105920K
  class space    used 8594K, committed 8832K, reserved 1048576K
}
Event: 24.646 GC heap after
{Heap after GC invocations=28 (full 0):
 garbage-first heap   total 101376K, used 57540K [0x0000000080000000, 0x0000000100000000)
  region size 1024K, 1 young (1024K), 1 survivors (1024K)
 Metaspace       used 65041K, committed 65600K, reserved 1105920K
  class space    used 8594K, committed 8832K, reserved 1048576K
}

Dll operation events (2 events):
Event: 0.052 Loaded shared library C:\Program Files\Android\Android Studio\jbr\bin\java.dll
Event: 2.343 Loaded shared library C:\Program Files\Android\Android Studio\jbr\bin\verify.dll

Deoptimization events (20 events):
Event: 24.337 Thread 0x0000017d2e42ccf0 Uncommon trap: trap_request=0xffffffc6 fr.pc=0x0000017d1c7a6c64 relative=0x0000000000000964
Event: 24.337 Thread 0x0000017d2e42ccf0 Uncommon trap: reason=bimorphic_or_optimized_type_check action=maybe_recompile pc=0x0000017d1c7a6c64 method=java.io.BufferedInputStream.read1([BII)I @ 39 c2
Event: 24.337 Thread 0x0000017d2e42ccf0 DEOPT PACKING pc=0x0000017d1c7a6c64 sp=0x00000032e64f6d00
Event: 24.337 Thread 0x0000017d2e42ccf0 DEOPT UNPACKING pc=0x0000017d1bfc69a3 sp=0x00000032e64f6c18 mode 2
Event: 24.337 Thread 0x0000017d2e42ccf0 Uncommon trap: trap_request=0xffffffc6 fr.pc=0x0000017d1c7a6c64 relative=0x0000000000000964
Event: 24.337 Thread 0x0000017d2e42ccf0 Uncommon trap: reason=bimorphic_or_optimized_type_check action=maybe_recompile pc=0x0000017d1c7a6c64 method=java.io.BufferedInputStream.read1([BII)I @ 39 c2
Event: 24.337 Thread 0x0000017d2e42ccf0 DEOPT PACKING pc=0x0000017d1c7a6c64 sp=0x00000032e64f6d00
Event: 24.337 Thread 0x0000017d2e42ccf0 DEOPT UNPACKING pc=0x0000017d1bfc69a3 sp=0x00000032e64f6c18 mode 2
Event: 24.368 Thread 0x0000017d2e42ccf0 Uncommon trap: trap_request=0xffffffc6 fr.pc=0x0000017d1c7a6c64 relative=0x0000000000000964
Event: 24.368 Thread 0x0000017d2e42ccf0 Uncommon trap: reason=bimorphic_or_optimized_type_check action=maybe_recompile pc=0x0000017d1c7a6c64 method=java.io.BufferedInputStream.read1([BII)I @ 39 c2
Event: 24.368 Thread 0x0000017d2e42ccf0 DEOPT PACKING pc=0x0000017d1c7a6c64 sp=0x00000032e64f7790
Event: 24.368 Thread 0x0000017d2e42ccf0 DEOPT UNPACKING pc=0x0000017d1bfc69a3 sp=0x00000032e64f76a8 mode 2
Event: 24.368 Thread 0x0000017d2e42ccf0 Uncommon trap: trap_request=0xffffffde fr.pc=0x0000017d1c6e907c relative=0x00000000000001bc
Event: 24.368 Thread 0x0000017d2e42ccf0 Uncommon trap: reason=class_check action=maybe_recompile pc=0x0000017d1c6e907c method=java.io.BufferedInputStream.read1([BII)I @ 39 c2
Event: 24.368 Thread 0x0000017d2e42ccf0 DEOPT PACKING pc=0x0000017d1c6e907c sp=0x00000032e64f76e0
Event: 24.368 Thread 0x0000017d2e42ccf0 DEOPT UNPACKING pc=0x0000017d1bfc69a3 sp=0x00000032e64f7698 mode 2
Event: 24.464 Thread 0x0000017d2e42ccf0 DEOPT PACKING pc=0x0000017d15499663 sp=0x00000032e64f69a0
Event: 24.464 Thread 0x0000017d2e42ccf0 DEOPT UNPACKING pc=0x0000017d1bfc7143 sp=0x00000032e64f5eb0 mode 0
Event: 24.522 Thread 0x0000017d2e42ccf0 DEOPT PACKING pc=0x0000017d15499663 sp=0x00000032e64f4610
Event: 24.522 Thread 0x0000017d2e42ccf0 DEOPT UNPACKING pc=0x0000017d1bfc7143 sp=0x00000032e64f3b20 mode 0

Classes unloaded (0 events):
No events

Classes redefined (0 events):
No events

Internal exceptions (20 events):
Event: 17.500 Thread 0x0000017d2e42ccf0 Implicit null exception at 0x0000017d1c567d72 to 0x0000017d1c56834c
Event: 17.574 Thread 0x0000017d2e42ccf0 Exception <a 'sun/nio/fs/WindowsException'{0x0000000084b22a68}> (0x0000000084b22a68) 
thrown [s\src\hotspot\share\prims\jni.cpp, line 517]
Event: 22.792 Thread 0x0000017d2e42ccf0 Exception <a 'java/lang/NoSuchMethodError'{0x0000000084a6c4c8}: 'long java.lang.invoke.DirectMethodHandle$Holder.invokeVirtual(java.lang.Object, java.lang.Object)'> (0x0000000084a6c4c8) 
thrown [s\src\hotspot\share\interpreter\linkResolver.cpp, line 771]
Event: 22.803 Thread 0x0000017d2cf1d6e0 Exception <a 'java/lang/NoSuchMethodError'{0x0000000084aba7d0}: static Lorg/gradle/internal/build/event/types/DefaultOperationFinishedProgressEvent;.<clinit>()V> (0x0000000084aba7d0) 
thrown [s\src\hotspot\share\prims\jni.cpp, line 1108]
Event: 22.808 Thread 0x0000017d2cf1d6e0 Exception <a 'java/lang/NoSuchMethodError'{0x0000000084ae32a0}: static Lorg/gradle/internal/build/event/types/DefaultProjectConfigurationSuccessResult;.<clinit>()V> (0x0000000084ae32a0) 
thrown [s\src\hotspot\share\prims\jni.cpp, line 1108]
Event: 22.809 Thread 0x0000017d2cf1d6e0 Exception <a 'java/lang/NoSuchMethodError'{0x0000000084ae4820}: static Lorg/gradle/internal/build/event/types/AbstractProjectConfigurationResult;.<clinit>()V> (0x0000000084ae4820) 
thrown [s\src\hotspot\share\prims\jni.cpp, line 1108]
Event: 22.809 Thread 0x0000017d2cf1d6e0 Exception <a 'java/lang/NoSuchMethodError'{0x0000000084ae5f78}: static Lorg/gradle/internal/build/event/types/AbstractOperationResult;.<clinit>()V> (0x0000000084ae5f78) 
thrown [s\src\hotspot\share\prims\jni.cpp, line 1108]
Event: 22.809 Thread 0x0000017d2cf1d6e0 Exception <a 'java/lang/NoSuchMethodError'{0x0000000084ae73f0}: static Lorg/gradle/internal/build/event/types/AbstractResult;.<clinit>()V> (0x0000000084ae73f0) 
thrown [s\src\hotspot\share\prims\jni.cpp, line 1108]
Event: 22.813 Thread 0x0000017d2cf1d6e0 Exception <a 'java/lang/NoSuchMethodError'{0x0000000084aff1c0}: static Lorg/gradle/internal/build/event/types/DefaultPluginApplicationResult;.<clinit>()V> (0x0000000084aff1c0) 
thrown [s\src\hotspot\share\prims\jni.cpp, line 1108]
Event: 22.815 Thread 0x0000017d2cf1d6e0 Exception <a 'java/lang/NoSuchMethodError'{0x000000008490b518}: static Lorg/gradle/internal/build/event/types/DefaultBinaryPluginIdentifier;.<clinit>()V> (0x000000008490b518) 
thrown [s\src\hotspot\share\prims\jni.cpp, line 1108]
Event: 22.821 Thread 0x0000017d2cf1d6e0 Exception <a 'java/lang/NoSuchMethodError'{0x0000000084923648}: static Lorg/gradle/internal/build/event/types/DefaultScriptPluginIdentifier;.<clinit>()V> (0x0000000084923648) 
thrown [s\src\hotspot\share\prims\jni.cpp, line 1108]
Event: 23.149 Thread 0x0000017d2e42ccf0 Implicit null exception at 0x0000017d1c756a8f to 0x0000017d1c757194
Event: 23.150 Thread 0x0000017d2e42ccf0 Implicit null exception at 0x0000017d1c75ad94 to 0x0000017d1c75b428
Event: 23.218 Thread 0x0000017d2b3e8640 Implicit null exception at 0x0000017d1c76ff83 to 0x0000017d1c770140
Event: 23.533 Thread 0x0000017d2e42ccf0 Exception <a 'java/lang/ClassNotFoundException'{0x00000000846a3900}: org/gradle/api/internal/plugins/DefaultObjectConfigurationActionBeanInfo> (0x00000000846a3900) 
thrown [s\src\hotspot\share\classfile\systemDictionary.cpp, line 256]
Event: 23.534 Thread 0x0000017d2e42ccf0 Exception <a 'java/lang/ClassNotFoundException'{0x00000000846b7778}: org/gradle/api/internal/plugins/DefaultObjectConfigurationActionCustomizer> (0x00000000846b7778) 
thrown [s\src\hotspot\share\classfile\systemDictionary.cpp, line 256]
Event: 23.909 Thread 0x0000017d2e42ccf0 Exception <a 'java/lang/NoSuchMethodError'{0x0000000084ca31c0}: 'java.lang.Object java.lang.invoke.DirectMethodHandle$Holder.newInvokeSpecial(java.lang.Object, java.lang.Object, java.lang.Object, java.lang.Object, int)'> (0x0000000084ca31c0) 
thrown [s\src\hotspot\share\interpreter\linkResolver.cpp, line 771]
Event: 23.910 Thread 0x0000017d2e42ccf0 Exception <a 'java/lang/NoSuchMethodError'{0x0000000084ca8608}: 'java.lang.Object java.lang.invoke.DirectMethodHandle$Holder.invokeSpecial(java.lang.Object, java.lang.Object, java.lang.Object, java.lang.Object, java.lang.Object, int)'> (0x0000000084ca8608) 
thrown [s\src\hotspot\share\interpreter\linkResolver.cpp, line 771]
Event: 23.911 Thread 0x0000017d2e42ccf0 Exception <a 'java/lang/NoSuchMethodError'{0x0000000084cad388}: 'java.lang.Object java.lang.invoke.Invokers$Holder.linkToTargetMethod(java.lang.Object, java.lang.Object, java.lang.Object, int, java.lang.Object)'> (0x0000000084cad388) 
thrown [s\src\hotspot\share\interpreter\linkResolver.cpp, line 771]
Event: 24.459 Thread 0x0000017d2e42ccf0 Exception <a 'java/lang/NoSuchMethodError'{0x0000000085d6b7f0}: 'int java.lang.invoke.DirectMethodHandle$Holder.invokeInterface(java.lang.Object, java.lang.Object, java.lang.Object, java.lang.Object)'> (0x0000000085d6b7f0) 
thrown [s\src\hotspot\share\interpreter\linkResolver.cpp, line 771]

VM Operations (20 events):
Event: 23.927 Executing VM operation: HandshakeAllThreads
Event: 23.927 Executing VM operation: HandshakeAllThreads done
Event: 24.047 Executing VM operation: HandshakeAllThreads
Event: 24.048 Executing VM operation: HandshakeAllThreads done
Event: 24.068 Executing VM operation: HandshakeAllThreads
Event: 24.068 Executing VM operation: HandshakeAllThreads done
Event: 24.206 Executing VM operation: G1CollectForAllocation
Event: 24.209 Executing VM operation: G1CollectForAllocation done
Event: 24.267 Executing VM operation: G1Concurrent
Event: 24.270 Executing VM operation: G1Concurrent done
Event: 24.294 Executing VM operation: G1Concurrent
Event: 24.294 Executing VM operation: G1Concurrent done
Event: 24.441 Executing VM operation: HandshakeAllThreads
Event: 24.441 Executing VM operation: HandshakeAllThreads done
Event: 24.456 Executing VM operation: HandshakeAllThreads
Event: 24.457 Executing VM operation: HandshakeAllThreads done
Event: 24.558 Executing VM operation: G1CollectForAllocation
Event: 24.561 Executing VM operation: G1CollectForAllocation done
Event: 24.642 Executing VM operation: G1CollectForAllocation
Event: 24.646 Executing VM operation: G1CollectForAllocation done

Events (20 events):
Event: 24.714 loading class java/time/format/DateTimeFormatterBuilder$FractionPrinterParser done
Event: 24.714 loading class java/time/format/DateTimeFormatterBuilder$ZoneIdPrinterParser
Event: 24.715 loading class java/time/format/DateTimeFormatterBuilder$ZoneIdPrinterParser done
Event: 24.715 loading class java/time/format/DateTimeFormatterBuilder$StringLiteralPrinterParser
Event: 24.715 loading class java/time/format/DateTimeFormatterBuilder$StringLiteralPrinterParser done
Event: 24.715 loading class java/time/format/DateTimeFormatterBuilder$InstantPrinterParser
Event: 24.716 loading class java/time/format/DateTimeFormatterBuilder$InstantPrinterParser done
Event: 24.716 loading class java/time/format/DateTimeTextProvider$LocaleStore
Event: 24.716 loading class java/time/format/DateTimeTextProvider$LocaleStore done
Event: 24.716 loading class java/time/format/DateTimeTextProvider
Event: 24.717 loading class java/time/format/DateTimeTextProvider done
Event: 24.717 loading class java/time/format/DateTimeTextProvider$1
Event: 24.717 loading class java/time/format/DateTimeTextProvider$1 done
Event: 24.717 loading class java/time/format/DateTimeFormatterBuilder$1
Event: 24.717 loading class java/time/format/DateTimeFormatterBuilder$1 done
Event: 24.717 loading class java/time/format/DateTimeFormatterBuilder$TextPrinterParser
Event: 24.718 loading class java/time/format/DateTimeFormatterBuilder$TextPrinterParser done
Event: 24.719 loading class java/util/concurrent/Executors$DefaultThreadFactory
Event: 24.720 loading class java/util/concurrent/Executors$DefaultThreadFactory done
Event: 24.781 Thread 0x0000017d2ec51320 Thread added: 0x0000017d2ec51320


Dynamic libraries:
0x00007ff607c90000 - 0x00007ff607c9a000 	C:\Program Files\Android\Android Studio\jbr\bin\java.exe
0x00007ffe780b0000 - 0x00007ffe782c7000 	C:\WINDOWS\SYSTEM32\ntdll.dll
0x00007ffe76090000 - 0x00007ffe76154000 	C:\WINDOWS\System32\KERNEL32.DLL
0x00007ffe75650000 - 0x00007ffe759fc000 	C:\WINDOWS\System32\KERNELBASE.dll
0x00007ffe753e0000 - 0x00007ffe754f1000 	C:\WINDOWS\System32\ucrtbase.dll
0x00007ffe46260000 - 0x00007ffe46277000 	C:\Program Files\Android\Android Studio\jbr\bin\jli.dll
0x00007ffe770a0000 - 0x00007ffe7724e000 	C:\WINDOWS\System32\USER32.dll
0x00007ffe75dc0000 - 0x00007ffe75de6000 	C:\WINDOWS\System32\win32u.dll
0x00007ffe3faa0000 - 0x00007ffe3fabb000 	C:\Program Files\Android\Android Studio\jbr\bin\VCRUNTIME140.dll
0x00007ffe76b50000 - 0x00007ffe76b79000 	C:\WINDOWS\System32\GDI32.dll
0x00007ffe6a5f0000 - 0x00007ffe6a883000 	C:\WINDOWS\WinSxS\amd64_microsoft.windows.common-controls_6595b64144ccf1df_6.0.22621.3672_none_2713b9d173822955\COMCTL32.dll
0x00007ffe75530000 - 0x00007ffe75649000 	C:\WINDOWS\System32\gdi32full.dll
0x00007ffe75af0000 - 0x00007ffe75b8a000 	C:\WINDOWS\System32\msvcp_win.dll
0x00007ffe76170000 - 0x00007ffe76217000 	C:\WINDOWS\System32\msvcrt.dll
0x00007ffe76050000 - 0x00007ffe76081000 	C:\WINDOWS\System32\IMM32.DLL
0x00007ffe566f0000 - 0x00007ffe566fc000 	C:\Program Files\Android\Android Studio\jbr\bin\vcruntime140_1.dll
0x00007ffe35520000 - 0x00007ffe355ad000 	C:\Program Files\Android\Android Studio\jbr\bin\msvcp140.dll
0x00007ffe26a90000 - 0x00007ffe276fe000 	C:\Program Files\Android\Android Studio\jbr\bin\server\jvm.dll
0x00007ffe773d0000 - 0x00007ffe77482000 	C:\WINDOWS\System32\ADVAPI32.dll
0x00007ffe76b80000 - 0x00007ffe76c2a000 	C:\WINDOWS\System32\sechost.dll
0x00007ffe75500000 - 0x00007ffe75528000 	C:\WINDOWS\System32\bcrypt.dll
0x00007ffe75df0000 - 0x00007ffe75f05000 	C:\WINDOWS\System32\RPCRT4.dll
0x00007ffe588e0000 - 0x00007ffe588e9000 	C:\WINDOWS\SYSTEM32\WSOCK32.dll
0x00007ffe75f10000 - 0x00007ffe75f81000 	C:\WINDOWS\System32\WS2_32.dll
0x00007ffe6ffb0000 - 0x00007ffe6ffe4000 	C:\WINDOWS\SYSTEM32\WINMM.dll
0x00007ffe6b710000 - 0x00007ffe6b71a000 	C:\WINDOWS\SYSTEM32\VERSION.dll
0x00007ffe74410000 - 0x00007ffe74428000 	C:\WINDOWS\SYSTEM32\kernel.appcore.dll
0x00007ffe70b30000 - 0x00007ffe70b3a000 	C:\Program Files\Android\Android Studio\jbr\bin\jimage.dll
0x00007ffe6cb50000 - 0x00007ffe6cd82000 	C:\WINDOWS\SYSTEM32\DBGHELP.DLL
0x00007ffe76c30000 - 0x00007ffe76fb8000 	C:\WINDOWS\System32\combase.dll
0x00007ffe76fc0000 - 0x00007ffe77097000 	C:\WINDOWS\System32\OLEAUT32.dll
0x00007ffe67870000 - 0x00007ffe678a2000 	C:\WINDOWS\SYSTEM32\dbgcore.DLL
0x00007ffe75a70000 - 0x00007ffe75aeb000 	C:\WINDOWS\System32\bcryptPrimitives.dll
0x00007ffe5ca50000 - 0x00007ffe5ca75000 	C:\Program Files\Android\Android Studio\jbr\bin\java.dll
0x00007ffe5b530000 - 0x00007ffe5b548000 	C:\Program Files\Android\Android Studio\jbr\bin\zip.dll
0x00007ffe76240000 - 0x00007ffe76a9c000 	C:\WINDOWS\System32\SHELL32.dll
0x00007ffe73330000 - 0x00007ffe73c27000 	C:\WINDOWS\SYSTEM32\windows.storage.dll
0x00007ffe731f0000 - 0x00007ffe7332f000 	C:\WINDOWS\SYSTEM32\wintypes.dll
0x00007ffe77990000 - 0x00007ffe77a84000 	C:\WINDOWS\System32\SHCORE.dll
0x00007ffe75f90000 - 0x00007ffe75fee000 	C:\WINDOWS\System32\shlwapi.dll
0x00007ffe75310000 - 0x00007ffe75331000 	C:\WINDOWS\SYSTEM32\profapi.dll
0x00007ffe569b0000 - 0x00007ffe569c9000 	C:\Program Files\Android\Android Studio\jbr\bin\net.dll
0x00007ffe70f20000 - 0x00007ffe71056000 	C:\WINDOWS\SYSTEM32\WINHTTP.dll
0x00007ffe74880000 - 0x00007ffe748e9000 	C:\WINDOWS\system32\mswsock.dll
0x00007ffe56990000 - 0x00007ffe569a6000 	C:\Program Files\Android\Android Studio\jbr\bin\nio.dll
0x00007ffe6db20000 - 0x00007ffe6db30000 	C:\Program Files\Android\Android Studio\jbr\bin\verify.dll
0x00007ffe3a320000 - 0x00007ffe3a347000 	C:\Users\23480\.gradle\native\68d5fa5c4cc2d200863cafc0d521ce42e7d3e7ee720ec0a83991735586a16f82\windows-amd64\native-platform.dll
0x00007ffe36220000 - 0x00007ffe36364000 	C:\Users\23480\.gradle\native\e376f236ea51e6404a007f0833ffe2c6e607c4080706a723a18a27aeea778392\windows-amd64\native-platform-file-events.dll
0x00007ffe5ed00000 - 0x00007ffe5ed09000 	C:\Program Files\Android\Android Studio\jbr\bin\management.dll
0x00007ffe5eb30000 - 0x00007ffe5eb3b000 	C:\Program Files\Android\Android Studio\jbr\bin\management_ext.dll
0x00007ffe773c0000 - 0x00007ffe773c8000 	C:\WINDOWS\System32\PSAPI.DLL
0x00007ffe74ae0000 - 0x00007ffe74afb000 	C:\WINDOWS\SYSTEM32\CRYPTSP.dll
0x00007ffe74370000 - 0x00007ffe743a5000 	C:\WINDOWS\system32\rsaenh.dll
0x00007ffe74980000 - 0x00007ffe749a8000 	C:\WINDOWS\SYSTEM32\USERENV.dll
0x00007ffe74b00000 - 0x00007ffe74b0c000 	C:\WINDOWS\SYSTEM32\CRYPTBASE.dll
0x00007ffe73e90000 - 0x00007ffe73ebd000 	C:\WINDOWS\SYSTEM32\IPHLPAPI.DLL
0x00007ffe773b0000 - 0x00007ffe773b9000 	C:\WINDOWS\System32\NSI.dll
0x00007ffe71070000 - 0x00007ffe71089000 	C:\WINDOWS\SYSTEM32\dhcpcsvc6.DLL
0x00007ffe70f00000 - 0x00007ffe70f1f000 	C:\WINDOWS\SYSTEM32\dhcpcsvc.DLL
0x00007ffe73f00000 - 0x00007ffe73ff8000 	C:\WINDOWS\SYSTEM32\DNSAPI.dll
0x00007ffe533b0000 - 0x00007ffe533b8000 	C:\WINDOWS\system32\wshunix.dll
0x0000000056760000 - 0x0000000056786000 	C:\Program Files\Bonjour\mdnsNSP.dll
0x00007ffe6c460000 - 0x00007ffe6c46a000 	C:\Windows\System32\rasadhlp.dll
0x00007ffe6ff20000 - 0x00007ffe6ffa3000 	C:\WINDOWS\System32\fwpuclnt.dll

dbghelp: loaded successfully - version: 4.0.5 - missing functions: none
symbol engine: initialized successfully - sym options: 0x614 - pdb path: .;C:\Program Files\Android\Android Studio\jbr\bin;C:\WINDOWS\SYSTEM32;C:\WINDOWS\WinSxS\amd64_microsoft.windows.common-controls_6595b64144ccf1df_6.0.22621.3672_none_2713b9d173822955;C:\Program Files\Android\Android Studio\jbr\bin\server;C:\Users\23480\.gradle\native\68d5fa5c4cc2d200863cafc0d521ce42e7d3e7ee720ec0a83991735586a16f82\windows-amd64;C:\Users\23480\.gradle\native\e376f236ea51e6404a007f0833ffe2c6e607c4080706a723a18a27aeea778392\windows-amd64;C:\Program Files\Bonjour

VM Arguments:
jvm_args: --add-opens=java.base/java.util=ALL-UNNAMED --add-opens=java.base/java.lang=ALL-UNNAMED --add-opens=java.base/java.lang.invoke=ALL-UNNAMED --add-opens=java.prefs/java.util.prefs=ALL-UNNAMED --add-opens=java.base/java.nio.charset=ALL-UNNAMED --add-opens=java.base/java.net=ALL-UNNAMED --add-opens=java.base/java.util.concurrent.atomic=ALL-UNNAMED -Xmx2048m -Dfile.encoding=UTF-8 -Duser.country=US -Duser.language=en -Duser.variant 
java_command: org.gradle.launcher.daemon.bootstrap.GradleDaemon 8.0
java_class_path (initial): C:\Users\23480\.gradle\wrapper\dists\gradle-8.0-bin\ca5e32bp14vu59qr306oxotwh\gradle-8.0\lib\gradle-launcher-8.0.jar
Launcher Type: SUN_STANDARD

[Global flags]
     intx CICompilerCount                          = 4                                         {product} {ergonomic}
     uint ConcGCThreads                            = 2                                         {product} {ergonomic}
     uint G1ConcRefinementThreads                  = 8                                         {product} {ergonomic}
   size_t G1HeapRegionSize                         = 1048576                                   {product} {ergonomic}
    uintx GCDrainStackTargetSize                   = 64                                        {product} {ergonomic}
   size_t InitialHeapSize                          = 123731968                                 {product} {ergonomic}
   size_t MarkStackSize                            = 4194304                                   {product} {ergonomic}
   size_t MaxHeapSize                              = 2147483648                                {product} {command line}
   size_t MaxNewSize                               = 1287651328                                {product} {ergonomic}
   size_t MinHeapDeltaBytes                        = 1048576                                   {product} {ergonomic}
   size_t MinHeapSize                              = 8388608                                   {product} {ergonomic}
    uintx NonNMethodCodeHeapSize                   = 5839372                                {pd product} {ergonomic}
    uintx NonProfiledCodeHeapSize                  = 122909434                              {pd product} {ergonomic}
    uintx ProfiledCodeHeapSize                     = 122909434                              {pd product} {ergonomic}
    uintx ReservedCodeCacheSize                    = 251658240                              {pd product} {ergonomic}
     bool SegmentedCodeCache                       = true                                      {product} {ergonomic}
   size_t SoftMaxHeapSize                          = 2147483648                             {manageable} {ergonomic}
     bool UseCompressedClassPointers               = true                           {product lp64_product} {ergonomic}
     bool UseCompressedOops                        = true                           {product lp64_product} {ergonomic}
     bool UseG1GC                                  = true                                      {product} {ergonomic}
     bool UseLargePagesIndividualAllocation        = false                                  {pd product} {ergonomic}

Logging:
Log output configuration:
 #0: stdout all=warning uptime,level,tags
 #1: stderr all=off uptime,level,tags

Environment Variables:
PATH=C:\WINDOWS\system32;C:\WINDOWS;C:\WINDOWS\System32\Wbem;C:\WINDOWS\System32\WindowsPowerShell\v1.0\;C:\WINDOWS\System32\OpenSSH\;C:\Program Files\nodejs\;C:\Program Files\Git\cmd;C:\Program Files\HP\HP One Agent;C:\Users\23480\AppData\Local\Programs\Python\Python311\Scripts\;C:\Users\23480\AppData\Local\Programs\Python\Python311\;C:\Users\23480\AppData\Local\Microsoft\WindowsApps;C:\Users\23480\AppData\Local\atom\bin;C:\Users\23480\AppData\Local\Programs\Microsoft VS Code\bin;C:\Users\23480\AppData\Local\Microsoft\WindowsApps;;C:\Program Files\JetBrains\IntelliJ IDEA Community Edition 2023.2.1\bin;;C:\Users\23480\AppData\Roaming\npm
USERNAME=23480
OS=Windows_NT
PROCESSOR_IDENTIFIER=AMD64 Family 23 Model 104 Stepping 1, AuthenticAMD
TMP=C:\Users\23480\AppData\Local\Temp
TEMP=C:\Users\23480\AppData\Local\Temp


JNI global refs:
JNI global refs: 26, weak refs: 5

JNI global refs memory usage: 843, weak refs: 841


---------------  S Y S T E M  ---------------

OS:
 Windows 11 , 64 bit Build 22621 (10.0.22621.3672)
OS uptime: 4 days 0:42 hours

CPU: total 8 (initial active 8) (8 cores per cpu, 2 threads per core) family 23 model 104 stepping 1 microcode 0x0, cx8, cmov, fxsr, ht, mmx, 3dnowpref, sse, sse2, sse3, ssse3, sse4a, sse4.1, sse4.2, popcnt, lzcnt, tsc, tscinvbit, avx, avx2, aes, clmul, bmi1, bmi2, adx, sha, fma, vzeroupper, clflush, clflushopt

Memory: 4k page, system-wide physical 7502M (194M free)
TotalPageFile size 11571M (AvailPageFile size 4M)
current process WorkingSet (physical memory assigned to process): 280M, peak: 280M
current process commit charge ("private bytes"): 322M, peak: 323M

vm_info: OpenJDK 64-Bit Server VM (17.0.6+0-b2043.56-10027231) for windows-amd64 JRE (17.0.6+0-b2043.56-10027231), built on Apr 28 2023 00:43:19 by "androidbuild" with MS VC++ 16.10 / 16.11 (VS2019)

END.
